['53', '52', '69', '194', '211', '228', '487', '46', '48', '68', '123', '139', '167', '169', '295', '350', '356', '372', '403', '414', '484', '22', '76', '83', '118', '137', '179', '214', '232', '244', '276', '296', '297', '316', '331', '366', '382', '400', '419', '423', '451', '459', '1', '12', '15', '42', '67', '70', '80', '91']
['418', '468', '488', '242', '144', '240', '89', '104', '141', '142', '322', '332', '373', '389', '417', '436', '438', '32', '219', '225', '229', '243', '250', '261', '265', '278', '290', '294', '354', '360', '361', '395', '407', '416', '426', '462', '489', '13', '20', '36', '40', '57', '60', '86', '96', '98', '124', '150', '166', '188']
['434', '328', '349', '381', '398', '432', '437', '473', '474', '62', '63', '90', '183', '230', '254', '268', '310', '369', '378', '461', '463', '480', '35', '37', '41', '81', '111', '112', '210', '260', '269', '291', '311', '313', '324', '330', '338', '377', '379', '387', '390', '392', '394', '397', '399', '408', '415', '421', '424', '433']
['241', '249', '393', '158', '458', '482', '185', '187', '199', '302', '303', '321', '335', '336', '460', '49', '54', '58', '207', '246', '266', '471', '55', '71', '99', '184', '198', '208', '420', '447', '454', '11', '64', '168', '186', '301', '345', '10', '110', '125', '176', '218', '233', '239', '247', '257', '287', '309', '341', '380']
['346', '347', '428', '95', '115', '117', '136', '284', '97', '283', '453', '475', '116', '120', '189', '255', '280', '385', '93', '114', '130', '132', '160', '170', '175', '215', '217', '223', '234', '256', '258', '279', '286', '300', '337', '359', '391', '411', '422', '442', '472', '0', '9', '19', '56', '65', '75', '79', '148', '193']
['478', '343', '470', '16', '122', '252', '282', '140', '149', '412', '476', '485', '92', '100', '165', '182', '212', '251', '264', '298', '308', '342', '358', '371', '386', '410', '425', '427', '445', '448', '449', '455', '477', '481', '483', '486', '17', '23', '39', '44', '78', '105', '109', '146', '161', '192', '196', '197', '253', '262']
['128', '204', '351', '216', '406', '4', '205', '206', '224', '226', '231', '259', '289', '299', '304', '404', '429', '443', '94', '107', '131', '236', '238', '248', '270', '325', '352', '444', '25', '50', '72', '74', '87', '101', '102', '103', '126', '135', '147', '159', '163', '171', '173', '178', '237', '267', '293', '326', '333', '340']
['155', '320', '26', '31', '156', '33', '34', '441', '24', '154', '203', '59', '312', '329', '355', '375', '376', '384', '396', '6', '21', '77', '85', '227', '281', '306', '307', '374', '220', '235', '138', '245', '288', '370', '479', '30', '113', '119', '152', '177', '157']
['263', '402', '383', '61', '213']
['327', '430', '314', '45']
['353']
['365']
['464', '191', '466', '174', '465']
['38', '195', '180']
['84', '357', '82', '413']
['364', '277', '201', '272', '200', '362', '271', '275', '273', '363', '431', '274', '435', '405', '446', '14', '134']
['401']
['409', '348', '127', '129']
['2']
['7']
['8']
['66', '222', '456']
['106']
['202', '440', '73']
['317', '164', '319', '305', '27', '145', '221', '143', '388', '29', '162', '315', '28']
['344', '368']
['367']
['457']
['43']
['47', '452', '450']
['108']
['133']
['172']
['181']
['209']
['318']
['334']
['439']
['467', '469', '151']
['3']
['5']
['18']
['51']
['88']
['121']
['153']
['285']
['292', '190']
['323']
['339']
