['48', '226', '139', '87', '121', '363', '193', '32', '289', '355', '321', '189', '134', '237', '26', '290', '345', '2', '31', '183', '76', '137', '188', '224', '5', '276', '254', '104', '98', '295', '63', '80', '320', '57', '264', '66', '138', '152', '47', '153', '37', '75', '126', '196', '311', '200', '357', '18', '284', '292', '143', '64', '93', '297', '257']
['287', '127', '197', '185', '220', '122', '19', '84', '97', '313', '324', '186', '299', '77', '105', '142', '131', '263', '90', '338', '41', '164', '246', '17', '107', '344', '109', '175', '43', '120', '329', '14', '343', '182', '6', '308', '353', '29', '325', '217', '166', '39', '147', '218', '198', '95', '348', '275', '117', '286', '30', '135', '116', '125', '15']
['184', '54', '34', '203', '89', '170', '123', '216', '278', '149', '249', '61', '268', '205', '335', '38', '140', '222', '244', '70', '211', '27', '253', '10', '67', '24', '60', '285', '346', '352', '83', '309', '260', '245', '92', '358', '68', '49', '65', '113', '234', '272', '328', '243', '247', '58', '74', '235', '342', '190', '103', '56', '158', '347', '161']
['294', '207', '219', '157', '277', '242', '267', '130', '265', '192', '223', '167', '271', '221', '255', '266', '176', '305', '82', '312', '42', '88', '316', '304', '145', '112']
['248', '332', '110', '261', '279', '119', '282', '3', '55', '174', '25', '231', '227', '40', '168', '213', '0', '173', '99', '239', '46', '215', '306', '240', '132', '4', '225', '16', '230', '85', '212', '250', '302', '327', '78', '94', '81', '23', '228', '106', '330', '160', '52', '180', '51', '1', '262', '283', '124', '288', '269', '172']
['33', '336', '256', '331']
['59', '191', '300', '141', '339', '349', '155', '156', '341', '252', '238', '199', '50', '20', '177', '129', '162', '281', '44', '310', '350', '337']
['307', '314', '73', '251']
['118', '108', '179', '319', '151']
['101', '315', '236']
['91', '317', '258', '178', '115', '362', '323', '280', '359', '79', '296', '146', '361', '128', '111', '165', '270', '22', '354', '7', '202', '100', '181', '232', '159']
['21', '326', '210', '171', '340', '148', '209', '273', '201']
['69', '274', '233', '322', '62', '36', '11', '208', '71']
['303', '45']
['136', '334', '241']
['12', '13']
['195', '86', '9', '96', '53', '163', '144', '206', '72', '187', '194']
['102', '301', '291', '351', '293']
['28', '133', '259']
['214', '298', '150']
['318', '169']
['333']
['35', '8', '154', '204', '356', '229']
['114', '360']
