['aqc', 'agz', 'ach', 'adn', 'agh', 'ash', 'aoo', 'apg', 'alf', 'amy', 'adx', 'alz', 'alu', 'aqx', 'acf', 'acp', 'agq', 'aca', 'aoz', 'ari', 'ags', 'ajm', 'aps', 'acb', 'akq', 'anr', 'agr', 'alr', 'afz', 'alb', 'ata', 'ade', 'aif', 'aln', 'akf', 'abh', 'aie', 'ajz']
['asa', 'amn', 'act', 'asc', 'aed', 'afp', 'ahd', 'ajv', 'anx', 'adm', 'aje', 'akc', 'asy', 'aai', 'ani', 'asl', 'ahg', 'ail', 'aly', 'aom', 'aox', 'aqb', 'aqp', 'akd', 'amq', 'ajg', 'aog', 'aqg', 'agv', 'ali', 'agw', 'ahy', 'aof', 'aol', 'ace', 'arj', 'agt', 'abn']
['adt', 'agb', 'aij', 'adk', 'aiy', 'amf', 'apa', 'acz', 'aiz', 'asw', 'abo', 'ahv', 'aic', 'asd', 'akb', 'afh', 'adz', 'aip', 'aod', 'agi', 'anm', 'atd', 'ahz', 'agl', 'aha', 'aax', 'aex', 'aac', 'aro', 'arl', 'arf', 'aft', 'ajx', 'aay', 'ahc', 'akr', 'aat', 'abv']
['abq', 'aok', 'aew', 'ams', 'aoc', 'amh', 'apj', 'abl', 'acl', 'akk', 'aqv', 'abt', 'aco', 'aju', 'amz', 'asj', 'aal', 'abg', 'aem', 'are', 'adc', 'afa', 'ahs', 'ant', 'asq', 'adq', 'aeh', 'afr', 'aig', 'apt', 'ack', 'ama', 'aqm', 'aet', 'agn', 'akz', 'ame', 'aqi']
['ahk', 'age', 'aga', 'ahl', 'amt', 'aks', 'aoa', 'ara', 'asi', 'adu', 'afq', 'aht', 'aih', 'akp', 'aav', 'afd', 'anv', 'aoq', 'abk', 'aee', 'afx', 'alx', 'anc', 'ape', 'aaj', 'aon', 'aqk', 'alv', 'aqq', 'atf', 'aba', 'aiu', 'amv', 'afg', 'ale', 'acx', 'ank', 'alj']
['alt', 'ala', 'ado', 'aki', 'arq', 'adw', 'aim', 'aaw', 'abf', 'ajj', 'apq', 'amu', 'aoe', 'aqt', 'aji', 'ajq', 'amj', 'amb', 'aqs', 'asr', 'abp', 'ajw', 'anj', 'aci', 'ahm', 'abz', 'aiv', 'aiw', 'acs', 'ajb', 'aea', 'ahw', 'ais', 'ark', 'agc', 'ami', 'aae', 'abs']
['apk', 'aqz', 'afe', 'anu', 'adg', 'aiq', 'aeq', 'aia', 'alg', 'amg', 'aaf', 'ass', 'ajy', 'all', 'asg', 'anb', 'ary', 'ait', 'alk', 'acy', 'aej', 'asv', 'aou', 'arh', 'aqa', 'aqh', 'aau', 'apf', 'ajr', 'aky', 'apy', 'ajf', 'akj', 'abb', 'ana', 'aaz', 'agy', 'anq']
['ads', 'akn', 'aqu', 'abc', 'acw', 'abx', 'aqy', 'adf', 'adi', 'ahb', 'ane', 'agf', 'aii', 'ans', 'aao', 'ada', 'art', 'abe', 'anl', 'aot', 'app', 'anf', 'asp', 'add', 'ahr', 'aib', 'abu', 'alo', 'aby', 'acn', 'aja', 'akg', 'aan', 'asb', 'amw', 'acv', 'als', 'aak']
['afy', 'apd', 'afs', 'ahe', 'alw', 'aob', 'ase', 'adh', 'agd', 'aqj', 'ahq', 'aov', 'aev', 'aqr', 'arv', 'arw', 'aqe', 'ast', 'aar', 'acm', 'acq', 'aey', 'aml', 'apr', 'ahj', 'ajl', 'alp', 'aph', 'aka', 'abw', 'arm', 'ate', 'apv', 'ajh', 'atc', 'afj', 'ang', 'abm']
['akv', 'agx', 'air', 'amk', 'afi', 'amr', 'apb', 'aqf', 'aag', 'acc', 'ady', 'amp', 'ako', 'and', 'adj', 'anh', 'arx', 'aid', 'aef', 'amd', 'arb', 'asf', 'aeb', 'aor', 'aru', 'api', 'agu', 'abi', 'ahp', 'apz', 'aer', 'afl', 'acr', 'apn', 'abj', 'afn', 'amm', 'afc']
['aqn', 'aab', 'aah', 'ajn', 'aio', 'agk', 'atb', 'aaq', 'ahu', 'acu', 'aec', 'adv', 'amx', 'apo', 'aam', 'acg', 'aeu', 'aho', 'ahx', 'alq', 'arp', 'asn', 'asz', 'aff', 'aad', 'aez', 'afo', 'apl', 'aen', 'aow', 'abd', 'ago', 'any', 'alm', 'anp', 'alc', 'aaa', 'aas']
['akw', 'aeg', 'adp', 'ake', 'anw', 'aqw', 'aeo', 'aik', 'aoi', 'ajo', 'abr', 'ahf', 'aap', 'afk', 'aoh', 'agp', 'aix', 'ann', 'aoj', 'ain', 'aql', 'adb', 'ajd', 'ajp', 'apx', 'aqd', 'akx', 'arn', 'aso', 'apw', 'ajk', 'ard', 'ano', 'akt', 'ahh', 'asx', 'aoy', 'aku']
['amc', 'agm', 'amo', 'arz', 'ael', 'afu', 'acj']
['apm']
['adr']
['ajc']
['arr']
['ask']
['ald']
['alh']
['aos']
['apc']
['apu']
['aqo']
['afm']
['asm']
['aop']
['arc']
['acd']
['ajs']
['afw']
['ajt']
['akl']
['akm']
['ahn']
['ahi']
['anz']
['afb']
['asu']
['adl']
['aek']
['aes']
['akh']
['ars']
['aei']
['arg']
['aep']
['agj']
['agg']
['afv']
