['138', '86', '173', '209', '268', '16', '129', '195', '236', '249']
['54', '90', '162', '255', '33', '154', '189', '200', '232', '234']
['79', '4', '103', '126', '218', '223', '244', '56', '60', '62']
['13', '228', '42', '157', '254', '186', '188', '68']
['15', '141', '149', '265', '88', '110', '145', '155', '179', '184']
['44', '193', '39', '17', '174']
['92', '97', '49', '66', '248', '46']
['112', '197', '50', '247', '69', '93', '122', '147', '170', '194']
['127', '105', '258', '65', '102', '202', '214', '226', '201', '242']
['156', '235', '98', '263', '27', '123', '196', '204', '87', '152']
['231', '164', '82', '134', '19', '30', '163', '168', '241', '85']
['257', '21', '167', '34', '229', '2', '10', '237', '38', '64']
['259', '190']
['262', '224', '225', '106', '150', '161', '57', '128', '238', '252']
['1', '118', '233', '59', '260']
['24', '256', '121', '29', '227', '25', '67', '114', '71', '84']
['73', '61', '91', '264', '203', '210']
['144', '6', '31', '76', '111', '137', '220', '245', '81', '96']
['175', '80', '165', '230', '132', '205', '206', '246']
['199', '51', '113', '120', '217', '212']
['216', '151', '11', '63', '135', '143']
['0', '7', '211', '47']
['12', '37']
['77', '45', '28', '130']
['78']
['83']
['107', '41', '169']
['115', '261']
['140']
['160', '9', '185', '191']
['176', '119']
['178']
['183', '3']
['5', '267', '70', '124']
['58', '142']
['74']
['75']
['101', '219']
['108']
['109']
['116', '213']
['171', '52']
['207']
['208']
['239', '222', '243']
['240', '94']
['250']
['253', '125', '23']
['266']
['8']
['14', '104']
['18']
['20']
['22']
['26']
['32']
['35']
['40']
['43', '117', '251']
['48']
['53']
['55']
['72']
['95']
['99']
['100']
['131']
['133', '159']
['136', '198', '89']
['139']
['146', '187', '269']
['148']
['153', '215']
['158']
['166']
['172', '36']
['177']
['180']
['181']
['182']
['192', '221']
