['352', '202', '211', '294', '353', '49', '57', '91', '102', '149', '165', '170', '183', '206', '221', '248', '272', '306', '312', '325']
['42', '197', '201', '231', '358', '13', '84', '114', '217', '280', '334', '339', '360', '362', '379', '10', '19', '145', '146', '199']
['74', '285', '122', '240', '296', '307', '375', '77', '169', '207', '25', '196', '277', '363', '51', '184', '346', '351', '393', '24']
['86', '317', '69', '128', '225', '301', '370', '34', '178', '249', '326', '357', '397', '2', '56', '135', '173', '193', '213', '276']
['44', '43', '93', '110', '104', '187', '354', '100', '152', '282', '292', '329', '108', '85', '232', '105', '218']
['134', '32', '234', '371', '143', '340', '350', '38', '96', '141', '226', '66', '308', '389']
['166', '288', '88', '154', '297', '323', '30', '92', '133', '287', '162']
['238', '219', '264', '106', '177', '172', '364', '396', '46']
['394', '175', '384', '295', '315', '94', '129', '75', '119', '137', '387', '45', '62', '171', '251', '368', '198']
['20', '216', '230', '263', '35', '28', '54', '144', '0', '58', '244', '82', '286', '349', '266', '283']
['194', '398', '98', '142', '319', '52', '99', '369', '314', '355', '228', '356', '151', '332', '136', '117', '220', '130']
['215', '67', '164', '377']
['348', '222', '260', '299', '337', '16', '273', '190', '269', '359']
['381']
['383']
['4', '372']
['41']
['78', '227']
['83']
['210', '298']
['233']
['305', '191']
['33', '386']
['89', '101']
['103']
['140', '185', '55']
['161', '331', '15']
['235']
['245']
['327']
['330']
['343']
['382', '253']
['26']
['39']
['113']
['120']
['188']
['195']
['205']
['208', '261']
['229']
['254', '278']
['304']
['324']
['333']
['341']
['366', '385', '243', '12']
['373']
['11']
['17']
['29']
['87']
['116']
['126']
['158']
['182']
['214']
['246']
['271']
['274']
['279']
['284']
['290']
['320']
['336']
['338']
['367']
['390']
['7']
['59', '109']
['73']
['81']
['95']
['107']
['121']
['139']
['155']
['156']
['157']
['174']
['189']
['209']
['241']
['256']
['258']
['281']
['293']
['300']
['303']
['335']
['376']
['388']
['392']
['6']
['9']
['27']
['36']
['37']
['65']
['70']
['97']
['124']
['131']
['138']
['150']
['153']
['163']
['181']
['224']
['236']
['239']
['265']
['311']
['328']
['342']
['344']
['347']
['361']
['399']
['5']
['18']
['48']
['50']
['60']
['64']
['72']
['76']
['79']
['80']
['127']
['132']
['176']
['179']
['200']
['204']
['212']
['237']
['242']
['252']
['257']
['259']
['262']
['267']
['268']
['289']
['291']
['302']
['309']
['310']
['321']
['345']
['365']
['374']
['380']
['395']
['3']
['8']
['21']
['23']
['31']
['40']
['47']
['61']
['71']
['90']
['111']
['112']
['125']
['147']
['148']
['159']
['160']
['180']
['186']
['192']
['203']
['223']
['247']
['250']
['255']
['270']
['275']
['313']
['316']
['318']
['322']
['378']
['391']
['1']
['14']
['22']
['53']
['63']
['68']
['115']
['118']
['123']
['167']
['168']
