['214', '191', '153', '17', '176', '9', '236', '116', '133', '150', '164', '62', '80', '172', '42', '72', '35', '154', '4', '93', '216', '142', '198', '15', '249', '147', '6', '51', '129', '169', '229', '92', '173', '167', '115']
['139', '63', '44', '234', '212', '86', '2', '34', '223', '105', '46', '248', '180', '47', '97', '124', '59', '125', '66', '40', '11', '175', '187', '60', '53', '149', '235', '130', '32', '135', '192', '210', '131', '137', '76']
['174', '54', '56', '112']
['29', '132', '28', '84', '157', '240', '121', '111', '220', '27', '202', '87', '217', '24', '96', '162', '21', '239', '25', '209', '61', '156', '1', '30', '98', '12', '177', '197', '73', '188', '0', '75', '195', '43', '58']
['168', '36', '161', '57', '243', '81', '145', '16', '31']
['113', '196', '68', '186', '203', '230', '85', '199', '52', '41', '38', '170']
['224']
['189']
['245']
['179']
['194']
['37']
['82']
['152']
['55']
['190']
['163']
['228']
['13']
['26']
['50']
['182']
['183']
['232']
['246']
['49']
['8']
['95']
['109']
['155']
['101']
['33']
['122']
['65']
['5']
['119']
['219']
['181']
['88']
['118']
['207']
['227']
['141']
['185']
['45']
['205']
['193']
['237']
['225']
['208']
['100']
['77']
['117']
['104']
['3']
['14']
['159']
['69']
['7']
['215']
['211']
['19']
['99']
['165']
['201']
['39']
['90']
['206']
['184']
['23']
['241']
['123']
['244']
['136']
['102']
['120']
['79']
['160']
['108']
['238']
['226']
['200']
['166']
['126']
['140']
['204']
['64']
['146']
['10']
['67']
['233']
['178']
['247']
['106']
['213']
['22']
['107']
['221']
['138']
['103']
['127']
['70']
['94']
['89']
['128']
['20']
['158']
['151']
['71']
['74']
['143']
['222']
['171']
['18']
['48']
['110']
['144']
['231']
['134']
['114']
['148']
['83']
['242']
['218']
['78']
['91']
