['237lol', '17lol', '367lol', '460lol', '44lol', '180lol', '360lol', '121lol', '235lol', '132lol', '219lol', '267lol', '318lol', '358lol', '307lol', '417lol', '53lol', '216lol', '185lol', '408lol', '147lol', '425lol', '271lol', '334lol', '226lol', '24lol', '316lol', '212lol', '27lol', '335lol', '54lol', '229lol', '28lol', '361lol', '217lol', '409lol', '310lol', '136lol', '351lol', '85lol', '123lol', '274lol', '78lol', '134lol', '13lol', '191lol', '389lol', '249lol', '436lol', '196lol', '368lol', '348lol', '143lol', '262lol', '489lol', '322lol', '133lol', '114lol', '269lol', '365lol', '71lol', '275lol', '412lol', '272lol', '178lol', '49lol', '467lol', '446lol', '438lol', '261lol', '203lol', '193lol', '8lol', '293lol', '435lol', '342lol', '45lol', '111lol', '112lol', '97lol', '56lol', '404lol', '468lol', '25lol', '297lol', '305lol', '82lol', '488lol', '495lol', '477lol', '198lol', '294lol', '382lol', '52lol', '453lol', '338lol', '421lol', '218lol', '221lol', '75lol', '137lol', '301lol', '284lol', '328lol', '204lol', '144lol', '437lol', '325lol', '461lol', '190lol', '363lol', '236lol', '486lol']
['209lol', '333lol', '473lol', '346lol', '336lol', '233lol', '496lol', '88lol', '443lol', '42lol', '442lol', '281lol', '497lol', '36lol', '465lol', '101lol', '91lol', '130lol', '347lol', '391lol', '169lol', '65lol', '353lol', '466lol', '492lol', '319lol', '83lol', '352lol', '148lol', '380lol', '359lol', '205lol', '434lol', '268lol', '55lol', '79lol', '2lol', '81lol', '407lol', '299lol', '252lol', '386lol', '69lol', '174lol', '263lol', '385lol', '181lol', '163lol', '150lol', '176lol', '499lol', '452lol', '128lol', '400lol', '102lol', '117lol', '303lol', '179lol', '33lol', '302lol', '201lol', '232lol', '50lol', '227lol', '96lol', '222lol', '356lol', '369lol', '141lol', '14lol', '429lol', '456lol', '135lol', '370lol', '290lol', '160lol', '187lol', '398lol', '164lol', '16lol', '108lol', '323lol', '241lol', '86lol', '61lol', '447lol', '234lol', '416lol', '165lol', '140lol', '255lol', '208lol', '0lol', '162lol', '381lol', '278lol', '145lol', '475lol', '70lol', '433lol', '149lol', '60lol', '159lol', '40lol', '372lol', '357lol', '479lol', '314lol', '31lol', '106lol', '383lol', '47lol', '172lol', '362lol', '478lol', '238lol', '93lol', '376lol', '155lol', '490lol', '32lol', '441lol', '288lol', '77lol', '242lol', '458lol', '295lol', '375lol', '282lol', '394lol', '66lol', '231lol', '225lol', '491lol', '115lol', '464lol', '289lol', '463lol', '157lol', '244lol', '245lol', '10lol', '72lol', '345lol', '207lol', '470lol', '313lol', '444lol', '126lol', '254lol', '395lol', '186lol', '265lol', '340lol', '64lol', '476lol', '292lol', '304lol', '257lol', '139lol', '247lol', '124lol', '95lol', '494lol', '373lol', '250lol', '23lol', '415lol', '258lol', '354lol', '220lol', '419lol', '308lol', '427lol', '253lol', '105lol', '29lol', '448lol', '343lol', '432lol', '98lol', '482lol', '173lol', '26lol', '67lol', '270lol', '215lol', '392lol', '439lol', '189lol', '450lol', '183lol', '276lol', '472lol', '35lol', '474lol', '7lol', '483lol', '213lol', '9lol', '92lol', '312lol', '430lol', '321lol', '366lol', '374lol', '151lol', '214lol', '211lol', '451lol', '22lol', '264lol', '259lol', '350lol', '324lol', '320lol', '384lol', '405lol', '202lol', '273lol', '266lol', '131lol', '424lol', '68lol', '158lol', '306lol', '431lol', '20lol', '311lol', '309lol', '239lol', '58lol', '411lol', '1lol', '129lol', '280lol', '90lol', '332lol', '197lol', '423lol', '471lol', '195lol', '107lol', '286lol', '168lol', '34lol', '285lol', '410lol', '484lol', '469lol', '260lol', '230lol', '287lol', '387lol', '449lol', '51lol', '402lol', '399lol', '43lol', '113lol', '317lol', '182lol', '18lol', '127lol', '184lol', '390lol']
['315lol', '122lol', '277lol', '6lol', '76lol', '192lol', '485lol', '420lol', '87lol', '397lol', '462lol', '291lol', '279lol', '493lol']
['498lol', '330lol', '142lol', '228lol']
['251lol']
['224lol']
['406lol']
['246lol']
['199lol']
['11lol']
['116lol']
['38lol']
['12lol']
['103lol']
['355lol']
['109lol']
['426lol']
['364lol']
['413lol']
['396lol']
['84lol']
['89lol']
['63lol']
['481lol']
['119lol']
['248lol']
['194lol']
['188lol']
['459lol']
['100lol']
['39lol']
['206lol']
['57lol']
['161lol']
['401lol']
['110lol']
['15lol']
['349lol']
['455lol']
['339lol']
['154lol']
['99lol']
['21lol']
['200lol']
['73lol']
['326lol']
['48lol']
['454lol']
['428lol']
['445lol']
['46lol']
['30lol']
['300lol']
['210lol']
['256lol']
['59lol']
['170lol']
['175lol']
['344lol']
['298lol']
['379lol']
['74lol']
['337lol']
['80lol']
['94lol']
['403lol']
['487lol']
['125lol']
['3lol']
['120lol']
['138lol']
['62lol']
['377lol']
['414lol']
['418lol']
['296lol']
['243lol']
['341lol']
['329lol']
['41lol']
['223lol']
['331lol']
['177lol']
['146lol']
['393lol']
['166lol']
['171lol']
['118lol']
['283lol']
['19lol']
['104lol']
['5lol']
['37lol']
['480lol']
['153lol']
['156lol']
['167lol']
['371lol']
['457lol']
['378lol']
['327lol']
['440lol']
['388lol']
['422lol']
['240lol']
['152lol', '4lol']
