['434', '393', '390', '22', '234', '229', '443', '342', '399', '134', '254', '277', '184', '419', '324', '487', '300', '179', '69', '100']
['437', '175', '31', '6', '55', '349', '369', '334', '218', '95', '418', '378', '104', '294', '359', '226', '381', '451', '135', '291']
['103', '298', '494', '358', '24', '485', '144', '72', '295', '309', '371', '456', '470', '293', '329', '330', '466', '382', '131', '210']
['377', '177', '7', '415', '430', '203', '493', '1', '420', '414', '241', '305', '448', '449', '374', '286', '392', '47', '427', '422']
['463', '469', '70', '111', '467', '63', '162', '237', '107', '465', '339', '247', '326', '332', '136', '483', '266', '118', '112', '287']
['455', '221', '61', '205', '14', '28', '145', '376', '121', '170', '450', '263', '335', '457', '181', '78', '105', '412', '500', '495']
['365', '74', '321', '208', '94', '364', '275', '33', '429', '151', '458', '468', '102', '328', '183', '290', '68', '202', '276', '403']
['157', '87', '12', '278', '46', '251', '442', '433', '249', '439', '347']
['464', '21', '383', '188']
['139', '307', '405', '244', '428', '20', '212', '255', '4', '85', '322', '472']
['338', '461', '491', '60']
['167', '197', '178']
['143', '426', '239', '357', '361', '317']
['194', '65', '404', '282', '159']
['231', '336', '86', '333', '108', '186', '155', '227', '340', '35']
['173', '264', '245', '316']
['138', '325', '372', '44', '386']
['64', '67', '34', '2', '252', '213']
['499', '452']
['207', '115', '164']
['200', '204', '311', '424', '76']
['242', '285', '201', '490', '152', '27', '454', '320', '260', '388', '222']
['380', '476', '471', '3']
['250', '66', '368']
['190', '77', '160', '51', '289', '29']
['52', '98', '438', '281']
['174', '395', '446', '8', '240', '398', '270']
['223', '296', '154', '265', '83']
['496', '462', '228', '133', '400', '288', '15', '147', '30']
['191', '477', '48', '302', '310', '97', '280']
['57', '397', '165', '384']
['436', '18', '99', '37', '235']
['346', '416', '93', '38', '279', '71', '230', '272', '40']
['355', '460', '82']
['153', '91', '196', '274', '259', '126', '343']
['172']
['13', '9', '488', '23']
['209', '220', '375', '142', '258', '313', '80', '314', '356']
['432', '345']
['106', '284', '435', '425']
['262', '297', '232', '243', '114', '146']
['101']
['411']
['315']
['32']
['195', '409', '180', '246']
['283', '198', '268', '473', '158', '211', '116', '257', '363', '185', '387', '42']
['219', '215', '481']
['5', '447', '489', '129', '497']
['391', '273', '26']
['120']
['440', '113']
['413', '43']
['81']
['124', '156', '480', '308', '360']
['79']
['163', '370', '73', '256']
['389', '319']
['475']
['417', '96']
['233', '224', '410', '344']
['36', '354', '441']
['161']
['189', '445', '323', '474', '123']
['396']
['366', '59']
['192']
['137', '16', '348', '41', '301']
['385', '92', '58']
['312', '10']
['140', '394', '331', '379', '423', '193', '407']
['225', '127', '62', '17']
['248']
['327', '482', '166']
['176', '56', '168', '45']
['169']
['444']
['216', '304']
['117']
['238', '141']
['182', '318', '406']
['306']
['217', '171', '373', '362', '39', '341', '89']
['148', '292', '498']
['122']
['479', '214', '119', '453', '130', '88', '421', '90']
['206', '267']
['125']
['53']
['431', '50']
['492', '110', '128', '253']
['353', '486', '84']
['459', '236']
['303', '25']
['132', '402', '401', '11']
['352', '269', '187', '149', '150', '299', '54', '337']
['367']
['350', '199']
['49', '351']
['484', '261', '408', '271', '478', '75', '19', '109']
