['go', 'ds', 'x', 'er', 'jv', 'bp', 'io', 'cw', 'fl', 'kd']
['df', 'eq', 'ju', 'je', 'iv', 'iq', 'he', 'ai', 'an', 'ar']
['o', 'is', 'fj', 'kn', 'jw', 'dw', 'l', 'cg', 'hp', 'at']
['fh', 'kg', 'ex', 'cn', 'hs', 'ig', 'gs', 'gx', 'dp', 'bn']
['fn', 'gy', 'ec', 'bl', 'bo', 'w', 'ci', 'co', 'ih', 'hx']
['gn', 'p', 'ke', 'ak', 'ff', 'db', 'b', 'zz', 'fg', 'fo']
['dz', 'aw', 'di', 'dg', 'fs', 'ki', 'dm', 'de', 'et', 'cz']
['jx', 'eo', 'cd', 'ft', 'ho', 'v', 'i', 'gz', 'dt', 'ee']
['z', 'ce', 'm', 'ir', 'br', 'c', 'jm', 'cl', 'cb', 'jk']
['fv', 'dc', 'h', 'eh', 'jg', 'jl', 'gr', 'bi', 'bt', 'ax']
['fw', 'ep', 'js', 's', 'fk', 'cu', 'hk', 'ik', 'n', 'af']
['fy', 'do', 'al', 'ap', 'av', 'ie', 'in', 'fu', 'iz', 'gf']
['ga', 'jt', 'ba', 'cc', 'u', 'ia', 'dn', 'dh', 'jq', 'ek']
['dk', 'd', 'ef', 'hi', 'hm', 'bf', 'cj', 'jr', 'ew', 'bb']
['dv', 'bx', 'gh', 'ea', 'jn', 'ag', 'ei', 'eb', 'bh', 'bv']
['bc', 'gg', 'gi', 'dy', 'bw', 'ip', 'j', 'bz', 'fx', 'cx']
['jd', 'ck', 'f', 'jf', 'ka', 'jb', 'jy', 'hy', 'hq', 'hn']
['g', 'jc', 'da', 'gk', 'aq', 'kk', 'im', 'ah', 'aj', 'ao']
['jo', 'en', 'eg', 'ic', 'fa', 'fb', 'jj', 'e', 'kj', 'jz']
['jh', 'iw', 'gd', 'bm', 'ez', 'es', 'ht', 'cr', 'ev', 'it']
['ca', 'bk', 'be', 'bq', 'cp', 'iu', 'hz', 'ix', 'ac', 'ab']
['iy', 'el', 'ad', 'fp', 'fr', 'fc', 'fi', 'kh', 'km', 'ge']
['aa', 'dq', 'hw', 'am', 'gj', 'du', 'bs', 'hl', 'hd', 'a']
['fd', 'fq', 'ch', 'cf', 'ct', 'ii', 'ij', 'fm', 'dj', 'bd']
['fe', 'hv', 'hu', 'hc', 'kl', 'gt', 'dx', 'bg', 'bj', 'k']
['q', 'fz', 'kb', 't', 'em', 'ej', 'ed', 'eu', 'cm', 'kc']
['gw', 'dl', 'jp', 'by', 'cq', 'hj', 'hh', 'hg', 'il', 'az']
['gv', 'ja', 'ha', 'as', 'ay', 'kf', 'y', 'gu', 'gm', 'gl']
['gq', 'ae', 'au', 'if', 'ib', 'gc', 'gb', 'dr', 'ey', 'ji']
['gp', 'dd', 'bu', 'cy', 'cs', 'cv', 'hr', 'hb', 'hf', 'r']
