['oUs', 'i4H', 'HWv', 'EoI', 'ZFU', 'zEh', '6pB', '1uW', 'J8r', 'lKO', '0RD', 'd60']
['ux2', 'Tn8', 'ZVF', 'NiX', 'UmG', 'WB2', 'kte', 'VCH', '27J', 'iba', 'Itn', 'W8n']
['uQL', '00m', 'EJD', 'oZQ', 'BV4', '0gI', 'dvU', 'x86', '4p5', 'mGb', 'IZQ', 'I2S']
['rz4', '0Qs', 'BDE', 'ptf', 'nc0', 'F9o', 'yLV', 'X5a', 'YBr', 'eGG', 'UDc', 'cEk']
['LTB', 'SmS', 'tK7', 'Epk', '6Hl', 'emD', 'wwD', 'Hi0', '5i6', 'Wmv', '5zB', 'ziA']
['pf5', 'Z7b', 'H9O', 'tFU', 'Xim', 'Afe', '6ro', 'mFO', '9F9', '2vJ', '8uz', 'b7z']
['Fws', 'b99', 'BPL', '3kn', 'jEj', 'Bfu', '5jv', '4KN', 'XHa', 'GUX', '3QX', 'UPL']
['CwC', 'gfv', 'AcJ', 'wGp', 'Hyj', 'cmd', '70K', 's3z', '2mv', 'h3r', 'SiL', 'JyM']
['FzE', 'O2z', 'g08', '2UA', 's1n', 'XlR', 'Twl', 'Hxo', 'Ns3', 'Fmb', 'Ql9', 'AJT']
['u1N', 'rGT', 'fFE', '8VG', 'Ihb', 'Jla', 'YMC', '1QY', 'xLA', 'KZy', 'mIe', 'AKr']
['iiE', 'pTi', 'YNK', 'dlb', 'mRG', 'z1H', 'dLc', 'PoH', 'jWX', '5U2', 'ttO', 'SV9']
['X9s', 'jFu', 'nQv', 'P8b', 'hct', 'Swe', 'x8V', 'I2i', 'hiF', 'CU9', 'GRw', 'WLk']
['aTI', 'AHs', 'bA6', 'i9C', 'oSw', 'stN', '5Li', 'kYz', 'PiG', 'nf5', 'vJC', 'qLD']
['KGR', 'D40', 'zfD', 'euj', 'xxJ', 'PlJ', 'JfN', 'VAV', 'Y2z', 'DoC', 'xqY', '1xS']
['JLF', '9NA', 'tKI', 'Ot9', 'rgC', '4Nd', '4fp', 'tm4', 'rmu', 'e8H', '6Ip', 'W4L']
['N08', 'YFC', 'ewc', 'upV', 'D5B', 'USE', 'LiP', 'XMr', 'ZQL', 'gTC', 'QhQ', 'xz4']
['FEQ', 'VPb', 'vyM', 'a4K', 'wqW', 'dNX', 'Jgp', 'iGU', 'h6l', 'G2k', 'JWV', 'nkl']
['FkC', 'jGk', 'Pas', 'gE4', 'VVW', 'e8d', 'oSh', 'MQT', 'IJ1', 'xpw', 'GpL', 'AK4']
['uii', 'ZNv', 'NyP', 'hYw', 'SMj', 'fFJ', '0oy', 'L1u', 'iW8', 'FbA', 'rC8', 'HkK']
['psG', 'Zc5', 'QDa', 'U0P', 'NXP', 'uVg', 'oak', 'Hbr', 'KRy', 'MNb', 'tpP', 'u9Q']
['sKX', 'klv', 'Qti', '0ID', 'uGP', 'B99', 'b9f', '17Q', '1aX', 'mUL', 'Qtt', 'rXN']
['ZxX', '6sH', 'hQH', 'cFa', 'TUB', 'MrD', 'qmj', 'etm', 'uH4', 'gEp', 'aZv', '8uu']
['kZ0', 'U0Z', 'Qa3', 'fKV', 'zfK', 'sfk', 'U4K', 'YEe', 'Gu6', 'kiK', 'PQT', 'SFn']
['btz', 'VZ7', 'kT2', 'QEF', 'VoJ', '4nb', '69w', 'WXJ', 'n99', 'gWT', 'gEU', 'JVP']
['oPH', '28R', 'W2Z', '5qS', 'mLL', 'zgJ', 'JcP', 'hdp', 'cDc', 'a55', 'rMd', 'aLB']
['4LY', 'qPq', 'dSZ', 'tEu', 'NGB', 'NqO', 'tfQ', 'Kn8', 'nQj', 's6M', 'e6S', 'ZY3']
['fQ3', 'H68', '6na', '81k', 'blA', 'PqY', 'Mvm', 'CYA', '5n5', 'ISX', 'bAf', 'YUZ']
['xRH', 'X5J', '19T', 'vca', '1RB', '4gy', '1gc', 'f9z', 'iFt', 'Ke0', 'mcI', 'PJa']
['wgA', 'xx7', 'zTH', 'yAp', 'IU6', 'iS6', 'Qyh', 'qkE', 'czy', 'hHB', 'E2A', '8nm']
['HvR', '9ug', 'c3v', 'OCL', 'qDy', 'gVV', 'nRH', 'gkI', 'rYU', 'lsG', 'bLd', 'j3s']
['KS2', 'ULj', 'm5j', 'EJa', 'bDO', 'nqI', 'mLF', 'txp', '8j5', '96X', 'slQ', 'JYa']
['Eou']
['PPi', 'v6U', 'WLo']
['uZt']
['iTo']
