['5', '54', '99', '123', '137', '219', '234', '281', '292', '12', '18', '49', '72', '140', '171']
['279', '142', '217', '220', '129', '262', '81', '126', '209', '212', '241', '259', '59', '64', '87']
['299', '62', '95', '117', '267', '57', '114', '189', '21', '132', '134', '163', '165', '177', '237']
['23', '4', '7', '40', '52', '70', '94', '109', '121', '146', '190', '223', '265', '273', '298']
['214', '182', '185', '14', '17', '116', '125', '193', '203', '213', '232', '236', '261', '266', '283']
['242', '69', '46', '151', '58', '77', '105', '127', '174', '183', '198', '226', '76', '79', '85']
['108', '55', '192', '230', '258', '31', '47', '197', '30', '34', '63', '84', '122', '138', '145']
['224', '186', '187', '191', '199', '264', '291', '1', '6', '38', '39', '56', '82', '103', '107']
['255', '150', '167', '229', '269', '16', '51', '67', '90', '160', '170', '175', '201', '218', '221']
['26', '195', '286', '210', '289', '118', '128', '233', '45', '115', '164', '206', '208', '216', '252']
['181', '86', '8', '89', '133', '136', '159', '162', '173', '239', '288', '294', '11', '61', '74']
['256', '188', '249', '295', '101', '141', '143', '297', '13', '53', '93', '135', '20', '28', '110']
['32', '3', '152', '228', '231', '240', '37', '42', '97', '119', '36', '43', '144', '154', '178']
['48', '130', '27', '180', '204', '215', '227', '277', '284', '68', '80', '92', '148', '169', '184']
['96', '147', '113', '88', '91', '98', '282', '296', '2', '60', '205', '243', '248', '251', '274']
['124', '270', '287', '278', '285', '19', '24', '29', '41', '83', '106', '244', '246', '257', '25']
['44', '120', '172', '272', '100', '139', '161', '179', '15', '131', '253', '271', '245']
['65', '196', '50', '78', '102', '71', '168', '222', '250', '158']
['156', '268', '293', '73', '112', '157', '200', '207', '22', '176', '75', '153', '155', '254', '275']
['194', '33', '202', '290', '238', '280', '35']
['211']
['263']
['0', '9', '111']
['104', '66', '149']
['166', '276']
['225']
['235']
['247']
['260']
['10']
