['Brandi', 'Charlot', 'Angie', 'Cele', 'Bertine', 'Andree', 'Bellanca', 'Adelheid', 'Caril', 'Addi']
['Cesya', 'Catharine', 'Celie', 'Andi', 'Analiese', 'Alvira', 'Bobinette', 'Carena', 'Carlye', 'April']
['Carmel', 'Ailene', 'Bert', 'Alyda', 'Catie', 'Charity', 'Bonnee', 'Caryl', 'Annabela', 'David']
['Caro', 'Chiquia', 'Babs', 'Berri', 'Bobbie', 'Alikee', 'Carri', 'Charleen', 'Alysa', 'Christal']
['Carlee', 'Chiarra', 'Blythe', 'Bernete', 'Aaren', 'Amargo', 'Alissa', 'Calida', 'Allegra', 'Casandra']
['Cherise', 'Alverta', 'Chanda', 'Carmine', 'Anni', 'Barbabra', 'Caralie', 'Ashlie', 'Beatrice', 'Catherine']
['Anet', 'Aeriel', 'Auroora', 'Betty', 'Annelise', 'Celestine', 'Angela', 'Candra', 'Anabal', 'Charin']
['Camella', 'Carolyn', 'Alayne', 'Catlee', 'Allix', 'Cacilia', 'Celestyn', 'Bliss', 'Carina', 'Bill']
['Antoinette', 'Betti', 'Annamaria', 'Agace', 'Carolina', 'Astrix', 'Annadiane', 'Abra', 'Christye', 'Adoree']
['Christan', 'Berni', 'Austina', 'Anthiathia', 'Bobette', 'Cherye', 'Brier', 'Anallese', 'Bryna', 'Brittaney']
['Angel', 'Caroljean', 'Cathrine', 'Billy', 'Ashlen', 'Avis', 'Aurelea', 'Barbaraanne', 'Calla', 'Arlene']
['Bernardine', 'Aubrette', 'Anjela', 'Cherilyn', 'Alicea', 'Bridgette', 'Benita', 'Carole', 'Ara', 'Ambur']
['Charyl', 'Alejandra', 'Blanche', 'Billie', 'Charmion', 'Alys', 'Blancha', 'Amabel', 'Ada', 'Cal']
['Annabelle', 'Penny', 'Babbie', 'Ali', 'Alexandrina', 'Cammi', 'Anabelle', 'Anatola', 'Annabel', 'Alie']
['Amanda', 'Callida', 'Carlyn', 'Bess', 'Cariotta', 'Amy', 'Athena', 'Catlaina', 'Anastassia', 'Beverie']
['Babbette', 'Angil', 'Cammy', 'Caren', 'Berta', 'Bernadine', 'Bamby', 'Binni', 'Bunni', 'Aurore']
['Allissa', 'Bibbie', 'Andrea', 'Bobbee', 'Alix', 'Cami', 'Brandy', 'Cheslie', 'Christabella', 'Cassy']
['Ardella', 'Andriana', 'Carrissa', 'Ardene', 'Bobby', 'Annora', 'Bobbye', 'Ashli', 'Alice', 'Brigid']
['Ardra', 'Berty', 'Belva', 'Bernardina', 'Belita', 'Christel', 'Ariela', 'Barbey', 'Almeda', 'Aimil']
['Bettine', 'Benetta', 'Angelina', 'Blinnie', 'Alisun', 'Anica', 'Alanah', 'Ardeen', 'Cherrita', 'Aveline']
['Bessy', 'Chelsy', 'Anne', 'Caron', 'Abby', 'Carmelita', 'Adorne', 'Caryn', 'Brandie', 'Audy']
['Camel', 'Cassondra', 'Athene', 'Chelsey', 'Barbra', 'Babette', 'Casie', 'Catriona', 'Brandea', 'Bride']
['Agatha', 'Alexi', 'Babita', 'Alexia', 'Betteann', 'Arliene', 'Anastasia', 'Billi', 'Carlynn', 'Brandise']
['Candis', 'Cody', 'Adelice', 'Augusta', 'Agnola', 'Aile', 'Aliza', 'Arlie', 'Bethany', 'Bunny']
['Brigida', 'Asia', 'Arlina', 'Calli', 'Aili', 'Berna', 'Babara', 'Aubine', 'Bren']
['Christyna']
