['127', '100', '106', '109', '114', '115', '116', '121', '125', '136', '137', '140', '141', '142', '145', '146', '147', '148', '152', '153', '162', '163', '164', '165', '169', '171', '173', '175', '176', '177', '180', '181', '182', '187', '192', '193', '194', '197', '198', '200', '203', '205', '207', '208', '216', '217', '219', '220', '222', '232']
['201', '234', '235', '239', '243', '249', '211', '214', '218', '223', '224', '225', '226', '236', '237', '244', '246']
['210']
['238']
['22', '35', '36', '38', '39', '43', '44', '45', '47', '49', '1', '6', '11', '13', '14', '20', '21', '27', '29', '31', '32', '41', '48']
['74', '51', '52', '57', '59', '64', '67', '68', '72', '75', '81', '82', '83', '85', '91', '93', '55', '60', '61', '62', '63', '69', '70', '78', '79', '86', '87', '88', '89', '90', '95', '99']
['80', '151', '155', '156', '158', '159', '160', '161', '168', '170', '174', '178', '183', '184', '185', '186', '189', '191', '195']
['97']
['101', '102', '104', '110', '112', '113', '124', '126', '128', '130', '132', '135', '138', '143', '144']
['131']
['179']
['190']
['204']
['209']
['8']
['16']
['17']
['28']
['33']
['37']
['40']
['56']
['65']
['73']
['76']
['98']
['105']
['107']
['118']
['122']
['129']
['172']
['188']
['196']
['199']
['212']
['215']
['227']
['228']
['248']
['4']
['5', '250']
['10']
['18']
['19']
['25']
['26']
['34']
['42']
['46']
['50']
['53']
['54']
['58']
['66']
['71']
['77']
['84']
['92']
['94']
['96']
['103']
['108']
['111']
['117']
['119']
['120']
['123']
['133']
['134']
['139']
['149']
['150']
['154']
['157']
['166']
['167']
['202']
['206']
['213']
['221']
['229']
['230']
['231']
['233']
['240']
['241']
['242']
['245']
['247']
['0']
['2']
['3']
['7']
['9']
['12']
['15']
['23']
['24']
['30']
