['399', '67', '71', '75', '84', '88', '92', '96', '101', '105', '109', '113', '117', '122', '126', '130', '134', '138', '143', '147', '151', '155', '164', '168', '172', '176', '181', '185', '189', '193', '197', '202', '206', '210', '214', '218', '223', '227', '231', '235', '244', '248', '252', '256', '261', '265', '269', '273', '277', '282', '286', '290', '294', '298', '303', '307', '311', '315', '324', '328', '332', '336', '341', '345', '349', '353', '357', '362', '366', '370', '374', '378', '4', '8', '12', '16', '24', '28', '32', '36', '44', '45', '47', '48', '49', '51', '52', '53', '55', '56', '57', '64', '65', '66', '68', '69', '70', '72', '73', '74', '76', '77', '78', '80', '81', '82', '83', '85', '86', '87', '89', '90', '91', '93', '94', '95', '97', '98', '102', '103', '104', '106', '107', '108', '110', '111', '112', '114', '115', '116', '118', '121', '123', '124', '125', '127', '128', '129', '131', '132', '133', '135', '136', '137', '141', '142', '144', '145', '146', '148', '149', '150', '152', '153', '154', '156', '157', '158', '160', '161', '162', '163', '165', '166', '167', '169', '170', '171', '173', '174', '175', '177', '178', '182', '183', '184', '186', '187', '188', '190', '191', '192', '194', '195', '196', '198', '201', '203', '204', '205', '207', '208', '209', '211', '212', '213', '215', '216', '217', '221', '222', '224', '225', '226', '228', '229', '230', '232', '233', '234', '236', '237', '238', '240', '241', '242', '243', '245', '246', '247', '249', '250', '251', '253', '254', '255', '257', '258', '262', '263', '264', '266', '267', '268', '270', '271', '272', '274', '275', '276', '278', '281', '283', '284', '285', '287', '288', '289', '291', '292', '293', '295', '296', '297', '301', '302', '304', '305', '306', '308', '309', '310', '312', '313', '314', '316', '317', '318', '320', '321', '322', '323', '325', '326', '327', '329', '330', '331', '333', '334', '335', '337', '338', '342', '343', '344', '346', '347', '348', '350', '351', '352', '354', '355', '356', '358', '361', '363', '364', '365', '367', '368', '369', '371', '372', '373', '375', '376', '377', '0', '1', '2', '3', '5', '6', '7', '9', '10', '11', '13', '14', '15', '17', '18', '20', '40', '60', '79', '100', '120', '140', '180', '200', '220', '260', '280', '300', '340', '360', '382', '383', '386', '387', '390', '391', '394', '395', '398', '400', '401', '402', '403', '404', '405', '406', '407', '408', '409', '410', '411', '412', '413', '414', '415', '416', '417', '418', '419']
['99', '119', '139', '159']
['179', '199', '219', '239']
['259', '279', '299', '319']
['339', '359', '379']
['381', '380']
['385', '384']
['389', '388']
['393', '392']
['397', '396']
['19', '39', '59']
['21', '22', '23', '41', '43', '61', '62']
['25', '26', '27']
['29', '30', '31']
['33', '34', '35']
['37', '38']
['42']
['46']
['50']
['54']
['58']
['63']
