['0']
['201', '247', '253', '310', '337', '18', '80', '206', '229', '382', '205', '227', '285', '44', '117', '175', '238', '239', '104', '188', '202', '270', '277', '140', '183']
['101', '234', '82', '129', '195', '197', '233', '288', '312', '319', '363', '56', '65', '96', '98', '100', '149', '154', '316', '395', '17', '93', '127', '150', '166']
['51', '178', '180', '196', '252', '256', '257', '349', '352', '366', '368', '377', '392', '16', '86', '156', '287', '298', '303', '358', '381', '73', '88', '163', '214']
['251', '228', '262', '299', '373', '397', '3', '42', '63', '79', '89', '108', '111', '128', '155', '157', '161', '174', '204', '215', '297', '313', '386', '396', '13']
['351', '244', '32', '40', '58', '61', '126', '145', '179', '187', '191', '211', '223', '250', '255', '266', '279', '289', '307', '317', '323', '329', '330', '5', '15']
['1', '55', '102', '189', '224', '374', '50', '230', '328', '106', '115', '121', '148', '209', '242', '243', '263', '264', '269', '346', '28', '46', '60', '72', '105']
['301', '216', '284', '62', '318', '341', '34', '39', '48', '68', '75', '116', '134', '138', '142', '245', '309', '320', '334', '338', '350', '361', '378', '4', '8']
['151', '391', '19', '103', '118', '171', '173', '322', '2', '64', '159', '162', '184', '222', '236', '240', '268', '342', '14', '38', '54', '76', '83', '85', '107']
['300', '37', '393', '29', '302', '11', '26', '33', '109', '160', '194', '213', '217', '225', '232', '273', '275', '280', '311', '315', '344', '348', '357', '376', '6']
['71', '49', '97', '114', '167', '200', '210', '249', '260', '304', '324', '332', '355', '389', '7', '9', '20', '57', '112', '119', '120', '141', '144', '146', '186']
['336', '383', '90', '321', '339', '12', '193', '198', '272', '291', '296', '308', '367', '399', '52', '59', '77', '113', '131', '132', '169', '254', '258', '261', '267']
['241', '292', '27', '362', '379', '66', '294', '370', '388', '41', '81', '95', '125', '130', '143', '152', '168', '172', '176', '190', '218', '231', '248', '276', '286']
['281', '283', '306', '345', '375', '69', '124', '147', '192', '199', '325', '326', '356', '22', '43', '53', '87', '92', '94', '158', '164', '185', '219', '235', '237']
['91', '45', '123', '398', '21', '212', '208', '340', '380', '314', '170', '203', '70', '290', '305', '30', '400']
['331', '369', '360', '23', '282', '372', '31', '177', '271', '274', '36', '135', '182', '333', '47', '84', '122', '165', '265', '354', '390', '10', '74', '78', '99']
['137', '347', '207']
['24', '364', '343']
['153', '385', '394', '295', '220', '359', '35', '25', '327', '139', '335', '384', '387', '226', '353', '365', '110', '246', '293', '371', '221', '136', '133', '259', '278']
['181', '67']
