['2', '41', '447', '368', '363', '343', '318', '301', '296', '285', '232', '236', '218', '219', '194', '170', '109', '101', '49', '46', '438', '439', '442', '11125', '11126', '409', '374', '360', '11121', '339']
['3', '197', '200', '144', '432', '398', '369', '370', '337', '330', '11119', '11120', '319', '295', '297', '11117', '265', '269', '257', '11115', '11116', '251', '231', '237', '213', '214', '11111', '11112', '177', '179']
['1', '72', '74', '76', '451', '277', '270', '11128', '222', '168', '162', '141', '143', '128', '131', '1117', '119', '123', '124', '105', '108', '102', '104', '93', '94', '1115', '77', '78', '73', '66']
['5', '314', '315', '229', '312', '11127', '227', '75', '21', '454', '455', '440', '443', '433', '414', '415', '417', '418', '412', '399', '385', '373', '375', '376', '366', '367', '362', '364', '355', '356']
['0', '250', '26', '457', '11123', '42', '1112', '456', '458', '460', '434', '436', '437', '408', '403', '396', '397', '359', '349', '350', '352', '342', '344', '346', '347', '321', '308', '302', '304', '11118']
['4', '240', '60', '392', '238', '243', '57', '61', '54', '1113', '1114', '11114', '338', '340', '325', '291', '293', '283', '284', '278', '271', '252', '253', '255', '246', '249', '239', '235', '225', '228']
['6', '31', '207', '80', '204', '208', '64', '69', '34', '245', '247', '233', '230', '211', '216', '198', '201', '192', '193', '195', '171', '173', '149', '150', '151', '153', '145', '126', '106', '111']
['244', '129', '99', '100', '103', '91', '96', '85', '86', '87', '89', '82', '83', '65', '67', '56', '59', '62', '50', '51', '53', '47', '23', '8', '10', '11', '461', '450', '453', '446']
['37', '35', '36', '452', '435', '416', '419', '410', '413', '402', '404', '405', '406', '407', '401', '393', '372', '371', '361', '357', '358', '351', '353', '336', '341', '327', '317', '306', '311', '300']
['18', '12', '1111', '19', '9', '13', '11113', '16', '329', '323', '309', '310', '303', '305', '288', '289', '290', '292', '282', '286', '287', '276', '280', '281', '272', '264', '267', '254', '248', '241']
['463', '465', '464', '467', '275', '266', '234', '224', '226', '220', '221', '223', '212', '215', '205', '206', '209', '196', '199', '191', '169', '174', '161', '147', '148', '142', '127', '110', '98', '92']
['449', '445', '172', '152', '97', '84', '88', '90', '79', '81', '70', '71', '63', '58', '52', '55', '44', '45', '39', '28', '29', '30', '32', '22', '24', '27', '15', '17', '7', '462']
['431', '420', '423', '424', '427', '428', '429', '430', '421', '422', '425', '43', '33', '25', '14', '466', '459', '444', '448', '441', '426', '411', '400', '390', '377', '365', '348', '345', '324', '326']
['11124', '354', '328', '320', '322', '313', '316', '294', '298', '299', '279', '273', '268', '256', '217', '210', '203', '140', '146', '130', '132', '95', '68', '48', '38', '20', '11129', '307', '274', '167']
['387', '391', '11122', '386', '388', '389', '394', '395', '384', '242', '202', '107', '40']
['378', '381', '379', '380', '382', '383']
['332', '331', '335', '333', '334']
['258', '262', '263', '259', '261', '260']
['182', '186', '188', '1119', '11110', '184', '185', '187', '189', '190', '183']
['176', '180', '175', '178', '181']
['164', '165', '154', '160', '1118', '166', '155', '156', '159', '163', '158', '157']
['136', '135', '134', '137', '138', '133', '139']
['120', '114', '115', '113', '1116', '121', '125', '117', '118', '122', '112', '116']
