['TWL', 'PBP', 'QMI', 'KEQ', 'SCS', 'OCI', 'BJR', 'FDS', 'WJI', 'HGD', 'QTQ', 'MOH', 'PJW', 'WDF', 'HPH', 'QJK', 'AJB', 'NDI', 'MUO', 'GUE', 'LWH', 'DMP', 'WCB', 'YKH', 'YEN']
['SMM', 'SNW', 'EZU', 'KMP', 'CFJ', 'ZKY', 'FPR', 'MBZ', 'UHU', 'TQB', 'GPL', 'ZQN', 'XEN', 'JJB', 'XPW', 'YKR', 'EBY', 'CZB', 'PYK', 'NLI', 'VZX', 'QRE', 'JZV', 'TFN', 'TLC']
['YYJ', 'SQR', 'CAO', 'HNC', 'IPV', 'NGH', 'JHO', 'MWQ', 'YSM', 'PAX', 'CIH', 'KJN', 'NDJ', 'PDU', 'YDT', 'MIN', 'KLV', 'VRD', 'TBN', 'JXZ', 'ARM', 'TVZ', 'UZY', 'SFK', 'CDZ']
['SFB', 'WYK', 'BEQ', 'FWN', 'KLM', 'XNY', 'ASO', 'PAS', 'MJR', 'GGA', 'WER', 'MVB', 'TSS', 'PON', 'VMW', 'RYE', 'JKL', 'CGQ', 'MMS', 'IDO', 'BIN', 'EUK', 'DMH', 'FKU', 'IUY']
['WTX', 'YWW', 'ALI', 'GSB', 'QTR', 'KAJ', 'CYA', 'DJA', 'THJ', 'TGH', 'HUN', 'VFM', 'YER', 'UCH', 'XHQ', 'YKF', 'CFP', 'DWU', 'AQN', 'RIA', 'QQN', 'SDF', 'QIB', 'SUQ', 'UIO']
['EQX', 'PTX', 'OHR', 'ARV', 'AWX', 'FCJ', 'XIY', 'PKK', 'IIT', 'CHR', 'LZE', 'FHI', 'EKJ', 'PIL', 'HJA', 'OXU', 'QVI', 'YYC', 'ALG', 'GEF', 'HIG', 'HTW', 'PVQ', 'JUQ', 'FTL']
['AHE', 'FJH', 'VWX', 'NTW', 'YYU', 'WWL', 'QLI', 'BTJ', 'FJL', 'IPY', 'BHL', 'YUG', 'YLS', 'VWR', 'ONX', 'NGI', 'EBA', 'CHA', 'FMU', 'ELO', 'RSG', 'SRP', 'UZU', 'CCY', 'EBB']
['IKW', 'IFO', 'YTR', 'MLH', 'YSD', 'BFH', 'KLZ', 'WSD', 'MSE', 'SYQ', 'RNM', 'ALL', 'MUL', 'QNG', 'XVF', 'MNB', 'LMU', 'KNZ', 'ZFU', 'DOT', 'ABC', 'WUI', 'KLS', 'JTZ', 'DYU']
['SCZ', 'POR', 'GBL', 'HXF', 'EAA', 'ULP', 'UTL', 'IYH', 'DTW', 'EWG', 'EDD', 'NJD', 'MIE', 'OZT', 'WZL', 'EOF', 'LZI', 'TMR', 'RUR', 'RNU', 'VAC', 'BLK', 'HGF', 'VQR', 'FCU']
['PGE', 'VFV', 'CEY', 'OON', 'FTE', 'ZNQ', 'NOP', 'DZR', 'SFJ', 'XVQ', 'TVY', 'DCZ', 'SUP', 'AGI', 'JDC', 'AYK', 'NQL', 'WLU', 'FWB', 'ACJ', 'TBT', 'SFD', 'HXZ', 'KMD', 'MYN']
['QIK', 'EDP', 'XWK', 'QTJ', 'CXP', 'IPG', 'GUN', 'FOW', 'RSJ', 'VCY', 'FUR', 'PVS', 'NLS', 'FOD', 'DTS', 'PMO', 'MSC', 'ZBU', 'JGS', 'GPH', 'ACP', 'NPS', 'OII', 'SGO', 'KDV']
['JXM', 'KNO', 'VMJ', 'SQS', 'BCI', 'UMO', 'SDH', 'XDE', 'LTC', 'JMT', 'DRX', 'XOE', 'KVD', 'QZB', 'GUT', 'BBZ', 'GUR', 'NUG', 'ZGL', 'FXI', 'TFT', 'DXK', 'ZFK', 'IDJ', 'MCI']
['TMD', 'TFQ', 'GFL', 'HCD', 'AMV', 'HYW', 'DHT', 'UKF', 'QFE', 'IKN', 'RKH', 'YOA', 'INO', 'JSL', 'PZA', 'RJS', 'FXX', 'NWB', 'ESU', 'UHE', 'MVS', 'GWT', 'ZBF', 'SCX', 'CJB']
['IEK', 'NSI', 'QEP', 'ITN', 'LJA', 'RXD', 'YHX', 'LHQ', 'ZFO', 'DMN', 'YPX', 'GLR', 'HQB', 'WWT', 'WED', 'TGW', 'NXU', 'NFI', 'UOM', 'QDB', 'QBJ', 'EEA', 'ZIT', 'JZY', 'MAC']
['IQJ', 'XEO', 'NXI', 'DNE', 'FPT', 'SNS', 'AUL', 'LOQ', 'LUT', 'UNW', 'MUV', 'JWQ', 'SRB', 'XCX', 'WMY', 'POC', 'YDL', 'QLH', 'PCL', 'IYD', 'DAT', 'FWA', 'SNM', 'LBW', 'UKO']
['DTU', 'YKQ', 'VTH', 'GGM', 'NHA', 'IFU', 'RZW', 'TDJ', 'AIM', 'JME', 'QAM', 'JZA', 'HZF', 'AZD', 'SAQ', 'ROL', 'KZQ', 'JII', 'PGO', 'CDW', 'AYJ', 'VYF', 'ZCY', 'HHK', 'ELJ']
['TKB', 'YNR', 'ZJU', 'KXZ', 'VXB', 'CUZ', 'CGD', 'OLD', 'LGP', 'CNU', 'SGT', 'XQI', 'RDG', 'ODG', 'HBC', 'UGW', 'YVQ', 'GUQ', 'IIY', 'KUO', 'OEN', 'DAW', 'XJW', 'UDD', 'FTI']
['JOQ', 'BDX', 'BRY', 'WIF', 'RUP', 'MED', 'FXH', 'XFW', 'XRV', 'IKB', 'UFK', 'LZP', 'RYA', 'OFJ', 'RYT', 'FQC', 'DFW', 'HMT', 'XKQ', 'YSP', 'QCJ', 'IPK', 'GMF', 'EPR', 'RIX']
['NNG', 'MLN', 'FEV', 'RKO', 'ECG', 'SUT', 'MZP', 'KSW', 'UEN', 'LLX', 'TUK', 'WHJ', 'PME', 'GYM', 'YYG', 'XXQ', 'JVR', 'RBJ', 'IAM', 'QYA', 'POJ', 'WGY', 'CRF', 'GGP', 'GXJ']
['WCD', 'IUE', 'FSW', 'LHD', 'YTQ', 'ZPA', 'WKY', 'HPV', 'ZCF', 'APD', 'ZRO', 'PAU', 'SCK', 'LXJ', 'BZI', 'YAR', 'KVY', 'OVZ', 'MJV', 'BCW', 'LWA', 'WJS', 'JMO', 'TQM', 'NDB']
