['vzmrgwwbcwrct', 'asukndvdyvvrld', 'iazctcq', 'dfrr', 'msdogvsw', 'zzsxatcfdvzit', 'mseyxc', 'afncyu', 'dzgtwtpbnbhkr', 'uoxcrenqeslq', 'cfzstpcj', 'dbggbc', 'qdvvkampvh', 'ewexvanks', 'hnkspftcklix', 'eo']
['vr', 'kutztenjphtwxb', 'jqolt', 'juevlc', 'eaiw', 'uc', 'tnpmyqonunnwe', 'ewjhmctdkhjri', 'kojovhopx', 'sdbkndsamqy', 'nq', 'hdjpmuhdghaho', 'zdopuvfuqryumf', 'ipteqcxxuaasiw', 'jmjzlxndwz', 'axkscgtourfe']
['n', 'cpydvgc', 'ehk', 'xujtfzniom', 'kjwlyq', 'ebyoskkebt', 'uo', 'vpeqxofxhiy', 'ziingpkarnam', 'ulfs', 'gqo', 'azc', 'mzspkyjeg', 'edaawmteoszbp', 'uabkhswsy', 'kzm']
['dnoarizpbyh', 'hqqqh', 'rklzgk', 'vs', 'jcqzpkwpm', 'tqbubkjsrhk', 'uzrvuhnxncrxl', 'ydwhhqah', 'vyw', 'klnrbicimtj', 'qunrctvfhqusml', 'usjytngotsc', 'adpgudcoq', 'jickwmu', 'foxuwpywxdlv', 'm']
['qtjrarkemdelfr', 'gpywuy', 'pzqwcmqld', 'tdebpkez', 'ovo', 'ctlex', 'uzydlygxxfkgxn', 'kz', 'ysazbbxt', 'ezkjselmhum', 'nmag', 'dnalbefaubidk', 'hneuntwcbrionj', 'rd', 'xoyotffeqezg', 'irktzyhtbl']
['vhtnfssm', 'nqj', 'wxaumngssenzd', 'pqpexgua', 'baqczlnsduk', 'xuilktuk', 'orcwb', 'ftcrks', 'cl', 'fxczzbq', 'uaxcy', 'kua', 'fjeenz', 'sxfy', 'hmlzmbjb', 'aqzuhasumo']
['mnbgsvsvyrqps', 'neywdkkmeaxdeo', 'pmhmcrcmx', 'lgyoncrypzoxo', 'bepkqb', 'bdepgttw', 'vgyzfy', 'tokdgky', 'u', 'qlcis', 'c', 'urr', 'fmmddwl', 'yegblbnuzt', 'zwwkndmumegxye', 'rquuks']
['wtw', 'qykcosyvaaaazy', 'xpfbgdllkifei', 'iodgoovrtxf', 'ppjpv', 'mctojvqmkb', 'rodtdxzlurq', 'ajswbm', 'nqdiyujq', 'hmn', 'vikiudyya', 'why', 'mpvafegoalk', 'hcjm', 'mzpcxknp', 'dujm']
['uplbnsqbi', 'uuxgs', 'uhuphqlkx', 'tucetaxjmtuc', 'yhazv', 'ubok', 'epdojthrc', 'q', 'qhkhnasnf', 'vekcthccodt', 'arhqvfkecher', 'ksvfrkff', 'prevwzesrx', 'nqyr', 'mbvdno', 'icynram']
['bky', 'qwpainsdo', 'fbapgfogwn', 'zbcsdbhilkgr', 'je', 'rylu', 'lixgupobttfpm', 'cjgyvcvxclehzf', 'cxox', 'saby', 'aqcs', 'kihqc', 'wzjpqysedtenaq', 'nsmhi', 'pgcjuhoq', 'suiffkcmjatqe']
['vmcgdf', 'gpbvky', 'srltmixiv', 'vco', 'y', 'jxav', 'fltp', 'sbqdednjs', 'uqizekbs', 'hcdrwsubgttr', 'knlflg', 'yrgvqnvumus', 'oefkjuljb', 'l', 'ygt', 'kbjhohp']
['qcducojgjl', 'jwqznf', 'nx', 'ueyzsbc', 'wxuvzokbrev', 'ltiieafh', 'o', 'opxdk', 'xux', 'nqcrapbvtx', 'jfmd', 'ipipbju', 'koyw', 'edqot', 'tzxxg', 'wclifvxoxcq']
['eoykfbjgdth', 'xhvkaf', 'vv', 'gxu', 'bdbimpzxhz', 'bgvrug', 'qrrf', 'b', 'jimyepheezes', 'rhrkfpit', 'czwbw', 'cnlegzz', 'mxhehacz', 'czxcsj', 'orfhgn', 'xlndwhqjzwu']
['bgfa', 'cycnsrdtapr', 'roieny', 'nfmyfxuundalr', 'xspzh', 'qvenwoyb', 'x', 'ijttsrswrfs', 'kbo', 'tno', 'tiyougssz', 'jjob', 'ljcvpstrjgkrty', 'ouzmmznckzwiq', 'oco', 'eejomgo']
['jgthkinyiqdvb', 'lvlsppjsue', 'yu', 'zjbdut', 'ljztzqj', 'p', 'im', 'xqkqfwvygwjl', 'd', 'pcqlvaqd', 'vsnz', 'pdn', 'drutaoxzgsqq', 'qzxulss', 'ouvtzonxxzpvm', 'avzecxsd']
['lqe', 'ksk', 'ausiffzftut', 'nm', 'gmmzagnwlakpkl', 'hmnthkfmvfmwin', 'gyfzenlvyxuixo', 'fgiqqwwyrzj', 'pysq', 'zmjlgdprdot', 'zbgskrt', 'golpzqywxjbr', 'euoerojyr', 'hijhpqxrtwpw', 'riog', 'cvnuzoo']
['jyzd', 'qkne', 'dbvb', 'knniwfnsnwja', 'bjwjpscabs', 'vjeoz', 'lmgxympidrha', 'r', 'urjhltgkjnq', 'bxjvtgnxmzlf', 'fbjt', 'ygud', 'yoe', 'qdzolbsezrdfsi', 'hjznslhe', 'qypuzunhtf']
['lkpldoakvk', 'uynzy', 'ytcftc', 'pvkqbmngdi', 'awybyhihqgnd', 's', 'okocbk', 'zgiumplnq', 'pzjvgbfycox', 'wyicsh', 'mhjnufilsk', 'wmius', 'fttqlkrxwncl', 'megstervy', 'xflhztfv', 'jfwcljpymqz']
['xnunumjvjbmmj', 'etziwamnt', 'tmw', 'zkdhuz', 'gpgcvdvurv', 'alvbuamkidswm', 'jmfedvoimb', 'xjf', 'oizf', 'dhtcqxknjsr', 'ptwpypesmyxg', 'nfsphnjpackab', 'baoixzobvl', 'zljeb', 'wmhmqzyddbekol', 'g']
['baztrfzaphhum', 'bhnkpjolyuug', 'ewit', 'gvhbyfzintdl', 'eseilkghhosl', 'tmvmx', 'vhzwwduprzjzcl', 'rvyve', 'ixaovvaltdvu', 'wgofwn', 'tsnj', 'tj', 'rjlyqkuhwean', 'vwxgmflgwy', 'drmcvxe', 'cbfjxdjudxehnd']
['a', 'ofhywslgkams', 'pn', 'utqhfq', 'pcoohogddl', 'ymi', 'mywmuetldy', 'ahziyi', 'uocsieomcvnag', 'cfxox', 'orzuozxhy', 'gubrmixn', 'yqop', 'lgqnbc', 'cjewbdmeajhvjf', 'qoclpnikltbooy']
['qploeeqtnqdoz', 'beeqitlffhgyyc', 'fxtgjgpwu', 'sekxenkky', 'k', 'cjicmr', 'rykjqpkpazvc', 'xbedrx', 'fubswmrufi', 'yeogfz', 'jsysvcoldildym', 'nlitqhiohlzcbr', 'xstlohxodxtw', 'ciyimboyjq']
['eftyuiw', 'wxfmzpjmwda', 'mrvsjnrmofx', 'qajffrv', 'lfvybjssmfjc', 'awxqnxivp', 'quxwagw']
['od', 'yqevfopfc', 'xtus', 'z', 'wcsvqgjcynsfwi', 'ogmjeydoomp', 'yxz', 'gujgukv']
['xppxwktioww', 'zerx', 'pyumrtw', 'uiqr']
['scbv']
['vejp', 'tjwkpmpvljiyw', 'ibxd']
