['483', '459', '458', '457', '456', '455', '454', '453', '452', '451', '450', '449', '448', '447', '446', '445', '444', '443', '442', '441', '439', '438', '437', '436', '435', '434', '433', '432', '431', '430', '429', '428', '427', '426', '425', '424', '423', '422', '421', '420', '417', '414', '413']
['482', '366', '365', '364', '363', '362', '361', '360', '359', '358', '357', '356', '355', '354', '351', '350', '349', '348', '347', '346', '345', '344', '343', '342', '341', '340', '339', '338', '337', '335', '334', '333', '332', '329', '328', '327', '326', '324', '322', '321', '320', '319', '318']
['481', '376', '325', '323', '317', '316', '315', '314', '313', '312', '311', '310', '307', '306', '304', '303', '301', '300', '299', '298', '297', '296', '294', '293', '292', '290', '289', '288', '285', '284', '283', '282', '281', '280', '279', '277', '276', '275', '274', '273', '272', '271', '270']
['480', '415', '412', '411', '410', '409', '408', '407', '406', '405', '404', '403', '402', '401', '400', '399', '398', '395', '394', '393', '392', '391', '390', '389', '388', '387', '386', '385', '384', '383', '382', '381', '380', '379', '378', '377', '373', '372', '371', '370', '369', '368', '367']
['479', '305', '302', '295', '291', '278', '269', '268', '267', '263', '261', '260', '259', '258', '257', '256', '255', '254', '252', '251', '250', '249', '248', '247', '246', '245', '244', '241', '240', '239', '238', '237', '236', '235', '234', '233', '231', '230', '229', '228', '227', '226', '225']
['478', '87', '86', '85', '84', '83', '82', '81', '80', '79', '78', '77', '76', '75', '74', '52', '51', '50', '49', '43', '42', '41', '40', '39', '38', '37', '36', '35', '34', '32', '27', '24', '22', '18', '17', '16', '15', '13', '12', '11', '10', '9', '7']
['477', '135', '72', '70', '68', '67', '30', '266', '66', '45', '31', '28', '25', '71', '48', '46', '23', '375', '353', '133', '73', '26', '220', '44', '309', '287', '29', '134', '69', '47', '265', '177', '132', '264', '176', '221', '308', '286', '374', '352']
['476', '33', '462']
['475']
['474', '460', '253', '224', '223', '175', '174', '172', '171', '170', '169', '168', '167', '166', '165', '164', '163', '162', '161', '160', '159', '158', '157', '153', '152', '151', '150', '149', '148', '147', '146', '145', '144', '143', '142', '141', '140', '139', '138', '137', '136', '131', '130']
['473']
['472', '416', '397', '396']
['471']
['470', '218', '217', '216', '215', '214', '213', '212', '211', '210', '209', '208', '207', '206', '205', '204', '203', '202', '201', '200', '128', '127', '126', '125', '124', '122', '121', '120', '119', '118', '117', '116', '115', '114', '109', '108', '107', '106', '105', '104', '103', '102', '101']
['469', '2', '1', '14', '8', '4', '0', '21', '20', '5', '3', '19', '243', '242']
['468', '154', '331', '155', '330', '418']
['467', '262', '129', '123', '98', '111', '222', '419', '88', '92', '91', '113', '110', '112', '90']
['466', '156']
['465', '336', '219', '6', '198', '199']
['464', '232']
['463', '197', '196', '195', '194', '193', '192', '191', '190', '189', '188', '187', '186', '185', '184', '183', '182', '181', '180', '179', '178', '173', '100', '99', '97', '96', '95', '94', '93', '89', '65', '64', '63', '62', '61', '60', '59', '58', '57', '56', '55', '54', '53']
['461', '440']
