['149', '302', '188', '76', '123', '20', '405', '499', '484', '406', '147', '307', '34', '98', '68', '309', '318', '362', '8', '308', '306', '354', '29', '152', '268', '96', '215', '100', '38', '319', '277', '217', '422', '25', '99', '300', '337', '116', '363', '272', '310', '39', '479', '384', '173', '336', '285', '478', '184', '448', '86', '483', '172', '216', '305', '9', '16', '95', '347', '64', '167', '253', '394', '35', '198', '393', '447', '271', '491', '468', '220', '395', '113', '257', '163', '470', '295', '488', '187', '320', '214', '164', '157', '134', '408', '274', '391', '226', '331', '169', '219', '304', '262', '267', '40', '423', '179', '458', '248', '33', '492', '266', '303', '480', '124', '203', '90', '229', '241', '381', '94', '128', '446', '265', '110', '420', '42', '242', '245', '24', '316', '489', '398', '409', '186', '53', '49', '129', '41', '88', '121', '382', '284', '218', '236', '325', '471', '313', '457', '294', '386', '194', '414', '162', '12', '111', '366', '31', '131', '244', '315', '444', '102', '247', '396', '399', '69', '238', '207', '326', '14', '243', '208', '222', '260', '77', '193', '379', '18', '269', '170', '239', '498', '78', '101', '47', '81', '51', '204', '441', '180', '212', '155', '156', '67', '175', '261', '330', '451', '473', '75', '32', '63', '192', '380', '165', '314', '106', '292', '286', '182', '431', '493', '240', '329', '137', '52', '127', '65', '130', '273', '358', '115', '356', '183', '54', '351', '141', '249', '10', '70', '148', '430', '190', '424', '298']
['387', '432', '73', '389', '233', '290', '465', '296', '195', '327', '378', '3', '30', '417', '84', '11', '343', '6', '429', '293', '61', '426', '481', '279', '221', '454', '485', '462', '223', '200', '425', '58', '464', '275', '412', '346', '367', '442', '477', '140', '401', '428', '497', '109', '176', '357', '108', '435', '427', '44', '209', '355', '1', '80', '161', '476', '232', '107', '411', '452', '390', '145', '237', '291', '436', '7', '227', '22', '373', '383', '158', '349', '37', '79', '166', '364', '461', '154', '360', '323', '333', '421', '449', '118', '459', '402', '312', '496', '26', '89', '59', '250', '475', '352', '150', '185', '297']
['433', '453', '301', '251', '46', '202', '361', '407', '171', '270', '374', '83', '136']
['345']
['112']
['174']
['259']
['104']
['48']
['234']
['289']
['85']
['335']
['93']
['74']
['213']
['376']
['144']
['339']
['4']
['400']
['456']
['418']
['66']
['443']
['350']
['467']
['365']
['416']
['27']
['230']
['45']
['369']
['437']
['87']
['276']
['224']
['28']
['235']
['482']
['211']
['114']
['472']
['105']
['353']
['388']
['344']
['23']
['91']
['322']
['377']
['151']
['317']
['439']
['122']
['494']
['72']
['178']
['92', '57', '142', '324', '332']
['340', '60', '246', '21', '125', '168', '205', '434']
['280']
['254', '5', '288', '372', '440', '450', '56', '255']
['334']
['368']
['413', '210', '2', '197', '264', '415']
['404']
['19', '225', '231']
['143']
['469']
['50']
['455', '460', '36', '311', '419', '466', '490', '191']
['410', '370', '120', '181', '281', '375', '486', '206']
['256']
['15', '287', '321', '385', '438']
['17']
['62']
['487']
['126']
['71']
['153']
['201']
['283']
['342']
['135', '474', '82', '338', '495', '117', '299']
['282', '278', '359', '445', '103', '348']
['403']
['258', '132', '189', '55', '328', '341', '397', '159']
['13']
['119']
['139']
['199']
['252']
['97', '177']
['133']
['160']
['196', '463', '0', '138', '146', '228']
['263']
['371']
['392', '43']
