['439', '380', '427', '400', '445', '398', '391', '397', '410', '382', '443', '392', '395', '435', '451', '450', '455', '456', '387', '390', '441', '421', '448', '432', '424', '423', '433', '399', '405', '385']
['428', '447', '422', '426', '414', '434', '438', '419', '431', '454', '383', '388', '402', '401', '442', '394', '436', '453', '420', '416', '452', '458', '429', '393', '418', '425', '389', '218', '208', '220']
['457', '340', '221', '244', '11', '214', '315', '375', '195', '232', '46', '205', '282', '324', '366', '187', '210', '211', '222', '236', '52', '160', '199', '247', '251', '259', '275', '294', '360', '372']
['446', '41', '47', '99', '254', '256', '271', '322', '330', '336', '349', '354', '364', '367', '151', '188', '219', '267', '332', '338', '6', '33', '36', '74', '110', '118', '143', '184', '192', '257']
['384', '72', '116', '265', '276', '334', '342', '348', '111', '165', '216', '239', '260', '263', '325', '345', '81', '96', '133', '156', '175', '185', '204', '209', '217', '284', '314', '318', '347', '368']
['412', '376', '8', '40', '95', '121', '177', '180', '227', '230', '233', '278', '283', '304', '311', '320', '341', '371', '80', '86', '101', '117', '129', '183', '225', '241', '273', '285', '290', '293']
['437', '302', '308', '346', '361', '370', '378', '0', '12', '82', '119', '120', '223', '234', '238', '264', '269', '310', '313', '350', '358', '359', '369', '4', '37', '44', '97', '107', '186', '242']
['444', '38', '63', '206', '212', '255', '280', '287', '309', '312', '317', '323', '333', '373', '34', '39', '42', '45', '55', '61', '70', '85', '159', '173', '174', '179', '194', '196', '200', '245']
['459', '279', '299', '305', '331', '351', '365', '7', '9', '26', '35', '58', '73', '77', '98', '191', '203', '215', '231', '288', '291', '300', '303', '321', '327', '352', '377', '1', '2', '5']
['403', '10', '68', '75', '87', '106', '114', '125', '158', '163', '193', '243', '252', '270', '277', '298', '306', '337', '355', '356', '28', '43', '59', '76', '79', '124', '248', '274', '297', '379']
['440', '15', '16', '18', '23', '92', '316', '21', '27', '60', '65', '93', '104', '109', '112', '137', '142', '155', '157', '170', '176', '178', '197', '201', '235', '253', '319', '335', '344', '30']
['417', '249', '14', '71', '108', '122', '213', '228', '229', '258', '262', '268', '272', '281', '343', '353', '19', '69', '148', '153', '161', '169', '171', '189', '198', '202', '240', '250', '286', '301']
['409', '84', '94', '100', '141', '54', '66', '115', '168', '172', '182', '190', '207', '224', '246', '261', '339', '357', '25', '83', '113', '237', '295', '329', '3', '13', '49', '67', '88', '127']
['430', '164', '181', '226', '374', '17', '50', '57', '64', '102', '128', '140', '144', '167', '296', '326', '126', '131', '146', '362', '20', '53', '154', '29', '132', '150', '292', '307', '48', '103']
['408', '147', '162', '289', '149', '90', '135', '152', '363', '31', '91', '24', '51', '139', '328', '22', '56', '266', '130', '138', '145', '32', '62', '134', '136', '469', '474', '476', '478', '479']
['386', '89', '481', '493', '488', '462', '463', '465', '468', '470', '486', '496', '466', '471', '473', '477', '489', '495', '498', '499']
['415', '475', '497', '494']
['404']
['381', '483']
['411', '166', '105', '123', '78', '464', '460', '461', '480', '491', '492', '485']
['407', '490', '472']
['406', '467']
['449']
['396', '482']
['413', '484', '487']
