['120', '88', '172', '268', '119', '229', '267', '282', '304', '306']
['107', '289', '341', '60', '112', '226', '234', '245', '294', '316']
['143', '133', '210', '296', '22', '80', '231', '349', '358', '382']
['191', '240', '248', '295', '338', '399', '48', '64', '94', '128']
['236', '266', '373', '171', '317', '104', '144', '198', '219', '337']
['179', '66', '299', '393', '29', '79', '105', '157', '161', '351']
['328', '58', '75', '389', '381', '90', '147', '225', '243', '260']
['142', '217', '375', '42', '12', '392', '200', '255', '259', '356']
['190', '325', '384', '215', '8', '41', '213', '224', '246', '300']
['232', '70', '186', '196', '228', '284', '297', '344', '365', '374']
['348', '125', '258', '281', '363', '102', '131', '202', '275', '332']
['380', '74', '162', '366', '390', '113', '221', '398', '10', '16']
['15', '9', '212', '92', '156', '254', '95', '118', '141', '183']
['130', '25', '237', '353', '371', '391', '24', '35', '122', '129']
['145', '2', '302', '55', '385', '388', '121', '150', '178', '261']
['177', '109', '56', '244', '250', '252', '134', '283', '378', '396']
['209', '253', '361', '110', '164', '323', '38', '167', '214', '269']
['313', '54', '26', '44', '99', '272', '315', '360', '39', '151']
['32', '321', '81', '114', '153', '205', '278', '280', '364', '368']
['43', '97', '257', '347', '359', '11', '23', '71', '168', '175']
['195', '158', '335', '78', '117', '208', '301', '352', '367', '52']
['265', '166', '334', '5', '160', '174', '324', '394', '197', '247']
['277']
['20', '139', '305', '369', '72', '241', '40', '291', '354', '51']
['30', '106', '182', '84', '163', '298', '193', '207', '314']
['103', '336', '96', '37', '386', '322']
['116', '149', '383', '326', '59', '170', '312', '319', '362', '28']
['123', '19', '159', '62', '98', '264', '230', '251', '309', '61']
['140', '91', '86', '165']
['154']
['222', '249', '320', '83', '242']
['238', '276', '397', '330']
['308', '194', '218']
['343', '176', '307', '239']
['370']
['377', '73', '379', '233', '152', '285', '185', '69', '101']
['4']
['7', '262', '318', '89', '387', '108', '286', '0']
['14', '137', '340']
['21']
['115', '310', '235', '256', '63', '227', '148', '192', '303', '189']
['132', '339']
['146', '155']
['169', '76']
['181', '124', '111', '67']
['279', '216']
['290', '288', '50', '77']
['293']
['333', '204']
['345', '138', '126']
['395', '199']
['3', '33', '127']
['6', '327']
['18']
['31']
['36']
['45']
['49']
['57']
['87']
['93']
['100', '220']
['135']
['173']
['180']
['187']
['188']
['201']
['203']
['211']
['223']
['274']
['287', '13']
['292']
['311', '263']
['329']
['331']
['342']
['355']
['376']
['17']
['47']
['53']
['65']
['68']
['85']
['136']
['184']
['206']
['270']
['273']
['346']
['350']
['357']
['372']
['1']
['27']
['34', '271']
['46']
['82']
