['72', '29', '144', '158', '269', '302', '372', '423', '442', '448', '10', '46', '50', '101', '131', '138', '141', '143', '151', '152']
['83', '329', '455', '63', '88', '194', '197', '250', '285', '375', '418', '445', '489', '491', '49', '102', '110', '200', '219', '249']
['286', '150', '156', '37', '180', '366', '399', '58', '142', '268', '284', '341', '376', '12', '28', '36', '135', '153', '258', '303']
['312', '87', '271', '211', '347', '16', '147', '166', '171', '189', '232', '237', '270', '276', '306', '313', '335', '482', '78', '139']
['13', '367', '95', '121', '204', '443', '74', '283', '326', '371', '499', '17', '61', '162', '199', '277', '340', '349', '354', '14']
['18', '252', '104', '264', '411', '433', '434', '100', '228', '289', '388', '486', '97', '195', '254', '260', '274', '353', '476', '25']
['217', '234', '248', '336', '355', '157', '350', '406', '490', '35', '62', '117', '118', '119', '145', '183', '185', '223', '229', '239']
['319', '275', '89', '9', '106', '309', '365', '325', '359', '368', '393', '414', '483', '2', '272', '323', '377', '383', '394', '478']
['403', '288', '188', '304', '430', '57', '126', '262', '404', '453', '20', '42', '54', '60', '64', '75', '99', '103', '177', '246']
['456', '41', '292', '154', '179', '208', '278', '481', '308', '386', '425', '243', '332', '342', '382', '395', '397', '432', '438', '39']
['494', '230', '140', '461', '105', '202', '316', '400', '15', '122', '225', '488', '3', '68', '164', '193', '215', '216', '221', '241']
['24', '496', '213', '91', '123', '168', '267', '398', '40', '281', '370', '405', '467', '331', '436', '66', '244', '280', '428', '452']
['44', '169', '259', '363', '5', '257', '344', '69', '231', '374', '392', '424', '454', '82', '227', '273', '315', '337', '391', '407']
['120', '242', '212', '187', '222', '294', '324', '346', '497', '70', '129', '155', '160', '440', '441', '450', '451', '485', '493', '111']
['124', '65', '109', '396', '437', '385', '148', '247', '320', '459', '32', '34', '47', '55', '191', '266', '293', '299', '300', '473']
['132', '251', '263', '282', '439', '167', '322', '362', '472', '498', '176', '417', '475', '175', '358', '379', '426', '4', '92', '297']
['196', '19', '159', '240', '76', '84', '333', '449', '112', '163', '165', '328', '21', '30', '52', '130', '149', '184', '233', '305']
['235', '462', '125', '134', '178', '447', '495', '33', '172', '296', '1']
['245', '182', '127', '471', '410', '114', '31', '351', '85', '170', '330', '429']
['261', '94', '115', '116', '364', '466', '470', '253', '416', '446', '487', '59', '327', '352', '6', '48', '96', '146', '192', '356']
['310', '408', '8', '373', '384', '479', '307', '431', '51', '107', '136', '412', '22', '318', '389']
['463', '468', '401', '226', '214', '421', '422', '477', '67', '369']
['465', '427', '80', '238']
['23', '474', '378', '137', '291', '458', '345', '415', '301']
['73', '81', '295', '314', '338', '420', '79']
['128', '339', '108', '201', '255', '402', '413', '460']
['174', '26', '56', '419', '290']
['210', '298', '11']
['279']
['317', '190', '435', '203', '256', '360', '361', '45', '53']
['357']
['380', '381', '311', '86', '348']
['457', '38']
['464', '224', '343']
['469', '287', '77']
['492']
['0', '321', '480', '186', '484']
['7', '390', '198', '265']
['27', '444', '334', '236']
['43']
['71', '98']
['90']
['93']
['133', '113', '207']
['161', '409']
['173']
['181', '205']
['206', '387', '220']
['209']
['218']
