['1', '86', '162', '222', '3', '29', '50', '68', '69', '90', '92', '123', '134', '159', '175', '183', '192', '233', '237', '238', '255', '274', '281', '5', '7']
['278', '161', '17', '20', '23', '44', '54', '56', '57', '62', '63', '66', '84', '88', '110', '115', '117', '124', '130', '132', '141', '144', '169', '172', '174']
['140', '211', '133', '30', '45', '179', '180', '208', '216', '229', '256', '288', '297', '8', '16', '21', '34', '38', '39', '46', '83', '99', '103', '112', '113']
['187', '91', '116', '204', '241', '291', '26', '31', '67', '126', '148', '160', '165', '202', '270', '277', '279', '37', '48', '55', '74', '80', '81', '106', '108']
['275', '185', '235', '294', '41', '12', '18', '137', '181', '188', '197', '296', '24', '61', '70', '118', '135', '246', '266', '271', '280', '13', '25', '93', '96']
['51', '33', '43', '225', '298', '27', '167', '215', '143', '236', '22', '87', '98', '120', '121', '125', '138', '146', '153', '170', '178', '186', '190', '193', '209']
['212', '101', '35', '150', '234', '243', '32', '142', '267', '136', '163', '184', '191', '231', '248', '250', '252', '257', '262', '268', '284', '9', '19', '47', '59']
['220', '14', '276', '11', '157', '176', '77', '79', '82', '85', '97', '105', '107', '114', '152', '164', '166', '173', '194', '205', '218', '240', '251', '263', '273']
['223', '207', '292', '36', '232', '73', '195', '287', '2', '53', '95', '199', '247', '282', '6', '49', '52', '58', '64', '65', '104', '145', '149', '200', '206']
['244', '258', '196', '210', '283', '227', '239', '242', '245', '111', '128', '221', '260', '78', '272', '228']
['290', '71', '122']
['76', '127', '203', '269', '155', '158', '189', '295', '300']
['100', '201', '119', '171', '213', '40', '219', '261', '265', '285', '15', '102', '198']
['147', '28', '253']
['177', '217', '214', '94', '72', '129', '264']
['224', '293', '226', '10', '89']
['286', '151', '182', '249', '168']
['289', '4', '131', '154', '42', '259']
['60', '139', '109', '254', '299']
['75', '156', '230']
