['0', '31', '34', '39', '41', '45', '48', '49', '52', '56', '57', '58', '60', '63', '65', '66', '67', '69']
['1', '36', '46', '78', '81', '83', '87', '88', '90', '94', '97', '100', '102', '103', '104', '106', '107', '112']
['2', '115', '116', '119', '120', '122', '123', '127', '128', '130', '134', '142', '145', '149', '150', '153', '155', '156']
['3', '30', '59', '76', '110', '158', '160', '164', '166', '173', '174', '175', '178', '179', '180', '181', '182', '183']
['4', '32', '35', '72', '80', '124', '137', '141', '157', '184', '186', '192', '193', '194', '195', '196', '197', '199']
['5', '82', '99', '117', '135', '171', '202', '203', '204', '207', '208', '209', '210', '211', '215', '216', '222', '223']
['7', '62', '64', '79', '98', '105', '111', '146', '201', '219', '224', '228', '229', '232', '233', '235', '243', '244']
['8', '26', '33', '61', '148', '163', '172', '226', '231', '248', '251', '253', '255', '256', '258', '259', '261', '265']
['9', '25', '38', '42', '53', '75', '95', '109', '126', '151', '198', '262', '266', '267', '269', '270', '271', '272']
['10', '28', '54', '55', '89', '101', '118', '125', '131', '170', '176', '230', '274', '275', '277', '279', '280', '281']
['11', '132', '147', '152', '159', '185', '190', '263', '268', '287', '288', '291', '293', '295', '296', '297', '298', '301']
['12', '213', '273', '294', '302', '303', '305', '306', '309', '310', '312', '313', '6', '40', '136', '144', '290', '292']
['13', '50', '68', '70', '114', '140', '143', '206', '214', '247', '252', '276', '289']
['14', '227', '234', '246', '286', '299', '304', '308']
['15', '37', '108', '113', '154', '165', '169', '187', '205', '236', '242', '260', '264']
['16', '188', '189', '212', '239', '245', '283']
['17', '73', '74', '77', '84', '129', '133', '161', '162', '200', '218', '238', '300']
['18', '43', '91', '138', '139', '167', '168', '220', '221', '240', '254', '278', '285']
['19']
['20']
['21', '282', '311']
['22', '24', '27', '44', '92', '96', '121', '177', '217', '225', '237', '249', '250']
['23', '29', '47', '51', '71', '85', '86', '93', '191', '241', '257', '284', '307']
