['450', '448', '459', '130', '152', '195', '367', '96', '183', '208', '325', '362', '400', '473', '89', '112', '125', '126', '131', '148', '228', '334', '421', '435', '481', '128', '145', '153', '197', '245', '255', '273', '274', '323', '377', '427', '451', '482', '12', '31', '56', '123', '176', '179', '201', '211', '220', '233', '256', '266', '282', '286', '308', '335', '346', '348', '363', '408', '422', '442', '489', '19', '34', '42', '49', '54', '64', '71', '79', '95', '106', '169', '235', '242', '248', '269', '284', '296', '316', '328', '332', '392', '29', '32', '62', '66', '75', '129', '142', '172', '182', '190', '204', '207', '300', '358', '360', '395', '398', '412', '417', '429', '437', '445', '468', '4', '17', '27', '37', '48', '80', '99', '107', '110', '143', '194', '196', '218', '222', '261', '307', '340', '359', '370', '380', '391', '419', '449', '471', '8', '72', '132', '159', '181', '202', '215', '247', '251', '272', '290', '313', '353', '390', '403', '415', '425', '432', '438', '457', '462', '474', '30']
['494', '234', '278', '302', '483', '177', '299', '498', '237', '329', '326', '409', '63', '275', '374', '25', '81', '104', '198', '361', '480', '133', '141', '244', '267', '396', '407', '411', '466', '492', '495', '497', '61', '70', '73', '83', '93', '98', '115', '124', '155', '200', '253', '270', '283', '294', '321', '336', '369', '373', '418', '452', '14', '68', '74', '97', '231', '240', '279', '338', '342', '356', '416', '428', '434', '443', '444', '454', '485', '488', '490', '491', '0', '13', '35', '58', '77', '82', '85', '122', '156', '161', '170', '187', '224', '241', '250', '263', '280', '311', '319', '339', '351', '426', '458', '461', '484', '375', '439', '446', '447', '22', '24', '47', '86', '88', '100', '121', '139', '144', '151', '174', '239', '268', '276', '295', '350', '364', '371', '413', '386', '456', '464', '2', '7', '146', '158', '191', '298']
['60', '467', '287', '53', '168', '291', '389', '160', '236', '383', '399', '463', '465', '243', '281', '285', '293', '352', '365', '410', '486', '246', '405', '478', '92', '94', '136', '188', '394', '65', '108', '252', '258', '330', '337', '344', '382', '402', '493', '41', '45', '91', '184', '238', '345', '385', '388', '44', '109', '127', '157', '171', '178', '192', '292', '301', '306', '324', '379', '420', '6', '51', '119', '214', '225', '297', '312', '331', '376', '430', '479', '487', '1', '5', '18', '20', '38', '39', '52', '55', '69', '232', '249', '257', '265', '347', '349', '387', '423', '440', '33', '78', '147', '164', '341', '406', '460', '15', '26', '116', '213', '230', '277', '317', '431', '90', '101', '262', '50', '162', '212']
['264', '499']
['354', '355', '393', '28', '206', '368', '114', '3']
['433', '9', '135', '223', '57', '59', '113', '343', '137', '150', '193', '203', '205', '120', '309', '469', '333', '472', '10']
['11', '199', '36', '185', '166', '21', '381', '424', '40', '46', '154', '414', '167', '186', '441', '43']
['134', '87']
['318', '305', '314', '76', '310', '138']
['84', '226', '227', '219', '229', '436', '23', '221', '118']
['105', '476', '470', '366', '477', '378', '384', '209', '260', '117', '173', '475']
['175', '372', '165', '140']
['216']
['254', '496', '322', '320', '327', '163', '16']
['288', '180', '303', '453', '455']
['289', '67', '217']
['357', '259', '111']
['103']
['189', '404', '401', '102']
['210', '397', '149']
['271', '315']
['304']
