['Amber', 'Mary', 'Danielle', 'Gabrielle', 'Jordan', 'Brooke', 'Michelle', 'Sierra', 'Katelyn', 'Caroline']
['Madeline', 'Sara', 'Kimberly', 'Courtney', 'Erin', 'Andrea', 'Brittany', 'Vanessa', 'Jacqueline', 'Jenna']
['Faith', 'Makayla', 'Bailey', 'Paige', 'Shelby', 'Melissa', 'Kaylee', 'Christina', 'Trinity', 'Laura']
['Mariah', 'Autumn', 'Marissa', 'Angela', 'Breanna', 'Caitlin', 'Catherine', 'Zoe', 'Briana', 'Jada']
['Claire', 'Alexa', 'Kelsey', 'Kathryn', 'Leslie', 'Alexandria', 'Sabrina', 'Mia', 'Isabel', 'Diana']
['Leah', 'Katie', 'Gabriella', 'Cheyenne', 'Cassandra', 'Molly', 'Tiffany', 'Erica', 'Lindsey', 'Kylie']
['Amy', 'Cassidy', 'Mikayla', 'Ariana', 'Margaret', 'Kelly', 'Miranda', 'Maya', 'Melanie', 'Heather']
['Jade', 'Gabriela', 'Caitlyn', 'Angel', 'Jillian', 'Audrey', 'Alicia', 'Jocelyn', 'Erika', 'Lily']
['Madelyn', 'Adriana', 'Arianna', 'Lillian', 'Kiara', 'Riley', 'Crystal', 'Mckenzie', 'Meghan', 'Summer']
['Ana', 'Britney', 'Angelica', 'Kennedy', 'Chelsea', 'Skylar', 'Daisy', 'Kristen', 'Veronica', 'Isabelle']
['Hope', 'Brittney', 'Lydia', 'Hayley', 'Evelyn', 'Bethany', 'Shannon', 'Michaela', 'Karen', 'Alexia']
['Daniela', 'Angelina', 'Kaitlin', 'Karina', 'Sophie', 'Jamie', 'Sofia', 'Diamond', 'Payton', 'Cynthia']
['Valerie', 'Monica', 'Peyton', 'Carly', 'Bianca', 'Hanna', 'Brenda', 'Rebekah', 'Alejandra', 'Naomi']
['Avery', 'Brooklyn', 'Ashlyn', 'Lindsay', 'Ava', 'Mya', 'Desiree', 'Alondra', 'Camryn', 'Ariel']
['Jordyn', 'Kendra', 'Mckenna', 'Holly', 'Julie', 'Kendall', 'Kara', 'Jasmin', 'Selena', 'Abby']
['Amaya', 'Kylee', 'Maggie', 'Makenzie', 'Claudia', 'Esmeralda', 'Cameron', 'Kyra', 'Karla', 'Kathleen']
['Delaney', 'Amelia', 'Casey', 'Serena', 'Savanna', 'Aaliyah', 'Giselle', 'Mallory', 'April', 'Kate']
['Raven', 'Christine', 'Kristina', 'Asia', 'Nina', 'Adrianna', 'Natalia', 'Valeria', 'Aubrey', 'Lauryn']
['Jazmin', 'Patricia', 'Rachael', 'Katelynn', 'Cierra', 'Alison', 'Macy', 'Nancy', 'Elena', 'Sadie']
['Katrina', 'Jazmine', 'Joanna', 'Tara', 'Gianna', 'Kyla', 'Juliana', 'Fatima', 'Allyson', 'Gracie']
['Guadalupe', 'Genesis', 'Yesenia', 'Julianna', 'Skyler', 'Alexus', 'Tatiana', 'Alana', 'Elise', 'Ella']
['Nadia', 'Sandra', 'Dominique', 'Haylee', 'Ruby', 'Kirsten', 'Jayla', 'Tori', 'Cindy', 'Sidney']
['Tessa', 'Carolina', 'Jaqueline', 'Camille', 'Whitney', 'Carmen', 'Vivian', 'Bridget', 'Priscilla', 'Mercedes']
['Kiana', 'Makenna', 'Alissa', 'Madeleine', 'Natasha', 'Celeste', 'Miriam', 'Ciara', 'Cecilia', 'Kassandra']
['Reagan', 'Aliyah', 'Josephine', 'Charlotte', 'Rylee', 'Shania', 'Kira', 'Meredith', 'Eva', 'Deanna']
['Lisa', 'Hallie', 'Anne', 'Rose', 'Liliana', 'Dakota', 'Kristin', 'Marisa', 'Imani', 'Kailey']
['Annie', 'Nia', 'Carolyn', 'Anastasia', 'Brenna', 'Dana', 'Shayla', 'Kassidy', 'Ashlee', 'Clarissa']
['Rosa', 'Wendy', 'Logan', 'Tabitha', 'Paola', 'Alaina', 'Callie', 'Addison', 'Lucy', 'Gillian']
['Destinee', 'Josie', 'Denise', 'Katlyn', 'Esther', 'Mariana', 'Bryanna', 'Emilee', 'Georgia', 'Krystal']
['Kamryn', 'Ashleigh', 'Cristina', 'Baylee', 'Heaven', 'Deja', 'Raquel', 'Monique', 'Teresa', 'Ruth']
['Helen', 'Tiana', 'Cassie', 'Kayleigh', 'Marina', 'Heidi', 'Ivy', 'Ashton', 'Clara', 'Anahi']
['Gina', 'Linda', 'Gloria', 'Jacquelyn', 'Ellie', 'Meagan', 'Jenny', 'Renee', 'Daniella', 'Lizbeth']
['Virginia', 'Gisselle', 'Kaitlynn', 'Julissa', 'Cheyanne', 'Lacey', 'Haleigh', 'Marie', 'Eleanor', 'Hailee']
['Kierra', 'Tiara', 'Talia', 'Kaylie', 'Mikaela', 'Martha', 'Eliza', 'Harley', 'Jaden', 'Madalyn']
['Kasey', 'Ashlynn', 'Brandi', 'Lesly', 'Elisabeth', 'Allie', 'Viviana', 'Cara', 'Marisol', 'Francesca']
['Litzy', 'Tatyana', 'Melody', 'Jessie', 'Brandy', 'India', 'Alisha', 'Hunter', 'Noelle', 'Carla']
['Tia', 'Layla', 'Krista', 'Zoey', 'Carley', 'Janet', 'Carissa', 'Iris', 'Kaleigh', 'Abbey']
['Theresa', 'Tamara', 'Yasmine', 'Tatum', 'Susan', 'Tyler', 'Sharon', 'Alice', 'Yasmin', 'Tamia']
['Alayna', 'Kali', 'Bailee', 'Lesley', 'Lilly', 'Mckayla', 'Ayanna', 'Serenity', 'Karissa', 'Annika']
['Maddison', 'Precious', 'Jayda', 'Kelsie', 'Lexi', 'Jane', 'Phoebe', 'Halle', 'Kiersten', 'Kiera']
['Felicity', 'Tyra', 'Taryn', 'Kaylin', 'Ellen', 'Kiley', 'Jaclyn', 'Rhiannon', 'Madisyn', 'Alina']
['Joy', 'Pamela', 'Tania', 'Charity', 'Fiona', 'Colleen', 'Alyson', 'Kaila', 'Annabelle', 'Emely']
['Angelique', 'Regan', 'Irene', 'Johanna', 'Janae', 'Janelle', 'Madyson', 'Justine', 'Paris', 'Larissa']
['Sasha', 'Paulina', 'Mayra', 'Zaria', 'Skye', 'Chelsey', 'Brisa', 'Cora', 'Emilie', 'Felicia']
['Tianna', 'Macie', 'Aurora', 'Sage', 'Lucia', 'Alma', 'Chasity', 'Ann', 'Nichole', 'Sylvia']
['Jayden', 'Alanna', 'Malia', 'Angie', 'Carlie', 'Deborah', 'Nora', 'Kailee', 'Carrie', 'Elaina']
['Sonia', 'Genevieve', 'Kenya', 'Piper', 'Marilyn', 'Amari', 'Macey', 'Marlene', 'Tayler', 'Devin']
['Julianne', 'Brooklynn', 'Lorena', 'Perla', 'Elisa', 'Barbara', 'Kaley', 'Leilani', 'Eden', 'Miracle']
['Aileen', 'Chyna', 'Athena', 'Esperanza', 'Regina', 'Adrienne', 'Shyanne', 'Luz', 'Tierra', 'Toni']
['Clare', 'Eliana', 'Kelli', 'Eve', 'Sydnee', 'Cristal', 'Madelynn', 'Breana', 'Melina', 'Arielle']
