['146', '49', '58', '73', '86', '93', '118', '127', '128', '151', '152', '208', '228', '265', '268', '286', '297', '298', '329', '331', '347', '362', '371', '372', '379', '386', '396', '1', '2', '6']
['28', '276', '16', '17', '21', '35', '36', '37', '46', '56', '63', '65', '78', '79', '80', '85', '88', '89', '91', '92', '99', '104', '109', '112', '114', '122', '131', '132', '134', '140']
['43', '42', '44', '126', '149', '150', '160', '161', '164', '166', '168', '172', '174', '179', '181', '187', '188', '191', '201', '202', '203', '204', '207', '216', '217', '218', '225', '226', '227', '231']
['52', '51', '53', '96', '236', '238', '245', '262', '273', '275', '280', '282', '293', '299', '300', '301', '303', '304', '305', '306', '307', '308', '309', '310', '324', '326', '337', '343', '345', '348']
['81', '30', '143', '31', '82', '339', '352', '358', '375', '392', '395', '3', '4', '5', '18', '19', '20', '22', '23', '24', '29', '32', '38', '39', '40', '48', '64', '83', '87', '94']
['101', '41', '102', '320', '385', '95', '97', '98', '100', '103', '111', '129', '135', '136', '141', '142', '145', '147', '148', '162', '163', '178', '182', '183', '184', '185', '186', '190', '210', '211']
['115', '70', '76', '378', '71', '72', '75', '77', '116', '117', '230', '232', '233', '234', '235', '246', '247', '248', '261', '263', '267', '269', '278', '279', '302', '311', '312', '327', '328', '338']
['120', '321', '13', '121', '250', '251', '252', '253', '254', '14', '15', '119', '221', '222', '223', '224', '344', '346', '357', '359', '360', '361', '376', '377', '381', '382', '387', '388', '393', '394']
['123', '355', '384', '124', '125', '332', '333', '397', '398', '399', '45', '47', '50', '57', '84', '110', '113', '130', '144', '167', '173', '180', '189', '209', '229', '249', '264', '270', '271', '277']
['156', '69', '157', '155', '272', '285', '364', '68', '158', '325', '356', '363', '365']
['240', '354', '241', '133', '239', '274', '353', '242', '243']
['295', '258', '259', '296', '170', '171', '294', '342', '373', '374', '169', '260']
['315', '314', '313', '316', '317', '318', '55', '206', '237', '319', '369', '370']
['322', '256', '59', '74', '257', '323', '60', '61', '105', '106', '107', '108', '351', '62', '255']
['367', '219', '390', '195', '196', '197', '198', '220', '350', '366', '368', '389', '54', '66', '90', '159', '165', '199', '212', '213', '349', '380', '391', '67', '194', '200', '214']
['0', '138', '137', '334', '335', '139', '336']
['9', '33', '8', '192', '193', '281', '7', '34']
['10', '289', '11', '12', '290', '383', '176', '177', '215', '244', '266', '288', '330', '340', '341', '287', '291', '292']
['25', '26', '205']
['27', '153', '154', '284', '175', '283']
