['439', '284', '301', '20', '21', '60', '86', '152', '304', '326', '416', '459', '478', '82', '172', '388', '19', '64', '104', '148', '210', '241', '261', '276', '280', '302', '305', '327', '367', '391']
['395', '214', '482', '306', '373', '36', '300', '457', '102', '106', '126', '279', '281', '347', '351', '415', '481', '63', '108', '131', '192', '240', '258', '285', '370', '410', '412', '456', '15', '33']
['238', '259', '153', '41', '349', '56', '105', '151', '215', '217', '411', '169', '193', '255', '368', '434', '436', '460', '150', '173', '190', '234', '295', '328', '348', '414', '430', '65', '81', '122']
['39', '18', '35', '321', '409', '479', '37', '211', '141', '144', '185', '232', '319', '322', '343', '346', '364', '390', '413', '435', '454', '455', '496', '100', '101', '125', '129', '143', '167', '188']
['43', '16', '14', '61', '262', '237', '128', '147', '324', '107', '109', '130', '307', '323', '372', '480', '99', '127', '282', '12', '32', '97', '195', '283', '362', '461', '477', '498', '499', '40']
['394', '218', '197', '260', '393', '303', '433', '10', '57', '187', '194', '196', '233', '428', '103', '209', '325', '407', '432', '495', '497', '31', '38', '58', '119', '121', '123', '212', '360', '363']
['219', '42', '369', '79', '366', '389', '11', '78', '139', '204', '206', '337', '490', '74', '168', '208', '227', '228', '256', '270', '297', '345', '7', '54', '205', '252', '272', '8', '28', '49']
['263', '274', '402', '340', '406', '452', '469', '426', '50', '253', '27', '92', '149', '161', '186', '207', '289', '293', '313', '317', '335', '386', '451', '5', '117', '137', '181', '315', '334', '336']
['371', '83', '146', '437', '77', '429', '474', '385', '142', '229', '17', '191', '275', '425', '448', '166', '189', '225', '230', '341', '475', '182', '476', '98', '236', '468', '51', '95', '159', '163']
['392', '257', '235', '350', '320', '9', '53', '273', '342', '271', '427', '472', '162', '251', '401', '453', '30', '55', '145', '404', '447', '72', '290', '361', '489', '52', '71', '246', '339', '358']
['438', '387', '338', '140', '431', '13', '408', '76', '183', '203', '202', '380', '403', '112', '379', '400', '424', '470', '3', '29', '94', '96', '138', '160', '200', '245', '247', '248', '269', '357']
['216', '124', '62', '359', '277', '80', '449', '184', '226', '254', '318', '450', '6', '250', '294', '314', '48', '381', '376', '398', '446', '491', '492', '2', '24', '25', '45', '67', '69', '91']
['239', '170', '135', '93', '115', '157', '178', '179', '180', '375', '1', '23', '26', '68', '73', '113', '116', '156', '201', '221', '224', '288', '311', '312', '378', '442', '443', '445', '463', '466']
['329', '59', '164', '299', '120', '231', '473', '493', '267', '136', '291', '292', '467', '46', '90', '111', '114', '133', '134', '155', '177', '222', '243', '244', '266', '331', '354', '397', '419', '420']
['417', '165', '471', '34', '365', '377', '422', '465', '333', '399', '421', '444', '464', '485', '487', '0', '22', '44', '66', '88', '89', '110', '132', '154', '176', '198', '220', '242', '264', '265']
['84', '213', '171', '75', '344', '494', '332', '356', '249', '47', '70', '286', '287', '308', '309', '330', '352', '353', '374', '396', '418', '440', '441', '462', '484']
['85', '483', '118', '296', '384', '383', '355', '488', '486']
['87', '278', '298', '316', '382', '405', '423', '310', '4', '199', '223']
['174', '458', '268']
['175', '158']
