['345', '73', '81', '92', '95', '198', '203', '232', '256', '260', '290', '303', '337', '377', '378', '389', '395', '402', '408', '410']
['121', '41', '413', '415', '434', '439', '490', '18', '25', '33', '61', '67', '68', '86', '88', '89', '97', '130', '170', '190']
['163', '53', '390', '69', '72', '179', '207', '210', '216', '229', '245', '253', '276', '289', '292', '298', '300', '329', '342', '347']
['248', '64', '194', '358', '369', '381', '400', '404', '428', '437', '451', '461', '463', '1', '22', '24', '27', '46', '47', '50']
['271', '221', '449', '59', '74', '76', '85', '96', '114', '129', '132', '149', '150', '157', '158', '160', '164', '173', '177', '181']
['352', '7', '307', '474', '84', '192', '201', '211', '213', '222', '225', '230', '263', '277', '279', '280', '286', '297', '304', '310']
['362', '255', '168', '323', '351', '482', '491', '40', '144', '231', '315', '324', '343', '348', '350', '356', '360', '368', '376', '380']
['31', '161', '242', '327', '394', '405', '419', '421', '425', '433', '443', '475', '486', '487', '3', '4', '6', '15', '23', '26']
['115', '371', '319', '2', '340', '32', '48', '52', '60', '70', '77', '80', '83', '98', '99', '100', '105', '109', '111', '118']
['127', '204', '90', '116', '197', '119', '123', '131', '142', '146', '151', '155', '165', '166', '167', '172', '174', '182', '188', '189']
['137', '148', '261', '293', '353', '393', '432', '444', '87', '227', '330', '406', '445', '200', '212', '228', '233', '235', '238', '240']
['143', '19', '175', '223', '234', '241', '243', '244', '247', '249', '251', '257', '258', '262', '264', '265', '268', '270', '274', '281']
['176', '65', '0', '205', '283', '287', '288', '295', '299', '305', '306', '309', '314', '318', '320', '325', '326', '328', '331', '332']
['259', '481', '365', '101', '308', '334', '456', '489', '199', '333', '335', '339', '341', '344', '355', '357', '359', '363', '370', '379']
['296', '483', '66', '224', '346', '354', '62', '382', '388', '391', '396', '417', '422', '423', '426', '431', '440', '446', '452', '453']
['361', '135', '409', '438', '478', '112', '313', '454', '458', '464', '468', '470', '477', '479', '480', '485', '488', '494', '11', '12']
['364', '495', '171', '38', '108', '14', '17', '29', '30', '35', '37', '43', '44', '51', '55', '71', '75', '78', '79', '102']
['366', '141', '145', '56', '63', '316', '124', '180', '311', '401', '252', '499', '104', '113', '122', '125', '126', '128', '133', '136']
['375', '321', '498', '57', '93', '178', '195', '28', '54', '424', '398', '471', '147', '154', '169', '186', '187', '193', '196', '202']
['383', '239', '254', '384', '9', '159', '275', '372', '45', '117', '138', '267', '282', '496', '42', '106', '120', '412', '206', '209']
['459', '416', '162', '191', '269', '215', '217', '237', '246', '266', '272', '273', '278', '284', '285', '302', '317', '336', '373', '385']
['462', '447', '208', '387', '392', '399', '403', '411', '414', '418', '420', '427', '429', '435', '436', '442', '455', '465', '466', '467']
['472', '214', '91', '185', '374', '407', '153', '236', '322', '457', '5', '110', '448', '469', '484', '497']
['473', '82']
['493', '301', '430', '460', '134', '226', '367', '386', '250', '476']
['8', '218', '183', '20']
['10', '107', '294', '49']
['13']
['21', '39', '58', '152', '220', '291', '450', '103', '156', '34', '184', '219', '397', '441', '492', '16', '94', '312', '338', '349']
['36', '139', '140']
