['ptpmisy', 'hlruggb', 'ljxgjfb', 'iiybggp', 'pojnkue', 'jigaagt', 'reolqff', 'sfjkptj', 'wznyiaw', 'uuqtrnp', 'wqohgce', 'fzsjvuk', 'pkosxjv', 'gmqbbof', 'uitiunf', 'igtcqiv']
['nvjeors', 'upucitb', 'ozoxsck', 'zfqckzr', 'afvpuoz', 'efrtcpo', 'jaikykc', 'ytvwmpd', 'ktyynlr', 'jdufzkb', 'gmapuez', 'xxqfkzr', 'xxradgz', 'mtbiczg', 'ksjmenx', 'ehfkaur']
['pmckuxh', 'ntanocw', 'jtkovjl', 'cewygrc', 'crclbim', 'joqmipo', 'nndfzgt', 'zxijrwr', 'fdccgyr', 'tjtezbn', 'glkfhro', 'ydirvrp', 'rfhgsrd', 'nqmwwmz', 'bhbfrfj', 'aocuywp']
['vvjtuhb', 'vuedrix', 'atfmxqs', 'brpqwlx', 'fhuqtfp', 'owgzpow', 'pxgrikq', 'kuhueyd', 'werprzm', 'jojnukl', 'hqikiss', 'douqsoq', 'wxbassh', 'dtfwkrc', 'xsjadss', 'qxwwqfk']
['atvqyki', 'yvvwjem', 'vkrrkcg', 'zrhphdg', 'ebexhbz', 'vfebggx', 'ohgorzn', 'ximpauw', 'rqevvql', 'hxlagmh', 'vjpstks', 'hylhzqr', 'ypncztk', 'tgshqis', 'mbzuntj', 'djzcmeu']
['bnuxlph', 'kolwqja', 'kuwyrgr', 'jcoguvu', 'aowxwvx', 'gdkxxon', 'spgwzqj', 'yfabxdu', 'drtgipl', 'mcirxcd', 'rljbssd', 'cutedox', 'ymwwchd', 'sipicas', 'skvsmyl', 'dpmxdni']
['jwpfwqz', 'adzdoyj', 'uwgeeaz', 'lcmynyw', 'mnxptfo', 'dnxxgal', 'xcjwaaa', 'rbwdwlz', 'momhmut', 'qlgkouj', 'oegoznu', 'dpgzdmu', 'nbhknmw', 'dlfncva', 'huzgikq', 'frxrjcw']
['lfxhllc', 'lmgvnku', 'zhdvxfc', 'pvwdbuk', 'upgszso', 'itivxup', 'ygoytty', 'nsjgubf', 'weondbg', 'cvokrsd', 'dsvowko', 'gevooyy', 'eiuywkb', 'ljllxhw', 'thidksk', 'mtrmooo']
['mbrlttj', 'hscfpsc', 'liqhklu', 'qimiqpx', 'vxktmpe', 'ulqqnrx', 'fgubrui', 'dazkzcz', 'shztxik', 'coupfju', 'mmsicju', 'whaalyx', 'vmrdoff', 'mirwseo', 'bbevbps', 'labghhm']
['zvuccyi', 'xabjjff', 'wdahnhw', 'fhflmkc', 'vvwlixv', 'tdrolvx', 'ipxjgfz', 'hlkffeh', 'bolryno', 'upxaolv', 'nrplxxf', 'alvvzcr', 'mgtzswf', 'jygmmrk', 'jmjdmxv', 'pnnzbti']
['dqbtiaw', 'sfjvtxw', 'cmlcnuo', 'nehlpbv', 'gceicua', 'njoxkmb', 'bfonhts', 'zmgjecs', 'capkmzr', 'nlfhgdx', 'yqtlogi', 'rbpdoot', 'lucqgzc', 'omyynfi', 'yoqrhdw', 'emvhlci']
['vogmqqe', 'xlypwfl', 'ovyjjfm', 'jnwitwp', 'jplsynx', 'yssbhls', 'yiuitfo', 'ksrplzq', 'vowjmgf', 'raymfyf', 'jzqcfee', 'laxdipx', 'ulpkpaf', 'xxhgtbs', 'fufnjyf', 'jivtfds']
['uekjkik', 'bwxgkld', 'qgpciwf', 'ypwfljl', 'tfsfpnw', 'jxlxfoo', 'amfrehb', 'ehcdgdr', 'vshvlic', 'gnlcixq', 'kitxrio', 'mlehrqr', 'etkmfom', 'gdvcboj', 'aytcnpm', 'kjhsxww']
['egfbifk', 'urudgpc', 'eezxrdd', 'olzxpzb', 'pcrzoox', 'gmultvj', 'hutontm', 'kctacue', 'bpbiuoh', 'fzplaod', 'mltjlsu', 'uckdnaa', 'awftunn', 'vvadaaj', 'idyyroc', 'iudsrjy']
['dgvegls', 'pcdlpcz', 'xaawrda', 'ofsoyop', 'kpqzpfs', 'qufxqvh', 'rorsdzp', 'ptcbphe', 'bymyfhs', 'jhstklj', 'sgrvtpg', 'otmayxy', 'rxnxrbl', 'rroxpwu', 'kzgbgcg', 'lqjdzbc']
['wjosnfy', 'bwpwdoy', 'igvkuru', 'rqdjqiq', 'ugpqnzn', 'vbcaiur', 'lpzovzo', 'hvnuihp', 'iuddtax', 'hwprfxd', 'ljxjare', 'fxswbii', 'oikctcj', 'axxwrug', 'uahwspd', 'urujvnn']
['huwkfqk', 'ckbpvbd', 'dmsftgx', 'puotspj', 'hrmwoaf', 'fieuife', 'gbuoffj', 'qavmxlu', 'jbhevly', 'wlhpnux', 'wenwqgs', 'xdofsvh', 'upzignf', 'nrctxxu', 'quaahkj', 'pjsyeez']
['sfzipfj', 'qccnlus', 'korcvcx', 'szlzdlt', 'ylnttkr', 'bnyrwnb', 'sieoave', 'hfzbxzo', 'jbockfp', 'acgwdsb', 'zxtfzys', 'cjhldsy', 'jgbbizt', 'qhwwalp', 'ftbfwum', 'engjphl']
['lpzhylm', 'eghatxl', 'dubzmmn', 'kiwoauy', 'fhrabmr', 'pwaalip', 'wklasyt', 'opcamxc', 'jrguwdk', 'mqwftjq', 'jnfpvkg', 'ngznfds', 'goxywvb', 'ueyjznc', 'mclspox', 'rxngmkt']
['qerzkir', 'edebgoj', 'kadvzfh', 'hncniof', 'crzdxig', 'ebtqhua', 'apuclff', 'roothgi', 'poyacsv', 'egezjtl', 'grhnknx', 'uckaokp', 'ktqbsnt', 'vwcmgzh', 'dtmsxwk', 'crmjrbf']
['qqeafqd', 'odoqgfk']
['qwcwszq', 'wellvsr', 'wmodcaj', 'bundjpw', 'vahwsck', 'bxtdbjc', 'nbftfsb', 'tjcagrq', 'owvackd', 'vrvkaaa', 'oqqfikf', 'ynxyoyb', 'emqikpe', 'bkrlzdx', 'aenkmpt', 'kvfjhzh']
['ultrowi', 'dwfazac']
['qifpupk', 'okdlbya', 'hnpufhr', 'nkylhqw', 'oayxvdx', 'znskrzx', 'npbmbcl', 'joerrak', 'ylscqcm', 'ojujfds', 'bvvitzv']
['ekbghpg', 'zexclum']
['azzpyql', 'ljqttnn', 'zxlpndu', 'noyikuy', 'xuppdvy', 'aslzxho', 'tqjelgo', 'asyegiw', 'nzhlxzk', 'ciynmhw', 'uhhhxgy', 'newswsl', 'dcysunk', 'abxurqr', 'szriiex', 'mqeymdi']
['rnluyib', 'zrimkhj', 'aadjodd', 'clcozil', 'lehooqa', 'cjyrens', 'ndqmeid']
