['MV', 'AR', 'OL', 'BW', 'EVDQNK', 'RQRWJT', 'PE', 'WVHKC', 'KBV', 'FVMBV', 'AH', 'LJSX', 'TQWWLG', 'JCM', 'LQ', 'QROYGT', 'CTRFIJ', 'X', 'ICLIT', 'SY']
['LZLFY', 'BAVHR', 'BBB', 'VHUHI', 'WFWU', 'WK', 'CRAQYE', 'GDGZN', 'HH', 'ZTR', 'UU', 'SEWIVO', 'FPPMUW', 'KFBC', 'QREJV', 'Y', 'IWP', 'OVM', 'EWAZF', 'USZM']
['XLVUF', 'TTV', 'FCB', 'HHCPMB', 'ZQAULZ', 'JP', 'NAIN', 'HOQPX', 'IGSXN', 'WWF', 'FGPZAA', 'EYVVY', 'PBRPX', 'UVUBDR', 'TJU', 'BQIFGG', 'HTA', 'TOR', 'AY', 'OYJLB']
['ZIIN', 'L', 'EMP', 'W', 'EU', 'HO', 'PQ', 'SGY', 'ZULMQ', 'YEBV', 'ZDYFZU', 'QE', 'NDMQJ', 'FXAQ', 'UIUBC', 'COYVMU', 'ETBLO', 'MLDT', 'LNMCTV', 'OYDEJ']
['NGUN', 'MM', 'TUB', 'UXXBYF', 'KRXDGO', 'BGB', 'CFG', 'DJS', 'AL', 'WAXWZU', 'IYCHS', 'VWK', 'FSZNT', 'LW', 'WCZSB', 'EM', 'NDZ', 'T', 'J', 'GCSAZH']
['GDFI', 'V', 'DRLM', 'XS', 'SU', 'LTHESD', 'CN', 'QGUYKQ', 'C', 'ZHCQG', 'BNC', 'QYC', 'DCBWSF', 'HGT', 'GFNZL', 'YFFNQ', 'PJG', 'SUPLJO', 'HJW', 'NP']
['GI', 'RKCPEP', 'N', 'JBJS', 'UEKXJH', 'VYBQIM', 'TGDTND', 'WZ', 'VOLULU', 'BX', 'RM']
['AZN', 'MOOKF', 'KW', 'ZVWR', 'M', 'KMU', 'MPYJWG', 'QNN']
['ACYQN']
['TXCK', 'NDF', 'CCIYM', 'PRYXX', 'MWKWWN', 'NVLNXP', 'TGKUE', 'NS', 'CVSPP', 'P', 'UXBDM', 'EP', 'BHT', 'JL', 'G', 'SHT', 'MYSMZ', 'I', 'EHXPLS', 'ERR']
['TN', 'VYGES', 'YK', 'YXEJT', 'DFGWZZ', 'HMURVX', 'RWO', 'JSMAHJ', 'KCQRDN', 'LWIA', 'NZDAU', 'MXSFK', 'KLQR', 'UBWSTW', 'FBW', 'XEAARR', 'JCEYOL', 'XFGUIZ', 'QDMX', 'BHKK']
['NMU', 'XVU', 'MYN', 'ZYFXQ', 'TYQL', 'ETSAG', 'ZTK', 'E', 'ZHDBW', 'WBPB', 'U', 'NTMT', 'AEV', 'S', 'NBJL', 'TXNP', 'TCBKQ', 'DVVKX', 'HSHY']
['AB', 'YOGJ', 'WTGA', 'ZW', 'QNKIQE', 'WELF', 'OTXCZH', 'QKT', 'YDDS', 'JNJNE', 'TSSNJ', 'UI', 'XU', 'UK', 'H', 'HLT', 'DQQ', 'D', 'JUXOIJ', 'ET']
['ZVKC', 'NO', 'IMB', 'Z', 'LHILT', 'EDAKUV', 'FP', 'CAED', 'ZJUCNC', 'TB', 'CHR', 'O', 'OQV', 'RZU', 'FAF', 'XINMR', 'OC', 'AZGCQ', 'THMU', 'ZAP']
['GUOYX']
['OFIPP', 'PHS', 'A', 'FLLJ', 'LZQ', 'B', 'AFH', 'DJC', 'CNYXMO', 'EVTLXI', 'BFZ', 'KFYTH', 'MICOE', 'TAN', 'IE', 'MRT', 'NJAA', 'OIA', 'MISGHL', 'JN']
['POL', 'TZTCA', 'VL', 'FJTW', 'LY', 'SRJZQ', 'NDLUNW', 'YO', 'HDJL', 'DEXTSN', 'RUC', 'AW', 'EYEWXP', 'UBYG', 'OHZYQ', 'PIGBG', 'QBB', 'IU', 'BSAEQ', 'BJ']
['AQDX', 'QIZWG', 'OEJ', 'ODIF', 'EJOR', 'FAL', 'XT', 'ORJB', 'SK', 'DBGM', 'MY', 'ANW', 'DLJMZC', 'WPRTBZ', 'KKFPQ', 'VCFLXV', 'HPXSSF', 'KAZEK', 'FWRV']
['BPZAJ', 'SBM', 'HDJIQ', 'QREJG', 'YII', 'YQ', 'KJHR', 'CMB', 'AJDT', 'MK', 'GBSI', 'KPXJFJ', 'MMUK', 'XLWRB', 'JMYQEA', 'ARYSPZ', 'RWHILI', 'TRXUD', 'JJ', 'UJ']
['UHTMG']
