['270', '232', '104', '19', '29', '42', '76', '140', '178', '253', '258', '12', '85', '96', '142', '183', '194', '213', '223', '235', '251', '25', '60', '66', '71', '94', '124', '199', '230', '13', '52', '114', '202', '224', '246', '264', '267', '0', '6']
['271', '35', '166', '233', '27', '101', '61', '44', '113', '120', '181', '239', '244', '266', '15', '34', '173', '187', '268', '22', '50', '73', '88', '107', '133', '134', '165', '205', '255', '9', '17', '18', '21', '33', '36', '37', '45', '48', '49']
['272', '131', '98', '159', '211', '41', '139', '146', '56', '70', '145', '217', '158', '175', '238', '269', '54', '62', '63', '75', '90', '99', '100', '102', '122', '126', '130', '135', '144', '150', '153', '161', '171', '192', '207', '208', '215', '225', '228']
['273', '256', '14', '20', '109', '110', '168', '186', '201', '237', '58', '79', '87', '154', '176', '247', '72', '77', '78', '81', '83', '86', '108', '162', '180', '188', '198', '204', '218', '234', '241', '243', '252', '261', '262', '74', '80', '82', '111']
['274', '137', '46', '89', '116', '197', '189', '195', '26', '57', '67', '121', '151', '157', '163', '184', '191', '242', '245', '190', '193', '209', '3', '106', '128', '136', '259', '265']
['275', '65', '132', '196', '169', '95', '248', '30', '105', '125', '200', '263', '172', '1']
['276', '10', '40', '119', '206', '7', '39', '112', '156', '229', '55', '69', '84', '143', '23']
['277', '147', '179', '221', '51', '155', '219', '214', '216', '160', '222', '32', '92', '164', '115', '129', '220']
['278', '28', '24', '16', '212', '174', '260', '31', '8', '167', '68']
['279', '148', '53', '185', '249', '93', '141', '231', '5']
['280', '123', '117', '118', '236', '103', '250']
['281', '97', '152', '227', '138', '182']
['282', '47', '91', '257', '240']
['283', '2', '203', '210', '38']
['284']
['285', '43', '59', '4', '226']
['286', '64', '127']
['287']
['288', '149']
['289', '177']
['290']
['291', '170']
['292', '254']
['293']
['294']
['295']
['296', '11']
['297']
['298']
['299']
