['TaureanWallerPrince', 'KhrisMiddleton']
['DennisSchroder', 'GiannisAntetokounmpo']
['KentBazemore', 'EricBledsoe']
['JohnCollins', 'TonySnell']
['DewayneDedmon', 'JohnHenson']
['MarcoBelinelli', 'MalcolmBrogdon']
['ErsanIlyasova', 'ThonMaker']
['IsaiahTaylor', 'JasonTerry']
['MikeMuscala', 'SterlingBrown']
['MalcolmDelaney', 'JabariParker']
['JaysonTatum', 'AndrewWiggins']
['AlHorford', 'KarlAnthonyTowns']
['JaylenBrown', 'TajGibson']
['TerryRozier', 'JeffTeague']
['KyrieIrving', 'JimmyButler']
['MarcusSmart', 'JamalCrawford']
['AronBaynes', 'TyusJones']
['MarcusMorris', 'NemanjaBjelica']
['SemiOjeleye', 'GorguiDieng']
['DanielTheis', 'ShabazzMuhammad']
['SpencerDinwiddie', 'JrueHoliday']
['AllenCrabbe', 'AnthonyDavis']
['DeMarreCarroll', 'ETwaunMoore']
['JoeHarris', 'DariusMiller']
['RondaeHollisJefferson', 'DeMarcusCousins']
['CarisLeVert', 'RajonRondo']
['JarrettAllen', 'IanClark']
['QuincyAcy', 'DanteCunningham']
['DAngeloRussell', 'JameerNelson']
['TylerZeller', 'NikolaMirotic']
['KembaWalker', 'CourtneyLee']
['DwightHoward', 'TimHardaway']
['MarvinWilliams', 'EnesKanter']
['NicolasBatum', 'FrankNtilikina']
['JeremyLamb', 'MichaelBeasley']
['MichaelKiddGilchrist', 'KristapsPorzingis']
['FrankKaminsky', 'JarrettJack']
['TreveonGraham', 'KyleOQuinn']
['MalikMonk', 'LanceThomas']
['MichaelCarterWilliams', 'DougMcDermott']
['JustinHoliday', 'RussellWestbrook']
['DenzelValentine', 'PaulGeorge']
['LauriMarkkanen', 'CarmeloAnthony']
['RobinLopez', 'StevenAdams']
['JerianGrant', 'JeramiGrant']
['DavidNwaba', 'RaymondFelton']
['BobbyPortis', 'PatrickPatterson']
['KrisDunn', 'AlexAbrines']
['CristianoFelicio', 'AndreRoberson']
['PaulZipser', 'JoshHuestis']
['LeBronJames', 'JonathonSimmons']
['JRSmith', 'AaronGordon']
['JeffGreen', 'EvanFournier']
['KevinLove', 'DJAugustin']
['KyleKorver', 'NikolaVucevic']
['JaeCrowder', 'MarioHezonja']
['TristanThompson', 'BismackBiyombo']
['DwyaneWade', 'ShelvinMack']
['JoseCalderon', 'ElfridPayton']
['CediOsman', 'WesleyIwundu']
['HarrisonBarnes', 'BenSimmons']
['YogiFerrell', 'RobertCovington']
['WesleyMatthews', 'DarioSaric']
['DennisSmith', 'JJRedick']
['DirkNowitzki', 'JoelEmbiid']
['DwightPowell', 'TJMcConnell']
['JJBarea', 'AmirJohnson']
['MaxiKleber', 'JerrydBayless']
['DevinHarris', 'TimotheLuwawuCabarrot']
['SalahMejri', 'RichaunHolmes']
['WillBarton', 'TJWarren']
['JamalMurray', 'DraganBender']
['NikolaJokic', 'JoshJackson']
['WilsonChandler', 'DevinBooker']
['GaryHarris', 'TylerUlis']
['MasonPlumlee', 'TroyDaniels']
['TreyLyles', 'MarqueseChriss']
['PaulMillsap', 'AlexLen']
['EmmanuelMudiay', 'TysonChandler']
['TorreyCraig', 'JaredDudley']
['TobiasHarris', 'CJMcCollum']
['KlayThompson', 'DamianLillard']
['KevinDurant', 'JusufNurkic']
['DraymondGreen', 'AlFarouqAminu']
['StephenCurry', 'EvanTurner']
['AndreIguodala', 'ShabazzNapier']
['NickYoung', 'PatConnaughton']
['ShaunLivingston', 'EdDavis']
['DavidWest', 'MauriceHarkless']
['ZazaPachulia', 'ZachCollins']
['PatrickMcCaw', 'BogdanBogdanovic']
['JamesHarden', 'WillieCauleyStein']
['PJTucker', 'DeAaronFox']
['TrevorAriza', 'BuddyHield']
['EricGordon', 'GarrettTemple']
['ClintCapela', 'ZachRandolph']
['ChrisPaul', 'JustinJackson']
['RyanAnderson', 'KostaKoufos']
['LucMbahaMoute', 'SkalLabissiere']
['GeraldGreen', 'GeorgeHill']
['NeneHilario', 'LaMarcusAldridge']
['ThaddeusYoung', 'PattyMills']
['VictorOladipo', 'KyleAnderson']
['BojanBogdanovic', 'PauGasol']
['CoryJoseph', 'DannyGreen']
['DarrenCollison', 'DejounteMurray']
['LanceStephenson', 'BrynForbes']
['MylesTurner', 'ManuGinobili']
['DomantasSabonis', 'RudyGay']
['JoeYoung', 'DavisBertans']
['AlJefferson', 'DeMarDeRozan']
['LouWilliams', 'KyleLowry']
['DeAndreJordan', 'SergeIbaka']
['AustinRivers', 'JonasValanciunas']
['WesleyJohnson', 'PascalSiakam']
['MontrezlHarrell', 'JakobPoeltl']
['SindariusThornwell', 'FredVanVleet']
['BlakeGriffin', 'OGAnunoby']
['MilosTeodosic', 'DelonWright']
['SamDekker', 'CJMiles']
['KentaviousCaldwellPope', 'DonovanMitchell']
['KyleKuzma', 'JoeIngles']
['JuliusRandle', 'RickyRubio']
['BrandonIngram', 'DerrickFavors']
['LonzoBall', 'RudyGobert']
['BrookLopez', 'RoyceONeale']
['JoshHart', 'JonasJerebko']
['JordanClarkson', 'RodneyHood']
['LarryNance', 'AlecBurks']
['CoreyBrewer', 'EkpeUdoh']
['MarcGasol', 'BradleyBeal']
['DillonBrooks', 'OttoPorter']
['JarellMartin', 'KellyOubre']
['TyrekeEvans', 'MarcinGortat']
['JaMychalGreen', 'MarkieffMorris']
['MarioChalmers', 'TomasSatoransky']
['AndrewHarrison', 'JohnWall']
['BenMcLemore', 'MikeScott']
['JamesEnnis', 'IanMahinmi']
['DeyontaDavis', 'JodieMeeks']
['JoshRichardson', 'AndreDrummond']
['GoranDragic', 'IshSmith']
['TylerJohnson', 'StanleyJohnson']
['WayneEllington', 'AnthonyTolliver']
['JamesJohnson', 'ReggieBullock']
['KellyOlynyk', 'LukeKennard']
['JustiseWinslow', 'AveryBradley']
['BamAdebayo', 'ReggieJackson']
['HassanWhiteside', 'LangstonGalloway']
['DionWaiters']
