['CQ', 'HB', 'JF', 'NY', 'MA', 'PT', 'GG', 'HM', 'ES', 'PN']
['QT', 'BO', 'OO', 'OL', 'IP', 'FQ', 'FN', 'DA', 'DS', 'DX']
['QA', 'CM', 'NB', 'RL', 'EN', 'MM', 'NZ', 'KP', 'BQ', 'EH']
['SV', 'CE', 'PE', 'HY', 'QF', 'GP', 'IR', 'IL', 'EM', 'QI']
['BS', 'OJ', 'PS', 'SI', 'CI', 'QG', 'SZ', 'ER', 'C', 'GM']
['LO', 'QB', 'D', 'PR', 'CB', 'IZ', 'CD', 'NV', 'JA', 'TF']
['OU', 'JT', 'BD', 'MJ', 'OH', 'OK', 'NJ', 'KW', 'JG', 'N']
['LW', 'PU', 'LK', 'JW', 'FU', 'A', 'OA', 'CR', 'JB', 'TA']
['MU', 'RO', 'OR', 'NR', 'HX', 'MK', 'FS', 'SC', 'QJ', 'KG']
['IF', 'ML', 'H', 'RA', 'SD', 'RS', 'QC', 'BB', 'IJ', 'RP']
['KY', 'CU', 'CW', 'FL', 'LB', 'QL', 'CA', 'EW', 'BV', 'QV']
['IH', 'NT', 'IS', 'PA', 'HN', 'GH', 'HS', 'KJ', 'RZ', 'HP']
['MG', 'QK', 'GL', 'GD', 'OY', 'SH', 'RE', 'BP', 'SU', 'CT']
['BX', 'SM', 'OX', 'GA', 'FT', 'LC', 'NQ', 'HK', 'PV', 'SS']
['BJ', 'IA', 'GZ', 'DV', 'PX', 'EB', 'PC', 'S', 'FV', 'EA']
['IO', 'BC', 'IG', 'OI', 'DJ', 'JR', 'NU', 'NO', 'PH', 'KV']
['DO', 'BH', 'FE', 'GR', 'NX', 'LD', 'SN', 'DM', 'FZ', 'FM']
['O', 'EX', 'ID', 'LP', 'KU', 'LL', 'OE', 'IU', 'DN', 'PY']
['LQ', 'IK', 'RH', 'OV', 'PB', 'RN', 'GF', 'L', 'MD', 'HG']
['LS', 'BF', 'BI', 'LG', 'KT', 'MC', 'OF', 'NE', 'EE', 'BR']
['Z', 'FY', 'CV', 'KE', 'CP', 'GE', 'Q', 'CK', 'HU', 'RD']
['QQ', 'OT', 'FO', 'EJ', 'II', 'HO', 'X', 'SK', 'DR', 'JX']
['P', 'KH', 'FA', 'T', 'FC', 'FP', 'RI', 'DL', 'SL', 'G']
['K', 'DC', 'ME', 'JJ', 'BT', 'SG', 'LH', 'B', 'FD', 'NA']
['GS', 'QD', 'JP', 'M', 'TC', 'NC', 'JQ', 'DI', 'HL', 'RY']
['MW', 'NN', 'OP', 'Y', 'CF', 'HT', 'FX', 'MN', 'DB', 'BY']
['PP', 'J', 'EV', 'QP', 'PI', 'LJ', 'OW', 'SB', 'MS', 'PD']
['RV', 'KF', 'LY', 'F', 'PM', 'ND', 'GU', 'MV', 'OZ', 'OM']
['LZ', 'MI', 'JD', 'EG', 'EQ', 'MX', 'QX', 'OD', 'EI', 'EC']
['GN', 'PG', 'LE', 'SF', 'NW', 'DY', 'JM', 'LM', 'EZ', 'EF']
['HF', 'EP', 'NK', 'IX', 'DT']
['HZ', 'PQ']
['HD']
['OC', 'GB', 'TD']
['CJ', 'LN', 'LI', 'BE', 'DK', 'GJ', 'KZ', 'MT', 'DG', 'TB']
['EL', 'EO', 'JL', 'RF', 'MR', 'SR', 'LF', 'GK', 'JK', 'OS']
['HH', 'JU', 'SA', 'IM', 'KX', 'CN', 'RW', 'BN', 'DH']
['IQ', 'IB']
['FG', 'I']
['LA', 'ET', 'NM', 'DD', 'GX', 'RC', 'ST', 'OQ', 'IN', 'LV']
['PF', 'MY', 'NP', 'NL', 'MQ', 'PZ', 'PJ', 'DF', 'DZ', 'QO']
['BK', 'KL', 'SP', 'GI', 'QH', 'JI']
['BG', 'V', 'KB', 'LT', 'CS', 'SW', 'DQ', 'SX', 'IW', 'QY']
['CZ', 'GC', 'PO', 'HC', 'QM']
['IT']
['FW', 'HV', 'FK', 'FH', 'QZ', 'SY', 'GO']
['RU', 'HE', 'NH', 'SE', 'BU', 'HJ']
['JO', 'KC', 'KI', 'SJ', 'RX', 'JE', 'CX', 'MF', 'NF', 'IC']
['SQ', 'CH', 'MH']
['RQ']
['PW', 'SO', 'RG', 'NI', 'GQ', 'MP']
['CY', 'JZ', 'RJ', 'DW', 'KK', 'W']
['EY']
['HR']
['JV']
['IY', 'R', 'IE', 'LX', 'RR', 'JC']
['OB', 'BZ']
['PK', 'HI', 'EK', 'KR', 'PL', 'EU', 'FB', 'KS']
['MZ']
['KD']
['KA']
['QS']
['HW']
['FJ', 'QE', 'FR', 'QN']
['U', 'MB']
['GW']
['CL', 'QU']
['JN']
['QW', 'NS', 'KN']
['KO']
['JS']
['FF']
['BW']
['LR']
['DE']
['QR']
['KQ']
['HA']
['RT', 'RB']
['GY']
['GT']
['JH']
['DU']
['CO', 'ED']
['E']
['IV']
['CG']
['BM', 'ON']
['MO']
['BL']
['GV']
['CC']
['BA']
['LU', 'TE', 'NG']
['OG', 'DP']
['FI', 'HQ']
['JY']
['KM']
['RK']
['RM']
