['Kristina', 'Robin', 'Andrea', 'Erica', 'Brittany', 'Ernest', 'Tonya']
['Debra', 'Jasmine', 'Sheila', 'Patrice', 'Darrin', 'Sally', 'Carolyn']
['Richard', 'Kyle', 'Antoinette', 'Kenny', 'Devon', 'Cynthia', 'Carla']
['Maybell', 'Casandra', 'Jeff', 'Hilton', 'Emerson', 'Mario', 'Christine']
['Paul', 'Newton', 'Marla', 'Hector', 'Gordon', 'Cara', 'Fay']
['Jonathan', 'Megan', 'Elizabeth', 'Sara', 'Karen', 'Wade', 'Arthur']
['Bernard', 'Bobby', 'Antonietta', 'Cedric', 'Kimberly', 'Catherine', 'Beatriz']
['Argentina', 'Kelli', 'Mavis', 'Jerry', 'Alonzo', 'Pat', 'Johnny']
['Matthew', 'Jean', 'Cesar', 'Martha', 'Weldon', 'Phyllis', 'Lucille']
['Isabelle', 'Mari', 'Austin', 'Jewel', 'Rachel', 'Barbara', 'Dottie']
['Annie', 'Matilda', 'Cleo', 'Thomas', 'Ladonna', 'Pauline', 'William']
['Randall', 'Steve', 'Harriett', 'Wilfredo', 'Frank', 'Shante', 'Phillip']
['Jane', 'Raymond', 'Evan', 'Marjorie', 'Justin', 'Donna', 'Angel']
['Lorena', 'Alice', 'Robert', 'Curtis', 'Tomas', 'Gale', 'Molly']
['Lidia', 'Dan', 'Trenton', 'Anne', 'Harry', 'Delia', 'Doris']
['Ethel', 'Ivan', 'Desiree', 'Marion', 'Ralph', 'Maria', 'Janet']
['Carl', 'Daniel', 'Martin', 'Russel', 'Betty', 'Danielle', 'Gerard']
['John', 'Arturo', 'Tanya', 'Gilbert', 'Shelly', 'Hildegard', 'Kelly']
['Toni', 'Todd', 'Virginia', 'Fredrick', 'Roberta', 'Victor', 'David']
['Kristen', 'Aron', 'Shaun', 'Horace', 'Benjamin', 'Milton', 'Leigh']
['Marybeth', 'Tommie', 'Mark', 'Byron', 'Nancy', 'Billie', 'Alex']
['Barbra', 'Arline', 'Lucy', 'Lori', 'Rocio', 'Clifford', 'Alan']
['Regina', 'Lauren', 'Roy', 'Vicente', 'Carol', 'Jewell', 'Bernie']
['Cyndy', 'Ray', 'Lester', 'Keith', 'Andre', 'Henry', 'Dolores']
['Ronald', 'Diane', 'Kelvin', 'Marcus', 'Noma', 'Stanley', 'Albert']
['Darryl', 'Louise', 'Clara', 'Stacy', 'James', 'Matt', 'Harriet']
['Randy', 'Myra', 'Gerald', 'Lexie', 'Lizzie', 'Jeanette', 'Barry']
['Mary', 'Lakesha', 'Marge', 'Jessie', 'Susan', 'Timothy', 'Dewayne']
['Allen', 'Rory', 'Bernadette', 'Ella', 'Derrick', 'Guadalupe', 'Mae']
['Rebecca', 'Janice', 'Lela', 'Sam', 'Rafael', 'Steven', 'Maxine']
['Raquel', 'Damian', 'Frida', 'Esther', 'Irene', 'Patsy', 'Katie']
['Melvin', 'Katrina', 'Rick', 'Virgie', 'Linda', 'Lisa', 'Sheldon']
['Julius', 'Vanessa', 'Bonita', 'Jami', 'Jodi', 'Samantha', 'Carina']
['Joseph', 'Felipe', 'Joe', 'Dena', 'Jacqueline', 'Kathleen', 'Chris']
['Shirley', 'Nellie', 'Evelyn', 'Marie', 'Ericka', 'Laurie', 'Laura']
['Stephen', 'Leola', 'Gary', 'Bernice', 'Katherine', 'Carroll', 'Scotty']
['Jonathon', 'Adrian', 'Kathryn', 'Edward', 'Craig', 'Roberto', 'Debbie']
['Rena', 'Kim', 'Michelle', 'Helen', 'Chester', 'Larry', 'Anthony']
['Ruth', 'Lena', 'Jammie', 'Monica', 'Douglas', 'Salvatore', 'Amanda']
['Hugo', 'Esta', 'Wilbur', 'Lowell', 'Michael', 'Carrie', 'Carole']
['Heather', 'Brooks', 'Sheryl', 'Mitchell', 'Melanie', 'Brett', 'Lucia']
['Hillary', 'Fred', 'Samuel', 'Joel', 'Erma', 'Erik', 'Dawn']
['Jason', 'Sarah', 'Mireya', 'Victoria', 'Tracy', 'Melony', 'Teresa']
['Zachary', 'Dorothy', 'Merle', 'Sandra', 'Nicholas', 'Josephine', 'Joan']
['Lottie', 'Roger', 'Earl', 'Carlos', 'Eduardo', 'Marta', 'Fletcher']
['Carlton', 'Johnnie', 'Julia', 'Terry', 'Cameron', 'Bruce', 'Harold']
['Peter', 'Daphne', 'Doretha', 'Jerome', 'Beatrice', 'Manuel', 'Alvin']
['Alberta', 'Tim', 'George', 'Hazel', 'Brenda', 'Christopher', 'Jeffrey']
['Christian', 'Anita', 'Tom', 'Claire', 'Ruthie', 'Rhonda', 'Levi']
['Kristine', 'Rod', 'Chelsea', 'Kathryne', 'Ashley', 'Colin', 'Gregory']
['Anna', 'Latonya', 'Charles', 'Kurt', 'Louis', 'Justine', 'Lorene']
['Tommy', 'Corinne', 'Patrick', 'Eva', 'Jeffery', 'Cheryl', 'Krista']
['Dwayne', 'Gail', 'Lawrence', 'Ricardo', 'Leo', 'Loretta', 'Emilee']
['Pamela', 'Grace', 'Luis', 'Maureen', 'Gene', 'Paula', 'Houston']
['Dennis', 'Tammy', 'Vera', 'Geraldine', 'Johnathan', 'Iris', 'Eunice']
['Emily', 'Deborah', 'Stephanie', 'Gloria', 'Isaac', 'Joy', 'Joshua']
['Oscar', 'Brandon', 'Joyce', 'Norma', 'Mildred', 'Edwin', 'Jayne']
['Frances', 'Mei', 'Kay', 'Beverly', 'Bessie', 'Walter', 'Kenneth']
['Deandre']
['Heidi', 'Patricia', 'Tabatha']
['Quentin', 'Shawna', 'Vickie']
['Cathleen']
['Rueben']
['Carmen']
['Jessica']
['Sharon']
['Jennifer']
['Miriam']
['Wanda']
['Mona']
['Jeremy']
['Shane']
['Pearl']
['Antonio']
['Elvera']
['Vicky']
['Colleen']
['Clyde']
['Adam']
['Philip']
['Brian']
['Claudia']
['Renee']
['Cindy']
['Mamie']
['Tiara']
['Peggy']
['Lydia']
['Ted']
['Juan']
['Shawn']
['Reggie']
['Olive']
['Theresa']
['Aileen']
['Sulema']
['Crystal']
['Julie']
['Minnie']
['Ada']
['Blanche']
['Lillie']
['Josie']
['Charlotte']
['Maryann']
['Thelma']
['Eric']
['Porfirio']
['Abdul']
['Warren']
['Vance']
['Donald']
['Jim']
['Melissa']
['Lacey']
['Lorenzo']
['Christiana']
['Cheri']
['Nathaniel']
['Margaret']
['Judith']
['Gladys']
['Esperanza']
['Octavia']
