['77', '94', '353', '320', '190', '71', '341', '41', '142', '107', '238', '5', '75', '271', '114', '277']
['366', '57', '284', '350', '118', '61', '209', '73', '8', '169', '299', '109', '211', '313', '242', '156']
['264', '310', '375', '340', '197', '205', '256', '7', '179', '275', '367', '311', '189', '308', '274', '23']
['314', '220', '360', '278', '80', '65', '263', '106', '171', '121', '369', '183', '44', '63', '174', '58']
['176', '111', '244', '356', '338', '37', '344', '250', '270', '337', '325', '243', '334', '141', '16', '87']
['281', '348', '134', '151', '342', '95', '173', '170', '303', '302', '214', '18', '12', '357', '253', '10']
['130', '54', '76', '295', '56', '64', '31', '68', '237', '166', '255', '3', '191', '228', '355', '145']
['219', '55', '370', '371', '148', '172', '74', '129', '123', '322', '336', '282', '29', '315', '67', '13']
['252', '110', '352', '93', '25', '122', '124', '230', '103', '177', '91', '372', '235', '14', '373', '180']
['139', '15', '261', '22', '97', '181', '11', '245', '203', '267', '215', '192', '155', '265', '260', '328']
['257', '223', '140', '208', '115', '317', '99', '273', '258', '167', '6', '96', '231', '216', '365', '293']
['108', '38', '90', '324', '112', '343', '83', '227', '137', '43', '113', '175', '72', '297', '249', '128']
['195', '33', '266', '182', '272', '143', '285', '301', '359', '326', '19', '361', '17', '24', '39', '34']
['30', '98', '105', '292', '168', '78', '327', '279', '51', '291', '157', '212', '150', '70', '40', '178']
['254', '36', '126', '158', '354', '248', '160', '127', '251', '193', '351', '316', '85', '186', '296', '154']
['309', '2', '312', '152', '28', '298', '221', '269', '323', '66', '321', '306', '131', '259', '217', '225']
['162', '42', '117', '374', '82', '138', '232', '224', '318', '268', '53', '199', '88', '84', '21', '20']
['9', '347', '286', '289', '116', '52', '187', '104', '200', '86', '233', '132', '364', '339', '147', '207']
['194', '305', '92', '201', '280', '335', '35', '346', '164', '234', '120', '276', '163', '165', '222', '153']
['46', '229', '330', '136', '332', '4', '27', '48', '100', '246', '333', '101', '204', '368', '304', '198']
['349', '331', '307', '49', '149', '287', '196', '226', '185', '290', '45', '125', '50', '79', '329', '288']
['102', '239', '262', '240']
['345', '133', '161', '247', '363', '210', '69', '319', '81', '362', '188', '241', '300', '26', '294', '206']
['184', '1']
['47', '213', '202', '283', '159', '146', '32', '59']
['358', '62']
['135']
['236']
['60']
['218', '89']
['119']
['144']
