['11', '102', '127', '152', '177', '202', '227', '5', '7', '8']
['36', '30', '32', '33', '34', '39', '57', '58', '59', '82']
['61', '55', '64', '83', '84', '101', '103', '107', '108', '109']
['86', '80', '126', '128', '132', '133', '134', '151', '153', '157']
['111', '112', '113', '105', '114', '115', '158', '159', '176', '178']
['136', '137', '138', '130', '139', '140', '182', '183', '184', '201']
['161', '162', '163', '155', '164', '165', '207', '208', '209', '226']
['186', '187', '188', '180', '189', '190', '232', '233', '234', '10']
['211', '212', '213', '203', '205', '214', '215', '35', '60', '85']
['236', '237', '238', '228', '230', '239', '240', '100', '104', '106']
['21', '24', '18', '23', '110', '116', '125', '129', '131', '135']
['46', '49', '43', '48', '141', '150', '154', '156', '160', '175']
['71', '74', '68', '73', '166', '179', '181', '185', '200', '204']
['96', '94', '95', '97', '99', '93', '98', '191', '206', '210']
['121', '119', '120', '122', '124', '118', '123', '216', '225', '229']
['146', '144', '145', '147', '149', '143', '148', '231', '235', '241']
['171', '169', '170', '172', '174', '168', '173', '117', '142', '167']
['196', '194', '195', '197', '199', '193', '198', '192', '217', '242']
['221', '219', '220', '222', '224', '218', '223']
['246', '244', '245', '247', '249', '243', '248']
['2', '1', '3', '0', '4']
['12', '14', '15', '16', '17']
['13', '6']
['19', '9']
['20']
['22']
['27', '26', '28', '25', '29']
['37', '40', '41', '42']
['38', '31']
['44']
['45']
['47']
['52', '51', '53', '50', '54']
['62', '65', '66', '67']
['63', '56']
['69']
['70']
['72']
['77', '76', '78', '75', '79']
['87', '88', '89', '90', '81', '91', '92']
