['53', '20', '22', '125', '190', '221', '2', '15', '27', '44', '49', '70', '116', '200', '230', '104', '146', '173', '178', '222', '226', '42', '63', '75', '95']
['192', '138', '79', '219', '147', '241', '33', '84', '144', '172', '211', '218', '227', '234', '240', '47', '51', '69', '115', '118', '145', '168', '180', '196', '204']
['245', '81', '117', '148', '206', '209', '229', '8', '68', '111', '120', '135', '183', '198', '233', '1', '5', '72', '74', '76', '99', '106', '131', '149', '152']
['35', '94', '59', '141', '6', '17', '55', '98', '162', '246', '3', '71', '128', '194', '10', '28', '29', '32', '73', '83', '96', '142', '175', '215', '217']
['188', '216', '133', '174', '187', '195', '236', '12', '36', '40', '80', '87', '102', '134', '158', '159', '176', '186', '228', '248', '26', '31', '48', '50', '56']
['199', '213', '109', '123', '136', '18', '21', '37', '93', '137', '191', '25', '121', '157', '164', '223', '114', '127', '177', '201', '203', '13', '23', '143', '160']
['249', '0', '185', '235', '61', '108', '129', '154', '163', '165', '182', '19', '153', '156', '167', '202', '212', '64', '214', '225', '232', '4', '34', '112', '11']
['224', '110', '67', '193', '205', '243', '237', '30', '54', '97', '170', '207', '239', '60', '77', '90', '105', '130', '208', '24', '39', '46', '66', '100', '101']
['231', '220', '78', '238', '247', '38', '65', '151', '43', '57', '88', '103', '126', '132', '166', '179', '189', '210', '91', '161', '86', '119']
['9', '82', '89', '150', '62', '242', '58', '52']
['124', '7', '45', '92', '16']
['139']
['140', '197', '169']
['155', '107']
['171']
['184', '41']
['14', '244', '113']
['85']
['122']
['181']
