['442', '339', '1', '31', '58', '60', '65', '76', '111', '129', '146', '164', '188', '211', '231', '235', '273', '292', '298', '303', '328', '330', '360', '369', '390', '404', '413', '414', '491', '494']
['169', '6', '8', '37', '55', '69', '74', '83', '89', '110', '114', '115', '128', '184', '194', '202', '229', '240', '257', '261', '262', '272', '282', '293', '300', '358', '365', '371', '383', '387']
['284', '254', '120', '308', '456', '26', '38', '44', '49', '53', '72', '73', '99', '131', '142', '161', '167', '222', '252', '256', '275', '315', '338', '342', '343', '352', '362', '377', '382', '398']
['34', '277', '259', '438', '108', '341', '354', '14', '16', '39', '63', '68', '77', '100', '102', '136', '151', '152', '168', '175', '185', '196', '201', '221', '243', '247', '251', '253', '264', '267']
['51', '218', '139', '154', '126', '149', '193', '274', '319', '350', '373', '417', '419', '486', '493', '84', '155', '165', '170', '280', '291', '313', '320', '336', '372', '379', '391', '411', '425', '434']
['95', '385', '176', '386', '45', '64', '217', '236', '324', '435', '443', '451', '462', '82', '86', '97', '105', '122', '135', '143', '162', '181', '189', '197', '200', '226', '228', '245', '263', '265']
['361', '50', '56', '268', '428', '475', '75', '140', '198', '266', '374', '429', '455', '17', '93', '250', '290', '299', '340', '348', '426', '430', '448', '458', '461', '470', '485', '496', '19', '35']
['453', '209', '87', '421', '147', '463', '59', '190', '214', '219', '279', '310', '331', '335', '349', '359', '384', '410', '412', '437', '469', '471', '477', '478', '483', '490', '3', '5', '10', '48']
['497', '317', '12', '66', '106', '150', '80', '112', '159', '30', '52', '67', '156', '216', '239', '301', '466', '492', '85', '88', '90', '91', '101', '103', '113', '123', '132', '158', '160', '166']
['11', '2', '357', '450', '43', '314', '441', '28', '92', '179', '205', '208', '213', '224', '227', '234', '246', '255', '276', '289', '307', '355', '356', '400', '420', '423', '446', '459', '465', '480']
['21', '230', '473', '40', '117', '479', '119', '138', '153', '294', '297', '380', '395', '457', '476', '187', '281', '283', '334', '344', '409', '481', '489', '499', '15', '20', '22', '24', '25', '54']
['41', '431', '29', '388', '260', '436', '439', '270', '375', '472', '121', '127', '195', '203', '207', '269', '351', '405', '71', '81', '94', '125', '137', '177', '192', '210', '296', '302', '304', '311']
['141', '312', '318', '321', '323', '326', '346', '347', '363', '393', '401', '407', '416', '424', '433', '444', '454', '468', '42', '130', '134', '182', '183', '286']
['173', '233', '367', '7', '186', '345', '366', '389', '432', '452', '118', '396', '467', '488', '78', '191', '199', '285', '278']
['180', '0', '178', '376', '498', '232', '244', '397']
['238', '368', '18', '23', '427', '487', '61', '107', '124', '148', '370', '495', '33', '223', '364', '399', '4', '57', '157', '163', '204', '225', '325', '337', '353', '378', '418', '482', '70', '145']
['248', '403', '172', '242', '171', '445', '206', '258', '394', '415', '32', '333', '402']
['271', '96', '306', '322', '237', '316', '332', '422', '381', '408']
['288', '220', '406', '98', '116', '174', '440', '47', '241', '295', '447', '460', '27', '62', '109', '133', '144', '287', '9', '36', '329', '104', '215', '249', '474']
['305', '449', '484', '327', '13', '392', '464', '79', '212', '46', '309']
