['129', '150', '164', '244', '335', '378', '484', '21', '48', '86']
['385', '333', '425', '468', '2', '44', '69', '94', '239', '290']
['457', '58', '214', '325', '497', '261', '415', '418', '480', '17']
['148', '106', '136', '258', '449', '73', '130', '219', '285', '422']
['410', '208', '316', '346', '441', '46', '75', '329', '444', '492']
['169', '41', '436', '71', '375', '478', '481', '124', '242', '291']
['313', '187', '263', '327', '268', '360', '88', '113', '114', '144']
['152', '101', '479', '163', '427', '74', '125', '39', '45', '204']
['34', '117', '445', '132', '350', '353', '389', '460', '28', '91']
['66', '413', '63', '296', '423', '185', '293', '302', '372', '386']
['78', '95', '358', '49', '131', '237', '249', '300', '388', '408']
['108', '392', '36', '52', '96', '198', '236', '356', '455', '20']
['165', '222', '61', '107', '255', '439', '361', '485', '13', '27']
['87', '351', '452', '272', '145', '223', '357', '391', '420', '437']
['102', '260', '321', '446', '451', '174', '201', '280', '312', '352']
['115', '286', '240', '190', '278', '288', '85', '275', '342', '364']
['159', '308', '490', '469', '489', '38', '151', '206', '217', '259']
['170', '133', '387', '483', '80', '161', '306', '394', '33', '274']
['307', '304', '324', '390', '416', '77', '232', '264', '303', '326']
['377', '337', '347', '405', '90', '183', '256', '334', '431', '14']
['409', '305', '243', '283', '363', '64', '202', '209', '348', '366']
['411', '229', '430', '458', '226', '279', '205', '11', '32', '37']
['500', '270', '191', '225', '440', '184', '398', '466', '474', '482']
['1', '317', '343', '336', '340', '40', '167', '339', '355', '470']
['6', '120', '429', '195', '81', '105', '188', '266', '23', '158']
['59', '426', '104', '443', '62', '141', '153', '407', '43', '128']
['142', '83', '84', '472', '245', '252', '404', '428', '456', '467']
['176', '82', '103', '210', '419', '462', '473', '476', '495', '15']
['196', '493', '189', '160', '414', '22', '212', '247', '453', '60']
['248', '53', '146', '273', '393', '221', '267', '67', '433', '488']
['345', '29', '68', '137', '173', '178', '301', '323', '365', '402']
['380', '276', '18', '175', '332', '367', '118', '216', '362', '373']
['396', '51', '282', '295', '250', '50', '230', '7', '72', '92']
['475', '395', '403', '417', '432', '435', '447', '471', '112', '135']
['494', '434', '450', '228', '253', '211', '218', '297', '374', '376']
['3', '318', '199', '126', '381', '384', '463', '171', '192', '194']
['30', '271', '168', '235', '182', '294', '399', '491', '99', '143']
['56', '246', '331', '359', '138']
['65', '277', '477', '459']
['110', '382', '287', '498', '180', '438', '24', '149', '197', '224']
['111', '89', '179', '181', '207', '400', '461', '47', '109']
['122', '147', '157', '269', '370', '262']
['127', '139', '322', '499']
['156', '289', '215', '19', '116', '265', '328', '369', '162', '166']
['177', '97', '12', '231', '309', '257', '315', '26', '134', '344']
['193']
['251', '341']
['281', '310', '140', '121', '454', '220', '93', '241', '31', '314']
['284']
['299']
['311']
['368', '70', '119', '465', '383']
['371', '5', '227', '213', '100']
['421', '203', '234', '424']
['442', '298', '292', '338', '379', '412', '487', '200', '496', '55']
['448', '172', '330']
['4', '8']
['10', '401']
['16', '254', '9', '123']
['35', '79', '486', '98', '397', '42', '154', '155', '319', '320']
['54', '406', '354', '76']
['57', '233', '238', '25', '464', '186', '349']
