['Haley', 'Marris', 'Elvera', 'Marlena', 'Estella', 'Tanitansy', 'Oliy', 'Marisa', 'Mirna', 'Danni', 'Fawnia', 'Cindie', 'Belle', 'Desiri', 'Bekki']
['Gavra', 'Hortense', 'Latisha', 'Mair', 'Sada', 'Fran', 'Rita', 'Hedwiga', 'Quintana', 'Veradis', 'Gwennie', 'Fredericka', 'Edith', 'Carla', 'Anabelle']
['Kathryn', 'Nedda', 'Briny', 'Carroll', 'Marcie', 'Livy', 'Yovonnda', 'Clarissa', 'Harriet', 'Erminia', 'Monique', 'Jorrie', 'Paige', 'Lorie', 'Selinda']
['Cristen', 'Amalee', 'Diane', 'Madelena', 'Cassandra', 'Julie', 'Stephannie', 'Orsa', 'Doroteya', 'Vonni', 'Faythe', 'Terese', 'Babara', 'Sula', 'Brear']
['Katti', 'Colline', 'Aviva', 'Vicky', 'Rosene', 'Stormi', 'Peg', 'Reggi', 'Mariellen', 'Brunhilda', 'Tallie', 'Maddalena', 'Gaby', 'Winifred', 'Jaynell']
['Claudie', 'Anastassia', 'Brook', 'Matilde', 'Anabal', 'Britteny', 'Kara', 'Casi', 'Netty', 'Brittan', 'Lani', 'Della', 'Kellsie', 'Anette', 'Clemence']
['Rosamond', 'Corly', 'Bonita', 'Row', 'Carri', 'Adriane', 'Kiele', 'Patty', 'Eran', 'Sonni', 'Tamara', 'Natalya', 'Cristionna', 'Melinde', 'Catha']
['Marcella', 'Allene', 'Camala', 'Kaitlin', 'Ingunna', 'Stesha', 'Moyna', 'Drusy', 'Estele', 'Helyn', 'Laverne', 'Jacqui', 'Mei', 'Lorena', 'Melloney']
['Allie', 'Demetria', 'Joelly', 'Avivah', 'Thia', 'Inga', 'Lesly', 'Corinne', 'Tiffany', 'Marijo', 'Caryn', 'Noreen', 'Tani', 'Opal', 'Agnes']
['Rowena', 'Jesse', 'Charita', 'Dyane', 'Bernice', 'Anabel', 'Angelica', 'Jemie', 'Roslyn', 'Dena', 'Gerry', 'Joanna', 'Fernande', 'Mechelle', 'Gabbie']
['Dee', 'Agneta', 'Idelle', 'Jen', 'Randie', 'Zulema', 'Starlin', 'Collete', 'Karie', 'Ruperta', 'Leda', 'Idalina', 'Georgiana', 'Georgeanne', 'Nicki']
['Dotti', 'Debora', 'Lydie', 'Korney', 'Conchita', 'Dorine', 'Kathy', 'Sherrie', 'Andie', 'Charmine', 'Bridgette', 'Jessamyn', 'Janice', 'Kala', 'Alyson']
['Silva', 'Else', 'Agnese', 'Daphene', 'Rivkah', 'Fania', 'Yetta', 'Malva', 'Meggi', 'Agatha', 'Adiana', 'Bertie', 'Mufinella', 'Zenia', 'Vanni']
['Nancie', 'Britney', 'Lynnet', 'Johanna', 'Lira', 'Ramonda', 'Nissie', 'Leanora', 'Pammy', 'Yoshi', 'Millisent', 'Andromache', 'Sile', 'Cathryn', 'Alexandrina']
['Tim', 'Erica', 'Tiffy', 'Kittie', 'Emelda', 'Shanie', 'Ranice', 'Missy', 'Neile', 'Rhody', 'Nicoli', 'Clemmie', 'Tarra', 'Sofie', 'Josepha']
['Kellie', 'Risa', 'Antonietta', 'Krissy', 'Lulu', 'Marabel', 'Kaitlynn', 'Gae', 'Birgitta', 'Athena', 'Eolanda', 'Lyda', 'Ansley', 'Kania', 'Morena']
['Lotte', 'Sileas', 'Cherilynn', 'Delly', 'Gale', 'Nanon', 'Arlee', 'Cheslie', 'Kathleen', 'Jolie', 'Diahann', 'Vinni', 'Doris', 'Shoshana', 'Addi']
['Valli', 'Alia', 'Oralee', 'Annice', 'Euphemia', 'Brigitte', 'Austina', 'Beatrice', 'Rhodia', 'Ulrike', 'Yolanda', 'Eve', 'Roxane', 'Serena', 'Shirl']
['Mella', 'Sandie', 'Sadye', 'Cassondra', 'Tamra', 'Xylina', 'Eulalie', 'Dominica', 'Lorain', 'Maxie', 'Martina', 'Lisette', 'Paulina', 'Willi', 'Chelsy']
['Ronnica', 'Cristabel', 'Frankie', 'Dita', 'Flory', 'Nelie', 'Myrtle', 'Noell', 'Rosana', 'Gianina', 'Tiphanie', 'Sheila', 'Marlie', 'Teddi', 'Stefa']
