['179', '308', '123', '466', '303', '272', '436', '444', '250', '231', '171', '98', '102', '355', '397', '254', '4', '64']
['63', '109', '294', '489', '85', '352', '195', '27', '362', '26', '223', '67', '301', '432', '156', '184', '427', '24']
['418', '414', '97', '209', '60', '329', '358', '316', '32', '398', '219', '428', '486', '446', '205', '0', '77', '130']
['344', '176', '480', '227', '319', '216', '61', '413', '409', '393', '90', '151', '125', '229', '34', '496', '302', '81']
['256', '405', '336', '388', '6', '31', '331', '103', '468', '493', '183', '375', '490', '190', '116', '168', '235', '273']
['443', '422', '71', '80', '96', '147', '52', '120', '73', '3', '404', '51', '426', '79', '35', '15', '333', '69']
['111', '257', '53', '371', '310', '107', '263', '374', '43', '76', '1', '487', '476', '351', '479', '112', '259', '337']
['378', '408', '288', '84', '38', '488', '189', '437', '459', '122', '390', '143', '356', '445', '150', '474', '392', '95']
['104', '91', '304', '252', '387', '106', '353', '37', '278', '309', '379', '279', '376', '244', '361', '430', '395', '145']
['369', '396', '177', '465', '425', '8', '78', '269', '320', '13', '193', '117', '56', '234', '300', '114', '118', '335']
['175', '318', '470', '438', '187', '284', '293', '439', '242', '65', '197', '226', '324', '10', '142', '72', '192', '233']
['204', '421', '484', '271', '36', '82', '412', '291', '218', '461', '232', '136', '198', '149', '70', '230', '138', '49']
['498', '160', '249', '491', '285', '360', '368', '281', '185', '162', '115', '222', '210', '41', '364', '2', '350', '57']
['18', '321', '5', '42', '87', '212', '440', '153', '275', '202', '346', '239', '11', '86', '124', '39', '110', '188']
['30', '217', '54', '240', '354', '447', '127', '154', '469', '101', '181', '265', '483', '178', '343', '372', '423', '221']
['203', '457', '225', '243', '23', '241', '169', '332', '282', '128', '297', '306', '280', '270', '159', '186', '141', '155']
['323', '290', '132', '28', '482', '383', '373', '492', '208', '312', '165', '157', '431', '401', '313', '289', '389', '236']
['473', '135', '131', '283', '454', '113', '292', '228', '94', '22', '180', '494', '92', '199', '456', '206', '441', '429']
['340', '25', '380', '144', '164', '170', '133', '16', '349', '478', '68', '75', '407', '499', '245', '347', '435', '260']
['148', '40', '327', '307', '322', '420', '452', '384', '246', '152', '268', '382', '20', '326', '47', '172', '424', '255']
['140', '341', '403', '416', '215', '377', '348', '161', '12', '287', '129', '14', '45', '119', '207', '139', '345', '276']
['237', '433', '262', '121', '481', '213', '9', '220', '74', '467', '394', '201', '299', '391', '305', '29', '248', '365']
['261', '266', '448', '485', '464', '402', '55', '196', '330', '317', '386']
['406', '357', '182', '338', '417', '399', '475', '214', '342', '247', '100']
['224', '463', '449', '166', '462', '174', '258']
['419', '21', '19', '44', '66', '385', '295', '59', '339', '286', '471']
['495', '366', '88', '167', '477']
['325', '89', '311', '253', '410', '238', '58']
['472', '105', '381', '298', '62']
['442', '314', '451', '453', '367']
['137', '458', '48']
['277', '108']
['460', '450']
['315', '455', '50', '99']
['328']
['83', '415', '363']
['411', '46', '264']
['200']
['211', '33']
['17', '434']
['400']
['7']
['146']
['359']
['334']
['158', '267']
['296']
['497']
['163']
['251']
['274']
['370']
['134']
['173']
['194']
['126']
['191']
['93']
