['x', 'TTT', 'SSSS', 'VVV', 'VVVVV', 'UUUUUUUU', 'XXXX', 'WWWWWWW', '11', '111', 'a', 'aa', 'aaa', 'bbbbbbbb', 'oooooooo', 'www', 'BBBBB', 'EEE', 'EEEE', 'L', 'KKKKK', 'MMMMMM', 'TTTTT', 'YYYYY', '1', '11111111', '44444444', '555', '555555', '66666666', 'bbbb', 'aaaaa', 'aaaaaaa', 'bbbbbbb', 'f', 'ee', 'ff', 'fff', 'eeee', 'eeeee', 'fffffff', 'ffffffff', 'p', 'pp', 'ooo', 'ppppppp', 'xxx', 'wwww', 'wwwww', 'AA', 'BBBB', 'BBBBBB', 'AAAAAAA', 'BBBBBBB', 'AAAAAAAA', 'EE', 'FFF', 'FFFF', 'EEEEE', 'FFFFF']
['iiiiiiii', 'iiii', 'jjjjj', 'jjjjjjj', 'EEEEEEE', 'FFFFFFF', 'EEEEEEEE', 'K', 'KKK', 'KKKK', 'LLLLL', 'KKKKKKKK', 'LLLLLLLL', 'M', 'NNN', 'MMMMM', 'NNNNNNN', 'NNNNNNNN', 'T', 'TTTTTT', 'SSSSSSSS', 'UU', 'UUU', 'UUUU', 'VVVVVV', 'VVVVVVVV', 'X', 'XX', 'WWWWWWWW', 'YY', 'ZZZ', 'YYYYYY', 'ZZZZZZ', 'YYYYYYY', '2', '111111', '1111111', '22222222', '3', '3333', '444444', '4444444', '33333333', '66', '666', '6666', '5555555', 'bb', 'aaaa', 'bbbbb', 'aaaaaaaa', 'eeeeeee', 'eeeeeeee', 'j', 'jj', 'iiiii', 'jjjjjj', 'iiiiiii', 'oo', 'ppp']
['zzzzz', 'zzzz', 'yyyyyy', 'yyyyyyy', 'y', 'zz', 'zzz', 'yyyyy', 'pppp', 'yyyy', 'zzzzzz', 'zzzzzzz', 'yyyyyyyy', 'B', 'AAAA', 'AAAAAA', 'E', 'F', 'FF', 'FFFFFFFF', 'KK', 'LL', 'LLL', 'LLLL', 'LLLLLL', 'LLLLLLL', 'N', 'NNNN', 'NNNNN', 'NNNNNN', 'MMMMMMM', 'S', 'SS', 'TTTTTTTT', 'U', 'VV', 'UUUUUU', 'WWW', 'WWWW', 'WWWWW', 'XXXXX', 'WWWWWW', 'XXXXXXX', 'Z', 'ZZZZ', 'ZZZZZZZZ', '222', '2222', '2222222', '33', '44', '333', '444', '333333', '66666', '666666', 'b', 'aaaaaa', 'bbbbbb', 'eee']
['OOOO', 'OO', 'OOOOOOOO', 'OOOOOO', 'PPP', 'P', 'PP', 'OOO', 'PPPP', 'OOOOO', 'PPPPPPP', 'SSSSS', 'ffff', 'z', 'yy', 'BB', 'AAA', 'BBB', 'BBBBBBBB', 'KKKKKK', 'KKKKKKK', 'MM', 'MMM', 'MMMMMMMM', 'OOOOOOO', 'PPPPPPPP', 'SSSSSSS', 'V', 'VVVVVVV', 'W', 'ZZ', 'YYY', 'ZZZZZ', 'ZZZZZZZ', '22', '222222', '4', '33333', '44444', '3333333', '5', '55', '5555', '55555555', 'e', 'fffff', 'yyy', 'AAAAA', 'EEEEEE', 'FFFFFF', 'NN', 'MMMM', 'PPPPPP', 'TT', 'SSS', 'TTTT', 'SSSSSS', 'TTTTTTT', 'UUUUU', 'WW']
['8', '77', '88', '7777', '7777777', '88888888', '777', '888', '88888', '777777', '888888', '7', '8888', '8888888', 'XXX', 'XXXXXX', 'XXXXXXXX', 'Y', 'YYYY', '1111', '11111', '22222', '6', '55555', '6666666', '77777', 'bbb', 'eeeeee', 'ffffff', 'zzzzzzzz', 'VVVV', 'UUUUUUU', 'YYYYYYYY', '4444', '77777777', 'A', 'O', 'PPPPP']
['d', 'ddddd', 'dddddd', 'cccccccc', 'dddddddd', 'c', 'dd', 'ccccc', 'ccccccc', 'ccc', 'ddd', 'dddd', 'cccc', 'ddddddd']
['cc']
['iii', 'ii', 'i', 'jjj', 'jjjj', 'iiiiii', 'jjjjjjjj']
['k', 'kk', 'kkkk', 'lllll', 'kkkkkkk', 'll', 'kkkkk', 'lllllll', 'l', 'kkk', 'lll', 'llllll', 'kkkkkkkk', 'llllllll']
['nnnnnn', 'nnnnn', 'n', 'mmmm', 'mmmmm', 'mmmmmmmm', 'nnnnnnnn', 'nnnn', 'nnnnnnn', 'm', 'mmm', 'nnn', 'mmmmmm', 'mm', 'nn']
['mmmmmmm']
['vvvvvv', 'vvv', 'uuuuu', 'uuu', 'uuuuuuu', 'vvvvvvv', 'u', 'uuuu', 'vvvv', 'uuuuuu', 'uuuuuuuu', 'vvvvvvvv', 'vvvvv']
['HHHHHHH', 'H', 'G', 'GG', 'GGGGG', 'HHHH', 'GGGGGGGG', 'GGGGGG', 'HHHHHH', 'HHH', 'GGGG', 'HHHHH', 'GGGGGGG', 'HHHHHHHH', 'HH', 'GGG']
['I', 'III', 'IIIIIII', 'II', 'JJ', 'JJJ', 'JJJJJJ', 'IIIIIIII', 'J', 'IIII', 'JJJJ', 'IIIII', 'JJJJJ', 'JJJJJJJ', 'JJJJJJJJ', 'IIIIII']
['Q', 'QQQQQQQQ', 'RRRRRRRR', 'QQQ', 'QQQQQQ', 'R', 'QQQQQ', 'RRRRRR', 'QQQQQQQ', 'RRRRRRR', 'QQ', 'RR', 'QQQQ', 'RRRR', 'RRRRR', 'RRR']
['cccccc']
['ggg', 'gggggggg', 'g', 'hhhh', 'hhhhh', 'gggggg', 'ggggggg', 'gg', 'hh', 'hhh', 'gggg', 'ggggg', 'hhhhhh', 'hhhhhhhh', 'h']
['hhhhhhh']
['llll']
['kkkkkk']
['ppppp', 'ooooooo', 'oooo', 'ooooo', 'oooooo', 'pppppp', 'o', 'pppppppp']
['rrr', 'qq', 'rr', 'qqqqqq', 'qqqqqqq', 'qqqqqqqq', 'rrrrrrrr', 'rrrrrrr', 'q', 'rrrr', 'r', 'qqqq', 'qqqqq', 'rrrrrr', 'qqq']
['rrrrr']
['tttttt', 'tt', 'ttttttt', 's', 'sss', 'ttt', 'ssss', 'tttt', 'sssss', 'ttttt', 'ssssss', 'ssssssss', 'tttttttt', 't', 'ss', 'sssssss']
['v']
['uu']
['vv']
['xxxxxx', 'wwwwwww', 'xxxxxxx', 'wwwwwwww', 'w', 'xxxxx', 'xx', 'wwwwww', 'xxxx']
['xxxxxxxx', 'ww']
['CCCCC', 'CCCCCCCC', 'CCCC', 'DDDDDDDD', 'CCC', 'CCCCCC', 'DDDDDD', 'DDDDDDD', 'CCCCCCC', 'C', 'D', 'DD', 'DDDD', 'DDDDD', 'DDD', 'CC']
