['1', '229', '238', '130', '109', '123', '137', '203', '209', '223', '118', '135', '142', '143', '159', '171', '218', '102', '119', '122', '151', '165', '170', '197', '202', '162', '179', '187', '188', '199', '212', '121', '146', '152', '166', '172', '184', '186', '226', '227', '234', '240', '91', '136', '153', '157', '190', '194', '206', '207', '221', '236', '88', '94', '95', '103', '131', '132', '138', '144', '185', '189', '232', '105', '110', '120', '139', '148', '169', '196', '214', '225', '239', '101', '104', '114', '127', '133', '155', '183', '195', '222', '228', '106', '116', '154', '156', '160', '174', '177', '213', '90', '125', '192', '193', '201', '233', '128', '147', '149', '167', '215', '217', '219', '231', '93', '96', '97', '100', '107', '163', '173', '182', '200', '235', '140', '86', '99', '181', '220', '92', '112', '134', '145', '164', '409', '108', '126', '180', '224', '115', '129', '216', '124', '208', '117', '237', '210', '205', '355', '406', '353', '241', '332', '330', '335', '405', '242', '324', '318', '348', '350', '368', '400', '427']
['0', '336', '338', '381', '393', '325', '334', '339', '366', '404', '320', '327', '354', '364', '375', '382', '411', '421', '342', '343', '362', '373', '408', '415', '425', '426', '314', '340', '344', '346', '395', '399', '419', '352', '357', '367', '397', '417', '420', '424', '429', '313', '315', '317', '365', '377', '412', '413', '416', '422', '316', '361', '363', '371', '378', '384', '386', '359', '370', '379', '410', '358', '387', '407', '347', '385', '389', '391', '392', '326', '328', '374', '380', '383', '398', '321', '337', '349', '388', '322', '323', '345', '351', '356', '360', '401', '414', '423', '319', '396', '376', '418', '394', '403', '329', '333', '390', '341', '428', '402', '369', '372', '331', '20', '33', '27', '30', '13', '32', '19', '42', '52', '472', '35', '38', '12', '39', '40', '275', '29', '56', '24', '26', '34', '41', '51', '292', '301', '17', '22', '37', '49', '276', '7', '9', '10', '48', '50', '278', '286', '25', '44', '297', '8', '18', '36', '43', '266', '272', '293', '15', '270', '277', '282', '288']
['150', '312', '450', '248', '454']
['158', '300', '287', '294', '296', '268', '274', '289', '493', '273', '295', '71', '74', '84', '264', '285', '62', '280', '284', '478', '485', '64', '265', '290', '474', '483', '499', '291', '482', '488', '490', '255', '269', '471', '473', '487', '494', '57', '279', '281', '489', '495', '497', '61', '73', '271', '486', '496', '69', '252', '283', '437', '451', '53', '60', '299', '468', '475', '480', '484', '67', '72', '458', '498', '54', '55', '66', '432', '442', '477', '481', '58', '59', '63', '78', '311', '440', '445', '491', '492', '243', '257', '434', '452', '75', '247', '430', '479', '76', '244', '258', '431', '444', '456', '254', '303', '436', '446', '70', '83', '250', '308', '435', '447', '459', '65', '304', '433', '439', '457', '253', '263', '309', '462', '3', '79', '82', '85', '262', '302', '2', '4', '81', '68', '245', '256', '259', '448', '453', '463', '464', '465', '466', '467', '6', '438', '441', '80', '469', '449', '470', '307', '455', '460', '251', '260', '306', '305', '310', '5', '443', '249', '246']
['176']
['113', '461']
['161']
['191']
['175']
['87', '77']
['89']
['98']
['141']
['198']
['168']
['178', '298', '21', '28', '267', '47', '31', '11', '45', '14', '16', '46', '23', '261']
['230']
['111']
['204']
['211', '476']
