['Ludovico9', 'Gilda2', 'Odino6', 'Sue2', 'Anastasio7', 'Rosita1', 'Gerlando9', 'Rosolino0', 'Pierfrancesco0', 'Nestore3', 'Fabio8', 'Fatima9', 'Giovanna5', 'Pietro1', 'Mietta0', 'Pacifico0', 'Lauro5', 'Kris2', 'Tazio7', 'Trevis8']
['Mattia9', 'Bortolo5', 'Bibiana4', 'Alighiero7', 'Italo5', 'Osea9', 'Tristano5', 'Siro3', 'Brigitta5', 'Rosalba1', 'Bettino1', 'Sirio6', 'Ubaldo1', 'Cesidia8', 'Battista3', 'Marcella3', 'Penelope5', 'Carmela3', 'Marcella0', 'Mattia6']
['Giacinto6', 'Jari2', 'Lamberto6', 'Gianleonardo6', 'Rodolfo9', 'Tolomeo6', 'Flaviana6', 'Loretta4', 'Emanuel3', 'Fiorentino3', 'Edilio6', 'Benedetta5', 'Elsa0', 'Piersilvio0', 'Maggiore2', 'Valdo2', 'Demis2', 'Lisa0', 'Jack2', 'Gavino8']
['Cira7', 'Rosalino2', 'Evangelista9', 'Siro0', 'Ercole2', 'Fernando8', 'Marino8', 'Rebecca6', 'Primo9', 'Michael4', 'Xavier5', 'Rebecca2', 'Terzo7', 'Erminio4', 'Erminio9', 'Adriano1', 'Aroldo4', 'Nayade9', 'Fortunata0', 'Cassiopea3']
['Renzo5', 'Genziana8', 'Assia0', 'Furio5', 'Maggiore3', 'Cira8', 'Tolomeo0', 'Oretta5', 'Oretta9', 'Giorgio2', 'Giorgio3', 'Fabio9', 'Iacopo2', 'Azue3', 'Jole3', 'Miriana4', 'Arcibaldo8', 'Audenico0', 'Joannes5', 'Siro2']
['Edilio5', 'Clodovea2', 'Marzio7', 'Celeste4', 'Priamo8', 'Guido6', 'Alessio3', 'Ludovico2', 'Siro8', 'Liborio4', 'Adriano0', 'Danuta0', 'Deborah2', 'Costanzo6', 'Priamo0', 'Domiziano7', 'Piersilvio3', 'Quarto3', 'Nestore8', 'Leonardo0']
['Caio6', 'Avide3', 'Dante5', 'Erminia5', 'Nathan9', 'Antonino6', 'Ilario9', 'Amedeo1', 'Tancredi6', 'Dante0', 'Tommaso8', 'Loredana6', 'Cleopatra5', 'Emidio9', 'Mecren9', 'Serse1', 'Alessio7', 'Quirino1', 'Ivano3', 'Trevis2']
['Benedetta4', 'Folco0', 'Monia6', 'Nicoletta3', 'Gianantonio6', 'Concetta9', 'Elda2', 'Ethan9', 'Arturo8', 'Thea4', 'Mariagiulia3', 'Pacifico5', 'Mariagiulia0', 'Carlo1', 'Thea5', 'Gaetano5', 'Sesto2', 'Carmelo4', 'Enzo7', 'Mirko4']
['Maruska3', 'Fatima2', 'Ferdinando6', 'Laura1', 'Concetta1', 'Kai5', 'Matilde9', 'Walter1', 'Marianita5', 'Cassiopea9', 'Folco3', 'Mariagiulia9', 'Sesto4', 'Baldassarre3', 'Monia8', 'Sabatino1', 'Carmela6', 'Gianantonio5', 'Ferdinando0', 'Mauro7']
['Gianriccardo3', 'Umberto0', 'Rufo5', 'Tazio1', 'Giobbe6', 'Filomena4', 'Brigitta8', 'Luce6', 'Eusebio3', 'Giorgio6', 'Olimpia3', 'Enzo0', 'Mietta1', 'Laerte9', 'Antonio9', 'Timoteo9', 'Italo9', 'Nestore7', 'Eriberto9', 'Michele7']
['Santo9', 'Marianita7', 'Modesto4', 'Gaetano4', 'Rocco9', 'Osvaldo5', 'Mattia1', 'Filomena3', 'Sasha7', 'Matteo9', 'Ruth1', 'Demi6', 'Jacopo3', 'Gregorio7', 'Akira3', 'Demi9', 'Ian0', 'Siro9', 'Rebecca5', 'Cassiopea8']
['Giancarlo3', 'Edipo5', 'Anastasio3', 'Patrizio4', 'Marianita8', 'Renato5', 'Vania3', 'Isabel1', 'Liborio8', 'Egisto1', 'Elio3', 'Lia2', 'Mariano0', 'Alan9', 'Amerigo1', 'Demis3', 'Zaccaria2', 'Armando0', 'Tancredi5', 'Ileana5']
['Eustachio2', 'Giacobbe7', 'Ercole4', 'Cleros5', 'Karim8', 'Elda4', 'Cleros6', 'Giulio2', 'Noah6', 'Davide5', 'Mecren5', 'Sandro2', 'Muzio8', 'Joshua3', 'Luigi7', 'Ubaldo2', 'Marcella4', 'Demis1', 'Gianmaria7', 'Zelida4']
['Caio2', 'Secondo5', 'Oreste0', 'Miriana9', 'Cleros4', 'Noah0', 'Diamante6', 'Sebastian2', 'Damiana2', 'Valdo9', 'Pablo9', 'Donatella7', 'Armando8', 'Marzio4', 'Primo1', 'Umberto9', 'Orfeo9', 'Claudia1', 'Sirio1', 'Folco4']
['Sasha9', 'Rita6', 'Marino4', 'Laura9', 'Hector0', 'Graziano0', 'Gianmarco5', 'Isabel6', 'Noel4', 'Timoteo5', 'Davide8', 'Iacopo1', 'Elga3', 'Primo3', 'Gilda5', 'Claudia6', 'Fiorenzo1', 'Sarita4', 'Laerte5', 'Doriana2']
['Sue0', 'Teseo4', 'Orfeo1', 'Eusebio6', 'Timoteo4', 'Fortunata6', 'Fiorenzo7', 'Nabil5', 'Gioacchino6', 'Enzo6', 'Radames7', 'Rosalba8', 'Nathan2', 'Lidia6', 'Caligola7', 'Ercole9', 'Alessandro3', 'Amedeo5', 'Marieva8', 'Caligola0']
['Odone4', 'Penelope7', 'Laerte0', 'Violante6', 'Renzo6', 'Nestore6', 'Marina6', 'Celeste3', 'Luce0', 'Davide1', 'Mariagiulia4', 'Xavier7', 'Eriberto7', 'Nico6', 'Marzio5', 'Gioacchino7', 'Antimo9', 'Sabino2', 'Prisca3', 'Damiana9']
['Elio8', 'Folco8', 'Orfeo7', 'Nico1', 'Ulrico6', 'Loredana0', 'Giovanna3', 'Ian2', 'Cleopatra8', 'Gregorio2', 'Anselmo3', 'Santo3', 'Guendalina3', 'Sarita7', 'Jelena1', 'Eustachio1', 'Leonardo1', 'Gianantonio3', 'Vera2', 'Radames4']
['Giulietta7', 'Orfeo4', 'Ermes4', 'Ausonio0', 'Samira4', 'Prisca2', 'Clodovea1', 'Ariel9', 'Vania2', 'Costantino7', 'Maika9', 'Tristano8', 'Sesto8', 'Orfeo5', 'Secondo0', 'Fatima0', 'Ursula5', 'Tancredi4', 'Bibiana6', 'Assia4']
['Joseph7', 'Irene7', 'Fabiano3', 'Alighieri1', 'Marianita1', 'Osea1', 'Kayla9', 'Elsa1', 'Jacopo4', 'Ethan3', 'Soriana6', 'Lidia0', 'Kayla3', 'Emanuel7', 'Trevis3', 'Nestore4', 'Danthon5', 'Emanuel1', 'Lorenzo9', 'Mietta2']
['Marvin0', 'Anselmo8', 'Miriam7', 'Nestore5', 'Jari0', 'Raoul7', 'Walter3', 'Umberto6', 'Moreno5', 'Nazzareno0', 'Arduino8', 'Pablo7', 'Enrico1', 'Ercole1', 'Joshua0', 'Radames1', 'Raniero0', 'Samira6', 'Lino4', 'Anselmo9']
['Jarno1', 'Sibilla4', 'Erminia2', 'Cleros7', 'Mirko6', 'Gelsomina6', 'Quasimodo0', 'Marzio6', 'Joseph3', 'Artes8', 'Deborah4', 'Bortolo9', 'Ermes9', 'Enzo3', 'Michael9', 'Odino9', 'Ercole8', 'Eliziario6', 'Lazzaro2', 'Loretta1']
['Albino1', 'Kris3', 'Walter7', 'Cosetta2', 'Edipo4', 'Lidia4', 'Amedeo6', 'Odone8', 'Edilio2', 'Ettore0', 'Leonardo7', 'Cleros2', 'Karim1', 'Gianriccardo2', 'Diamante4', 'Cleopatra1', 'Guido1', 'Nathan3', 'Sebastian4', 'Deborah9']
['Rosalino0', 'Romeo4', 'Concetta5', 'Max1', 'Lauro3', 'Odone9', 'Dylan9', 'Folco6', 'Elga8', 'Alberto5', 'Ione9', 'Fiorenzo8', 'Loris4', 'Marieva7', 'Miriam8', 'Vinicio8', 'Arduino5', 'Cirino1', 'Rosaria8', 'Marina7']
['Armando5', 'Giordano5', 'Fabiano1', 'Osea0', 'Luigi4', 'Silvano4', 'Eriberto1', 'Amerigo5', 'Marina4', 'Maika6', 'Manfredi5', 'Costanzo4', 'Miriana7', 'Augusto8', 'Ethan7', 'Cleopatra7', 'Romeo2', 'Benedetta1', 'Bettino8', 'Erminia8']
