['Ortensia', 'Loria', 'Karlotta', 'Phillis', 'Joleen', 'Jane', 'Livia', 'Daisi', 'Gussy', 'Brenn', 'Cristina', 'Constantia', 'Dolores', 'Neilla', 'Ardenia', 'Natala', 'Wendeline', 'Noelyn', 'Lynnett']
['Elinor', 'Inna', 'Cayla', 'Kellen', 'Anjanette', 'Therine', 'Fredelia', 'Paula', 'Vi', 'Callie', 'Ula', 'Sue', 'Joannes', 'Catina', 'Natka', 'Gerianna', 'Riannon', 'Lita', 'Roseann']
['Laura', 'Henriette', 'Tatiana', 'Misti', 'Genni', 'Shelli', 'Carmelia', 'Lisbeth', 'Christina', 'Madalena', 'Carlye', 'Anthe', 'Midge', 'Sofia', 'Sheilah', 'Leilah', 'Maryl', 'Gayle', 'Biddie']
['Anya', 'Dana', 'Grazia', 'Pansie', 'Karisa', 'Honey', 'Tersina', 'Bell', 'Elayne', 'Imogen', 'Shayna', 'Annie', 'Sallyanne', 'Pollyanna', 'Madonna', 'Valentine', 'Emilee', 'Bobbie', 'Madelin']
['Jessamyn', 'Fayth', 'Amitie', 'Geri', 'Giselle', 'Erinna', 'Jaime', 'Uta', 'Lorinda', 'Trude', 'Jodi', 'Miquela', 'Kerstin', 'Pandora', 'Rasla', 'Brandise', 'Lila', 'Cate', 'Delila']
['Lorna', 'Susi', 'Cordy', 'Courtnay', 'Emmalynne', 'Libby', 'Raven', 'Oliy', 'Philomena', 'Sheree', 'Reggi', 'Maryjo', 'Alvina', 'Marcia', 'Freda', 'Nerta', 'Brynne', 'Melva', 'Isabelle']
['Clemmy', 'Ardine', 'Tresa', 'Katha', 'Sharla', 'Cinnamon', 'Lindsy', 'Ivie', 'Sheena', 'Lillis', 'Siusan', 'Nora', 'Kania', 'Lyn', 'Tamarah', 'Rozanna', 'Kata', 'Sara', 'Marla']
['Rebbecca', 'Milena', 'Koressa', 'Renae', 'Erma', 'Heidie', 'Brynna', 'Lisabeth', 'Tova', 'Jennica', 'Joycelin', 'Silva', 'Karol', 'Hatty', 'Dayle', 'Natalina', 'Deny', 'Ashely', 'Janey']
['Dianna', 'Lacey', 'Renelle', 'Yalonda', 'Katalin', 'Tressa', 'Feliza', 'Lilla', 'Annalee', 'Jsandye', 'Corella', 'Cecelia', 'Corey', 'Pippy', 'Vivia', 'Ellie', 'Brigid', 'Denyse', 'Pia']
['Vonny', 'Linette', 'Arleyne', 'Bessy', 'Devinne', 'Gigi', 'Kalindi', 'Bibbie', 'Melodie', 'Brandie', 'Fayina', 'Eve', 'Kaylyn', 'Leora', 'Winifred', 'Claudina', 'Dulcea', 'Nicoli', 'Sibylle']
['Tanhya', 'Shaina', 'Viva', 'Romonda', 'Zita', 'Licha', 'Drucill', 'Andree', 'Randene', 'Lorrin', 'Gabriell', 'Nevsa', 'Marley', 'Coretta', 'Marice', 'Kora', 'Matilda', 'Harriett', 'Lona']
['Kippy', 'Patti', 'Debbie', 'Phedra', 'Ashli', 'Jobina', 'Clemmie', 'Keri', 'Marjie', 'Sayre', 'Rosalind', 'Avivah', 'Rosina', 'Jess', 'Giralda', 'Shayne', 'Stefa', 'Terra', 'Carree']
['Rosalinde', 'Geralda', 'Lanni', 'Eula', 'Mehetabel', 'Idalina', 'Emmy', 'Susana', 'Mariejeanne', 'Harrie', 'Laverna', 'Henrietta', 'Lavinia', 'Ealasaid', 'Andriette', 'Merline', 'Nolana', 'Siobhan', 'Kiersten']
['Pierrette', 'Arliene', 'Chelsea', 'Alyce', 'Coral', 'Starr', 'Ginger', 'Marigold', 'Cory', 'Nerissa', 'Janette', 'Jeannie', 'Garland', 'Mareah', 'Magdaia', 'Veronike', 'Caryn', 'Kay', 'Frankie']
['Jeannette', 'Idell', 'Esmaria', 'Toma', 'Trista', 'Debby', 'Lorraine', 'Charis', 'Tanya', 'Vilma', 'Jacquenette', 'Cordie', 'Laraine', 'Rosene', 'Vanessa', 'Donella', 'Camille', 'Herminia', 'Prudi']
['Clari', 'Kristin', 'Mable', 'Laurice', 'Gwendolen', 'Lauretta', 'Megan', 'Saundra', 'Meggy', 'Elisabet', 'Gaynor', 'Danell', 'Nadine', 'Chris', 'Tamarra', 'Allsun', 'AnnaDiane', 'Lina', 'Costanza']
['Una', 'Barbe', 'Laverne', 'Essa', 'Jada', 'Jenna', 'Shay', 'Constantina', 'Ashlen', 'Fawne', 'Lois', 'Rachel', 'Goldina', 'Evangeline', 'Goldi', 'Shelby', 'Kettie', 'Paulina', 'Thomasina']
['Erna', 'Toni', 'Ethelind', 'Katleen', 'Hyacinth', 'Bria', 'Maddalena', 'Raine', 'Edi', 'Eddi', 'Laureen', 'Carline', 'Nomi', 'Raye', 'Dulcia', 'Merrielle', 'Jeannine', 'Serena', 'Reeva']
['Valerie', 'Liz', 'Jolie', 'HelenElizabeth', 'Kylen', 'Christin', 'Myrilla', 'Christabel', 'Robena', 'Jessika', 'Verina', 'Penny', 'Kial', 'Vallie', 'Cherry', 'Phil', 'Deeann', 'Nelia', 'Willabella']
['Lori', 'Shelia', 'Zoe', 'Blake', 'Jasmin', 'Tiffani', 'Tammy', 'Almeda', 'Jorey', 'Paulette', 'Joly', 'Minnnie', 'Darcee', 'Neila', 'Flori', 'Crystie', 'Jaclyn', 'Kassia', 'Hendrika']
['Edeline', 'Cynde', 'AnnaDiana', 'Moyra', 'Emelina', 'Aubrette', 'Amabel', 'Bonnee', 'Martguerita', 'Zorana', 'Leona', 'Gwenette', 'Tobi', 'Mia', 'Chrystel', 'Libbi', 'Betteanne', 'Wilow', 'Sherline']
['Sophie', 'Mariette', 'Suellen', 'Gerrilee', 'Faith', 'Shani', 'Dulcie', 'Helenka', 'Evvy', 'Kinna', 'Cammie', 'Sharron', 'Reta', 'Jeniffer', 'Marylou', 'Lia', 'Kacey', 'Pavla', 'Vickie']
['Sephira', 'Tilda', 'SheilaKathryn', 'Tessy', 'Genna', 'Ray', 'Corinna', 'Billy', 'Meris', 'Di', 'Kathlin']
['Mina', 'Wilone', 'Johnette', 'Vin', 'Barbaraanne', 'Camilla', 'Ondrea', 'Heather', 'Kelcey', 'Madelyn', 'Sheeree', 'Lorena', 'Marlyn', 'Eadie', 'Thalia', 'Lettie', 'Jeralee', 'Stepha', 'Tybi']
['Analise', 'Patience']
