['326', '198', '195', '194', '191', '271', '275', '102', '106', '38', '31', '37', '34', '335', '239', '1', '145', '135', '139', '370', '372', '374', '395', '83', '7', '247', '246', '240', '243', '173', '182', '12', '15', '17', '16', '320', '325', '201', '202', '207', '209', '77', '75', '126', '312', '311', '366', '381', '65', '252', '257', '168', '166', '167', '161', '357', '355', '353', '358', '217', '214', '218', '289', '287', '262', '58', '54', '52', '307', '226', '391', '344', '345', '346', '340', '341', '342', '348', '296', '294', '295', '292', '293', '197', '196', '190', '193', '192', '270', '272', '273', '274', '276', '277', '278', '279', '108', '109', '103', '100', '101', '107', '105', '39', '33', '32', '36', '339', '338', '334', '337', '336', '331', '330', '333', '332', '6', '99', '98', '91', '90', '93', '92', '95', '94', '97', '96', '238', '234', '235', '236', '237', '230', '231', '232', '233', '146', '147', '144', '142', '143', '140', '141', '148', '149', '133', '132', '131', '130', '137', '136', '138', '24', '25', '26', '20', '21', '22', '23', '29', '400', '378', '371', '373', '375', '377', '376', '393', '392', '88', '89', '396', '394', '82', '80', '81', '86', '87', '84', '85', '245', '244', '241', '242', '249', '248', '179', '178', '177', '176', '175', '174', '172', '171', '170', '253', '183', '180', '181', '186', '184', '185', '188', '189', '11', '10', '13', '14', '19', '18', '62', '323', '321', '327', '324', '328', '329', '200', '203', '205', '204', '76', '74', '72', '71', '78', '2', '8', '68', '120', '121', '122', '123', '124', '127', '128', '318', '313', '310', '317', '315', '314', '3', '368', '367', '364', '362', '363', '360', '361', '382', '383', '384', '385', '387', '388', '60', '258', '259', '66', '67', '69', '251', '255', '169', '164', '165', '160', '162', '163', '356', '354', '352', '351', '350', '213', '210', '288', '4', '281', '283', '282', '285', '286', '263', '261', '260', '267', '266', '265', '264', '268', '59', '57', '56', '51', '50', '53', '63', '115', '116', '110', '112', '119', '118', '308', '309', '300', '301', '303', '305', '306', '229', '228', '227', '224', '223', '222', '221', '390', '152', '156', '159', '158', '399', '48', '45', '40']
['79', '134', '55', '304', '104', '206', '73', '125', '319', '61', '256', '9', '359', '212', '211', '219', '280', '284', '114', '111', '302', '220', '151', '150', '153', '155', '157', '398', '49', '46', '47', '44', '42', '43', '41']
['64', '379', '129', '386']
['297', '208']
['290', '187']
['30', '365', '215']
['27', '35']
['322', '113']
['316']
['369', '389']
['250', '397', '216']
['117', '154']
['225', '28', '5']
['347']
['343', '269']
['349', '254']
['298', '380']
['299']
['291']
['199', '70']
