['Vertex388', 'Vertex99', 'Vertex116', 'Vertex247', 'Vertex255', 'Vertex331', 'Vertex430', 'Vertex56', 'Vertex131', 'Vertex183', 'Vertex241', 'Vertex244', 'Vertex262', 'Vertex266', 'Vertex318', 'Vertex332', 'Vertex362', 'Vertex383', 'Vertex385', 'Vertex40']
['Vertex364', 'Vertex153', 'Vertex65', 'Vertex50', 'Vertex53', 'Vertex81', 'Vertex84', 'Vertex171', 'Vertex246', 'Vertex284', 'Vertex311', 'Vertex335', 'Vertex345', 'Vertex418', 'Vertex42', 'Vertex46', 'Vertex86', 'Vertex145', 'Vertex189', 'Vertex200']
['Vertex251', 'Vertex420', 'Vertex333', 'Vertex358', 'Vertex249', 'Vertex353', 'Vertex399', 'Vertex415', 'Vertex43', 'Vertex60', 'Vertex269', 'Vertex317', 'Vertex366', 'Vertex41', 'Vertex88', 'Vertex127', 'Vertex237', 'Vertex300', 'Vertex327', 'Vertex406']
['Vertex295', 'Vertex380', 'Vertex135', 'Vertex252', 'Vertex381', 'Vertex168', 'Vertex222', 'Vertex236', 'Vertex359', 'Vertex61', 'Vertex67', 'Vertex98', 'Vertex109', 'Vertex137', 'Vertex212', 'Vertex225', 'Vertex274', 'Vertex373', 'Vertex422', 'Vertex424']
['Vertex323', 'Vertex346', 'Vertex340', 'Vertex110', 'Vertex256', 'Vertex271', 'Vertex291', 'Vertex292', 'Vertex319', 'Vertex321', 'Vertex339', 'Vertex378', 'Vertex401', 'Vertex426', 'Vertex62', 'Vertex76', 'Vertex80', 'Vertex91', 'Vertex124', 'Vertex126']
['Vertex342', 'Vertex245', 'Vertex428', 'Vertex216', 'Vertex298', 'Vertex92', 'Vertex439', 'Vertex242', 'Vertex303', 'Vertex412', 'Vertex102', 'Vertex121', 'Vertex133', 'Vertex139', 'Vertex155', 'Vertex286', 'Vertex304', 'Vertex357', 'Vertex403', 'Vertex409']
['Vertex93', 'Vertex302', 'Vertex393', 'Vertex141', 'Vertex130', 'Vertex143', 'Vertex213', 'Vertex49', 'Vertex101', 'Vertex52', 'Vertex159', 'Vertex167', 'Vertex230', 'Vertex273', 'Vertex377', 'Vertex432', 'Vertex85', 'Vertex181', 'Vertex185', 'Vertex234']
['Vertex208', 'Vertex341', 'Vertex389', 'Vertex297', 'Vertex417', 'Vertex369', 'Vertex288', 'Vertex148', 'Vertex160', 'Vertex191', 'Vertex314', 'Vertex394', 'Vertex59', 'Vertex150', 'Vertex231', 'Vertex419', 'Vertex115', 'Vertex119', 'Vertex138', 'Vertex229']
['Vertex51', 'Vertex309', 'Vertex305', 'Vertex367', 'Vertex254', 'Vertex410', 'Vertex74', 'Vertex83', 'Vertex108', 'Vertex184', 'Vertex259', 'Vertex325', 'Vertex349', 'Vertex45', 'Vertex79', 'Vertex94', 'Vertex166', 'Vertex179', 'Vertex182', 'Vertex211']
['Vertex158', 'Vertex54', 'Vertex436', 'Vertex193', 'Vertex287', 'Vertex374', 'Vertex68', 'Vertex136', 'Vertex243', 'Vertex372', 'Vertex416', 'Vertex228', 'Vertex233', 'Vertex270', 'Vertex356', 'Vertex368', 'Vertex375', 'Vertex376', 'Vertex433', 'Vertex120']
['Vertex429', 'Vertex164', 'Vertex177', 'Vertex344', 'Vertex73', 'Vertex100', 'Vertex202', 'Vertex282', 'Vertex384', 'Vertex387', 'Vertex44', 'Vertex48', 'Vertex66', 'Vertex72', 'Vertex117', 'Vertex190', 'Vertex275', 'Vertex283', 'Vertex320', 'Vertex334']
['Vertex70', 'Vertex351', 'Vertex348', 'Vertex192', 'Vertex280', 'Vertex414', 'Vertex268', 'Vertex337', 'Vertex343', 'Vertex354', 'Vertex386', 'Vertex395', 'Vertex434', 'Vertex438', 'Vertex105', 'Vertex142', 'Vertex180', 'Vertex205', 'Vertex277', 'Vertex285']
['Vertex90', 'Vertex75', 'Vertex58', 'Vertex382', 'Vertex261', 'Vertex427', 'Vertex162', 'Vertex371', 'Vertex379', 'Vertex411', 'Vertex435', 'Vertex111', 'Vertex125', 'Vertex186', 'Vertex223', 'Vertex316', 'Vertex423', 'Vertex437', 'Vertex89', 'Vertex154']
['Vertex210', 'Vertex107', 'Vertex279', 'Vertex296', 'Vertex172', 'Vertex144', 'Vertex218', 'Vertex329', 'Vertex201', 'Vertex209', 'Vertex347', 'Vertex390', 'Vertex407', 'Vertex134', 'Vertex178', 'Vertex307', 'Vertex232', 'Vertex235', 'Vertex253', 'Vertex281']
['Vertex263', 'Vertex198', 'Vertex217', 'Vertex290', 'Vertex248', 'Vertex278', 'Vertex220', 'Vertex267', 'Vertex176', 'Vertex199', 'Vertex47', 'Vertex203', 'Vertex360', 'Vertex128', 'Vertex370', 'Vertex308']
['Vertex272', 'Vertex421', 'Vertex227', 'Vertex264', 'Vertex195', 'Vertex361', 'Vertex103']
['Vertex226', 'Vertex104', 'Vertex221', 'Vertex207', 'Vertex315', 'Vertex352', 'Vertex140', 'Vertex258', 'Vertex289', 'Vertex77', 'Vertex114', 'Vertex146', 'Vertex197', 'Vertex206', 'Vertex219', 'Vertex224', 'Vertex265', 'Vertex293', 'Vertex398', 'Vertex69']
['Vertex257', 'Vertex363', 'Vertex161', 'Vertex306']
['Vertex78', 'Vertex240']
['Vertex87', 'Vertex147', 'Vertex310', 'Vertex313', 'Vertex431', 'Vertex250', 'Vertex425', 'Vertex215', 'Vertex365', 'Vertex204', 'Vertex322', 'Vertex324', 'Vertex391', 'Vertex402', 'Vertex156', 'Vertex169', 'Vertex95', 'Vertex157', 'Vertex194', 'Vertex173']
['Vertex112', 'Vertex118', 'Vertex129']
['Vertex122', 'Vertex400', 'Vertex97', 'Vertex149', 'Vertex170', 'Vertex188', 'Vertex163']
['Vertex151', 'Vertex63', 'Vertex106', 'Vertex113', 'Vertex174', 'Vertex55', 'Vertex336', 'Vertex405', 'Vertex152', 'Vertex404', 'Vertex96', 'Vertex397', 'Vertex238', 'Vertex326', 'Vertex71', 'Vertex82', 'Vertex132', 'Vertex330', 'Vertex123']
['Vertex350']
['Vertex57']
['Vertex64']
['Vertex165', 'Vertex294', 'Vertex408']
['Vertex260']
['Vertex276', 'Vertex355']
['Vertex299']
['Vertex301']
['Vertex396']
['Vertex187', 'Vertex338']
['Vertex196', 'Vertex175']
['Vertex214']
['Vertex239']
['Vertex312']
['Vertex328']
['Vertex392']
['Vertex413']
