['Cliff', 'Brock', 'Fidel', 'Elmer', 'Mitzi', 'Cesar', 'Ebony', 'Helga', 'Maria', 'Ariel', 'Rusty', 'Billy', 'Elvin', 'Benny', 'Della', 'Zelma', 'Allan', 'Nelda', 'Quinn', 'Roger', 'Karin', 'Donny', 'Lorie', 'Greta', 'Marcy', 'Casey', 'Wally', 'Lauri', 'Bruno', 'Perry', 'Hazel', 'Rhett', 'Dario', 'Danny', 'Amado', 'Aaron', 'Maude', 'Jared', 'Kevin', 'Peter', 'Dusty', 'Kathy', 'Sonja', 'Katie', 'Audra', 'Tonia', 'Orval', 'Flora', 'Garry', 'Robin']
['Leona', 'Willy', 'Linda', 'Pedro', 'Deann', 'Timmy', 'Olive', 'Micah', 'Pearl', 'Becky', 'Emery', 'Sadie', 'Tracy', 'Bryan', 'Trent', 'Laura', 'Ahmad', 'Nikki', 'Renee', 'Rhoda', 'Mandy', 'Jamel', 'Erick', 'Hilda', 'Effie', 'Kirby', 'Dwain', 'Fritz', 'Sammy', 'Mamie', 'Elena', 'Sonny', 'Lanny', 'Rufus', 'Terri', 'Berta', 'Percy', 'Adela', 'Tonya', 'Twila', 'Terry', 'Naomi', 'Candy', 'Aline', 'Chang', 'Marty', 'Basil', 'Bryon', 'Leroy', 'Queen']
['Tanya', 'Britt', 'Annie', 'Ellen', 'Bryce', 'Robyn', 'Julia', 'Elias', 'Wilma', 'Odell', 'Chase', 'Chong', 'Clyde', 'Brady', 'Erica', 'Leila', 'Wendy', 'Shane', 'Alton', 'Homer', 'Hyman', 'Major', 'Daron', 'Elvia', 'Nadia', 'Misty', 'Pansy', 'Jason', 'Barry', 'Ernie', 'Myron', 'Vicky', 'Josef', 'Erika', 'Irvin', 'Viola', 'Holly', 'Chris', 'Avery', 'Paige', 'Edwin', 'Joyce', 'Buddy', 'Marci', 'Tessa', 'Lorna', 'Roxie', 'Sybil', 'Mitch', 'Wanda']
['Clark', 'Adele', 'Mikel', 'Malik', 'Margo', 'Leann', 'Tyron', 'Joann', 'Moshe', 'Merle', 'Davis', 'Monty', 'Tammi', 'Debra', 'Emily']
['Tasha', 'Mason', 'Jonah', 'Louis', 'Lyman', 'Ronny', 'Shaun', 'Dante', 'Julio', 'Brant', 'Marla', 'Claud']
['Jayne', 'Mable', 'Arlen', 'April', 'Wyatt', 'Essie']
['Maura', 'Gayle']
['Steve', 'Corey']
['David', 'Janet', 'Doris', 'Tommy', 'Sofia', 'James']
['Lydia', 'Grant', 'Carla', 'Betsy', 'Jamar', 'Verna', 'Eddie', 'Cindy']
['Josie', 'Ervin', 'Clint', 'Nancy', 'Felix', 'Ilene', 'Kelly', 'Moses']
['Melba', 'Kayla', 'Dixie', 'Wendi', 'Brent']
['Carly', 'Alice', 'Bette', 'Sandy', 'Amber', 'Randy', 'Jacob']
['Staci', 'Lucio', 'Cyrus', 'Teddy', 'Janis', 'Donna', 'Roman', 'Lacey']
['Bobbi', 'Ruben', 'Vilma']
['Daisy', 'Clara', 'Elsie', 'Mario', 'Devin', 'Issac', 'Randi']
['Darin', 'Ollie', 'Sally']
['Sheri', 'Jaime', 'Freda']
['Brian', 'Alvin', 'Craig']
['Patti', 'Karen']
