['93', '19', '170', '239', '245', '33']
['135', '27', '165', '186', '14', '24']
['192', '89', '123', '17', '40', '83']
['223']
['147', '61', '64', '68', '84', '92']
['23', '34', '9', '38', '94', '126']
['230', '69', '106', '142', '2', '30']
['78', '143', '133', '138', '211', '213']
['41', '139', '173', '195', '212', '219']
['162', '229', '74', '221', '1', '39']
['220', '112', '169', '187', '90', '155']
['243', '26', '161', '58', '132', '10']
['15', '120', '72', '87', '109', '166']
['54', '228', '237', '7', '82', '122']
['97', '144', '118', '157', '215', '227']
['103', '105', '191', '196', '236', '53']
['197', '130', '231', '249', '12', '102']
['13', '75', '179', '80', '85', '151']
['32', '8', '190', '31', '35', '44']
['36', '62', '52', '63', '183', '216']
['47', '127', '160', '194', '210', '235']
['77', '131', '107', '128', '168', '176']
['108', '234', '46', '73', '79', '141']
['134', '114', '205', '28', '104', '113']
['158', '67', '119', '150', '175', '6']
['203', '21', '100', '116', '181', '185']
['37', '57', '22', '193', '198', '0']
['45', '124', '140', '164', '222', '50']
['48', '18', '101', '250', '56', '121']
['81', '233', '25', '88', '137', '172']
['96', '214', '115', '91', '209', '42']
['98', '202', '218', '148', '95', '174']
['99', '49', '204', '3', '125', '232']
['152', '171', '159', '51', '16', '60']
['167', '145', '178', '201', '66', '110']
['200', '153', '240', '184', '208', '4']
['226', '207', '180', '129', '117', '11']
['248', '71', '177', '225']
['20', '241']
['55', '86']
['70', '189', '206', '65', '182']
['111', '76', '238', '242']
['136']
['146', '5', '224', '59']
['149', '43']
['156']
['188']
['199', '247', '29', '163', '217']
['244']
['246', '154']
