['Richard', 'Cole', 'Jude', 'Logan', 'Grayson', 'Aaron', 'Ayden', 'Braxton', 'Peter', 'Reid']
['Isaac', 'Waylon', 'Felix', 'Kameron', 'William', 'Julian', 'Connor', 'Asher', 'Colton', 'Cooper']
['Killian', 'Victor', 'Iker', 'Daniel', 'Adrian', 'Maverick', 'Tristan', 'Ryker', 'Cash', 'Rylan']
['David', 'Miles', 'Benjamin', 'Matthew', 'Nicholas', 'Carter', 'John', 'Weston', 'Harrison', 'Giovanni']
['Mateo', 'Jace', 'Jesse', 'Jax', 'Matias', 'Colt', 'Beckham', 'Alexander', 'Axel', 'Amir']
['Carson', 'Michael', 'Eli', 'Ryder', 'Rowan', 'Jacob', 'Adam', 'Elias', 'Maxwell', 'Juan']
['Enzo', 'Amari', 'Greyson', 'Kaleb', 'Theo', 'Joel', 'Maximus', 'Adriel', 'Henry', 'Austin']
['am', 'Jack', 'Ryan', 'Damian', 'Emmett', 'Justin', 'Carlos', 'Eric', 'Malachi', 'Xander']
['Jayce', 'Ethan', 'Jose', 'Karson', 'Jaxon', 'Bennett', 'Graham', 'Dylan', 'Charles', 'Caleb']
['Jesus', 'Abel', 'Alex', 'Timothy', 'Louis', 'Jameson', 'Tyler', 'Emmanuel', 'Bryan', 'Caden']
['Avery', 'Ian', 'Jeremy', 'Brady', 'Erick', 'Andre', 'Evan', 'Vincent', 'Brody', 'Karter']
['Steven', 'Ivan', 'Javier', 'Cody', 'Aiden', 'Kayden', 'Kenneth', 'Holden', 'Rafael', 'Bryson']
['River', 'Dallas', 'Judah', 'Charlie', 'Cayden', 'Christian', 'Robert', 'Marcus', 'Myles', 'Kyrie']
['Omar', 'Alan', 'August', 'Bryce', 'Francisco', 'Simon', 'Elijah', 'Leo', 'Parker', 'Wesley']
['Chance', 'Tanner', 'Nicolas', 'Stephen', 'Emerson', 'Ace', 'Lucas', 'Nolan', 'Dominic', 'Jason']
['Lorenzo', 'Riley', 'Remington', 'Archer', 'Joshua', 'Roman', 'Kevin', 'Luis', 'James', 'Oliver']
['Zion', 'Ezekiel', 'Patrick', 'Aidan', 'Beckett', 'King', 'Grant', 'Tucker', 'Jasper', 'Dawson']
['Paxton', 'Jorge', 'Abraham', 'Brandon', 'Finley', 'Nathan', 'Silas', 'Diego', 'Kaiden', 'Blake']
['Knox', 'Nathaniel', 'Luke', 'Ashton', 'Rhett', 'Messiah', 'Zane', 'Thiago', 'Paul', 'Bradley']
['Gunner', 'Sean', 'Alejandro', 'Jaden', 'Owen', 'Anthony', 'Ezra', 'Mark', 'Jayden', 'Theodore']
['Santiago', 'Andrew', 'Jonathan', 'Sebastian', 'Andres', 'Zander', 'Josue', 'Legend', 'Walter', 'Damien']
['Leonardo', 'Emilio', 'Thomas', 'Brayden', 'Lukas', 'Barrett', 'Angel', 'Sawyer', 'Camden', 'Gael']
['Micah', 'Martin', 'Samuel', 'Gabriel', 'Levi', 'Hudson', 'Bentley', 'Zachary', 'Everett', 'Maddox']
['George', 'Cameron', 'Declan', 'Noah', 'Calvin', 'Hayden', 'Matteo', 'Dean', 'Milo', 'Colin']
['Beau', 'Isaiah', 'Jonah', 'Griffin', 'Lincoln', 'Hunter', 'Easton', 'Xavier', 'Max', 'Miguel']
['Elliot', 'Christopher', 'Chase', 'Oscar', 'Brian', 'Phoenix', 'Jackson', 'Jordan', 'Jaxson', 'Gavin']
['Finn', 'Nash', 'Derek', 'Kingston', 'Kaden', 'Kyle', 'Mason', 'Joseph', 'Josiah', 'Landon']
['Brantley', 'Kai', 'Zayden', 'Israel', 'Clayton', 'Manuel', 'Eduardo', 'Antonio', 'Arthur']
['Edward', 'Jeremiah', 'Elliott', 'Preston', 'Tobias']
['Brooks', 'Wyatt', 'Corbin', 'Jake', 'Luca', 'Emiliano', 'Leon']
