['28', '274', '307', '325', '33', '42', '96', '160', '179', '194', '218', '226']
['135', '99', '141', '142', '161', '193', '271', '323', '349', '385', '395', '20']
['165', '238', '343', '16', '117', '148', '245', '266', '279', '368', '44', '59']
['195', '40', '70', '278', '373', '61', '105', '157', '164', '225', '280', '287']
['63', '81', '369', '22', '147', '232', '251', '264', '309', '338', '9', '43']
['324', '328', '370', '60', '182', '217', '246', '311', '378', '394', '62', '74']
['382', '106', '241', '178', '213', '272', '29', '204', '320', '11', '72', '90']
['56', '270', '259', '143', '227', '386', '31', '109', '115', '126', '127', '132']
['45', '174', '243', '312', '316', '344', '345', '275', '276', '359', '375', '21']
['110', '340', '25', '136', '166', '233', '249', '255', '258', '269', '289', '292']
['129', '184', '371', '331', '342', '348', '111', '119', '180', '216', '220', '234']
['140', '64', '305', '76', '231', '285', '367', '36', '75', '77', '83', '88']
['183', '112', '68', '281', '85', '95', '102', '252', '333', '351', '384', '52']
['263', '97', '366', '3', '114', '235', '337', '360', '87', '92', '313', '0']
['291', '257', '197', '80', '186', '267', '326', '327', '356', '365', '10', '35']
['314', '1', '396', '47', '73', '103', '201', '236', '242', '244', '302', '319']
['397', '79', '389', '108', '228', '290', '387', '13', '30', '51', '116', '152']
['2', '138', '250', '23', '146', '295', '357', '91', '104', '153', '167', '173']
['53', '277', '364', '154', '196', '207', '288', '18', '32', '139', '144', '262']
['123', '352', '214', '93', '187', '273', '363', '48', '261', '296', '299', '304']
['134', '211', '58', '162', '379', '392', '341', '347', '380', '34', '57', '66']
['163', '158', '361', '107', '189', '192', '209', '239', '169', '202', '203', '317']
['175', '308', '335', '101', '222', '330', '98', '133', '253', '17', '329', '374']
['199', '322', '346', '254', '350', '12', '41', '82', '310', '336', '383', '113']
['240', '286', '306', '393', '14', '38', '137', '125', '151', '181', '212', '315']
['318', '121', '156', '172', '223', '377', '177', '293', '353', '391', '398', '130']
['390', '84', '170', '301', '150', '185', '5', '94', '399', '400', '19', '284']
['6', '49', '268', '50', '282', '294', '65', '191', '334', '215', '221', '230']
['7', '122', '321', '15', '54', '355', '210', '8', '124', '188', '229', '303']
['39', '159', '247', '332', '55', '128', '208']
['171', '86', '205', '46', '200', '89', '176', '206', '237', '248', '26']
['219', '131', '149', '297', '283', '78', '155', '298', '376', '256']
['260']
['354', '100', '145', '224']
['358', '198', '4', '339']
['381', '300']
['24']
['37', '190', '372', '27', '118', '362', '168', '388', '120']
['67', '265', '71']
['69']
