['100', '193', '219', '261', '319']
['13', '186', '0', '169', '292']
['90', '195']
['117', '208', '314']
['23', '213', '338', '59', '258']
['26', '362']
['115', '215', '305', '252']
['158', '304', '130', '346']
['251', '84']
['303', '51', '126', '143']
['315', '67', '184']
['324', '31']
['14', '206', '151', '173']
['50', '309']
['71', '270']
['109', '284']
['128', '316']
['154', '210']
['174']
['353']
['1', '352', '332', '217', '93']
['5']
['79', '82']
['104', '310']
['185', '103']
['203', '135']
['211', '347', '66']
['245']
['255']
['280']
['281', '295']
['285', '179', '209']
['298']
['307']
['342']
['17']
['35']
['40', '228']
['41']
['55', '301', '345']
['56']
['80', '360']
['99', '152', '291']
['140']
['145', '244']
['153']
['160']
['165', '181']
['183']
['188']
['189']
['198']
['214']
['237']
['239']
['240']
['259', '36', '119']
['288']
['296']
['302', '62']
['311']
['313', '38']
['321', '134', '191']
['331']
['339']
['11']
['21']
['28', '326']
['95']
['96']
['108']
['124']
['127']
['137']
['142']
['150']
['161']
['164']
['168']
['170']
['172', '138']
['175', '102']
['176']
['221']
['238']
['247']
['269']
['289']
['299', '202']
['320']
['337']
['341']
['6']
['9']
['18']
['33']
['37']
['52', '340']
['70']
['76']
['85']
['88']
['106']
['123']
['132']
['148']
['149']
['177', '318']
['182']
['212', '272']
['216']
['220', '53']
['230']
['233']
['242']
['246']
['253', '10']
['268']
['274', '89']
['276']
['279']
['282']
['290']
['306']
['317']
['348']
['354', '112']
['357']
['2']
['3']
['12', '250']
['32']
['42']
['43']
['44']
['46']
['48']
['49']
['61']
['68']
['69']
['74']
['91']
['97']
['107']
['121']
['131']
['136']
['157']
['162']
['166']
['171']
['192']
['194']
['197']
['201']
['223']
['227']
['254']
['262']
['265', '204']
['266']
['271']
['283']
['328']
['330']
['343']
['4']
['16']
['20']
['34']
['83']
['94']
['101']
['116']
['120']
['125']
['163']
['167']
['180']
['196']
['200']
['207']
['222']
['224']
['229']
['231']
['236']
['256']
['263']
['267']
['287']
['312']
['323']
['336']
['350']
['15']
['25']
['30']
['73']
['78']
['110']
['122']
['129']
['139']
['146']
['147']
['159']
['178']
['199']
['226']
['234']
['243']
['257']
['260']
['278']
['293']
['322']
['325']
['327']
['329']
['355']
['27']
['47']
['54']
['57']
['58']
['63']
['64']
['65']
['72']
['77']
['86']
['92']
['98']
['113']
['118']
['133']
['141']
['144']
['187']
['190']
['218']
['225']
['248']
['249']
['273']
['277']
['286']
['297']
['308']
['335']
['344']
['349']
['351']
['356']
['358']
['361']
['7']
['24']
['29']
['60']
['75']
['81']
['87']
['105']
['111']
['114']
['155']
['156']
['205']
['232']
['235']
['241']
['264']
['275']
['294']
['300']
['333']
['334']
['359']
['8']
['19']
['22']
['39']
['45']
