['Oluwatobi', 'Kaeley', 'Caliegh', 'Larrissa', 'Atika', 'Lilienne', 'Taye', 'Timia', 'Leib', 'Daxen', 'Amr', 'Jalyiah', 'Jemiah', 'Mikea', 'Zahriyah', 'Zackrey', 'Coulson', 'Shalonda', 'Trenise', 'Samauri', 'Jaleesa', 'Kaymi', 'Nohely', 'Ameerah', 'Kinzie', 'Olive', 'Merary', 'Jalilah', 'Sharlene', 'Jaaziah']
['Miley', 'Kemily', 'Sincere', 'Aley', 'Dusan', 'Merlina', 'Juliano', 'Charlett', 'Jophy', 'Jovey', 'Eeliyah', 'Thien', 'Jaleena', 'Seiry', 'Mumin', 'Aleiyah', 'Jakelin', 'Janine', 'Sameeha', 'Lilyonna', 'Nitzia', 'Tahir', 'Guadalupe', 'Jema', 'Khalee', 'Adeleine', 'Jailon', 'Shamyia', 'Ally', 'Mykaylah']
['Jirah', 'Crystina', 'Rohil', 'Denize', 'Merissa', 'Julia', 'Kitty', 'Jaydah', 'Xaviel', 'Iris', 'Ori', 'Ancel', 'Jaquis', 'Serenety', 'Gyzelle', 'Raymir', 'Zolin', 'Joed', 'Giannie', 'Larry', 'Maude', 'Fabrizzio', 'Bristol', 'Jahred', 'Lailani', 'Eleah', 'Marifer', 'Byron', 'Tyannah', 'Shy']
['Kirubel', 'Dereck', 'Marcellino', 'Mikyla', 'Eddieberto', 'Farah', 'Deidre', 'Emmanuela', 'Jerriah', 'Lealand', 'Dhyan', 'Tanyla', 'Britnee', 'Bow', 'Michaell', 'Kariana', 'Kapena', 'Alayasia', 'Cylah', 'Lauralynn', 'Cynae', 'Aylana', 'Mylani', 'Jeremias', 'Hashem', 'Marrius', 'Janesha', 'Khila', 'Zyeir', 'Artyom']
['Sayd', 'Gertrude', 'Adaley', 'Lada', 'Chanze', 'Zykerria', 'Demetreus', 'Jdan', 'Ganon', 'Katalina', 'Amritha', 'Loni', 'Kay', 'Malaja', 'Adysen', 'Donnelle', 'Venezia', 'Kalum', 'Spartan', 'Niemah', 'Aysenur', 'Terriona', 'Elysha', 'Shannel', 'Noha', 'Jarem', 'Halo', 'Jatziry', 'Jesalyn', 'Harlem']
['Fe', 'Avigail', 'Fidel', 'Cicily', 'Dhalia', 'Carena', 'Ingrid', 'Marialy', 'Zinia', 'Marwan', 'Brydan', 'Jayme', 'Basha', 'Shardae', 'Montana', 'Kamora', 'Hesham', 'Endi', 'Kvaughn', 'Liann', 'Lakiyah', 'Cordai', 'Aanyah', 'Adanna', 'Nakeya', 'Giankarlo', 'Milene', 'Sihaam', 'Jersi', 'Casandra']
['Kenniyah', 'Kairy', 'Ramses', 'Nakari', 'Citlally', 'Abdulraheem', 'Nancy', 'Haya', 'Feven', 'Thaddius', 'Jezzelle', 'Detravion', 'Jamonte', 'Gracia', 'Taegan', 'Treyson', 'Keni', 'Keemya', 'Vanesa', 'Abaan', 'Mckaylin', 'Brinleigh', 'Nidhi', 'Kobe', 'Dell', 'Daxx', 'Jebediah', 'Shanell', 'Laticia', 'Deedra']
['Tobias', 'Carsten', 'Jamiyla', 'Anadalay', 'Griffon', 'Mircale', 'Takia', 'Khloee', 'Markise', 'Dorcas', 'Makyra', 'Ailene', 'Ebany', 'Taigen', 'Jamaine', 'Thadius', 'Stefanny', 'Jandre', 'Lizmari', 'Nayara', 'Sabastion', 'Jarrell', 'Jamear', 'Danyca', 'Blaine', 'Azzareya', 'Jeru', 'Estephanie', 'Mariaelena', 'Alyze']
['Lamariah', 'Dairon', 'Salmaan', 'Sevastian', 'Hayven', 'Cliff', 'Shahid', 'Satomi', 'Saheim', 'Dessie', 'Asha', 'Jasahn', 'Kellon', 'Alainna', 'Jamaad', 'Seleen', 'Michai', 'Jabes', 'Zoiee', 'Yonason', 'Kenzington', 'Kaushik', 'Nalaya', 'Tafari', 'Carine', 'Abriyana', 'Zaahir', 'Antwane', 'Zayquan', 'Margie']
['Hakop', 'Selena', 'Gwendolynn', 'Johnavan', 'Marnae', 'Jameisha', 'Delara', 'Liat', 'Dashun', 'Nishta', 'Gor', 'Delisha', 'Shamiyah', 'Isaak', 'Mykenna', 'Chyna', 'Marcellius', 'Keyvin', 'Tajuan', 'Kyston', 'Sevren', 'Vedika', 'Yarithza', 'Benito', 'Kameryn', 'Helaman', 'Armita', 'Cyris', 'Kyo', 'Mailen']
['Abhinav', 'Navia', 'Arsalan', 'Emree', 'Anagha', 'Prakruti', 'Sydelle', 'Adaisha', 'Kimball', 'Yarisbel', 'Hallei', 'Masud', 'Anela', 'Trystian', 'Rey', 'Derionna', 'Akasha']
['Lazaria', 'Kaeleen', 'Apollonia', 'Doyle', 'Shiala', 'Hugo', 'Bailei', 'Aman', 'Serra', 'Katarina', 'Alaija', 'Orren', 'Kayliann', 'Suri']
['Sussy', 'Yu', 'Elisah', 'Rielly', 'Kenzlie', 'Shakila', 'Bright', 'Gauge', 'Alieyah', 'Colie', 'Kenzo', 'Jekeria', 'Rayne', 'Tobechi', 'Shelbee', 'Ryleeann', 'Shamaiya', 'Jazir']
['Hannelore', 'Jacob', 'Soriya', 'Rock', 'Nakaya', 'Abdulrehman', 'Davidjr', 'Amonti', 'Inaki', 'Tralaya', 'Charlize', 'Tayseer', 'Treyonna', 'Mikaelah', 'Guy', 'Leni', 'Antonin', 'Rexford', 'Yaire', 'Kaleo', 'Sagan', 'Alyiana', 'Emmely', 'Jerel', 'Alison', 'Evangelyne', 'Reynaldo', 'Quintasia', 'Ron', 'Evia']
['Ilyn', 'Veena', 'Dajana', 'Ishmel', 'Azeriah', 'Quentyn', 'Zuzanna', 'Vivica', 'Camill', 'Mezmariah', 'Osmin', 'Avielle', 'Braeley', 'Anouk', 'Srinath', 'Coraline', 'Deriyon', 'Jos', 'Gunther', 'Yajahira', 'Jax', 'Rosalio', 'Dainen', 'Marck', 'Adriene', 'Dea', 'Ahnaya', 'Raeleigh', 'Aarohi', 'Aizik']
['Shanaiya']
['Natasia']
['Lukis', 'Raphael']
['Keili', 'Anastacio', 'Oviya', 'Kaymarie']
['Azavier']
['Mylie']
['Dragon', 'Jomary', 'Dominika', 'Nethra', 'Siena', 'Amor', 'Renyah', 'Aayana', 'Abdoulaziz']
['Lynia', 'Eliziah', 'Sinia', 'Jesus', 'Aibhilin', 'Tam', 'Dyami', 'Ayahna', 'Yavian', 'Fox', 'Analiah', 'Aryeh', 'Ellarie', 'Tralyn', 'Sheniyah', 'Ettel', 'Farha', 'Tasi']
['Monserath']
['Deliany', 'Litsy']
['Chidi']
['Mikelle']
['Tacori', 'Jasiya']
['Coi']
['Casondra', 'Kaira', 'Kirrah', 'Marik', 'Mylez', 'Soniah', 'Devaun', 'Zamyah', 'Bailynn', 'Salif', 'Cisco', 'Donnovan']
['Khamil']
['Meryl']
['Sanae']
['Elway']
['Vyncent', 'Jahlen']
['Leilah', 'Emilie', 'Anwesha', 'Noami', 'Sashya']
['Andriy']
['Jaquan']
['Kensleigh', 'Artie']
['Stafford']
['Jaimarie']
['Trinitey']
['Antrone', 'Brenya', 'Tashvi', 'Keyin', 'Jaeline', 'Ricky']
['Vinnie', 'Quintavious', 'Tayyab', 'Desteni', 'Handsome', 'Leighann', 'Matt']
['Natsumi']
['Keion']
['Asa']
