['302', '136', '0', '17', '26', '39', '44', '53', '78', '79', '89', '94', '113', '119', '120', '126', '152', '197', '271', '287', '295', '306', '308', '326', '333', '334', '337', '354', '355', '386', '398', '429', '431', '437', '440', '448', '453', '465', '472', '476', '481', '260', '7', '10', '76', '84', '85', '104', '130', '148', '154', '159', '167', '193', '200', '219', '222', '229', '241', '261', '272', '297', '301', '335', '336', '364', '370', '377', '391', '432', '444', '450', '461', '490', '135', '33', '34', '45', '63', '102', '114', '144', '158', '163', '191', '206', '208', '225', '270', '294', '317', '325', '330', '379', '387', '397', '428']
['353', '489', '498', '462', '463', '467', '473', '479', '494', '486', '81', '32', '50', '77', '111', '121', '175', '188', '194', '207', '214', '217', '327', '328', '411', '421', '425', '460', '468', '21', '51', '90', '96', '138', '166', '204', '259', '373', '383', '435', '484', '357', '9', '12', '82', '109', '142', '170', '276', '288', '313', '362', '18', '41', '91', '180', '242', '253', '311', '400', '406', '464', '8', '37', '92', '189', '199', '269', '290', '319', '340', '375', '378', '380', '412', '430', '451', '480', '27', '129', '356', '366', '70', '101', '108', '123', '179', '210', '226', '227', '249', '264', '268', '315', '338', '341', '395']
['359', '394', '402', '471', '449', '3', '55', '59', '147', '262', '265', '293', '303', '483', '20', '65', '132', '239', '363', '392', '446', '475', '30', '87', '98', '131', '228', '133', '248', '251']
['5', '285']
['6']
['11']
['14']
['16']
['23']
['25']
['28']
['40']
['43']
['47']
['48']
['49']
['52']
['54']
['56']
['57']
['60']
['61']
['64']
['74']
['80']
['93']
['100']
['106']
['122']
['125']
['134']
['145']
['146']
['168']
['169']
['171']
['183']
['185']
['192']
['196']
['198']
['211']
['213']
['215']
['218']
['220']
['224']
['234']
['238']
['243']
['244']
['245']
['247']
['254']
['255']
['256']
['258']
['263']
['273']
['275']
['278']
['280']
['284']
['286']
['292']
['299']
['304']
['309']
['314']
['331']
['332']
['342']
['351']
['368']
['369']
['371']
['372']
['384']
['393']
['396']
['403']
['407']
['410']
['417']
['424']
['427']
['436']
['438']
['441']
['445']
['447']
['458']
['478']
['488']
['493']
['496']
['499']
['190', '151', '13', '42', '71', '95', '143', '153', '182', '195', '232', '250', '274', '279', '281', '283', '305', '321', '352', '358', '420', '452', '482', '485']
['339']
['22']
['31']
['58']
['72']
['103']
['105']
['110']
['115']
['117']
['118']
['139']
['141']
['155']
['157']
['160']
['161']
['172']
['173']
['174']
['184']
['186']
['201']
['203']
['233']
['235']
['246']
['257']
['282']
['289']
['291']
['298']
['320']
['322']
['324']
['343']
['349']
['361']
['367']
['399']
['408']
['422']
['426']
['442']
['443']
['455']
['466']
['469']
['470']
['474']
['477']
['487']
['415', '492', '329']
['2']
['4']
['19']
['24']
['38']
['62']
['66']
['67']
['68']
['69']
['75']
['83']
['107']
['124']
['128']
['150']
['162']
['164']
['177']
['181']
['187']
['221']
['223']
['231']
['236']
['237']
['266']
['267']
['296']
['316']
['344']
['346']
['347']
['348']
['381']
['382']
['385']
['388']
['390']
['404']
['405']
['409']
['413']
['419']
['423']
['433']
['456']
['457']
['459']
['495']
['176', '307', '360', '374', '389', '401', '454', '491', '277', '46', '97', '323']
['240', '116', '127', '137', '140', '149', '156', '165', '202', '205', '209', '212', '216', '230', '252', '310', '312', '318', '345', '350', '365', '376', '414', '416', '418', '434', '497', '178', '300']
['1', '439']
['15']
['29']
['35']
['36']
['73']
['86']
['88']
['99']
['112']
