['6', '151', '270', '292', '159', '367', '41', '93', '174', '223', '295', '380', '30', '64', '73', '142', '227', '287', '288', '291', '357', '427', '19', '31', '37', '43', '47', '57', '92', '94']
['8', '381', '414', '188', '368', '371', '417', '430', '44', '66', '100', '107', '129', '141', '209', '211', '213', '243', '333', '366', '370', '375', '385', '422', '428', '456', '461', '15', '27', '42']
['5', '53', '119', '239', '397', '400', '424', '134', '168', '257', '302', '328', '369', '386', '111', '116', '178', '406', '52', '177', '193', '199', '207', '210', '258', '312', '392', '396', '399', '408']
['7', '181', '250', '152', '180', '324', '336', '76', '82', '106', '147', '184', '186', '187', '221', '222', '237', '256', '273', '276', '278', '282', '286', '294', '297', '316', '335', '351', '352', '355']
['9', '56', '122', '305', '452', '318', '32', '81', '118', '311', '360', '439', '457', '29', '33', '35', '36', '46', '80', '86', '121', '124', '140', '145', '146', '158', '185', '200', '201', '215']
['10', '13', '238', '463', '125', '234', '350', '465', '205', '224', '303', '441', '445', '28', '54', '60', '320', '448', '460', '40', '128', '164', '226', '348', '349', '354', '356', '358', '444', '446']
['11', '315', '388', '308', '410', '130', '345', '101', '102', '104', '126', '127', '132', '138', '157', '166', '217', '219', '220', '231', '232', '240', '241', '253', '281', '289', '293', '298', '299', '300']
['14', '389', '391', '401', '407', '67', '160', '393', '394', '402', '84', '87', '405', '69', '75', '83', '143', '163', '244', '255', '259', '262', '263', '310', '334', '346', '347', '438', '443', '453']
['18', '26', '454', '482', '38', '89', '114', '120', '144', '154', '155', '170', '173', '175', '176', '182', '202', '208', '212', '214', '216', '218', '225', '228', '229', '230', '235', '245', '246', '248']
['24', '285', '323', '329', '331', '332', '341', '343', '390', '395', '409', '440', '462', '464', '485', '494', '25', '59', '61', '63', '74', '88', '90', '91', '133', '137', '148', '149', '150', '165']
['411', '65', '412', '71', '419', '233', '359', '68', '77', '78', '169', '179', '183', '189', '247', '252', '290', '296', '319', '403', '404', '421', '442', '447', '449', '450', '451', '455', '458', '1']
['468', '486', '476', '3', '16', '51', '58', '172', '284', '413', '459', '492', '0', '2', '22', '23', '4']
['473', '487', '490', '495', '470', '479', '39', '480', '484', '493', '488', '491', '363', '466', '471', '481', '48', '261', '283', '361', '467', '477', '45', '95', '96', '97', '99', '109', '131', '139']
['12', '264', '49', '98', '190', '195', '197', '191', '194', '265', '271', '277', '50', '55', '171', '192', '196', '266', '267', '274', '203', '204', '62', '206']
['17']
['398', '387']
['478', '483', '489', '472']
['21', '20']
['112', '110', '115', '113', '117', '123']
['249', '251', '254', '260']
['306', '301', '34', '304', '344', '236', '307', '342', '353', '85', '309', '313', '153', '314', '317']
['321', '330', '340', '279', '322', '325', '326', '327', '474', '338', '337']
['378', '364', '376', '365', '103', '198', '362', '383', '72', '108', '136', '374', '418', '79', '373']
['382', '377', '372', '379', '272', '280', '384', '105', '135', '156']
['415', '416', '437', '436', '434', '420', '425', '433', '161', '242', '269', '339', '268', '275', '429', '435', '431', '426']
['423', '162', '167']
['432']
['469', '70']
['475']
