['AGD', 'AHX', 'AJJ', 'AJT', 'AJX', 'AKD', 'AKM', 'ALR', 'AMW', 'ANA', 'APG', 'APT', 'AQI', 'AQL', 'AQR', 'ARE', 'ARL', 'ARR']
['ABE', 'AKI', 'AAD', 'AAN', 'ABD', 'ABR', 'ACB', 'ACG', 'ACS', 'AEF', 'AEI', 'AEP', 'AEQ', 'AEY', 'AFA', 'AGM', 'AHE', 'AHH']
['ACA', 'AHS', 'AJF', 'AQW', 'ATE', 'AAQ', 'AAT', 'AAX', 'ABB', 'ACM', 'AES', 'AFH', 'AFK', 'AHM', 'AIB', 'AIE', 'AIK', 'AIN']
['AFN', 'AGH', 'APF', 'ASN', 'ABI', 'ADH', 'AGC', 'AIU', 'AJG', 'AJR', 'AKE', 'AKG', 'AKO', 'AKP', 'AKR', 'AKT', 'AKY', 'ALB']
['AFS', 'AIH', 'AJL', 'AJN', 'AMV', 'ANS', 'ATI', 'ABQ', 'ACR', 'ACU', 'ACX', 'ADG', 'AFB', 'AFF', 'AFO', 'AFW', 'AGJ', 'AIA']
['AFU', 'AGA', 'APD', 'APU', 'AAF', 'AAS', 'AAU', 'ACN', 'ACO', 'AEH', 'AFQ', 'AGT', 'AHP', 'AHY', 'AJA', 'AJY', 'AKA', 'ALH']
['AJD', 'AJO', 'AKJ', 'AKW', 'ALK', 'ALQ', 'ALS', 'ALW', 'AMC', 'AMK', 'AML', 'AMR', 'AMX', 'ANL', 'ANO', 'ANU', 'ANV', 'AOE']
['AME', 'AGV', 'AGW', 'AHK', 'AKB', 'ANC', 'AOH', 'AAG', 'ABS', 'ABY', 'AEW', 'AFG', 'AFJ', 'AFM', 'AFT', 'AHB', 'AHC', 'AHG']
['AMQ', 'AGU', 'AON', 'AST', 'AAH', 'ABG', 'ABH', 'ABJ', 'ADP', 'AEX', 'AFL', 'AGB', 'AHO', 'AJH', 'AJU', 'AKK', 'ANT', 'AOS']
['ANW', 'AGI', 'AKX', 'AAB', 'AAV', 'AHL', 'AIM', 'AJM', 'AMS', 'AOA', 'AOR', 'AOY', 'APC', 'APH', 'APJ', 'APK', 'APO', 'AQE']
['AOB', 'ATB', 'AAA', 'AAI', 'AAM', 'ACY', 'AHU', 'AII', 'AIL', 'AOL', 'AQF', 'AQH', 'AQJ', 'AQX', 'ARA', 'ARC', 'ARD', 'ARF']
['APA', 'AJE', 'ALN', 'ABP', 'ADJ', 'AGS', 'AIP', 'AMF', 'AOQ', 'APS', 'APY', 'ARI', 'ARK', 'ARP', 'ARQ', 'ARS', 'ARW', 'ARY']
['AQM', 'ANX', 'AOG', 'ACL', 'ADC', 'AEN', 'AFV', 'AHF', 'AIC', 'AIG', 'AKH', 'ASA', 'ASC', 'ASI', 'ASJ', 'ASK', 'ASM', 'ASW']
['ASL', 'ATK', 'AET', 'ALF', 'AMB', 'AMI', 'AND', 'ANI', 'ANM', 'API', 'APW', 'ARG', 'ASV', 'ATD', 'ATF', 'ATH', 'ATL', 'ATO']
['AAK', 'AHJ', 'AIY', 'AJP', 'ALX', 'ANB', 'ASR', 'ATJ', 'ATS', 'ATU', 'ATW', 'ATX', 'ATY', 'ADF', 'AGO', 'AHI', 'ALA', 'AMJ']
['AAL', 'AOT', 'AOW', 'ARJ', 'ABM', 'AEO', 'AID', 'AIV', 'AKV', 'AOJ', 'ARX', 'ASP', 'ANH']
['AAO', 'AKS', 'AMM', 'AOO', 'ADM', 'AEG', 'AIJ', 'AIX', 'ALP', 'AOP', 'AOX', 'ATM']
['AAP', 'ANE', 'AOV', 'APV', 'AFR', 'ALU', 'AMP', 'ANG', 'AOD', 'APQ', 'AQY', 'ASO']
['ABF', 'AJQ', 'ALD', 'APE', 'ASQ', 'ASU', 'ASY', 'AAE', 'ABU', 'ACE', 'ACJ', 'ADK', 'ADO', 'ADU', 'ADY', 'AFI', 'AGK', 'AJB']
['ABN', 'APN', 'AQU', 'ASF', 'ATR']
['ACI', 'ARB', 'ATA', 'AAC', 'AAY', 'ABT', 'ADE', 'AFD', 'AJK', 'ALC', 'ALT', 'ANN']
['ACK', 'AKC', 'AKN', 'AQN', 'ABA', 'ABC', 'ACV', 'AEB', 'AKU', 'AQB', 'AQS', 'AQT']
['ACT', 'ABV', 'AFC', 'AHN', 'AHQ', 'AHW', 'AMT', 'ANP', 'AQD', 'AQK', 'ATP']
['ADA', 'AGY', 'ARV', 'ACC', 'ACQ', 'AMA', 'AMN', 'APB', 'APX', 'ASB', 'ASD', 'ATT']
['ADD', 'AIR', 'AIW', 'ASE', 'ACH', 'ADI', 'AEK', 'ALL', 'AOM', 'AQG', 'ARH', 'ARM']
['ADQ', 'AMO', 'ANQ', 'ANR', 'ABK', 'ABO', 'ADV', 'AEA', 'AGR', 'ALV', 'APP', 'AQQ']
['ADR', 'AMG', 'AMH', 'APR', 'ATV']
['ADT', 'AHR', 'AKQ', 'AOF', 'AFP', 'AGX', 'AKF', 'ALM', 'ANY', 'AQA', 'ATG', 'ATQ']
['ADW', 'ARU', 'ASH']
['ADX', 'AOI', 'APM', 'AQP', 'ATC']
['AEC', 'AMY', 'AOK', 'ACW', 'ADL', 'AIS', 'ALY', 'AMD', 'AOC', 'APL', 'AQC', 'ATN']
['AED', 'AHD', 'AHV', 'ALO', 'ABW', 'AIF', 'AIO', 'AJI', 'ALE', 'AMU', 'AOU', 'ARO']
['AEE', 'AGF', 'AGG', 'AGQ', 'AJC', 'ALJ', 'ANJ', 'ARN', 'ASX', 'AAR', 'AAW', 'ABX', 'ACD', 'ACF', 'ACP', 'ADN', 'AEJ', 'AGL']
['AEL', 'AIQ', 'AAJ', 'ADB', 'AGE', 'AGN', 'AHA', 'AKL', 'ALG', 'ANK', 'AQO', 'ASS']
['AEM']
['AER']
['AEU']
['AEV', 'AHT', 'ANF', 'ASG']
['AFX']
['AFY', 'AJS', 'AQV', 'ART', 'ABL', 'ADS', 'AFE', 'AGP', 'AIT', 'AJV', 'AJW', 'ALI']
