['Roy', 'Ryan', 'Juan', 'Pat', 'Martin', 'Barbara', 'Joni', 'Berta', 'Inez', 'Amy', 'Kellie', 'Andres', 'Ouida', 'Frederick', 'Calvin', 'Ricky', 'Timothy', 'Dawn', 'Kaitlyn', 'Christopher', 'Wayne', 'April', 'Peter', 'Toni', 'Stephen', 'Steve', 'Carlos', 'Raeann', 'Reggie', 'Martha', 'Mario', 'Mary', 'Mabel', 'Brandon', 'Mack', 'Linda', 'Roberta', 'Beth', 'Andrew', 'Gail', 'Louis', 'Alfred', 'Marco', 'Sheryl', 'Sherri', 'Clarissa', 'Patricia', 'Ronald', 'Douglas', 'Mark', 'Roberto', 'Karren', 'Robyn', 'Beverly', 'Tamika', 'Carl', 'Bertha', 'Jennifer', 'Derrick', 'Constance', 'Ursula', 'Fredrick', 'Emery', 'Jeff', 'Cornelius', 'Andre', 'Joshua', 'Ana', 'Theodore', 'Lyle', 'Bernard', 'Raphael', 'Viola', 'Troy', 'Gerald', 'Philip', 'Maria', 'Pamela', 'Joanne', 'Deborah', 'Kenneth', 'Don', 'Wilma', 'Ernestine', 'Mildred', 'Lucie', 'Suzie', 'Jeanine', 'Margert', 'Jonathan', 'Kerrie', 'Seth', 'Maryann', 'Selma', 'Thomas', 'Michael', 'Edwin', 'Marlene', 'Selina', 'Guy', 'Peggy', 'Jayme', 'Wallace', 'Domingo', 'Ellis', 'Winnifred', 'Dorothy', 'Elia', 'Alex', 'Rafael', 'Erik', 'Arturo', 'Ann', 'John', 'Stanley', 'James', 'Morgan', 'Hugh', 'Belinda', 'Deanna', 'Travis', 'Kevin', 'Dale', 'Larry', 'Bruce']
['Gary', 'Nina', 'Norman', 'Vella', 'Heather', 'Geraldine', 'Darrell', 'Therese', 'Irene', 'Gloria', 'Cassandra', 'Marquerite', 'Sally', 'William', 'Matt', 'Christina', 'Dean', 'Kimberly', 'Cathy', 'Adam', 'Margaret', 'Kathleen', 'Victor', 'Rick', 'Caridad', 'Pamella', 'Ray', 'Miguel', 'Ronda', 'Everett', 'Gordon', 'Marian', 'Sylvester', 'Terry', 'Audrey', 'Roger', 'Cesar', 'Andrea', 'Ellen', 'Ernest', 'George', 'Latisha', 'Diana', 'Nelson', 'Alice', 'Danielle', 'Gertrude', 'Lucille', 'Joe', 'Teresa', 'Margarito', 'Reinaldo', 'Jacob', 'Stacie', 'Katherine', 'Corey', 'Juanita', 'Reginald', 'Gregory', 'Lane', 'Christine', 'Helen', 'Lessie', 'Cassie', 'Beulah', 'Grant', 'Walter', 'Freda', 'Georgette', 'Kylie', 'Pablo', 'Leigh', 'Rosalyn', 'Michele', 'Esther', 'Stephany', 'Danny', 'Krysten', 'Lydia', 'Paul', 'Cecilia', 'Mable', 'Susanna', 'Robin', 'Marilyn', 'Lucy']
['Blair', 'Dawna', 'Alexander', 'Ward', 'Eugene', 'Angela', 'Pete', 'Loraine', 'Albert', 'Carmen', 'Samuel', 'Jesus', 'Nancy', 'Jodi', 'Carole', 'Myriam', 'Jeremy', 'Kim', 'Rachel', 'Tara', 'Rosie', 'Shirley', 'Steven', 'Catherine', 'Marie', 'Marjorie', 'Jessica', 'Joann', 'Eura', 'Lillian', 'Justin', 'Dorothea', 'Quintin', 'Lloyd', 'Jorge', 'Jacque', 'Harvey', 'Willis', 'Kelly', 'Debra', 'Alison', 'Winifred', 'Warren', 'Donna', 'Jeffrey', 'Frank', 'Darlene', 'Curtis', 'Wendy', 'Tanya', 'Marcelino', 'Laura', 'Burl', 'Lewis', 'Bonnie', 'Alvin', 'Harold', 'Antonio', 'Tracy', 'Clyde', 'Raul', 'Elsie', 'Roosevelt', 'Wesley', 'Polly', 'Phillip', 'Jimmy', 'Willie', 'Craig', 'Lilian', 'Monica', 'Charles', 'Nola', 'David', 'Mireya', 'Marlin', 'Stacy', 'Derek', 'Daniel', 'Charlotte', 'Angelica', 'Josephine', 'Gerardo', 'Janene', 'Bobby', 'Dennis', 'Booker', 'Shannon', 'Ruby', 'Glen', 'Sylvia', 'Tuan', 'Lonnie', 'Natalie', 'Keri', 'Rhonda', 'Ashley', 'Miles', 'Lulu', 'Laurence', 'Emmie', 'Norma', 'Jesse', 'Anna', 'Mae', 'Ruth', 'Lena', 'Crystal', 'Connie', 'Ollie', 'Sharon', 'Dana', 'Tommy', 'Ingeborg', 'Bethany', 'Pauline', 'Karen', 'Judith', 'Melanie', 'Doris', 'Carmelita', 'Wilson', 'Sofia', 'Nicole', 'Myron']
['Randolph']
['Kristin', 'Gwen', 'Fred']
['Emily']
['Bradley']
['Glennie']
['Leticia']
['Melissa']
['Donald']
['Moses']
['Patrick']
['Herbert']
['Lana']
['Gilda']
['Ida']
['Virginia']
['Fredda']
['Maureen']
['Lawrence']
['Fernando']
['Marcella']
['Clarence']
['Jo']
['Stephanie']
['Carol']
['Adele']
['Hedwig']
['Gladys']
['Kisha']
['Jean']
['Amos']
['Sam']
['Molly']
['Tim']
['Kirk']
['Christian']
['Anthony']
['Francisco']
['Reuben']
['Veronica']
['Jeffery']
['Theresa']
['Joseph']
['Lorraine']
['Susan']
['Lynne']
['Kristine']
['Tony']
['Rosa']
['Wanda']
['Rebecca']
['Rolf']
['Cheryl']
['Glenna']
['Ralph']
['Raymond']
['Sarita']
['Rosalee']
['Kerri']
['Alicia']
['Edward']
['Bessie']
['Eleanor']
['Cindy']
['Olivia']
['Lisha']
['Paula']
['Jane']
['Kathryn']
['Michelle']
['Lori']
['Evelyn']
['Irving']
['Jose']
['Cory']
['Elizabeth']
['Annalee']
['Judy']
['Thelma']
['Betty']
['Del']
['Eva']
['Eugenia']
['Garrett']
['Robert']
['Eric']
['Laurie']
['Morris']
['Brian']
['Brenda']
['Annette']
['Marion']
['Janet']
['Phyllis']
['Imogene']
['Clayton']
['Matthew']
['Chris']
['Will']
['Richard']
['Mike']
['Leona']
['Scot']
['Jason']
['Priscilla']
['Ivonne']
['Lahoma']
['Cecile']
['Leanne']
