['196', '262', '340', '376', '291', '58', '98', '138', '149', '169', '373', '74', '119', '144', '197', '271', '319', '342', '358', '378']
['240', '142', '192', '195', '200', '204', '260', '269', '284', '304', '382', '65', '108', '162', '174', '222', '250', '274', '318', '328']
['375', '221', '324', '36', '93', '210', '9', '56', '99', '101', '113', '146', '177', '187', '236', '265', '286', '294', '390', '14']
['315', '369', '72', '112', '173', '242', '159', '16', '374', '3', '63', '78', '106', '143', '185', '248', '29', '34', '62', '100']
['360', '35', '280', '321', '151', '299', '391', '243', '357', '388', '28', '181', '214', '273', '285', '383', '393', '92', '137', '140']
['2', '47', '83', '104', '217', '253', '344', '392', '110', '266', '19', '129', '215', '226', '293', '397', '48', '66', '298', '70']
['5', '311', '347', '30', '115', '254', '327', '359', '40', '316', '51', '109', '131', '245', '251', '4', '11', '90', '175', '279']
['255', '39', '361', '366', '15', '53', '117', '182', '302', '132', '275', '295', '322', '114', '120', '239', '25', '276', '168']
['26', '148', '289', '227', '230', '166', '198', '220', '229', '252', '343', '384', '94', '233', '370', '68', '127', '141', '306', '396']
['54', '123', '154', '338', '172', '263', '346', '10', '64', '161', '389', '272']
['75', '310', '232', '27', '135', '330']
['147', '356', '61', '194', '50', '24', '43', '49', '152', '116', '216', '270', '170']
['201', '305', '349', '134', '57', '208', '287', '278', '377', '80', '88', '202', '334', '364', '394', '23', '96', '282', '329', '372']
['209', '381', '156', '341', '125', '153', '337']
['325', '139', '183', '218', '52', '368']
['326', '332', '348', '354', '17', '223', '300', '176', '79']
['395', '7']
['95', '323', '297', '307', '46', '126', '0', '203', '365']
['97', '18', '20', '225', '189', '312']
['103', '77', '42', '314', '207', '22']
['107', '352', '371']
['158', '386', '87', '267']
['188', '292']
['211', '38']
['247', '339', '303']
['258', '124', '13', '283', '69', '213', '309', '345']
['317']
['363']
['367', '219']
['380', '67', '180', '333', '91', '121', '179', '136', '268', '241', '37', '193']
['6', '335']
['8', '296']
['21']
['73', '81']
['82']
['85', '105']
['118']
['145', '238']
['155']
['160']
['224', '167']
['231', '320', '199', '128']
['237']
['257', '264']
['379', '331', '353']
['385']
['60']
['84']
['86', '355']
['122']
['157']
['171']
['205']
['212']
['228']
['234']
['246']
['249']
['259']
['261', '350']
['281']
['301', '1']
['308']
['313']
['336']
['351']
['362']
['387', '256']
['398']
['399']
['12']
['31']
['32']
['33']
['41']
['44']
['45']
['55']
['59']
['71']
['76']
['89']
['102']
['111']
['130']
['133']
['150']
['163', '277']
['164']
['165']
['178']
['184']
['186']
['190']
['191']
['206']
['235']
['244']
['288']
['290']
