['node302', 'node294', 'node68', 'node224', 'node304', 'node3', 'node4', 'node91', 'node129', 'node131', 'node137', 'node231', 'node258', 'node298', 'node303']
['node375', 'node20', 'node147', 'node180', 'node247', 'node364', 'node16', 'node17', 'node246', 'node22', 'node115', 'node117', 'node118', 'node120', 'node121']
['node73', 'node328', 'node333', 'node74', 'node329', 'node335', 'node348', 'node349', 'node77', 'node198', 'node216', 'node220', 'node306', 'node307', 'node337']
['node312', 'node318', 'node308', 'node309', 'node313', 'node356', 'node280', 'node299', 'node162', 'node165', 'node226', 'node282', 'node310', 'node319', 'node350']
['node344', 'node342', 'node341', 'node346', 'node95', 'node140', 'node338', 'node11', 'node30', 'node41', 'node56', 'node62', 'node65', 'node66', 'node72']
['node106', 'node362', 'node85', 'node98', 'node155', 'node59', 'node60', 'node64', 'node96', 'node105', 'node108', 'node161', 'node210', 'node237', 'node242']
['node174', 'node171', 'node178', 'node199', 'node201', 'node29', 'node88', 'node159', 'node179', 'node204', 'node205', 'node208', 'node227', 'node239', 'node269']
['node295', 'node114', 'node245', 'node104', 'node124', 'node278', 'node273', 'node275', 'node279', 'node296', 'node301', 'node340', 'node345', 'node354', 'node385']
['node363', 'node193', 'node192', 'node51', 'node188', 'node211', 'node256', 'node272', 'node89', 'node392', 'node399', 'node26', 'node158', 'node182', 'node184']
['node365', 'node146', 'node144', 'node141', 'node142', 'node157', 'node366', 'node368', 'node370', 'node10', 'node145', 'node283', 'node284', 'node285', 'node288']
['node382', 'node389', 'node390', 'node380', 'node215', 'node218', 'node381', 'node384', 'node213', 'node217', 'node219', 'node223', 'node291', 'node324', 'node327']
['node394', 'node396', 'node113', 'node397', 'node403', 'node405', 'node263', 'node393', 'node395', 'node125', 'node228', 'node252', 'node100', 'node261', 'node330']
['node402', 'node388', 'node401', 'node23', 'node25', 'node75', 'node83', 'node84', 'node86', 'node87', 'node119', 'node153', 'node183', 'node187', 'node195']
['node419', 'node259', 'node406', 'node410', 'node417', 'node135', 'node409', 'node416', 'node134', 'node411', 'node414', 'node138', 'node126', 'node133', 'node190']
['node38', 'node31', 'node32', 'node132', 'node53', 'node92', 'node54', 'node325', 'node28', 'node35', 'node45', 'node47', 'node52', 'node70', 'node78']
['node103', 'node76', 'node99', 'node221', 'node225', 'node234', 'node236', 'node253', 'node260', 'node262', 'node300', 'node326', 'node359', 'node71', 'node81']
['node116', 'node1', 'node2', 'node37', 'node5', 'node7', 'node94', 'node109', 'node111', 'node148', 'node149', 'node152', 'node185', 'node229', 'node235']
['node173', 'node170', 'node177', 'node387', 'node169', 'node172', 'node297', 'node332', 'node351', 'node353', 'node378', 'node379', 'node9', 'node14', 'node18']
['node293', 'node197', 'node289', 'node36', 'node287', 'node203', 'node209', 'node286', 'node39', 'node79', 'node82', 'node97', 'node101', 'node150', 'node233']
['node321', 'node311', 'node320', 'node415', 'node407', 'node408', 'node418', 'node257', 'node265', 'node267', 'node112', 'node122', 'node189', 'node191', 'node254']
['node373', 'node374', 'node369', 'node371', 'node372', 'node377', 'node367', 'node290', 'node292', 'node305', 'node339', 'node347', 'node355', 'node357', 'node358']
['node6', 'node154', 'node156', 'node166', 'node212', 'node164', 'node400', 'node8', 'node13', 'node90', 'node222', 'node80', 'node102', 'node107', 'node110']
['node44', 'node46', 'node42', 'node43', 'node24', 'node48', 'node50', 'node230', 'node281', 'node316', 'node383', 'node391', 'node21', 'node151', 'node186']
['node49', 'node336', 'node194', 'node232', 'node314', 'node317', 'node343', 'node398', 'node404', 'node12', 'node27', 'node55', 'node123', 'node315', 'node386']
['node130', 'node128', 'node136', 'node264', 'node127', 'node139', 'node93', 'node255', 'node143', 'node420']
['node160', 'node360', 'node361', 'node413', 'node167', 'node352', 'node412']
['node163', 'node58', 'node67', 'node69', 'node33', 'node34', 'node40', 'node57', 'node63', 'node268', 'node334', 'node61', 'node323', 'node331', 'node322']
['node206', 'node202', 'node196', 'node207', 'node200']
['node214', 'node266', 'node175', 'node276', 'node168', 'node176', 'node270', 'node271', 'node181', 'node15', 'node274', 'node277', 'node19']
['node249', 'node238', 'node251', 'node241', 'node243', 'node248', 'node244', 'node376', 'node240']
['node250']
