['475', '437', '239', '71', '420', '148', '396', '142', '385', '137', '476', '310', '293', '156', '91', '224', '354', '278', '189', '79', '297', '389', '204', '75', '95', '425', '169', '432', '427', '81']
['49', '470', '101', '122', '371', '462', '57', '131', '51', '455', '119', '223', '304', '429', '292', '158', '305', '242', '403', '185', '126', '388', '275', '412', '28', '326', '252', '250', '90', '60']
['8', '319', '353', '6', '3', '44', '298', '133', '406', '327', '356', '105', '103', '251', '473', '452', '97', '435', '467', '422', '20', '218', '344', '86', '253', '181', '186', '228', '162', '55']
['88', '96', '468', '289', '25', '188', '368', '315', '174', '374', '87', '454', '308', '100', '58', '340', '151', '77', '110', '290', '395', '417', '398', '320', '22', '82', '460', '93', '314', '1']
['14', '195', '333', '377', '230', '383', '27', '285', '291', '477', '379', '456', '85', '117', '42', '280', '362', '205', '130', '59', '274', '450', '442', '233', '207', '21', '322', '170', '446', '70']
['369', '102', '359', '16', '39', '65', '347', '397', '469', '411', '209', '408', '127', '26', '121', '444', '0', '306', '160', '123', '219', '76', '190', '164', '302', '386', '256', '136', '210', '107']
['426', '166', '4', '316', '221', '463', '380', '67', '150', '414', '309', '343', '281', '62', '346', '89', '118', '35', '413', '134', '236', '53', '63', '464', '179', '120', '247', '217', '80', '441']
['154', '241', '372', '143', '74', '471', '184', '12', '114', '416', '382', '348', '407', '196', '404', '421', '338', '448', '364', '106', '48', '391', '303', '9', '225', '342', '265', '301', '269', '30']
['47', '73', '445', '390', '447', '177', '299', '152', '141', '409', '246', '339', '213', '329', '466', '323', '328', '98', '32', '276', '428', '238', '461', '402', '245', '171', '313', '282', '254', '419']
['438', '283', '399', '68', '36', '108', '172', '17', '40', '31', '272', '358', '317', '312', '381', '325', '147', '113', '191', '211', '183', '146', '259', '155', '264', '457', '132', '34', '257', '222']
['295', '234', '296', '215', '229', '392', '373', '335', '52', '260', '168', '165', '375', '367', '192', '197', '84', '94', '267', '415', '365', '56', '38', '178', '72', '336', '430', '200', '400', '263']
['140', '331', '321', '418', '436', '212', '203', '37', '294', '194', '216', '440', '7', '423', '83', '271', '279', '393', '23', '11', '337', '5', '349', '334', '128', '92', '182', '199', '433', '139']
['363', '378', '193', '244', '472', '376', '324', '173', '287', '202', '214', '226', '153', '175', '350', '366', '163', '138', '357', '180', '443', '277', '50', '232', '449', '104', '43', '159', '99', '459']
['451', '157', '18', '332', '19', '161', '286', '284', '115', '345', '235', '424', '125', '273', '370', '300', '220', '405', '135', '453', '208', '394', '243', '261', '2', '351', '458', '41', '109', '13']
['431', '288', '465', '145', '10', '478', '341', '124', '144', '262', '360', '187', '387', '54', '384', '33', '78', '46', '69', '410', '352', '255', '258', '240', '268', '64', '24', '479', '270', '434']
['474', '201', '355', '112']
['330', '111', '116']
['29', '149', '45', '266', '61']
['167', '129', '311', '15', '439', '361', '176', '198']
['401', '206', '231', '237', '248', '66']
['307']
['249']
['318']
['227']
