['239', '101', '49', '173', '213', '99', '184', '149', '63', '201']
['39', '153', '142', '103', '172', '30', '121', '138', '31', '186']
['62', '33', '95', '229', '205', '1', '199', '66', '17', '176']
['102', '43', '60', '200', '246', '158', '146', '168', '85', '233']
['187', '23', '93', '133', '166', '212', '21', '215', '245', '248']
['16', '68', '247', '196', '9', '188', '19', '32', '25', '27']
['70', '197', '80', '141', '139', '104', '140', '94', '202', '222']
['11', '96', '206', '159', '29', '235', '190', '3', '151', '67']
['221', '24', '10', '34', '37', '59', '145', '249', '230', '204']
['75', '13', '165', '156', '127', '50', '87', '114', '107', '97']
['147', '218', '5', '79', '26', '178', '214', '152', '194', '40']
['100', '216', '177', '89', '111', '61', '18', '129', '181', '193']
['167', '117', '76', '164', '227', '182', '53', '74', '137', '54']
['128', '131', '92', '78', '116', '122', '185', '22', '244', '8']
['119', '161', '15', '105', '36', '57', '195', '14', '20', '234']
['52', '203', '143', '208', '211', '56', '77', '130', '71', '48']
['41', '171', '84', '155', '237', '51', '120', '42', '55', '219']
['72', '170', '12', '98', '88', '226', '236', '169', '132', '58']
['242', '123', '136', '191', '6', '240', '4', '83', '91', '183']
['73', '113', '82', '241', '163', '148', '180', '110', '112', '223']
['198', '228', '0', '224', '65']
['150', '118', '45', '162', '46', '44', '126', '86', '106', '210']
['243']
['192']
['231', '125', '134', '157', '69', '28', '35', '175']
['81']
['154']
['135', '124', '64']
['238', '115', '179', '225', '160', '108', '47', '232', '38', '209']
['7', '189', '174', '220', '217', '2', '207', '109', '144', '90']
