['Nicole', 'Carson', 'Louella', 'Jade', 'Lorelei', 'Savanna', 'Lilly', 'Lue', 'Son', 'Laticia', 'Alton', 'Winford', 'Doyle', 'Caitlyn', 'Lasonya', 'Shonda', 'Reita', 'Gisela', 'Destiny', 'Phylis', 'Margart', 'Odell', 'Antoinette', 'Latia', 'Dewitt', 'Roxane', 'Kylie', 'Claretha', 'Laraine', 'Amada']
['Yevette', 'Arcelia', 'Kimbra', 'Irma', 'Rachael', 'Kitty', 'Chun', 'Ocie', 'Kasey', 'Garland', 'Naida', 'Eustolia', 'Marquis', 'Tamisha', 'Emmanuel', 'Stephani', 'Carolee', 'Marvis', 'Rolando', 'Raul', 'Valorie', 'Joan', 'Elicia', 'Robert', 'Alicia', 'Dewayne', 'Charisse', 'Jeffrey', 'Alane', 'Joelle']
['Byron', 'Alvera', 'Raleigh', 'Honey', 'Jefferey', 'Tracie', 'Marcella', 'Hillary', 'Debora', 'Oscar', 'Miranda', 'Treena', 'Marlo', 'Leila', 'Glenda', 'Irena', 'Adah', 'Delmar', 'Vernia', 'Rodrigo', 'Flavia', 'Glenna', 'Chas', 'Charmaine', 'Jina', 'Clara', 'Porter', 'Chang', 'Hayden', 'Riley']
['Sharlene', 'Trena', 'Orval', 'Meagan', 'Alex', 'Eloisa', 'Lezlie', 'Annamarie', 'Aretha', 'Kim', 'Rosalee', 'Vivien', 'Theo', 'Rosalba', 'Grant', 'Travis', 'Ella', 'Wes', 'Bertha', 'Jami', 'German', 'Michaela', 'Hassan', 'Nieves', 'Leilani', 'Alvin', 'Lauren', 'Marilynn', 'Logan', 'Verona']
['Hilario', 'Gerard', 'Lola', 'Griselda', 'Kelly', 'Kris', 'Jacque', 'Johnny', 'Lizabeth', 'Sharilyn', 'Renetta', 'Altagracia', 'Edmond', 'Imogene', 'Pearlie', 'Jay', 'Sharan', 'Nathalie', 'Nadia', 'Oswaldo', 'Florencio', 'Hortense', 'Lucia', 'Elfrieda', 'Dagmar', 'Hershel', 'Tameika', 'Lashay', 'Fanny', 'Sheldon']
['Kurtis', 'Camelia', 'Chester', 'Eufemia', 'Enola', 'Cleotilde', 'Marcie', 'Russell', 'Kareem', 'Florinda', 'Audie', 'Stanley', 'Jesus', 'Marion', 'Lyn', 'Freddie', 'Percy', 'Sharla', 'Alexandra', 'Merrill', 'Hui', 'Naomi', 'Alfred', 'June', 'Vincenzo', 'Lyndon', 'Taneka', 'Antonette', 'Mariano', 'Tamala']
['Chan', 'Eugene', 'Horace', 'Tiffani', 'Zena', 'Kendall', 'Rachel', 'Alexa', 'Millicent', 'Felix', 'Cortney', 'Refugio', 'Whitney', 'Claudie', 'Marquitta', 'Madison', 'Dong', 'Carmon', 'Tina', 'Xuan', 'Inga', 'Clifton', 'Xavier', 'Gerardo', 'Beverley', 'Clarissa', 'Jan', 'Lucas', 'Heide', 'Ryann']
['Zoraida', 'Artie', 'Latoya', 'Leontine', 'Osvaldo', 'Elenora', 'Loren', 'Chance', 'Joye', 'Louise', 'Darrel', 'Janetta', 'Clarinda', 'Nickolas', 'Mariah', 'Isabel', 'Loria', 'Jama', 'Clarice', 'Tanisha', 'Neida', 'Harvey', 'Cristi', 'Terry', 'Jennie', 'Frederic', 'Kirstin', 'Murray', 'Selma', 'Tai']
['Marvin', 'Houston', 'Susan', 'Nohemi', 'Easter', 'Dorthea', 'Vada', 'Leonida', 'Herlinda', 'Leonard', 'Stanford', 'Jeanette', 'Milissa', 'Pa', 'Susannah', 'Juliet']
['Tarah', 'Dion', 'Spencer', 'Almeta', 'Trey', 'Antonina', 'Lisa', 'Junior', 'Jae', 'Christiane', 'Esperanza', 'Deirdre', 'Tammi', 'Tyisha', 'Brendon', 'Allena', 'Oma', 'Elliott', 'Ambrose', 'Shavon', 'Danial', 'Elvie', 'Angella', 'Clyde', 'Hyun', 'Shaun', 'Marcos', 'Anabel', 'Randall', 'Rita']
['Ok']
['Piedad']
['Annabel']
['Kristopher', 'Toya', 'Elena', 'Ema', 'Hiroko', 'Loura', 'Eve', 'Helene', 'Lamonica', 'Sharell', 'Earnest', 'Oneida', 'Ron', 'Cassie', 'Dusti', 'Danita', 'An', 'Kay', 'Sherwood', 'Lana', 'Kyung', 'Joanne', 'Martin', 'Elvia', 'Alethia', 'Bonnie', 'Dora', 'In', 'Renea', 'Vernon']
['Jeremy']
['Tressa']
['Angeline']
['Clinton']
['Deana']
['Kristi']
['Marci', 'Rima', 'Garret']
['Clarence']
['Darnell']
['Princess']
['Mariette']
['Dorene']
['Saul', 'Shelton', 'Aaron']
['Olevia']
['Pinkie', 'Randa', 'Retta']
['Darwin']
