['372', '164', '166', '170', '175', '176', '186', '194', '207', '223', '234', '255', '276', '295', '298', '320', '324', '377', '380', '386', '421', '422', '428', '441', '470']
['87', '297', '310', '477', '484', '7', '12', '31', '32', '34', '36', '37', '39', '49', '55', '56', '67', '76', '78', '79', '81', '84', '93', '95', '97']
['122', '331', '98', '101', '112', '115', '124', '125', '132', '133', '144', '151', '152', '160', '161', '168', '169', '174', '179', '181', '182', '183', '193', '199', '201']
['227', '290', '60', '71', '203', '204', '218', '220', '232', '236', '244', '251', '253', '254', '258', '263', '265', '286', '288', '304', '307', '308', '311', '314', '318']
['280', '413', '416', '66', '273', '301', '322', '332', '337', '338', '347', '353', '354', '359', '362', '365', '366', '373', '375', '378', '379', '381', '382', '383', '385']
['65', '325', '390', '395', '400', '408', '411', '414', '439', '440', '446', '458', '459', '482', '483', '489', '496', '497', '0', '1', '2', '4', '5', '8', '9']
['68', '178', '313', '323', '233', '11', '13', '15', '17', '18', '19', '20', '22', '23', '24', '29', '30', '33', '35', '40', '41', '42', '43', '45', '46']
['73', '155', '241', '47', '48', '50', '52', '53', '54', '57', '58', '59', '69', '70', '72', '74', '80', '82', '85', '86', '89', '94', '100', '103', '106']
['88', '238', '358', '99', '198', '205', '107', '109', '110', '111', '113', '114', '118', '120', '121', '126', '127', '128', '130', '134', '136', '137', '145', '148', '149']
['91', '153', '154', '157', '158', '159', '165', '167', '171', '172', '173', '180', '184', '185', '188', '189', '191', '192', '195', '196', '200', '202', '210', '211', '214']
['96', '225', '326', '476', '215', '217', '219', '221', '222', '224', '226', '228', '229', '230', '231', '235', '239', '240', '242', '243', '245', '246', '247', '249', '250']
['123', '150', '335', '252', '256', '259', '262', '264', '266', '267', '268', '272', '274', '275', '277', '279', '281', '282', '283', '285', '287', '289', '292', '294', '296']
['141', '63', '293', '271', '299', '300', '303', '305', '306', '309', '312', '315', '316', '317', '319', '327', '330', '334', '336', '339', '340', '341', '343', '344', '345']
['142', '434', '61', '83', '432', '348', '349', '351', '352', '355', '356', '360', '361', '363', '367', '368', '369', '371', '374', '376', '384', '387', '388', '391', '392']
['146', '163', '284', '393', '394', '397', '398', '399', '402', '404', '406', '407', '410', '417', '419', '420', '424', '425', '427', '429', '430', '431', '433', '435', '436']
['206', '370', '437', '438', '442', '444', '447', '448', '449', '452', '454', '456', '457', '460', '462', '463', '464', '465', '466', '467', '468', '469', '471', '472', '473']
['213', '261', '135', '212', '474', '475', '478', '480', '481', '485', '486', '490', '492', '495', '498']
['257', '187', '260', '479', '487']
['278', '6', '270']
['328', '333', '461']
['342', '139', '445']
['403', '389', '216']
['409', '499', '77', '357']
['412', '321']
['415', '108', '237']
['443']
['450', '190', '364']
['451', '177', '16', '209']
['453', '269', '291', '140']
['455', '104', '129']
['10', '162', '197', '488']
['14', '493', '350', '426']
['26']
['28', '27']
['38', '3']
['44', '105', '302']
['51']
['64', '423']
['75', '346', '396']
['90']
['92']
['102', '25', '401']
['116', '405']
['117', '62', '208']
['119', '329']
['131', '418']
['138', '248', '491', '494']
['143']
['147', '21']
['156']
