['2', '3', '4', '8', '41', '102', '106', '154', '177', '189', '244', '263', '316', '324', '369', '374', '387', '393', '406', '429', '451', '467', '493', '43', '44', '61', '65', '73', '109', '115', '116', '118', '128', '136', '139', '166', '169', '171', '180', '190', '194', '195', '212', '218', '229', '251', '260', '261', '271', '281']
['27', '289', '292', '294', '295', '296', '297', '299', '319', '334', '347', '356', '373', '407', '436', '447', '474', '478', '497', '5', '10', '21', '28', '30', '35', '45', '77', '82', '83', '97', '108', '111', '119', '123', '126', '164', '168', '193', '206', '208', '215', '230', '235', '247', '265', '266', '272', '290', '306', '340']
['33', '352', '355', '425', '426', '433', '456', '477', '489', '494', '7', '11', '23', '34', '87', '93', '94', '95', '121', '125', '137', '141', '149', '158', '160', '172', '175', '187', '188', '202', '204', '205', '257', '286', '300', '302', '305', '307', '339', '394', '397', '399', '404', '412', '419', '448', '452', '458', '460', '462']
['133', '203', '471', '482', '0', '24', '29', '42', '86', '88', '90', '91', '98', '113', '129', '146', '157', '170', '186', '192', '200', '214', '241', '243', '250', '282', '338', '380', '382', '427', '432', '443', '465', '470', '488', '499', '26', '50', '59', '63', '85', '100', '105', '134', '191', '219', '223', '268', '270', '273']
['142', '248', '298', '309', '332', '341', '363', '424', '459', '481', '25', '58', '60', '89', '110', '159', '178', '184', '213', '220', '224', '232', '236', '269', '278', '322', '372', '375', '388', '439', '490', '1', '6', '53', '62', '71', '104', '135', '153', '221', '377', '389', '390', '392', '472', '57', '84', '138', '140', '143']
['147', '245', '246', '201', '255', '262', '288', '323', '335', '395', '22', '64', '239', '326']
['196']
['234']
['254']
['291']
['325']
['344']
['348']
['361']
['364']
['449']
['453']
['468', '469']
['15']
['18', '17', '40', '122', '179', '222', '233', '259', '303', '327', '336', '487', '492', '19', '101', '124', '152', '216', '283', '358', '409', '418', '457', '20', '231', '237', '249', '308', '366', '420', '455', '479', '238', '337', '151', '267', '495']
['48', '47', '117', '211', '287', '360', '466', '484']
['75', '76', '79', '198', '240', '242', '279', '301', '343', '349', '386', '74', '99', '156', '199', '210', '314', '428', '434', '483', '80', '96', '225', '415', '461', '475', '78', '431', '446', '480']
['107']
['127']
['148']
['197']
['304']
['329', '328', '368', '379', '402', '440', '485', '496']
['365']
['367']
['371', '370', '376', '391', '414', '486']
['398']
['400']
['473']
['476']
['9', '182', '183', '209', '217', '226', '256', '280', '320', '333', '342', '350', '416', '498', '38', '39', '54', '55', '37', '68', '174', '318', '357', '359', '403', '413', '491', '173', '351', '36', '66', '72', '114', '285', '410', '438', '69', '207', '258', '274', '293', '381', '70', '185', '422', '441']
['16']
['32', '31', '51', '67', '112', '144', '150', '176', '228', '276', '315', '354', '378', '252', '253', '52', '353', '396', '423', '463', '275', '277', '284', '408', '430', '435', '454', '464']
['49', '181', '227', '264', '310', '345', '362', '383', '401', '411', '442', '450', '13', '14', '311', '317', '330', '421', '437', '444', '384', '12', '46', '81', '131', '163', '312', '321', '385', '417', '445', '162', '313', '346', '405', '331']
['56']
['92']
['103']
['120']
['130']
['132']
['145']
['155']
['161']
['165']
['167']
