['0', '2', '3', '5', '7', '9', '18', '19', '28', '29', '32']
['10', '4', '6', '8', '12', '13', '16', '17', '34', '36', '37']
['20', '22', '23', '26', '27', '42', '43', '44', '52', '53', '54']
['30', '31', '35', '45', '33', '38', '39', '46', '47', '48', '62']
['40', '41', '55', '49', '56', '57', '58', '72', '73', '74', '82']
['50', '51', '65', '59', '64', '66', '67', '68', '92', '93', '94']
['60', '61', '75', '63', '69', '76', '77', '78', '102', '103', '104']
['70', '71', '85', '79', '84', '86', '87', '88', '112', '113', '114']
['80', '81', '95', '83', '89', '96', '97', '98', '122', '123', '124']
['90', '91', '105', '99', '106', '107', '108', '132', '133', '134', '142']
['100', '101', '115', '109', '116', '117', '118', '152', '153', '154', '162']
['110', '111', '125', '119', '126', '127', '128', '172', '173', '174', '182']
['120', '121', '135', '129', '136', '137', '138', '192', '193', '194', '202']
['130', '131', '145', '139', '144', '146', '147', '148', '212', '213', '214']
['140', '141', '155', '143', '149', '156', '157', '158', '222', '223', '224']
['150', '151', '165', '159', '164', '166', '167', '168', '232', '233', '234']
['160', '161', '175', '163', '169', '176', '177', '178', '242', '243', '244']
['170', '171', '185', '179', '184', '186', '187', '188', '252', '253', '254']
['180', '181', '195', '183', '189', '196', '197', '198', '262', '263', '264']
['190', '191', '205', '199', '204', '206', '207', '208', '272', '273', '274']
['200', '201', '215', '203', '209', '216', '217', '218', '282', '283', '284']
['210', '211', '225', '219', '226', '227', '228', '292', '293', '294', '302']
['220', '221', '235', '229', '236', '237', '238', '312', '313', '314', '322']
['230', '231', '245', '239', '246', '247', '248', '332', '333', '334', '342']
['240', '241', '255', '249', '256', '257', '258', '352', '353', '354', '362']
['250', '251', '265', '259', '266', '267', '268', '372', '373', '374', '382']
['260', '261', '275', '269', '276', '277', '278', '392', '393', '394', '402']
['270', '271', '285', '279', '286', '287', '288', '412', '413', '414', '422']
['280', '281', '295', '289', '296', '297', '298', '432', '433', '434', '442']
['290', '291', '305', '299', '304', '306', '307', '308', '452', '453', '454']
['300', '301', '315', '303', '309', '316', '317', '318', '462', '463', '464']
['310', '311', '325', '319', '324', '326', '327', '328', '472', '473', '474']
['320', '321', '335', '323', '329', '336', '337', '338', '482', '483', '484']
['330', '331', '345', '339', '344', '346', '347', '348', '492', '493', '494']
['340', '341', '355', '343', '349', '356', '357', '358']
['350', '351', '365', '359', '364', '366', '367', '368']
['360', '361', '375', '363', '369', '376', '377', '378']
['370', '371', '385', '379', '384', '386', '387', '388']
['380', '381', '395', '383', '389', '396', '397', '398']
['390', '391', '405', '399', '404', '406', '407', '408']
['400', '401', '415', '403', '409', '416', '417', '418']
['410', '411', '425', '419', '424', '426', '427', '428']
['420', '421', '435', '423', '429', '436', '437', '438']
['430', '431', '445', '439', '444', '446', '447', '448']
['440', '441', '455', '443', '449', '456', '457', '458']
['450', '451', '465', '459', '466', '467', '468']
['460', '461', '475', '469', '476', '477', '478']
['470', '471', '485', '479', '486', '487', '488']
['480', '481', '495', '489', '496', '497', '498']
['490', '491', '499']
['1']
['11']
['15', '14']
['21']
['25', '24']
