['AKB', 'ANN', 'AJL', 'ANY', 'ALW', 'AMT', 'AOK', 'AKL', 'AOH', 'AJG', 'AMR', 'AMN', 'AKI', 'AMK', 'ALC', 'AME', 'ANU', 'AJU', 'ANL']
['ALM', 'AKD', 'AMI', 'AMO', 'ALP', 'ANK', 'AMV', 'AMP', 'AMU', 'AJC', 'AJV', 'AKY', 'AKT', 'AKU', 'ALR', 'ALV', 'AKQ', 'AKC', 'AKH']
['ANO', 'ALZ', 'ALA', 'AOM', 'ANI', 'AKW', 'AMA', 'ANX', 'ANG', 'AJZ', 'ALI', 'AJK', 'AJO', 'AKJ', 'AKG', 'AMW', 'AJX', 'AOB', 'AOL']
['AOD', 'AJF', 'ANP', 'AKO', 'ALF', 'ALX', 'ANA', 'ANJ', 'AMS', 'AIZ', 'AKZ', 'ANQ', 'ANE', 'AJM', 'AKA', 'AKS', 'AMC', 'ANB', 'ALN']
['ALQ', 'AJI', 'ALJ', 'AOG', 'AJP', 'ALL', 'ANM', 'AJD', 'AOE', 'ALD', 'AKF', 'AJA', 'AMZ', 'AJE', 'AOJ', 'AJB', 'AMD', 'ANV', 'ALU']
['AMB', 'AOF', 'ALS', 'ANR', 'AOI', 'AJN', 'AKX', 'ANW', 'AKN', 'AML', 'ALB', 'AKK', 'AOA', 'AKV', 'AJY', 'AOC', 'ALH', 'ANC', 'AKE']
['AMM', 'ALT', 'ALG', 'ALK', 'AMH', 'AMX', 'AJW', 'AMF', 'ALY', 'ALE', 'AJS', 'AND', 'AKM', 'AGE', 'AHA', 'AIK', 'AHK', 'AGN', 'AFS']
['ALO', 'AMG', 'AIP', 'AIB', 'AHM', 'AGO', 'AHX', 'AHN', 'AFU', 'AGY', 'AIV', 'AIU', 'AIH', 'AIE', 'AGT', 'AGH', 'AGQ', 'AHQ', 'AIC']
['AJR', 'AIG', 'AHY', 'AIY', 'AHC', 'AII', 'AIM', 'AID', 'AHU', 'AIF', 'AIX', 'AHW', 'AGB', 'AHS', 'AFX', 'AIA', 'AGF', 'AHH', 'AIJ']
['AJH', 'AGJ', 'AGM', 'AGG', 'AHP', 'AFZ', 'AHZ', 'AHT', 'AGP', 'AFP', 'AFY', 'AGZ', 'AFQ', 'AGI', 'AHI', 'AHO', 'AHB', 'AIT', 'AHG']
['AMY', 'AGK', 'AHE', 'AHF', 'AGD', 'AGL', 'AGC', 'AIL', 'AHV', 'AGA', 'AHL', 'AFV', 'AIQ', 'AFT', 'AGU', 'AGW', 'AGS', 'AFW', 'AGR']
['AJJ', 'AHD', 'AFO', 'AHJ', 'AIO', 'AHR', 'AFR', 'AIW', 'AGX', 'AIR', 'AIS', 'AIN', 'AGV', 'ADP', 'AEY', 'AEG', 'AET', 'ADL', 'ADW']
['ANZ', 'AFH', 'AEU', 'ADN', 'AEC', 'AFD', 'AFB', 'AEF', 'AED', 'ADU', 'AFE', 'ADR', 'ADX', 'AFJ', 'AFN', 'AFM', 'ADQ', 'AEQ', 'AEM']
['AKP', 'AFC', 'AEB', 'AFI', 'AFL', 'AFA', 'ADY', 'AEH', 'ADV', 'AEL', 'AFF', 'AEI', 'AFG', 'AEN', 'AER', 'AEX', 'AEP', 'ADO', 'AES']
['AMJ', 'AEJ', 'ADT', 'AFK', 'AEZ', 'AEA', 'AEK', 'AEE', 'ADZ', 'ADS', 'AEW', 'ADM', 'AEO', 'AEV', 'APD', 'AOQ', 'APJ', 'AQN', 'AQD']
['AMQ', 'APK', 'AOW', 'AQJ', 'AQA', 'APN', 'AOX', 'AQE', 'AQH', 'APC', 'APG', 'AQL', 'APE', 'AOT', 'APW', 'AQI', 'APF', 'APT', 'API']
['ANT', 'AQK', 'AQM', 'APQ', 'APX', 'AQC', 'AQG', 'APB', 'APA', 'APY', 'APH', 'AOY', 'AOP', 'AON', 'APP', 'APL', 'APS', 'AQO', 'AQF']
['AJT', 'APO', 'AOZ', 'APV', 'APR', 'AOV', 'AQB', 'APM', 'AOO', 'AOR', 'AOU', 'AOS', 'APZ', 'APU', 'ACP', 'ACD', 'ACM', 'ACV', 'ADK']
['ANH', 'ACI', 'ACG', 'ADJ', 'ACT', 'ACZ', 'ADE', 'ADF', 'ADG', 'ACS', 'ACJ', 'ACN', 'ADI', 'ADB', 'ACU', 'ACQ', 'ACE', 'ACW', 'ACL']
['AJQ', 'ACK', 'ACR', 'ADD', 'ADH', 'ACO', 'ADC', 'ACF', 'ADA', 'ACX', 'ACH', 'ACY', 'ABZ', 'ABX', 'ABM', 'ACC', 'ABT', 'ABS', 'ABO']
['ANS', 'ABP', 'ABL', 'ABQ', 'ABI', 'ABK', 'ABV', 'ABN', 'ABU', 'ABJ', 'ACB', 'ABW', 'ABY', 'ACA', 'AAW', 'ABA', 'AAX', 'AAY', 'ABB']
['AKR', 'ABR', 'ABH', 'AAV', 'AAZ', 'ABC', 'ABE', 'ABF', 'ABG', 'AAS', 'AAR', 'AAN', 'AAO', 'AAU', 'AAK', 'AAJ', 'AAG', 'AAH', 'AAD']
['ANF', 'ABD', 'AAT', 'AAQ', 'AAP', 'AAM', 'AAI', 'AAL', 'AAF', 'AAE', 'AAC', 'AAB', 'AAA']
