['53', '36', '37', '38', '41', '61']
['153', '64', '65', '66', '86', '87']
['203', '91', '111', '113', '116', '136']
['234', '141', '161', '163', '164', '165']
['1', '166', '191', '211', '213', '214']
['3', '215', '216', '241', '4', '5']
['9', '2', '6', '54', '55', '112']
['26', '27', '30', '31', '162', '204']
['28', '39', '40', '29', '212', '8']
['34', '21', '33', '43', '46', '49']
['51', '52', '57', '56', '93', '99']
['59', '58', '167', '199', '233', '249']
['76', '82', '77', '80', '81', '0']
['78', '89', '90', '79', '17', '18']
['84', '83', '19', '20', '22', '23']
['101', '102', '106', '107', '105', '100']
['103', '104', '114', '115', '24', '25']
['109', '108', '200', '42', '44', '45']
['126', '127', '130', '131', '47', '48']
['128', '139', '140', '129', '50', '67']
['132', '225', '68', '69', '71', '72']
['134', '133', '73', '74', '75', '92']
['151', '155', '157', '152', '154', '156']
['159', '158', '94', '95', '96', '97']
['176', '181', '182', '98', '177', '180']
['178', '189', '190', '179', '117', '118']
['184', '183', '119', '121', '122', '123']
['201', '207', '202', '205', '206', '124']
['209', '208', '125', '142', '143', '144']
['226', '230', '232', '227', '231', '145']
['228', '229', '239', '240', '120', '146']
['10', '147', '148', '149', '150', '168']
['32', '169', '170', '171', '172', '173']
['35', '174', '175', '192', '193', '194']
['60', '63', '62', '195', '196', '197']
['85', '88', '198', '217', '218', '219']
['110', '220', '221', '222', '223', '224']
['135', '138', '137', '242', '243', '244']
['160', '245', '246', '247', '248']
['185']
['188', '186', '187', '70']
['210']
['235', '238', '237']
['236']
['7']
['11', '12']
['13']
['14']
['15']
['16']
