['KCPYN', 'GKYTD', 'BREAU', 'WTAGZ', 'YVULZ', 'XHKTV', 'KIEKF', 'SYRST', 'WGNBW', 'YMAKV', 'VQTXV', 'ZYEMW', 'JLTJR', 'FHCPP', 'FYSSP', 'HIBFR', 'DQJYE', 'NMUXG', 'VLACB', 'JFOPY', 'MCXWP', 'PBEOM', 'NHBOU', 'VZNGS', 'RNMID']
['LYFLA', 'NLQWV', 'QJRDV', 'BWKXY', 'NNLIE', 'DYIYS', 'YSBTR', 'QZGLO', 'GKLKQ', 'TEYRZ', 'FIUZZ', 'LRCXZ', 'UDFVU', 'HDFES', 'LMDUZ', 'YIQHC', 'KEDYT', 'IAASE', 'CALHI', 'DWCIC', 'PADSR', 'VUZHE', 'XPMAC', 'BXGFY', 'RMHZI']
['VUPAV', 'WFPUN', 'LQGAI', 'DFZLH', 'FKMPO', 'UQJJY', 'VXNNV', 'QMJUD', 'AIWJE', 'TYYLF', 'QBGLN', 'DPJHM', 'PUFAY', 'MIMWO', 'XLWDU', 'DZGQX', 'PPBBM', 'JDDRN', 'OYLVF', 'QMBKL', 'UOYAH', 'WLODL', 'GDZSX', 'WNGHY', 'PEIBF']
['FRVNO', 'XIGOI', 'WNDOP', 'TDICM', 'QVEIA', 'AHXXM', 'OXZCV', 'QBYJR', 'MUUIL', 'HUNXU', 'GPHCZ', 'DTPHQ', 'ROVKN', 'IQLHD', 'SOVUQ', 'LVMLT', 'FBZDZ', 'TJFHX', 'OZSQX', 'XTFTT', 'HZGVK', 'USRDK', 'ZKMSA', 'AALPZ', 'GPAYG']
['XMZUX', 'PUJOM', 'OHEWR', 'DJQYY', 'HOCJP', 'YTXXV', 'YTTKI', 'EFRTR', 'VISUM', 'ZRLGV', 'ADKIG', 'SACPU', 'EIALG', 'OMNEY', 'FLAIE', 'BHFJC', 'PRFNT', 'XZTVE', 'CHCYT', 'UDEWT', 'DUQLN', 'BCTKV', 'HXGTU', 'RRFYM', 'ZPWCF']
['LESUW', 'RRDGL', 'SAOVB', 'DAPHY', 'AZDHE', 'CYMCE', 'GPKTZ', 'GAQXI', 'XOUQM', 'YPSZJ', 'JECON', 'XMJJP', 'MSZXR', 'ABAQL', 'CYRFR', 'HAYKV', 'XGCQB', 'FRHWO', 'QUGAX', 'SHEUT', 'LBYAL', 'REVQE', 'GKPPL', 'EPEAQ', 'XADCG']
['YPRRC', 'QLDQR', 'DOYMU', 'KGDBH', 'XGXRC', 'XYVAU', 'NKEPZ', 'QXETJ', 'JEHBC', 'KXFFP', 'ABQJV', 'NRRFB', 'SCMKV', 'HAPCQ', 'CSGGY', 'DBPXU', 'BBDFQ', 'VGWZF', 'EYYNC', 'DWGDE', 'KQZVU', 'QFSQF', 'GKOUL', 'RMNKI', 'OJTYX']
['MTXFY', 'TPIXY', 'CXMEP', 'VUTIQ', 'EIREK', 'PKECO', 'RWIWJ', 'NGBWQ', 'UXUZX', 'BEFRL', 'NZAXS', 'GUJWW', 'YQBLY', 'GAUGX', 'RLKNU', 'XOUQG', 'SWZLI', 'RKMOC', 'FYAYI', 'FSYHN', 'PQYKQ', 'CWKNX', 'YHWVK', 'SEJRA', 'JWNLZ']
['ZRFKN', 'XQYCU', 'NEQMO', 'GXAOE', 'RSFHX', 'SUEUT', 'SSWHW', 'YVMFJ', 'MMHOG', 'SIWEE', 'NZQKM', 'POXWS', 'QYCKH', 'BFHEV', 'VNIQM', 'VLXZD', 'WNBOI', 'QNXTS', 'EWIJA', 'URMYA', 'JGGQM', 'RUSXV', 'WEYKU', 'WMAOH', 'MQEVZ']
['IUTYE', 'IYGUJ', 'JPWDA', 'UMQSO', 'TMCLZ', 'ALNHK', 'BVKPC', 'XBVDI', 'VKBEF', 'BCKDA', 'VSEBO', 'KTXRI', 'PKUWP', 'FIBZD', 'OENOT', 'SEVGN', 'IBFSE', 'LHFOM', 'PPAYR', 'VBXTL', 'EAHZI', 'IDOHH', 'LPRGT', 'LMZAF', 'CZQAC']
['VGTYI', 'ZLMYN', 'UTQPU', 'FFZNI', 'CSILO', 'UYUIP', 'TPIHD', 'OEEYW', 'ZSYGC', 'WTMZW', 'KCWNV', 'TLKIE', 'AEHLI', 'GUJWH', 'PAVOS', 'DRVVY', 'PHXOS', 'YKOFS', 'HGAWC', 'CZNRV', 'KFWQL', 'FKSNY', 'ELBRQ', 'GRIBM', 'TJTMV']
['ZMCMD', 'ILRGH', 'JTKTH', 'FWKYL', 'CYVWU', 'JFKWJ', 'CCHLM', 'ENHUS', 'FXFHY', 'AUIRW', 'LYSRO', 'NCWPX', 'RCWOS', 'QSIZR', 'QSAIM', 'PREHL', 'GRUYQ', 'ZOVBE', 'IHIWD', 'WHBFR', 'WEDAM', 'KEPXD', 'QQCGU', 'LCGFN', 'RQZDB']
['NKLCQ', 'NLQQX', 'DOXUP', 'ZXEUD', 'JLETC', 'KZBFF', 'DDGZR', 'QHQUF', 'EFPNV', 'ELRTK', 'FWTXB', 'MQWLN', 'DFNDO', 'IPMBX', 'TARGC', 'PSMNV', 'SPSXT', 'LJQBN', 'RVMXY', 'QACAX', 'AXICB', 'DREMQ', 'FESAS', 'YRTTG', 'UNSUE']
['STZIM', 'IPLJJ', 'PDSZU', 'WZJYQ', 'IEEVC', 'POYSB', 'VKHOX', 'JMPSL', 'XQUPB', 'VFWVV', 'TLAOJ', 'ZMWJB', 'SPROB', 'TJLUN', 'SUNJN', 'RSYQC', 'VZFUK', 'RZJZX', 'YTVYR', 'IXEZM', 'PQEKQ', 'QFZCO', 'ZUYFN', 'VYUHL', 'JGIMA']
['UHIOD', 'SLHLJ', 'SEUJM', 'RWOPE', 'KDZDK', 'UMQRP', 'FIPGX', 'GBEQY', 'GWEZA', 'VQUBW', 'VNNEP', 'DBXJE', 'NHZCJ', 'SLYUO', 'MCVPN', 'BBIGY', 'AQEWE', 'LCYZY', 'BKFQR', 'KDMQW', 'JRNKY', 'NLPHM', 'KEUTQ', 'ZOHDS', 'NSSHB']
['BMNGE', 'KRMMY', 'UPNVV', 'FCFIW', 'VSARS', 'LQJNK', 'OPZLD', 'BXGAG', 'MRNHH', 'MBBZL', 'NCXIY', 'PPGSA', 'NMWYK', 'VFXSF', 'HAKPT', 'AAEBS', 'IYMNE', 'FMMZU', 'HKSDK', 'STJMV', 'RFDDK', 'ASGXO', 'ZNTDR', 'JAGAT', 'BSOUP']
['RISKG', 'DNOMK', 'KSGPB', 'CRKWH', 'JCWPV', 'GJYBX', 'MLWLT', 'ZZKGQ', 'NTGQJ', 'METWY', 'VCMUY', 'XDBSH', 'TQUPW', 'UTYHJ', 'GNDQJ', 'JXKSJ', 'OYGNB', 'OVNTP', 'GFWZF', 'LEYDX', 'CRSZF', 'FMFZO', 'IVYZR', 'ERXLL', 'UEFBC']
['BOOKC', 'JPLIB', 'ENWEC', 'QJUJE', 'YYNPW', 'RAAAY', 'REFDA', 'ZNEQL', 'XVOGO', 'VMRKJ', 'NCCJD', 'JMNIF', 'IOHXF', 'JCAYK', 'LGPGN', 'EGYBS', 'JJDHO', 'AXIHL', 'BNPMH', 'PCOTH', 'HVAAR', 'KBDMG', 'GZWND', 'GJCQK', 'UZTYA']
['TIZZI', 'VWLQP', 'FSIEJ', 'XYABI', 'EHCWU', 'PDNXQ', 'XQQNM', 'WAZOJ', 'UHFXM', 'PBAWW', 'VVMSW', 'PUWYW', 'JCTBB', 'CTLHM', 'EXSFL', 'HKBNA', 'VHWPC', 'CASYZ', 'PARXO']
['FPFHY']
['GUGKR']
['TKEWX']
['SSZXS']
['CWZDH']
['TWVAR']
['LFYYV', 'NPJSC', 'FQYNK', 'OBCSZ', 'EXERI', 'SDCRN', 'SURGB', 'FIIIX', 'RDCHE', 'BHECC', 'ZCMCP', 'EBQJA', 'WWCYP', 'SMDTK', 'AEXQY']
['NZQNY']
['JGBOH']
