['26', '8', '32', '76', '38', '449', '211']
['60', '142', '386', '408', '240', '137', '131']
['64', '481', '316', '450', '112', '126', '47']
['372', '143', '397', '428', '441', '108', '268']
['346', '468', '136', '71', '114', '171', '162']
['159', '352', '270', '321', '214', '421', '224']
['179', '81', '426', '456', '222', '291', '390']
['233', '156', '365', '287', '330', '209', '382']
['111', '244', '241', '438', '328', '17', '0']
['249', '265', '150', '116', '417', '133', '102']
['427', '80', '379', '105', '318', '13', '489']
['342', '465', '495', '461', '254', '197', '248']
['175', '109', '186', '125', '246', '359', '119']
['242', '432', '9', '367', '44', '160', '63']
['20', '491', '451', '266', '454', '497', '324']
['348', '420', '74', '480', '482', '55', '237']
['164', '86', '485', '488', '414', '391', '333']
['395', '19', '33', '282', '341', '146', '405']
['99', '339', '401', '107', '229', '59', '124']
['251', '425', '378', '177', '218', '305', '163']
['36', '118', '194', '494', '262', '452', '471']
['200', '375', '110', '66', '180', '25', '442']
['295', '166', '104', '70', '189', '77', '49']
['371', '130', '16', '230', '499', '181', '183']
['289', '319', '203', '271', '238', '260', '424']
['245', '83', '253', '334', '344', '478', '368']
['496', '358', '208', '399', '68', '12', '457']
['280', '302', '149', '440', '216', '50', '192']
['73', '458', '377', '392', '151', '53', '444']
['232', '487', '393', '10', '154', '195', '113']
['258', '43', '474', '332', '306', '453', '479']
['6', '389', '369', '30', '498', '290', '4']
['40', '296', '22', '357', '212', '436', '28']
['29', '294', '231', '172', '435', '215', '174']
['152', '267', '366', '250', '234', '350', '2']
['490', '121', '198', '274', '467', '90', '54']
['343', '335', '413', '326', '199', '264', '492']
['448', '423', '400', '239', '3', '157', '387']
['134', '327', '278', '279', '61', '466', '288']
['388', '410', '446', '188', '165', '227', '34']
['39', '349', '204', '69', '18', '411', '184']
['445', '155', '67', '396', '398', '439', '383']
['404', '56', '167', '182', '201', '484', '463']
['185', '206', '11', '97', '314', '94', '207']
['5', '486', '470', '148', '312', '93', '402']
['406', '35', '315', '173', '138', '127', '309']
['447', '226', '221', '235', '187', '347', '31']
['409', '190', '430', '340', '84', '75', '412']
['15', '168', '41', '257', '117', '403', '464']
['297', '223', '355', '345', '247', '120', '27']
['101', '353', '72', '52', '285', '460', '65']
['407', '455', '256', '394', '193', '82', '419']
['122', '284', '78', '416', '91', '385', '462']
['431', '261', '300', '299', '219', '140', '437']
['161', '356', '351', '243', '364', '269', '225']
['376', '88', '338', '311', '202', '96', '87']
['141', '275', '384', '433', '139', '320', '293']
['46', '277', '476', '255', '176', '336', '191']
['459', '57', '325', '308', '92', '106', '145']
['263', '303', '98', '100', '469', '51', '115']
['429', '361', '273', '298', '313', '301', '259']
['236', '228', '276', '374', '493']
['422', '283']
['147']
['322', '58', '362', '329', '370', '37', '418']
['158', '153', '286', '475', '252', '483', '307']
['205', '213', '178', '123']
['477', '381', '363', '472', '281', '169', '7']
['128', '272']
['443', '337', '323', '170', '354', '292', '380']
['210']
['79']
['473']
['360']
['14']
['434']
['95']
['220']
['42']
['310']
['85']
['129']
['24']
['89']
['304']
['144']
['196', '132']
['103']
['21']
['1']
['23']
['45']
['62']
['217']
['48']
['331']
['415']
['373']
['135']
['317']
