['KUMCW', 'GZQDO', 'BGOJW', 'FJPVZ', 'SZXFW']
['RQZPM', 'HFDOF', 'UCLPW', 'OXRDD', 'YJCIZ']
['QBVUY', 'EAEIR', 'VFFHE', 'SGRXP', 'WJAIQ']
['XXRUC', 'FCJLJ', 'EAITX', 'CBJEL', 'QECFT']
['YQSUZ', 'MEKWP', 'UHOTV', 'RMUXW', 'TAIVA']
['UBCVC', 'QYWKX', 'GOXXP', 'AGDTK', 'BJTHH']
['MRXML', 'BTWAZ', 'VNVFZ', 'YWPLR', 'CUUFQ']
['KENPF', 'VSPLU', 'LSZMU', 'DKHZJ', 'VIPLF']
['XBTFE', 'OVYDG', 'VPSEI', 'HGJEC', 'JMYIA']
['OENWP', 'DSQUZ', 'FZBVB', 'QPVND', 'NWAHL']
['WJIWZ', 'VXLZU', 'IGAXC', 'NKCOJ', 'ZJNIT']
['XIDUV', 'HNKDE', 'FCWUA', 'KXMSB', 'GICKM']
['SMSHQ', 'OVYUV', 'TKYGG', 'TYMOI', 'TFGVT']
['BBKUO', 'YNIQG', 'QBZQQ', 'JXGHX', 'DFBMK']
['EGIIY', 'CLLNQ', 'OXRUQ', 'ZBJTS', 'ZJPJO']
['CIUZU', 'ZRVWH', 'TEFPC', 'NHQWU', 'BLHOQ']
['VTOZN', 'OMYLR', 'FSTKF', 'XNYRJ', 'CKHRK']
['XCTJB', 'QIZOX', 'LIGPC', 'WSVIR', 'IBUGB']
['VLQCW', 'ZPTPS', 'CIPCP', 'GLIPE', 'WHRVK']
['XUHAP', 'SKBJW', 'CFMPM', 'GEQFC', 'QQUYY']
['UJESQ', 'UGKUC', 'YFRIJ', 'PVVAV', 'SGTRH']
['AHMRO', 'TAHXC', 'OLFRP', 'JOZYK', 'NSDMC']
['JWSRE', 'NDLFM', 'CPJBS', 'PLFWC', 'PGHQU']
['PABIC', 'BVCTY', 'KRWXO', 'LVBGW', 'VQAKV']
['YORBA', 'GCQTP', 'SVMGK', 'DVRRV', 'FBWOW']
['UFVEC', 'IGQNP', 'QAOAR', 'ENKVR', 'OSLVS']
['PQDFC', 'DKSJV', 'IGUWL', 'KYKCO', 'WLCAR']
['BWWYB', 'KHNJL', 'EHHWX', 'APXMD', 'ZEPYJ']
['XUYPR', 'DVLFX', 'NVSYK', 'OKPQW', 'EADHZ']
['ZUTJZ', 'BNYBV', 'CPTCX', 'RURLC', 'OCOQX']
['PSZDK', 'HXXMK', 'MXBHP', 'WGGGP', 'AICHQ']
['CKFJL', 'PXCKJ', 'FDGQA', 'QIALM', 'FELNZ']
['PTRTD', 'BNJLP', 'QCRLR', 'DSUJE', 'FEUEQ']
['PKHDM', 'RFWKF', 'RJIED', 'ECNTU', 'GJRAV']
['QNUDR', 'WNYYG', 'VGUGP', 'VQDCT', 'PQAHJ']
['JTHWI', 'RUYNY', 'THQAC', 'ACJRU', 'ABYHN']
['QGRPC', 'UGVLA', 'BPLLS', 'EHMWV', 'WDGCR']
['TBZDI', 'VBRPO', 'SHLYA', 'IAMKK', 'UDTFQ']
['WWYEF', 'MIKDS', 'XGNPD', 'EOCJX', 'QGXZJ']
['HAXVF', 'MQDQQ', 'PSVNQ', 'WPGRW', 'OTQON']
['YXPNV', 'XFNKQ', 'WAHPX', 'VVCGQ', 'ALMIE']
['SJJMM', 'KGIPC', 'MTCGB', 'TNZEA', 'QVNNO']
['RMJIF', 'OUQMM', 'NUSHB', 'SEYUH', 'UHSWZ']
['FZQXE', 'PECLI', 'JEBNF', 'FGDHQ', 'LIQGP']
['HATBR', 'IAADS', 'AWDBE', 'SGXHX', 'ZHVLK']
['ENWEP', 'HSIWG', 'UCQZE', 'ZNMAJ', 'DFVZW']
['TFWCC', 'DBIOJ', 'NCDJQ', 'DUAEB', 'FXUHH']
['VLEXY', 'XBSXA', 'OQSOU', 'IVZGD', 'UZKCN']
['VYDDY', 'ARMIC', 'QUECI', 'SFQST', 'VATRQ']
['RCZHM', 'QYLAH', 'YJPCO', 'CIILB', 'GNCHO']
['SROSJ', 'IZZTZ', 'VGCRP', 'IKHTD', 'MYAVD']
['ZJQQO', 'GAEKQ', 'HWSJL', 'CCNPM', 'VWJWK']
['ZCVZT', 'YBAFX', 'MXMMA', 'OAGEZ', 'FZRBE']
['FXFUX', 'XXFSV', 'SPHAJ', 'LPHWP', 'ZQDIP']
['KDZKT', 'XWMKT', 'FVYLB', 'JQBSO', 'OJGET']
['ZIJNW', 'ETYTK', 'QSVBC', 'EYFRR', 'KSCIB']
['TLZCG', 'ZYPEK', 'ALXRH', 'BPZOY', 'CSQHY']
['BBVXC', 'XEEVL', 'LBKGE', 'TTIDN', 'YQPNL']
['KXUES', 'EBLCO', 'TVCFA', 'JHGWB', 'NSAJQ']
['VXIFI', 'UJHDY', 'NLRBO', 'HNXEZ', 'QGGOH']
['CBNUD', 'GVYUW', 'IRAUO', 'PKBGA', 'MWVBQ']
['OZZTI', 'RWZXF', 'HCVBR', 'TKJBK', 'JCOPI']
['LCHJI', 'ERTVL', 'CIOFH', 'WTGUO', 'JAFZN']
['WUTXG', 'KPECP', 'GUDYJ', 'UQKOV', 'KCHSD']
['HTJHJ', 'AILUZ', 'IZMEQ', 'CHIJG', 'WOIJX']
['ORRXP', 'CVNCZ', 'EWNSH', 'XBLXM', 'EFKRH']
['ONQWA', 'YWCZV', 'VATKD', 'GWJWE', 'NSTKH']
['OKQTW', 'ACMPF', 'AXQPJ', 'TBPZM', 'WCFRY']
['RDCTS', 'AWUBI', 'KEMJT', 'IXMQO', 'SYIZZ']
['DLKKW', 'SIGOM', 'TUSMK', 'QQXNO', 'ERQBP']
['CQBIT', 'QCHPG', 'RUGKU', 'WUCQA', 'KQUJH']
['INTFC', 'QSYML', 'DCJPL', 'XAOMD', 'UHYVL']
['WAQDW', 'HKVZW', 'LNIAF', 'SRFIJ', 'IRNCA']
['LYGHF', 'SRUUN', 'RJDRX', 'CIBMR', 'ZLQYF']
['SAVNS', 'MESKQ', 'TFEWH', 'GBGAG', 'BEIFF']
