['483', '381', '168', '135', '317', '417', '363', '239', '477', '470', '16', '418', '237', '38', '197', '85', '283', '402', '33', '140', '148', '2', '150', '198', '410', '61', '352', '87', '143', '23', '58', '199', '162', '326', '17', '30', '401', '302']
['250', '469', '416', '115', '394', '169', '351', '178', '453', '95', '385', '293', '209', '119', '345', '318', '378', '305', '460', '151', '91', '431', '244', '146', '380', '141', '40', '462', '290', '489', '125', '180', '130', '472', '267', '268', '299', '224']
['255', '405', '22', '159', '436', '25', '329', '117', '456', '111', '76', '360', '144', '485', '313', '327', '50', '298', '131', '412', '106', '324', '306', '294', '200', '449', '83', '261', '391', '147', '279', '67', '113', '49', '356', '104', '497', '12']
['484', '359', '335', '112', '241', '195', '62', '218', '177', '102', '495', '404', '9', '225', '427', '10', '13', '233', '192', '498', '365', '415', '105', '19', '435', '310', '149', '145', '221', '66', '336', '448', '152', '132', '304', '377', '157', '413']
['476', '0', '455', '445', '120', '490', '171', '55', '284', '206', '108', '277', '27', '245', '421', '289', '181', '43', '232', '341', '369', '278', '84', '186', '230', '251', '216', '355', '257', '354', '167', '300', '296', '93', '80', '72', '74', '4']
['288', '396', '156', '229', '361', '370', '240', '161', '75', '34', '222', '133', '89', '41', '428', '44', '362', '287', '316', '78', '307', '36', '383', '441', '226', '14', '97', '398', '386', '334', '54', '208', '202', '444', '395', '388', '88', '246']
['28', '249', '340', '328', '136', '422', '366', '315', '480', '374', '265', '81', '312', '183', '438', '492', '408', '32', '52', '252', '466', '53', '126', '443', '486', '123', '468', '474', '166', '187', '379', '457', '281', '344', '163', '70', '185', '189']
['110', '403', '242', '447', '253', '406', '96', '263', '475', '269', '496', '420', '3', '499', '154', '295', '220', '138', '430', '442', '291', '321', '215', '68', '51', '205', '389', '393', '330', '411', '35', '481', '90', '423', '314', '1', '98', '271']
['188', '338', '343', '234', '82', '42', '184', '407', '11', '311', '173', '260', '65', '175', '375', '210', '59', '446', '73', '325', '493', '77', '176', '134', '37', '282', '235', '452', '190', '364', '320', '387', '419', '60', '333', '155', '8', '286']
['433', '264', '170', '258', '322', '231', '256', '349', '487', '238', '440', '437', '79', '478']
['116', '308', '228', '69', '425', '350', '254', '353', '158', '94', '127', '373', '107', '160', '467', '276', '465', '303', '397', '122', '99', '165', '339', '26', '458', '101', '247', '424', '319', '214', '213', '142', '266', '275', '285', '461', '323', '118']
['390', '429', '211', '47', '196', '204', '63', '384', '24', '121', '103', '342', '124', '471', '432', '494', '464', '219', '56', '7', '29', '182', '450', '297', '473', '292', '488', '48', '426', '368', '100', '18', '179', '346', '262', '86', '46', '376']
['367', '248', '217', '21', '20', '31', '15', '92', '434', '309', '280', '212', '463', '153']
['357', '301', '399', '273']
['337']
['164']
['71']
['371']
['451', '459', '172', '372', '259']
['194']
['347', '203']
['358', '491', '201', '45', '414', '272', '382', '174', '191', '139', '409', '348', '64', '57', '274', '236', '5', '392', '482', '6', '479', '332', '270', '137', '331', '128', '454', '129', '39', '400', '193', '439', '109', '223', '227', '114', '243', '207']
