['Tuttle', 'Willis', 'Hayyim', 'Ashling', 'Halimeda', 'Lynett', 'Adaurd', 'Caines', 'Firman', 'Eleni', 'Love', 'Rik', 'Tiphane', 'Vesta', 'Monahan', 'Binette', 'Pryce', 'Willetta', 'Ace', 'Koetke', 'Fast', 'Bui', 'Gillian', 'Farro', 'Faunia', 'Ragland', 'Reste', 'Fredkin', 'Kimon', 'Crompton', 'Clymer', 'Ardehs', 'Cavallaro', 'Acacia', 'Yarvis']
['Kronick', 'Leanna', 'Osrick', 'Towne', 'Ruhnke', 'Hotze', 'Jillana', 'Hillegass', 'Fausta', 'Balliett', 'Noyes', 'Dott', 'Quitt', 'Morville', 'Erlewine', 'Robbin', 'Jestude', 'Jobyna', 'McIntosh', 'Polish', 'Ludovico', 'Ches', 'Dare', 'Blasius', 'Akeyla', 'Coh', 'Lauree', 'Jenkel', 'Uta', 'Perloff', 'Cutty', 'Cristiona', 'Ultun', 'Kudva', 'Lorilyn']
['Ursola', 'Nicolis', 'Hermon', 'Cardwell', 'Toh', 'Hanway', 'Adriane', 'Berneta', 'Hillel', 'Chemush', 'Earlene', 'Roanna', 'Gunn', 'Lou', 'Blondell', 'Costin', 'Felicie', 'Ng', 'Sandstrom', 'Plantagenet', 'Gibun', 'Wendye', 'Yim', 'Tennes', 'Gerianne', 'Marina', 'Cloots', 'Nafis', 'Sievert', 'Hako', 'Newton', 'Ted', 'Wing', 'Karie', 'Derinna']
['McClimans', 'Desi', 'Ainslee', 'Padget', 'Smukler', 'Mikol', 'Beebe', 'Kaufmann', 'Katzir', 'Cyd', 'Bruns', 'Milore', 'Haldane', 'Placido', 'Jeniece', 'Kile', 'Jehiel', 'Lamb', 'Fitz', 'Ubana', 'Druce', 'Meingolda', 'Corkhill', 'Minier', 'Buxton', 'Marijn', 'Tessy', 'Benilda', 'Woo', 'Danna', 'Holofernes', 'Sosanna', 'Wistrup', 'Verras', 'Bello']
['Karlise', 'Dumas', 'Ammadis', 'Javler', 'Merola', 'Dowlen', 'Odin', 'Wight', 'Livingston', 'Moyers', 'Foulk', 'Wunder', 'Montagna', 'Epstein', 'Vevay', 'Freddy', 'Dotson', 'Letta', 'Eudocia', 'Griswold', 'Hankins', 'Summons', 'Pippo', 'Jenness', 'Ruyle', 'Cristoforo', 'Mitchiner', 'Fidelio', 'Holton', 'Durante', 'Pontius', 'Latimer', 'Burkhart', 'Hatch', 'Beaver']
['Janaya', 'Doroteya', 'Delinda', 'Melburn', 'Hittel', 'Flieger', 'Mokas', 'Celestyn', 'Ashman', 'Dulcea', 'Vaish', 'Feinstein', 'Neveda', 'Bluhm', 'Karon', 'Mathur', 'Margeaux', 'Woodhead', 'Tillford', 'Gombosi', 'Ottinger', 'Clea', 'Rocray', 'Felise', 'Lotus', 'Converse', 'Utas', 'Catherin', 'Gloriana', 'Auroora', 'Kerwon', 'Demetria', 'Yerxa', 'Micheal', 'Elberta']
['Cheria', 'Holms', 'Evangeline', 'Dimitry', 'Brittnee', 'Alf', 'Utica', 'Glenn', 'Weirick', 'Carlick', 'Hudis', 'Uchida', 'Midian', 'Danita', 'Astto', 'Behlau', 'Grimona', 'Antonetta', 'Dela', 'Mauchi', 'Marilou', 'Galligan', 'Myrvyn', 'Pappas', 'Dearman', 'Minda', 'Alvinia', 'Rooke', 'Tonya', 'Leiser', 'Risteau', 'Ber', 'Salomi', 'Girardo', 'Pinto']
['Agosto', 'Winebaum', 'Nisse', 'Sandeep', 'Arel', 'Grath', 'Winer', 'Ferro', 'Favian', 'Sachi', 'Girovard', 'Janerich', 'Nari', 'Saxen', 'Emmer', 'Brazee', 'Watson', 'Klapp', 'Carter', 'Japeth', 'Atkins', 'Harmony', 'Eldwen', 'Till', 'Raul', 'Cicely', 'Lenhart', 'Rani', 'Krystalle', 'Gwenette', 'Maude', 'Nannette', 'Kassi', 'Elmira', 'Fillender']
['Eilis', 'Norean', 'Moonier', 'Udell', 'Harland', 'Franek', 'Worlock', 'Manaker', 'Prebo', 'Yasu', 'Ardys', 'Enid', 'Zelma', 'McCoy', 'Cerracchio', 'Jason', 'Avril', 'Formenti', 'Shannah', 'Debera', 'Australia', 'Chaddie', 'Grochow', 'Raynor', 'Derril', 'Tine', 'Bhayani', 'Berner', 'Merth', 'Buckler', 'Saville', 'Schnabel', 'Proudfoot', 'Crean', 'Cal']
['Darrow', 'Tutankhamen', 'Holey', 'Stearns', 'Scherman', 'Bernj', 'Bounds', 'Charin', 'Nessy', 'Mackenzie', 'Maribel', 'Starinsky', 'Turrell', 'Masterson', 'Baldridge', 'Higgs', 'Everick', 'Delila', 'Bevon', 'Sigsmond', 'Hakim', 'Hannover', 'Tay', 'Clere', 'Lindell', 'Hawger', 'Larry', 'Questa', 'Danais', 'Rhonda', 'Dietrich', 'Elburr', 'Deni', 'Balling', 'Danuloff']
['Matthew', 'Darsie', 'Ebneter', 'Melda', 'Balcer', 'Flemming', 'Knute', 'Chancellor', 'Maye', 'Mansoor', 'Dedric', 'Virginia', 'Biggs', 'Sheeran', 'Dett', 'Janenna', 'Gowrie', 'Ginzburg', 'Tavy', 'Tarkany', 'Henrique', 'Les', 'Coumas', 'Mushro', 'Lentha', 'Vikky', 'Rue', 'Lyle', 'Fokos', 'Ebba', 'Ferullo', 'Jori', 'Melisa', 'Hadleigh', 'Serafine']
['Carrillo', 'Antonino', 'Ursi', 'Volkan', 'Lacy', 'Shanly', 'Ratcliffe', 'Renick', 'Dole', 'Nath', 'Shea', 'Edrick', 'Rombert', 'Groos', 'Florentia', 'Sumer', 'Rodolphe', 'Griffin', 'Hett', 'Nance', 'Saylor', 'Neva', 'Lunetta', 'Flo', 'Ashford', 'Stephenson', 'Nestor', 'Matthaeus', 'Halstead', 'Tristam', 'Kanya', 'Uzzia', 'Anuska', 'Swanhilda', 'Aviv']
['Birck', 'Vonni', 'McKinney', 'Sinnard', 'Jessalin', 'Safire', 'Won', 'Emelia']
['Jimmy', 'Oakes', 'McCullough', 'Lux', 'Prince', 'Puklich', 'Shepp', 'Velda', 'Hamlin', 'Elihu', 'Fairfax', 'Emelita', 'Groh', 'Fifine', 'Basso', 'Fadiman', 'Kylah', 'Bran', 'Leod', 'Hong', 'Donn']
['Damon', 'Hardej', 'Marijo', 'Fabrice', 'Hook', 'Colly', 'Ciapas', 'Augustina']
['Thorman']
['Barby', 'Fruin', 'Malo', 'Busey']
['Nanette']
['Kerianne', 'Lon']
['Selma', 'Billy', 'Lenes', 'Klute', 'Cherry', 'Chae', 'Joed', 'Larson', 'Meras', 'Genie', 'Lamson', 'Lynnelle', 'Barnett', 'Cataldo', 'Eno', 'Candyce', 'Jorgenson', 'Barsky', 'Saudra', 'Clovah', 'Shelby', 'Kinzer', 'Davidde', 'Lawler', 'Zandt', 'Schreck', 'Arianna', 'Neille', 'Harriet', 'Shelbi', 'Adolphus', 'Oscar', 'Paulita', 'Lombardi', 'Zobe']
