['396', '245', '362', '357', '304', '120', '289', '130', '36', '285', '228', '32', '144', '221', '293', '140', '12', '315', '322', '31', '212', '59', '38', '102', '259']
['83', '268', '50', '383', '267', '142', '198', '388', '334', '204', '373', '284', '393', '131', '196', '295', '104', '397', '239', '331', '329', '340', '156', '201', '60']
['84', '15', '166', '95', '399', '108', '42', '230', '374', '291', '319', '25', '81', '250', '194', '311', '162', '298', '79', '338', '4', '394', '313', '171', '260']
['272', '276', '376', '43', '186', '124', '303', '275', '70', '327', '94', '165', '381', '121', '54', '74', '26', '309', '321', '337', '336', '179', '135', '181', '62']
['175', '68', '378', '158', '87', '360', '101', '100', '377', '296', '51', '269', '192', '174', '384', '257', '152', '349', '41', '150', '193', '154', '222', '93', '224']
['261', '395', '129', '2', '35', '119', '199', '67', '219', '346', '328', '40', '169', '216', '325', '103', '218', '271', '371', '233', '220', '200', '19', '113', '227']
['21', '107', '238', '318', '89', '209', '45', '253', '134', '229', '167', '398', '55', '164', '136', '352', '63', '343', '189', '49', '342', '80', '5', '1', '8']
['148', '290', '161', '306', '386', '44', '344', '105', '231', '391', '185', '270', '53', '146', '310', '56', '292', '125', '106', '159', '359', '236', '10', '369', '78']
['351', '347', '339', '46', '301', '96', '126', '18', '278', '251', '210', '323', '139', '99', '354', '215', '48', '326', '368', '262', '183', '24', '98', '356', '211']
['379', '244', '264', '273', '247', '151', '246', '372', '82', '294', '392', '367', '180', '66', '258', '177', '389', '305', '235', '223', '123', '214', '115', '91', '73']
['117', '143', '39', '69', '208', '282', '390', '217', '205', '47', '366', '288', '14', '202', '11', '132', '241', '232', '308', '382', '128', '77', '72', '254', '168']
['370', '317', '335', '184', '110', '300', '61', '37', '30', '365', '280', '281', '109', '297', '385', '307', '20', '90', '29', '13', '27', '163', '350', '361', '58']
['283', '353', '118', '195', '170', '197', '375', '76', '141', '145', '85', '314', '332', '287', '157', '6', '138', '116', '240', '92', '330', '252', '387', '16', '9']
['86', '65', '71', '299', '112', '33', '237', '176', '265', '345', '57', '75', '114', '203', '52', '191', '302', '28', '64', '341', '358', '312', '178', '173', '363']
['155', '22', '380', '207', '249', '255', '149', '23', '206', '263', '333', '190', '122', '213', '226', '266', '256', '160', '172', '133', '187', '364', '111', '17', '348']
['242', '34', '355', '3', '127', '153', '324', '234', '279', '97', '182', '7', '243']
['88', '0', '316', '320']
['248']
['274', '188', '286', '277', '147', '225']
['137']
