['515', '250', '431', '581', '616', '778', '930']
['519', '107', '346', '475']
['8', '84', '164', '200', '231', '447', '469', '633', '952']
['522', '35', '118', '339', '546', '835', '861', '984']
['523', '68', '259', '435', '631', '744', '833', '878']
['11', '178', '185', '248', '357', '372', '396', '811', '865']
['19', '187', '325', '799', '959', '977']
['20', '135', '763', '832', '857']
['534', '25', '252', '278', '364', '514', '642']
['543', '504', '647', '824']
['32', '29', '242', '286']
['545', '277', '918']
['548', '176', '571', '672', '701', '718', '808', '940', '978']
['38', '219', '421', '609', '685', '770', '889']
['551', '173', '344', '443', '459', '488', '557', '580', '954']
['554', '329', '386', '797', '894']
['51', '105', '140', '455', '487', '650', '683', '726', '747', '788', '885', '919']
['568', '117', '210', '415', '790']
['570', '58', '387', '544']
['65', '258', '626', '721', '769', '779', '900']
['586', '267', '373', '496', '830', '876']
['588', '235', '419', '989']
['77', '256', '299', '440', '932']
['590', '722']
['80', '37', '224', '292', '297', '634', '917', '995']
['83', '246', '261', '340', '576']
['598', '125', '221', '276', '303', '317', '376', '498', '603', '740', '873']
['88', '116', '174', '191', '319']
['601', '45', '439', '693', '760']
['602', '137', '220', '806']
['604', '33', '108', '199', '302', '464', '480', '492', '511', '854']
['97', '569', '668', '703', '707', '750', '987', '994']
['610', '168', '196', '204', '398', '450', '457', '674', '981']
['612', '63', '98', '113', '585']
['101', '75', '146', '214', '354', '869']
['104', '14', '499']
['623', '225', '239', '266', '441', '458', '472']
['624', '322', '606']
['119', '50', '643', '663', '905', '955']
['123', '16', '53', '129', '327', '780', '904', '922', '947']
['635', '134', '195', '506', '958']
['638', '48', '615', '773', '807', '969']
['639', '296', '476', '497', '821', '844']
['649', '60', '67', '463', '574', '800']
['138', '86', '591', '618', '754', '828', '962']
['657', '361', '362', '495', '599', '766', '996']
['662', '177', '245', '803', '848']
['153', '24', '41', '74', '145', '160', '629', '636']
['154', '64', '306', '368', '625']
['667', '2', '23', '158', '223', '282', '536', '564', '644']
['155', '93', '124', '423', '578', '712', '741', '842', '843', '913', '967']
['669', '46', '307', '337', '825', '852', '920']
['157', '304', '817', '948']
['156', '73', '109', '120', '281', '479', '500', '999']
['162', '392', '621', '756']
['165', '127', '525', '583', '956']
['682', '69', '192', '367', '491', '563', '641', '795']
['172', '353', '407', '628']
['175', '334', '394', '549', '822', '924']
['688', '28', '31', '91', '347', '428', '478', '911']
['689', '6', '789']
['691', '143', '326', '490', '567', '818', '990']
['180', '648', '673', '735', '887']
['694', '121', '452', '565', '640', '914', '968']
['695', '18', '456', '532', '862']
['697', '82', '85', '243', '310', '382', '529']
['189', '78', '159', '170', '183', '202', '269', '681', '690', '739']
['705', '3', '21', '81', '106', '273', '381', '430', '771', '840', '871', '872']
['706', '403']
['193', '15', '167', '868', '949']
['197', '816', '839', '856']
['198', '47', '95', '128', '163', '731', '953']
['715', '477', '527', '637', '645', '776', '809']
['716', '260', '596']
['205', '12', '300', '332', '374', '509', '653', '898']
['207', '92', '179', '389', '393', '471', '559', '875']
['211', '70', '151', '960']
['725', '312', '656', '858']
['218', '370', '405', '524', '528', '542', '595', '717']
['730', '40', '182', '379', '426', '838', '992']
['732', '150', '593', '660', '670', '946', '979']
['736', '508', '579', '597', '617', '714', '841', '974']
['228', '217', '652']
['229']
['230', '96', '513', '711', '723', '727', '793']
['745', '59', '274', '517']
['746', '181', '184', '486', '503', '886']
['234', '188', '236', '531', '622', '654', '902']
['749', '1', '131', '734']
['755', '142', '342', '847', '891']
['249', '227', '251', '335', '412', '661', '666', '896', '906']
['765', '22', '61', '71', '737', '939']
['255', '103', '115', '358', '470', '684']
['257', '169', '409', '422', '704']
['263', '76', '94', '505', '555', '815']
['777', '56', '212', '356', '485', '600', '975']
['781', '241', '391', '446', '483', '926']
['782', '36', '110', '293', '451', '710', '897']
['279', '619', '888', '933']
['791', '54', '201', '291', '313', '315', '493', '677', '907']
['289', '9', '448', '582', '845']
['804', '87', '348', '502', '748', '829']
['810', '264', '437', '928']
['812', '226', '607', '608', '700', '915']
['308', '323', '413', '416', '566', '971']
['823', '526', '537', '558']
['831', '72', '133', '573']
['321', '161', '271', '572', '761', '772']
['834', '233', '305', '720', '796']
['324', '100', '247', '320', '384', '427', '468', '587', '592', '863', '957']
['328', '190', '295', '552', '738', '923']
['331', '55', '144', '510', '614', '709']
['333', '290', '462', '742', '751', '935', '997']
['846', '855', '864', '866']
['851', '538', '819']
['341', '89', '414', '507', '561', '814', '944']
['343', '49', '112', '287', '438', '676', '757', '836', '853', '895']
['860', '0', '213', '665', '762', '802']
['351', '216', '253', '298', '336', '338', '556', '767', '768', '785']
['352', '4', '10', '363', '774', '786', '805', '976']
['870', '238', '630', '879', '893', '988']
['360', '148', '222', '512', '632', '759', '820']
['874', '445', '577', '594', '964']
['880', '330', '535']
['883', '369', '678']
['884', '34', '79', '141', '589']
['377', '400', '550', '849', '908', '938', '991']
['378', '26', '395', '627', '724', '892']
['890', '44', '702']
['380', '237', '399', '801']
['385', '57', '126', '355', '837', '909']
['899', '5', '42', '262', '533', '560']
['397', '713']
['402', '265', '424', '575']
['929', '404', '784', '934']
['417', '149', '209', '350', '359', '366', '481']
['931', '280', '365', '418', '664', '671', '696', '792', '881']
['420', '484', '494', '547', '903']
['937', '102', '244', '460', '692', '783', '925']
['425', '408', '411', '611', '655']
['429', '90', '301', '687', '998']
['943', '99', '240', '345', '521', '530', '651', '752', '986']
['432', '139', '268', '284', '401', '743', '859', '867', '901', '921', '982']
['945', '13', '686', '698', '798']
['434', '254', '406', '410', '473', '516', '605', '728', '753', '951', '973']
['436', '294', '787', '794', '826', '942', '970']
['950', '111', '910']
['444', '27', '584', '733', '764', '827', '916']
['961', '7', '136', '208', '288']
['963', '166', '383', '679', '912']
['965', '30', '62', '194', '501', '813']
['454', '114', '130', '388', '390', '729']
['966', '285', '314', '453', '466', '680', '927']
['972', '52', '122', '316', '371', '518', '620', '699', '719']
['465', '186', '203', '309', '882']
['467', '43', '152', '232', '272', '275', '461', '540', '775', '941']
['980', '270', '318', '349', '375', '541', '562', '850', '877']
['983', '17', '442', '474', '520', '539', '646']
['985', '39', '206', '283', '433', '482', '613']
['993', '311', '449', '659', '675', '708', '758']
['489', '66', '132', '147', '171', '215', '553', '658', '936']
