['5', '20', '28', '66', '97', '200', '446']
['14', '62', '79', '161', '198', '252', '457']
['18', '134', '309', '311', '313', '434', '499']
['24', '253', '354', '439', '467']
['34', '282', '397', '468', '494']
['59', '83', '211', '220', '294', '342', '380', '418', '458']
['61', '21', '298']
['65', '104', '157', '370']
['67', '25', '56', '208', '317', '492']
['71', '123', '129', '190', '497']
['84', '29']
['91', '47', '172', '351']
['92', '90', '469']
['102', '135', '331']
['111', '72', '118', '133', '251']
['116', '85', '122', '180', '204']
['127', '87', '141', '144']
['128', '117', '237']
['137']
['162', '36', '95', '261', '299', '341', '343', '365']
['163', '68', '138', '283', '360', '430']
['166', '30', '333', '404']
['167', '26', '48', '110', '139', '142', '373', '375']
['169', '0', '35', '171', '245', '248', '482']
['174', '205', '335']
['175', '274', '281', '295']
['176']
['178', '77', '146', '154', '250']
['181', '40', '496']
['184', '82', '86', '340', '368']
['187', '32', '148', '227', '424']
['189', '73', '293', '447']
['195', '88', '183', '302', '451']
['197', '70', '115', '238']
['199', '31', '54', '120']
['206', '349']
['209', '75', '247', '405']
['216', '51', '233', '316', '320']
['222', '2', '93']
['232', '125', '241', '277', '327']
['234', '168', '376']
['240', '328', '353', '477']
['256', '9', '107', '109', '336', '386', '437']
['260', '279', '379']
['263', '39', '45', '132', '196', '259', '292', '344']
['266', '1', '145', '249', '393', '470', '484']
['269', '105', '323', '395']
['272', '7', '46', '101', '165', '307', '479']
['275', '330', '436']
['300', '98', '332', '338', '372', '408', '416', '466', '493']
['303', '37', '179', '231', '291', '326', '362', '464']
['304', '16', '100', '106', '219', '225', '244', '356']
['306', '23', '94', '255']
['310', '10', '80', '369', '452']
['312', '124', '215', '218', '391', '486']
['315', '8', '99', '188', '214', '223', '361', '481']
['318', '41', '164', '257', '301', '374', '398', '471']
['319', '226', '305', '329', '476']
['334', '11', '15', '55', '213', '246', '350']
['339', '121', '254', '280', '358']
['345', '53', '158', '485']
['347', '4', '288', '382']
['355', '13', '17', '69', '113', '230', '243', '413']
['366', '33']
['367', '273', '286', '322', '325', '383', '389']
['371', '108', '202', '364', '390', '453']
['377', '143', '151', '264']
['378', '153', '267', '392', '400', '406', '431', '435', '438', '463']
['387', '22', '81', '96', '384', '407']
['388', '76', '423', '461']
['401', '191', '239', '297']
['409', '217', '265', '270', '346']
['410', '285', '321', '433', '456']
['412', '136', '337', '399']
['415', '177', '182', '192', '235', '480']
['421', '258', '314', '357']
['422', '19', '89', '114', '236', '271', '420', '442', '449', '478']
['426', '152', '242', '296']
['428', '210', '289', '381']
['432', '57', '140', '149', '193', '194', '276', '402', '414']
['440', '42', '359', '474']
['441', '74', '78', '126', '348']
['445', '6', '38', '50', '103', '160', '185', '224', '308']
['450', '44', '49', '201', '207', '385', '419', '427', '491']
['454', '64', '119', '130']
['459', '396', '429', '490']
['460', '112', '221', '363', '444']
['462', '12', '394', '403', '443']
['465', '155', '156', '425']
['472', '27', '58', '60', '287']
['473', '147', '203']
['475', '3', '212', '417']
['483', '150', '170', '352', '448']
['487', '159', '290', '455']
['488', '43', '262', '278']
['489', '52', '63', '324']
['495', '131', '173', '228', '229', '268']
['498', '186', '284', '411']
