['618', '497', '160', '804', '597', '348', '854', '821', '820', '91', '95', '911', '984']
['419', '29', '734', '417', '767', '995', '76', '111', '79', '913', '280', '169', '536']
['324', '393', '824', '119', '736', '839', '757', '366', '538', '157', '577', '811', '831']
['881', '376', '865', '788', '998', '436', '307', '227', '741', '955', '686', '746', '382']
['773', '39', '204', '543', '16', '830', '838', '478', '794', '889', '238', '776', '374']
['930', '153', '705', '753', '627', '188', '208', '38', '155', '447', '426', '474', '953']
['197', '551', '947', '632', '141', '683', '213', '660', '308', '105', '182', '424', '349']
['318', '266', '646', '377', '274', '917', '621', '350', '346', '721', '147', '727', '666']
['765', '684', '412', '892', '813', '190', '695', '441', '951', '522', '405', '226', '944']
['403', '564', '11', '334', '872', '694', '553', '206', '869', '992', '708', '578', '928']
['956', '558', '748', '176', '391', '13', '758', '148', '398', '566', '636', '989', '456']
['888', '554', '739', '353', '58', '136', '501', '332', '490', '326', '178', '815', '306']
['711', '278', '383', '625', '12', '411', '611', '504', '932', '421', '36', '719', '133']
['637', '982', '817', '340', '262', '969', '314', '795', '499', '868', '481', '117', '23']
['312', '584', '293', '743', '489', '851', '404', '531', '687', '31', '644', '235', '770']
['43', '750', '414', '640', '980', '468', '399', '875', '710', '62', '288', '154', '146']
['864', '263', '52', '614', '961', '655', '170', '120', '583', '526', '368', '844', '344']
['962', '477', '265', '668', '55', '735', '541', '601', '730', '174', '375', '629', '612']
['510', '378', '130', '97', '720', '361', '778', '846', '919', '945', '726', '793', '609']
['101', '45', '310', '560', '35', '423', '427', '912', '859', '906', '882', '380', '336']
['600', '459', '57', '850', '895', '452', '321', '132', '19', '0', '573', '842', '342']
['418', '359', '634', '245', '931', '863', '506', '475', '143', '914', '966', '828', '920']
['432', '959', '248', '873', '693', '812', '840', '975', '140', '42', '283', '829', '279']
['289', '692', '649', '22', '118', '246', '749', '983', '139', '410', '453', '156', '571']
['94', '799', '518', '184', '167', '533', '680', '768', '469', '137', '886', '7', '514']
['446', '284', '885', '540', '25', '613', '548', '193', '689', '83', '927', '582', '653']
['181', '18', '744', '547', '402', '641', '915', '9', '253', '114', '269', '508', '893']
['386', '49', '138', '751', '537', '222', '98', '702', '909', '691', '590', '96', '216']
['41', '910', '189', '20', '439', '733', '24', '115', '656', '50', '15', '80', '528']
['745', '602', '329', '878', '990', '437', '187', '129', '661', '322', '413', '230', '802']
['877', '876', '570', '179', '205', '158', '354', '608', '87', '492', '99', '960', '40']
['195', '305', '202', '70', '294', '658', '938', '471', '112', '596', '483', '272', '841']
['151', '384', '500', '88', '337', '630', '738', '631', '287', '633', '732', '763', '772']
['494', '44', '921', '512', '300', '63', '465', '530', '862', '827', '249', '224', '883']
['926', '897', '716', '903', '870', '572', '64', '822', '645', '654', '879', '901', '643']
['769', '923', '997', '762', '425', '356', '774', '908', '330', '648', '82', '681', '373']
['777', '574', '172', '754', '663', '320', '785', '639', '679', '68', '10', '86', '515']
['145', '610', '484', '333', '568', '255', '1', '236', '30', '981', '89', '623', '783']
['5', '429', '591', '108', '92', '848', '593', '186', '858', '939', '823', '556', '565']
['358', '416', '527', '867', '173', '244', '493', '789', '987', '690', '988', '100', '65']
['370', '110', '918', '385', '103', '677', '991', '549', '482', '760', '476', '569', '229']
['241', '302', '974', '899', '164', '319', '963', '196', '782', '338', '6', '392', '968']
['210', '809', '860', '390', '104', '592', '276', '388', '495', '503', '450', '240', '866']
['275', '309', '985', '343', '650', '387', '218', '509', '442', '755', '674', '796', '898']
['498', '464', '8', '759', '855', '448', '935', '199', '46', '505', '978', '17', '807']
['715', '168', '884', '698', '517', '81', '331', '109', '849', '786', '75', '562', '647']
['685', '90', '362', '595', '588', '491', '200', '347', '198', '836', '557', '575', '670']
['72', '957', '874', '675', '371', '261', '810', '463', '977', '502', '84', '460', '286']
['856', '954', '524', '725', '958', '697', '916', '529', '624', '211', '952', '580', '937']
['352', '365', '628', '949', '616', '364', '345', '717', '775', '781', '223', '581', '545']
['328', '594', '102', '215', '34', '431', '311', '891', '946', '243', '936', '703', '180']
['986', '669', '737', '107', '268', '696', '933', '486', '798', '281', '559', '542', '252']
['787', '317', '56', '435', '113', '2', '925', '622', '69', '264', '996', '363', '257']
['761', '604', '942', '455', '297', '428', '967', '861', '360', '254', '902', '714', '351']
['32', '999', '396', '433', '904', '635', '165', '704', '233', '507', '555', '408', '664']
['217', '706', '394', '929', '550', '61', '51', '451', '466', '800', '171', '880', '144']
['458', '149', '37', '585', '194', '818', '896', '673', '950', '672', '642', '247', '125']
['440', '603', '192', '662', '520', '532', '723', '372', '150', '808', '718', '207', '203']
['934', '285', '667', '579', '979', '299', '837', '816', '259', '296', '731', '843', '315']
['791', '922', '857', '163', '225', '59', '473', '409', '444', '28', '626', '78', '85']
['756', '472', '589', '183', '191', '525', '231', '894', '325', '124', '185', '234', '521']
['713', '511', '121', '523', '480', '256', '544', '752', '77', '295', '258', '539', '487']
['671', '142', '4', '638', '576', '93', '567', '676', '290', '106', '232', '301', '519']
['237', '709', '242', '784', '651', '381', '177', '26', '271', '420', '292', '617', '552']
['488', '66', '485', '900', '890', '116', '298', '701', '53', '699', '766', '134', '803']
['457', '267', '212', '449', '379', '454', '313', '606', '175', '801', '682', '126', '587']
['161', '395', '973', '201', '535', '228', '209', '605', '814', '834', '905', '47', '607']
['845', '220', '546', '127', '659', '131', '128', '122', '678', '357', '355', '620', '907']
['970', '700', '33', '847', '67', '407', '74', '397', '214', '513', '389', '73', '461']
['443', '270', '779', '586', '871', '462', '166', '993', '797', '323', '819', '430', '943']
['341', '790', '948', '135', '304', '598', '805', '123', '152', '940', '965', '887', '260']
['615', '833', '415', '728', '964', '438', '277', '162', '339', '941', '335', '806', '479']
['747', '221', '619', '291']
['159', '71', '516', '27', '369', '994', '852', '273', '367', '470', '3', '445', '14']
['724', '534', '826', '400', '972', '303', '239', '496', '21', '48', '434', '976', '54']
['401', '406', '563', '422', '652', '771']
['740']
['599']
['835']
['467']
['657']
['250', '853']
['60']
['742']
['282']
['688']
['832']
['707', '825']
['665']
['780']
['792']
['764', '316']
['251']
['924']
['729']
['712']
['971', '327']
['561']
['722']
['219']
