['503', '427', '717', '63', '69', '270', '184', '497', '27', '170', '188', '417', '437', '496', '582', '462', '887', '163', '946', '688', '953', '839', '491', '249', '262', '957', '355', '52', '840', '990', '875', '630', '29', '760', '702', '337', '145', '723', '8', '455']
['668', '725', '777', '384', '142', '965', '654', '429', '264', '56', '300', '26', '292', '947', '741', '607', '187', '164', '372', '842', '498', '674', '964', '116', '0', '905', '181', '922', '171', '655', '550', '453', '482', '120', '40', '400', '805', '86', '561', '73']
['833', '935', '90', '88', '363', '959', '920', '102', '223', '698', '540', '289', '677', '383', '601', '243', '779', '39', '77', '750', '960', '615', '268', '901', '764', '859', '35', '96', '903', '991', '25', '857', '76', '721', '344', '623', '251', '612', '280', '80']
['738', '930', '353', '467', '860', '908', '293', '549', '424', '823', '21', '690', '342', '705', '501', '984', '330', '67', '68', '801', '64', '569', '169', '459', '895', '312', '422', '168', '954', '396', '661', '347', '398', '91', '301', '250', '267', '402', '239', '14']
['226', '207', '291', '852', '904', '911', '439', '790', '739', '942', '389', '351', '599', '411', '403', '84', '53', '978', '474', '173', '397', '436', '778', '425', '585', '847', '314', '19', '240', '800', '126', '303', '334', '414', '519', '961', '10', '30', '326', '793']
['685', '907', '648', '443', '286', '93', '696', '325', '231', '461', '617', '634', '592', '354', '754', '136', '248', '230', '357', '865', '72', '104', '129', '831', '261', '776', '574', '255', '15', '543', '994', '161', '92', '472', '868', '456', '103', '566', '789', '33']
['432', '290', '49', '728', '647', '816', '768', '256', '460', '896', '686', '766', '205', '315', '6', '613', '183', '258', '804', '871', '726', '38', '308', '471', '595', '479', '798', '343', '419', '950', '416', '948', '618', '638', '311', '757', '493', '829', '31', '671']
['227', '720', '59', '75', '304', '213', '338', '749', '324', '602', '499', '759', '874', '667', '843', '571', '317', '122', '914', '379', '288', '730', '743', '679', '302', '570', '332', '45', '352', '285', '516', '918', '551', '581', '704', '949', '854', '586', '597', '442']
['785', '428', '24', '266', '742', '277', '931', '555', '435', '751', '557', '995', '885', '658', '211', '876', '508', '792', '598', '888', '366', '547', '882', '803', '340', '962', '512', '476', '138', '532', '106', '125', '641', '715', '966', '370', '656', '944', '719', '298']
['973', '200', '495', '912', '222', '252', '238', '359', '477', '631', '864', '985', '822', '769', '632', '47', '180', '510', '897', '194', '756', '775', '643', '850', '755', '323', '988', '361', '206', '537', '235', '578', '57', '774', '322', '399', '788', '968', '20', '817']
['531', '941', '916', '114', '413', '856', '892', '43', '906', '552', '408', '511', '87', '811', '111', '404', '119', '554', '534', '278', '863', '560', '952', '553', '670', '113', '368', '604', '967', '548', '926', '925', '969', '652', '848', '329', '678', '611', '217', '452']
['862', '423', '410', '745', '1', '108', '445', '594', '7', '830', '488', '146', '221', '369', '132', '838', '722', '305', '687', '279', '51', '544', '55', '718', '489', '701', '956', '824', '9', '625', '179', '89', '812', '201', '974', '48', '877', '559', '727', '529']
['693', '446', '915', '603', '929', '381', '85', '253', '976', '649', '986', '606', '380', '364', '736', '153', '105', '28', '137', '144', '66', '565', '100', '269', '562', '861', '23', '716', '46', '483', '714', '219', '4', '872', '407', '260', '515', '58', '934', '813']
['752', '639', '794', '346', '765', '657', '711', '229', '392', '454', '98', '999', '761', '665', '770', '627', '209', '387', '836', '141', '538', '376', '980', '587', '124', '150', '506', '135', '367', '737', '447', '970', '327', '81', '465', '294', '629', '666', '873', '356']
['987', '636', '458', '415', '525', '147', '139', '707', '321', '919', '148', '166', '466', '982', '12', '186', '924', '197', '703', '185', '620', '573', '159', '772', '619', '299', '214', '121', '694', '99', '42', '41', '614', '17', '388', '979', '814', '500', '167', '834']
['272', '517', '706', '5', '522', '600', '646', '558', '440', '162', '866', '283', '82', '845', '591', '374', '172', '444', '963', '418', '192', '753', '740', '373', '350', '818', '605', '420', '313', '700', '734', '621', '394', '109', '542', '541', '358', '225', '826', '806']
['880', '319', '395', '257', '672', '996', '692', '275', '545', '642', '891', '884', '763', '480', '32', '808', '196', '932', '867', '637', '709', '945', '473', '34', '307', '513', '781', '972', '378', '771', '683', '107', '780', '590', '485', '110', '580', '287', '998', '567']
['203', '130', '841', '853', '18', '640', '484', '310', '448', '644', '697', '195', '430', '997', '16', '198', '828', '151', '820', '977', '118', '421', '83', '193', '835', '190', '527', '610', '216', '242', '228', '682', '520', '609', '710', '939', '577', '796', '412', '401']
['220', '773', '849', '521', '36', '259', '909', '328', '675', '218', '951', '821', '341', '673', '282', '245', '117', '265', '851', '339', '664', '584', '244', '622', '382', '274', '528', '149', '318', '546', '989', '635', '377', '336', '470', '204', '782', '791', '101', '889']
['878', '44', '13', '699', '487', '331', '846', '732', '449', '504', '832', '385', '509', '844', '79', '475', '405', '691', '596', '564', '333', '155', '958', '523', '983', '494', '348', '232', '900', '254', '653', '913', '71', '993', '450', '123', '97', '681', '360', '514']
['747', '819', '645', '660', '992', '680', '684', '797', '858', '815', '810', '536', '593', '928', '362', '975', '208', '940', '879', '61', '134', '784', '140', '463', '335', '202', '406', '426', '663', '241', '246', '349', '787', '441', '870', '695', '433', '708', '78', '237']
['526', '296', '712', '490', '729', '371', '869', '530', '391', '767', '894', '309', '886', '733', '575', '955', '502', '409', '175', '178', '154', '60', '628', '276', '127', '827', '431', '505', '588', '273', '70', '802', '881', '112', '133', '215', '95', '917', '2', '758']
['263', '469', '744', '981', '589', '165', '568', '608', '724', '809', '748', '177', '883', '143', '486', '731', '464', '233', '807', '624', '524', '271', '390', '902', '921', '74', '182', '11', '689', '507', '572', '174', '65', '837', '783', '616', '735', '212', '971', '927']
['320', '199', '492', '899', '825', '438', '481']
['50', '938', '556', '94']
['898', '128']
['22', '284']
['131', '189', '576', '157', '923']
['281', '936', '191', '210']
['533', '579', '158']
['247', '583']
['676', '393', '478', '236', '943']
['855']
['224', '746', '152', '234', '160']
['650', '457', '434', '295', '799', '893', '156', '297', '659', '626', '365', '535', '3', '651', '345', '910', '669', '306', '468', '176', '37', '451', '713', '762', '115', '937', '539', '633', '662', '563', '933', '375', '316', '890', '62', '786', '795', '386', '54', '518']
