['599', '455', '452', '34', '663', '874', '329', '346', '225', '580', '479', '602', '996', '916', '807', '878', '108', '569', '240', '635', '187', '160', '696', '124', '528', '278', '647', '37', '988', '886', '501', '658', '408', '836', '783']
['584', '496', '425', '898', '318', '136', '527', '24', '642', '552', '646', '834', '441', '343', '713', '296', '848', '866', '376', '52', '689', '872', '388', '20', '311', '148', '469', '149', '821', '250', '208', '199', '840', '890', '566']
['168', '606', '252', '309', '772', '686', '78', '74', '912', '377', '466', '797', '544', '9', '129', '992', '860', '450', '242', '946', '676', '258', '703', '84', '298', '802', '629', '183', '877', '75', '341', '628', '255', '934', '246']
['843', '495', '702', '342', '19', '959', '499', '292', '693', '775', '6', '573', '809', '979', '829', '348', '145', '42', '214', '281', '791', '545', '47', '320', '82', '522', '420', '449', '913', '12', '174', '381', '574', '117', '191']
['64', '761', '121', '400', '591', '358', '436', '366', '137', '506', '905', '94', '909', '896', '36', '961', '266', '300', '697', '14', '531', '35', '825', '960', '611', '864', '446', '675', '976', '488', '682', '742', '856', '592', '38']
['842', '710', '131', '107', '345', '49', '931', '481', '313', '883', '614', '415', '518', '468', '3', '340', '565', '846', '619', '907', '767', '405', '497', '407', '743', '432', '957', '536', '153', '237', '674', '653', '541', '572', '950']
['194', '768', '53', '155', '179', '595', '967', '948', '762', '943', '125', '804', '116', '631', '224', '662', '406', '889', '362', '928', '752', '852', '793', '827', '217', '363', '514', '460', '876', '732', '831', '873', '700', '490', '371']
['222', '538', '816', '865', '442', '210', '786', '986', '894', '230', '17', '484', '770', '282', '23', '637', '520', '32', '952', '385', '277', '158', '553', '389', '378', '76', '727', '667', '895', '154', '101', '982', '784', '54', '192']
['264', '228', '236', '617', '615', '286', '396', '430', '91', '947', '262', '769', '69', '716', '859', '169', '529', '604', '297', '508', '196', '177', '849', '249', '751', '29', '456', '811', '672', '997', '953', '422', '627', '352', '771']
['112', '390', '858', '314', '698', '692', '796', '18', '273', '302', '790', '330', '275', '410', '993', '626', '721', '435', '186', '457', '511', '303', '679', '334', '138', '910', '393', '438', '695', '748', '838', '500', '922', '370', '517']
['417', '180', '779', '730', '991', '219', '901', '401', '654', '21', '159', '109', '828', '344', '914', '465', '25', '471', '63', '519', '880', '892', '67', '11', '963', '704', '888', '48', '445', '590', '372', '238', '738', '443', '215']
['119', '243', '677', '270', '927', '304', '750', '525', '681', '70', '673', '247', '218', '227', '616', '351', '88', '482', '660', '259', '133', '578', '207', '808', '424', '726', '683', '480', '447', '181', '652', '451', '800', '123', '209']
['680', '285', '369', '908', '966', '972', '740', '176', '845', '321', '458', '833', '655', '735', '835', '515', '28', '182', '434', '267', '503', '757', '951', '765', '416', '684', '968', '294', '354', '777', '178', '810', '293', '402', '45']
['648', '65', '165', '949', '86', '256', '701', '561', '607', '223', '745', '725', '459', '130', '361', '973', '395', '688', '360', '691', '326', '162', '640', '92', '717', '382', '568', '586', '841', '746', '379', '734', '556', '245', '987']
['244', '122', '964', '203', '633', '699', '798', '375', '720', '359', '731', '945', '164', '780', '851', '163', '306', '588', '706', '229', '581', '470', '920', '4', '289', '924', '782', '288', '141', '801', '850', '995', '30', '71', '7']
['935', '195', '135', '649', '605', '448', '374', '200', '548', '990', '624', '72', '985', '708', '832', '489', '79', '356', '31', '512', '491', '106', '150', '933', '879', '789', '231', '589', '567', '431', '414', '670', '269', '373', '10']
['283', '749', '537', '558', '81', '562', '260', '532', '613', '917', '73', '530', '869', '212', '271', '822', '980', '475', '355', '423', '502', '279', '507', '549', '576', '335', '248', '837', '714', '758', '134', '759', '444', '936', '989']
['87', '944', '815', '103', '22', '367', '206', '739', '464', '788', '504', '795', '857', '493', '622', '559', '723', '115', '233', '383', '509', '429', '205', '718', '80', '609', '90', '317', '100', '630', '204', '523', '671', '729', '152']
['855', '333', '623', '27', '323', '380', '900', '668', '891', '813', '643', '338', '143', '397', '189', '419', '975', '167', '533', '818', '870', '319', '981', '476', '368', '478', '645', '310', '666', '85', '433', '268', '781', '96', '40']
['350', '58', '839', '62', '102', '235', '403', '625', '638', '919', '327', '83', '287', '461', '26', '146', '487', '221', '582', '413', '201', '328', '188', '486', '173', '570', '969', '198', '184', '280', '251', '394', '955', '958', '634']
['579', '427', '534', '709', '331', '918', '291', '941', '881', '956', '773', '636', '694', '254', '736', '265', '474', '656', '316', '719', '603', '467', '15', '1', '241', '60', '526', '56', '412', '261', '974', '77', '477', '844', '39']
['665', '594', '861', '678', '147', '151', '737', '274', '753', '893', '399', '440', '882', '98', '8', '453', '971', '305', '364', '954', '824', '550', '172', '516', '911', '577', '962', '705', '806', '332', '253', '386', '564', '59', '711']
['398', '885', '324', '234', '213', '965', '105', '483', '220', '284', '276', '847', '650', '728', '669', '290', '600', '794', '940', '263', '659', '744', '463', '998', '612', '799', '272', '104', '336', '724', '875', '823', '830', '571', '353']
['61', '930', '391', '978', '903', '651', '171', '139', '175', '805', '554', '707', '337', '863', '349', '641', '887', '43', '157', '620', '610', '817', '365', '868', '733', '593', '418', '763', '384', '89', '923', '792', '170', '166', '505']
['347', '812', '557', '774', '46', '984', '409', '926', '970', '938', '322', '942', '937', '690', '13', '521', '608', '884', '932', '387', '473', '915', '120', '128', '437', '232', '819', '585', '257', '776', '977', '126', '921', '540', '712']
['127', '295', '760', '644', '754', '140', '560', '197', '598', '755', '498', '156', '539', '50', '312', '546', '715', '722', '33', '513', '618', '110', '339', '904', '428', '939', '542', '547', '41', '202', '543', '113', '66', '494', '899']
['575', '226', '766', '144', '114', '190', '308', '621', '55', '111', '854', '983', '867', '994', '16', '132', '871', '421', '472', '301', '551', '462', '404', '555', '193', '747', '118', '587', '142', '2', '778', '454', '57', '902', '639']
['826', '785', '485', '216', '211', '897', '411', '597', '5', '664', '185', '51', '601', '687', '97', '95', '307', '906', '357', '439', '661', '426', '999', '93', '853', '929', '524', '756', '68', '814', '299', '492', '685', '563', '657']
['803', '764', '862', '392', '925', '315']
['510', '741']
['325']
['583']
['161', '44', '0']
['787']
['239']
['596']
['535']
['99']
['632']
['820']
