['842', '188', '694', '816', '590', '853', '577', '309', '7', '24', '128', '270', '486', '756', '379', '791', '840', '481', '450', '779', '199', '833', '701', '596', '664', '848', '392', '839', '936', '342', '746', '10', '728', '910', '930', '61', '611', '168', '874', '940']
['57', '235', '154', '880', '782', '507', '119', '725', '523', '161', '184', '826', '261', '843', '703', '71', '50', '558', '873', '456', '320', '41', '72', '781', '999', '207', '95', '506', '200', '965', '377', '635', '53', '518', '628', '495', '836', '819', '581', '587']
['345', '223', '708', '529', '331', '619', '976', '20', '889', '993', '49', '273', '743', '609', '671', '629', '852', '93', '655', '933', '31', '788', '863', '439', '650', '524', '621', '598', '263', '251', '189', '283', '586', '868', '436', '428', '809', '471', '899', '938']
['302', '9', '94', '866', '463', '632', '208', '761', '744', '35', '237', '990', '313', '122', '446', '803', '326', '364', '78', '206', '811', '916', '424', '253', '339', '966', '411', '503', '449', '835', '544', '552', '353', '296', '227', '778', '484', '627', '612', '614']
['894', '822', '583', '245', '769', '323', '462', '698', '948', '133', '604', '327', '643', '918', '760', '225', '479', '62', '395', '454', '545', '657', '765', '546', '348', '595', '654', '70', '48', '678', '856', '917', '335', '608', '242', '115', '767', '912', '89', '865']
['151', '106', '945', '722', '754', '921', '195', '68', '688', '720', '603', '994', '714', '44', '500', '963', '773', '142', '359', '692', '639', '825', '146', '453', '907', '670', '568', '992', '607', '892', '738', '693', '579', '851', '690', '662', '783', '346', '22', '801']
['380', '480', '539', '236', '30', '777', '499', '249', '977', '376', '924', '823', '257', '869', '74', '457', '358', '69', '983', '96', '134', '712', '871', '367', '663', '904', '780', '647', '282', '29', '442', '293', '444', '80', '713', '284', '646', '409', '985', '110']
['101', '350', '504', '937', '172', '683', '381', '374', '487', '79', '682', '794', '210', '727', '321', '152', '197', '802', '164', '430', '425', '792', '287', '182', '170', '186', '618', '903', '593', '228', '73', '416', '394', '617', '396', '304', '489', '946', '763', '482']
['787', '911', '298', '440', '710', '891', '176', '256', '574', '906', '138', '719', '750', '923', '631', '748', '908', '475', '858', '40', '264', '925', '213', '300', '828', '398', '878', '549', '344', '408', '303', '316', '45', '43', '494', '474', '340', '262', '5', '226']
['216', '280', '81', '991', '622', '986', '996', '448', '434', '536', '723', '915', '234', '179', '510', '19', '42', '731', '265', '511', '987', '824', '520', '652', '289', '336', '554', '755', '131', '995', '681', '469', '953', '67', '268', '947', '407', '857', '711', '553']
['148', '626', '386', '970', '563', '952', '230', '556', '477', '888', '649', '149', '368', '882', '799', '238', '876', '926', '328', '27', '58', '294', '104', '630', '143', '830', '460', '437', '624', '441', '988', '51', '458', '571', '519', '860', '964', '721', '160', '375']
['881', '97', '718', '759', '623', '944', '886', '85', '565', '393', '602', '82', '305', '34', '123', '126', '560', '580', '445', '766', '676', '862', '192', '770', '278', '332', '260', '745', '768', '845', '455', '4', '934', '383', '673', '497', '637', '789', '217', '726']
['569', '190', '451', '559', '813', '696', '220', '281', '962', '163', '526', '243', '974', '109', '895', '169', '92', '212', '540', '330', '979', '685', '850', '447', '76', '113', '575', '325', '829', '686', '194', '522', '668', '697', '660', '466', '224', '467', '535', '883']
['741', '11', '734', '90', '817', '118', '827', '37', '231', '902', '99', '832', '88', '584', '132', '187', '410', '638', '337', '46', '461', '385', '362', '478', '352', '361', '867', '707', '893', '648', '715', '279', '33', '716', '319', '399', '465', '537', '989', '956']
['2', '877', '576', '564', '121', '887', '388', '709', '555', '501', '772', '796', '541', '872', '491', '378', '459', '373', '739', '144', '0', '315', '572', '905', '158', '244', '431', '140', '932', '295', '732', '124', '751', '530', '120', '645', '897', '178', '405', '834']
['490', '672', '656', '338', '100', '861', '366', '426', '333', '797', '961', '810', '239', '391', '162', '753', '341', '167', '349', '159', '314', '26', '975', '929', '717', '183', '135', '209', '247', '847', '369', '269', '515', '666', '246', '582', '913', '508', '221', '299']
['800', '896', '63', '764', '464', '363', '812', '406', '968', '370', '322', '958', '83', '485', '472', '699', '180', '838', '737', '935', '312', '329', '613', '636', '615', '674', '215', '55', '347', '941', '680', '831', '32', '127', '360', '203', '548', '382', '38', '473']
['573', '175', '483', '171', '689', '52', '222', '418', '307', '815', '372', '17', '898', '141', '942', '60', '875', '39', '798', '805', '606', '317', '65', '201', '661', '18', '389', '870', '820', '422', '691', '578', '86', '914', '589', '616', '355', '117', '351', '855']
['859', '525', '421', '620', '371', '967', '21', '982', '814', '470', '658', '677', '679', '111', '66', '885', '181', '959', '255', '597', '147', '357', '387', '150', '414', '641', '625', '776', '762', '401', '496', '173', '659', '155', '601', '724', '12', '675', '998', '114']
['112', '306', '774', '16', '137', '821', '729', '297', '919', '259', '909', '538', '435', '15', '901', '735', '36', '653', '288', '667', '274', '943', '413', '927', '3', '443', '488', '550', '14', '211', '25', '702', '757', '928', '276', '193', '594', '700', '153', '566']
['600', '64', '651', '951', '285', '973', '978', '356', '775', '166', '854', '214', '311', '972', '272', '412', '267', '384', '277', '585', '644', '1', '145', '177', '599', '13', '684', '505', '528', '521', '248', '939', '198', '202', '139', '266', '547', '318', '185', '107']
['984', '102', '509', '747', '922', '562', '258', '949', '103', '254', '806', '75', '969', '232', '981', '218', '91']
['493']
['955']
['784', '271', '219', '156', '397', '931', '84', '758', '527', '517', '879', '736', '130', '749', '793', '687', '241', '786', '165', '512', '557', '516', '291', '669', '400', '704', '129', '807', '818', '752', '308', '286', '98', '252', '157', '204', '514', '125', '642', '795']
['980', '950', '846', '957', '403', '705', '433', '532', '531', '427', '954', '54', '191', '136', '452', '742', '665', '47', '588', '6', '513', '229', '420', '23', '390', '890', '640', '354', '920', '960', '310', '498', '415', '324', '365', '605', '730', '740', '534', '275']
['432', '771']
['174', '233', '706', '77', '417', '468', '733', '429', '567', '404', '28', '997', '196', '301', '290', '542', '570', '841', '844', '971', '849', '250', '116', '502', '884', '900', '785', '205', '804', '423', '419', '633', '592', '864', '610', '8', '808', '334', '551', '790']
['543', '343', '533', '292', '438', '476', '87', '634', '492', '105', '240', '59']
['402']
['56', '591', '561', '108', '695', '837']
