['266', '170', '884', '860', '488', '307', '605', '652', '787', '608']
['186', '316', '171', '461', '70', '670', '68', '310', '337', '891']
['259', '752', '6', '265', '13', '544', '168', '256', '241', '734']
['11', '88', '206', '451', '61', '325', '166', '573', '493', '737']
['927', '516', '120', '348', '163', '327', '195', '664', '492', '825']
['89', '226', '91', '586', '866', '767', '475', '827', '239', '117']
['343', '336', '551', '809', '233', '30', '987', '996', '185', '420']
['372', '563', '779', '392', '530', '208', '442', '202', '370', '455']
['203', '750', '418', '94', '33', '450', '124', '721', '976', '250']
['704', '540', '611', '768', '297', '972', '159', '758', '416', '260']
['252', '44', '558', '560', '789', '802', '388', '229', '989', '216']
['543', '931', '880', '292', '189', '574', '422', '95', '230', '804']
['683', '432', '872', '447', '481', '31', '746', '395', '961', '506']
['273', '951', '865', '714', '373', '836', '172', '58', '430', '235']
['829', '152', '871', '423', '291', '502', '741', '805', '128', '529']
['253', '342', '272', '679', '311', '389', '913', '837', '385', '547']
['676', '591', '446', '867', '715', '559', '938', '960', '87', '223']
['48', '555', '12', '367', '828', '113', '984', '531', '101', '131']
['34', '900', '945', '881', '727', '673', '572', '64', '657', '320']
['406', '532', '491', '519', '997', '109', '384', '174', '116', '517']
['909', '224', '194', '602', '401', '926', '349', '622', '902', '807']
['759', '607', '990', '542', '528', '496', '15', '188', '144', '463']
['610', '847', '306', '14', '545', '98', '71', '173', '165', '567']
['514', '38', '863', '60', '797', '718', '115', '674', '841', '899']
['24', '693', '697', '279', '359', '482', '483', '771', '479', '244']
['512', '625', '469', '126', '764', '191', '107', '968', '589', '129']
['626', '361', '41', '139', '466', '832', '281', '851', '623', '262']
['723', '747', '56', '9', '7', '1', '950', '749', '846', '565']
['242', '713', '374', '579', '93', '638', '267', '181', '32', '419']
['842', '751', '624', '790', '303', '864', '284', '269', '660', '146']
['988', '426', '687', '883', '681', '659', '728', '339', '460', '893']
['321', '440', '553', '8', '205', '777', '592', '911', '184', '97']
['63', '391', '879', '698', '831', '18', '834', '538', '985', '658']
['921', '845', '606', '317', '497', '870', '690', '247', '772', '335']
['643', '103', '706', '912', '436', '656', '417', '415', '220', '548']
['524', '520', '10', '407', '898', '280', '323', '465', '799', '756']
['495', '161', '82', '47', '119', '360', '299', '378', '653', '102']
['197', '3', '637', '59', '390', '498', '743', '672', '978', '986']
['937', '566', '49', '500', '255', '930', '835', '329', '341', '425']
['557', '69', '850', '221', '666', '886', '692', '300', '571', '66']
['456', '357', '106', '788', '719', '628', '733', '382', '356', '57']
['720', '270', '5', '480', '504', '363', '861', '114', '735', '639']
['453', '169', '862', '707', '43', '193', '198', '145', '671', '365']
['452', '689', '347', '908', '295', '344', '616', '590', '245', '358']
['183', '585', '354', '614', '958', '955', '403', '642', '739', '923']
['582', '77', '651', '868', '489', '917', '150', '680', '240', '2']
['289', '878', '366', '180', '277', '154', '932', '935', '564', '725']
['634', '869', '962', '26', '121', '20', '710', '375', '936', '355']
['709', '708', '301', '137', '613', '874', '42', '0', '302', '351']
['140', '839', '929', '892', '922', '313', '158', '991', '942', '486']
['920', '928', '462', '730', '153', '939', '449', '132', '494', '243']
['933', '819', '629', '134', '156', '682', '853', '182', '982', '105']
['76', '546', '645', '4', '237', '813', '983', '457', '218', '210']
['199', '856', '604', '209', '312', '350', '780', '776', '705', '84']
['222', '823', '99', '54', '944', '412', '946', '53', '326', '334']
['164', '468', '428', '147', '815', '875', '232', '133', '620', '458']
['258', '635', '29', '792', '755', '304', '603', '190', '200', '333']
['274', '632', '753', '888', '919', '595', '276', '424', '228', '916']
['801', '179', '318', '368', '925', '518', '16', '957', '433', '286']
['268', '794', '729', '201', '445', '79', '305', '903', '918', '655']
['885', '969', '330', '309', '100', '830', '167', '473', '786', '740']
['859', '854', '761', '352', '959', '554', '148', '901', '125', '784']
['501', '953', '17', '791', '535', '293', '246', '904', '754', '118']
['808', '977', '85', '282', '522', '894', '369', '214', '444', '155']
['396', '818', '429', '882', '649', '587', '907', '811', '973', '485']
['773', '507', '67', '843', '484', '685', '271', '238', '770', '954']
['362', '371', '675', '315', '648', '857', '662', '821', '408', '386']
['876', '966', '980', '86', '37', '217', '192', '702', '781', '380']
['405', '992', '774', '952', '849', '332', '400', '285', '404', '527']
['505', '678', '726', '499', '90', '568', '844', '353', '35', '712']
['175', '22', '852', '515', '443', '766', '906', '576', '110', '824']
['686', '765', '897', '142', '644', '578', '322', '691', '562', '584']
['381', '421', '379', '800', '668', '122', '50', '328', '234', '736']
['287', '81', '762', '617', '539', '28', '745', '127', '948', '487']
['439', '964', '703', '663', '227', '513', '631', '467', '525', '541']
['905', '775', '924', '470', '748', '817', '225', '283', '820', '711']
['36', '796', '965', '78', '896', '340', '413', '570', '346', '75']
['399', '437', '738', '298', '785', '970', '669', '123', '782', '848']
['434', '231', '141', '630', '364', '345', '910', '290', '490', '394']
['377', '812', '722', '609', '204', '383', '176', '261']
['257', '478', '438', '472', '793', '45', '464', '552', '699', '594']
['39', '251', '331', '760', '523', '999', '23', '55', '654', '633']
['701', '52', '619', '338']
['136', '248']
['757', '503', '949', '995', '816', '810', '474']
['577', '319', '537', '717', '873', '157', '583']
['211', '135', '409', '96', '459']
['219', '160']
['887', '264', '993', '684', '215', '62', '526', '858']
['742', '650', '536', '615', '431']
['177', '806']
['448', '149', '83', '621', '665', '947', '435', '940', '575', '597']
['410', '51', '196', '627', '646', '895', '838']
['889']
['108', '73', '979']
['187', '641', '971']
['65', '411', '744', '510', '700', '688', '840', '981', '724', '111']
['795']
['25', '19', '877']
['915', '598', '263', '561', '162', '677', '956', '814', '941', '471']
['275', '454', '477', '596', '509', '890', '822', '600', '967']
['254']
['441', '288', '138', '376', '778', '74', '694', '278', '212', '716']
['581', '731', '763', '783', '696', '994']
['580', '40']
['476']
['593', '803', '402']
['612', '943', '998', '601', '213']
['618', '695', '414', '249', '636', '521', '511']
['599']
['324']
['294', '130', '143', '27', '72', '769', '398', '975', '387', '314']
['963', '236', '855']
['556']
['296', '534']
['640', '393', '833', '550', '934']
['974']
['661', '549', '826', '178']
['21']
['569', '207']
['647', '308', '533', '151', '397']
['914', '798', '732', '508', '104']
['427']
['46', '112']
['80', '588', '92', '667']
