['787', '313', '237', '805', '717', '264', '583', '394', '294', '786', '156', '988', '875', '0', '594', '395', '797', '788', '332', '322', '570', '189', '519', '203', '692']
['204', '405', '555', '387', '119', '913', '674', '709', '413', '880', '91', '863', '772', '198', '540', '637', '58', '791', '179', '14', '800', '49', '123', '810', '315']
['376', '893', '928', '799', '639', '580', '985', '623', '489', '640', '733', '75', '509', '375', '759', '582', '24', '255', '476', '665', '399', '367', '820', '301', '625']
['662', '212', '35', '366', '474', '433', '146', '205', '211', '320', '598', '202', '832', '956', '424', '316', '325', '964', '851', '753', '365', '319', '654', '811', '286']
['256', '81', '562', '671', '508', '188', '45', '941', '716', '553', '789', '871', '150', '477', '221', '258', '567', '380', '853', '76', '298', '404', '475', '606', '627']
['192', '109', '279', '576', '967', '910', '32', '346', '621', '857', '461', '455', '704', '370', '23', '241', '246', '944', '882', '505', '700', '764', '131', '110', '245']
['227', '897', '39', '630', '550', '129', '830', '140', '281', '419', '207', '193', '101', '563', '483', '604', '618', '702', '201', '120', '520', '26', '164', '1', '934']
['632', '172', '243', '153', '230', '992', '73', '161', '157', '636', '106', '725', '656', '452', '408', '160', '268', '3', '379', '297', '959', '191', '561', '972', '807']
['288', '958', '448', '758', '611', '545', '554', '57', '305', '905', '926', '235', '491', '277', '317', '330', '996', '697', '940', '911', '939', '416', '536', '722', '785']
['685', '306', '802', '740', '176', '396', '921', '326', '133', '22', '525', '414', '803', '143', '741', '462', '69', '646', '311', '584', '38', '739', '136', '397', '355']
['664', '234', '490', '269', '511', '866', '165', '693', '141', '126', '139', '815', '962', '124', '847', '592', '705', '274', '954', '834', '978', '659', '68', '713', '974']
['7', '304', '673', '445', '308', '10', '946', '760', '835', '152', '793', '196', '710', '327', '657', '581', '538', '552', '986', '447', '862', '53', '925', '318', '931']
['360', '650', '633', '989', '361', '808', '886', '412', '187', '291', '906', '754', '565', '534', '27', '85', '137', '95', '449', '206', '750', '47', '406', '453', '542']
['309', '371', '951', '147', '571', '162', '431', '825', '663', '526', '52', '393', '232', '250', '465', '128', '560', '849', '987', '932', '783', '357', '691', '586', '904']
['647', '918', '723', '930', '468', '971', '819', '167', '260', '888', '668', '617', '347', '391', '999', '842', '82', '909', '486', '492', '368', '566', '694', '828', '876']
['914', '569', '443', '436', '231', '590', '575', '307', '558', '844', '891', '2', '829', '485', '831', '359', '556', '572', '429', '163', '961', '968', '743', '748', '770']
['114', '512', '113', '328', '145', '587', '178', '251', '295', '409', '981', '293', '766', '737', '859', '208', '609', '738', '64', '854', '175', '879', '190', '226', '185']
['712', '155', '497', '197', '610', '16', '923', '384', '287', '9', '749', '990', '919', '680', '494', '596', '254', '658', '814', '169', '481', '186', '257', '804', '134']
['541', '942', '774', '977', '667', '641', '410', '890', '450', '21', '795', '937', '444', '321', '86', '790', '459', '199', '855', '965', '527', '839', '351', '216', '382']
['159', '838', '74', '93', '265', '881', '777', '874', '343', '813', '744', '381', '699', '389', '675', '953', '184', '99', '334', '585', '672', '446', '957', '836', '100']
['817', '278', '222', '994', '460', '233', '13', '407', '776', '837', '385', '50', '701', '852', '915', '392', '599', '350', '472', '517', '949', '48', '464', '908', '687']
['868', '547', '732', '194', '373', '635', '976', '390', '690', '127', '310', '218', '280', '643', '539', '398', '574', '720', '510', '224', '677', '922', '907', '469', '388']
['97', '421', '130', '498', '195', '872', '703', '669', '745', '17', '568', '471', '377', '982', '168', '877', '46', '607', '252', '138', '628', '44', '457', '683', '896']
['979', '757', '533', '597', '615', '920', '180', '532', '612', '166', '524', '711', '442', '898', '689', '970', '341', '966', '282', '111', '514', '60', '952', '70', '927']
['80', '912', '579', '848', '30', '240', '285', '386', '89', '28', '997', '809', '634', '903', '174', '761', '121', '549', '480', '37', '938', '676', '631', '440', '916']
['752', '983', '670', '158', '707', '608', '984', '228', '796', '299', '220', '530', '56', '29', '755', '454', '902', '420', '19', '300', '303', '248', '336', '84', '884']
['239', '438', '41', '8', '622', '105', '210', '323', '430', '149', '734', '614', '362', '488', '151', '427', '349', '652', '417', '499', '103', '312', '826', '681', '102']
['214', '253', '620', '924', '794', '104', '935', '266', '736', '502', '557', '18', '624', '79', '578', '242', '11', '42', '943', '806', '601', '411', '71', '356', '721']
['735', '892', '426', '83', '998', '780', '290', '718', '730', '272', '781', '118', '372', '353', '544', '845', '778', '522', '950', '90', '535', '644', '698', '595', '324']
['870', '451', '653', '215', '782', '495', '223', '94', '856', '706', '551', '869', '559', '948', '283', '428', '660', '401', '473', '858', '564', '374', '529', '850', '20']
['182', '873', '261', '771', '125', '504', '507', '78', '823', '864', '331', '51', '619', '686', '500', '900', '484', '59', '338', '43', '423', '708', '358', '798', '369']
['470', '501', '894', '63', '963', '960', '841', '434', '289', '537', '4', '33', '276', '929', '496', '225', '715', '889', '613', '432', '117', '546', '573', '415', '768']
['995', '719', '993', '865', '339', '899', '684', '354', '827', '543', '238', '25', '154', '183', '600', '296', '724', '72', '284', '678', '441', '40', '267', '364', '292']
['885', '132', '762', '236', '96', '765', '247', '638', '727', '92', '726', '467', '135', '177', '588', '513', '171', '731']
['115', '969', '747', '337', '67', '742', '112', '763', '822', '213', '5', '435', '840', '696', '773', '767', '591', '649', '98', '523', '867', '170', '333', '945', '629']
['62', '642', '605', '833', '975', '107', '756', '729']
['383', '775', '688']
['824', '87', '695', '403', '345', '947', '651']
['65', '980', '344', '531', '335', '329', '655', '991', '418', '273', '816', '31']
['263']
['173', '148', '249', '746', '262', '352', '648', '516', '779', '458', '302', '812', '200', '666', '437', '142', '846', '270', '88', '54']
['425']
['244']
['616', '843', '144', '518', '275', '883', '548', '933', '66', '108', '400', '340', '456', '259', '821', '528', '602', '751', '439', '466', '209', '482', '521', '342', '901']
['861', '122', '769', '973', '860', '15', '479', '363', '784', '493', '792', '463', '515', '61', '895', '506', '626', '661', '878']
['6', '503']
['378', '645', '422', '589', '679', '801', '348', '217', '34', '402', '219']
['714', '487', '271', '682', '36']
['577', '12', '77', '887', '478', '314', '955', '55']
['116', '917', '181', '603', '728', '229', '936', '593', '818']
