['658', '298', '684', '792', '107', '693', '778', '450', '293', '304', '771', '749', '766', '773', '604', '202', '795', '446', '466', '625', '265', '528', '127', '387', '761', '288', '280', '368', '711', '722', '156', '10', '743', '257', '489', '161', '332', '561', '114', '523', '582', '345', '574', '235', '515', '94', '537', '272', '702', '347']
['464', '294', '96', '689', '260', '239', '319', '195', '9', '603', '512', '374', '244', '0', '586', '70', '300', '543', '385', '2', '274', '666', '367', '714', '384', '375', '406', '687', '686', '109', '472', '838', '183', '639', '695', '764', '197', '546', '322', '350', '199', '104', '578', '399', '539', '460', '616', '14', '738', '619']
['108', '38', '782', '677', '813', '317', '474', '480', '535', '807', '575', '547', '92', '564', '245', '425', '284', '297', '168', '745', '645', '641', '356', '828', '178', '329', '22', '801', '105', '612', '803', '501', '740', '372', '733', '330', '605', '17', '277', '206', '685', '353', '572', '30', '563', '812', '137', '814', '765', '236']
['458', '503', '149', '23', '508', '751', '276', '494', '502', '811', '7', '557', '540', '416', '253', '180', '585', '351', '701', '442', '333', '594', '207', '730', '146', '445', '530', '301', '143', '621', '123', '587', '90', '499', '483', '40', '775', '247', '681', '441', '490', '412', '451', '346', '60', '576', '432', '241', '155', '477']
['34', '215', '281', '129', '750', '150', '485', '101', '250', '573', '226', '727', '670', '629', '392', '638', '741', '772', '339', '113', '829', '520', '449', '205', '29', '320', '808', '80', '117', '509', '591', '752', '67', '518', '16', '491', '95', '50', '152', '243', '551', '362', '36', '737', '617', '273', '413', '51', '649', '196']
['165', '169', '569', '410', '289', '623', '725', '335', '157', '278', '259', '435', '53', '511', '613', '134', '783', '338', '400', '635', '486', '190', '467', '227', '614', '283', '609', '839', '654', '403', '433', '343', '77', '99', '770', '703', '173', '699', '275', '305', '465', '405', '744', '805', '552', '724', '429', '4', '819', '299']
['83', '84', '430', '58', '562', '240', '589', '24', '522', '831', '694', '498', '718', '78', '754', '266', '193', '213', '762', '636', '125', '59', '554', '166', '82', '660', '688', '667', '56', '592', '296', '179', '373', '408', '212', '186', '37', '25', '747', '328', '802', '395', '742', '820', '567', '471', '581', '776', '140', '682']
['827', '98', '655', '837', '806', '534', '204', '233', '705', '118', '700', '61', '492', '597', '145', '390', '263', '39', '624', '640', '673', '426', '379', '217', '340', '116', '835', '33', '377', '316', '292', '192', '531', '428', '517', '361', '313', '809', '463', '633', '216', '72', '650', '45', '653', '112', '506', '674', '440', '222']
['692', '225', '383', '656', '287', '652', '366', '43', '836', '248', '91', '144', '577', '369', '349', '643', '175', '712', '817', '785', '270', '5', '160', '348', '602', '595', '691', '763', '264', '402', '516', '256', '312', '218', '571', '290', '786', '397', '419', '314', '497', '599', '418', '417', '739', '798', '422', '386', '391', '414']
['57', '3', '628', '525', '818', '476', '580', '760', '757', '644', '44', '774', '370', '71', '411', '35', '634', '327', '457', '170', '141', '680', '721', '52', '753', '325', '66', '834', '630', '187', '154', '389', '715', '201', '306', '49', '675', '791', '46', '55', '376', '583', '131', '326', '357', '31', '590', '64', '102', '421']
['447', '734', '12', '815', '252', '488', '271', '237', '678', '454', '423', '550', '307', '88', '448', '181', '363', '321', '588', '787', '507', '607', '81', '732', '396', '487', '208', '93', '6', '780', '122', '468', '758', '622', '26', '148', '627', '559', '79', '510', '505', '191', '794', '541', '365', '119', '784', '174', '553', '632']
['407', '115', '262', '618', '709', '398', '229', '584', '513', '103', '164', '768', '788', '439', '135', '548', '341', '830', '128', '75', '746', '514', '690', '41', '833', '382', '478', '324', '337', '184', '120', '710', '704', '452', '521', '97', '529', '759', '823', '697', '409', '139', '756', '194', '793', '579', '76', '719', '303', '646']
['352', '796', '342', '311', '211', '74', '331', '479', '182', '662', '121', '560', '601', '393', '415', '159', '360', '542', '286', '132', '232', '1', '822', '663', '608', '461', '255', '462', '18', '176', '133', '106', '371', '8', '238', '130', '475', '427', '359', '717', '86', '282', '318', '267', '668', '504', '821', '696', '713', '404']
['355', '381', '826', '493', '323', '234', '354', '606', '158', '124', '436', '453', '279', '302', '444', '615', '657', '800', '295', '626', '420', '556', '779', '671', '20', '524', '269', '63', '611', '500', '651', '11', '167', '728', '230', '538', '219', '28', '726', '659', '631', '824', '142', '27', '698', '438', '716', '570', '126', '334']
['731', '162', '242', '593', '185', '258', '68', '767', '437', '151', '309', '598', '224', '600', '790', '19', '188', '555', '735', '380', '481', '434', '163', '136', '804', '832', '249', '565', '596', '85', '89', '708', '736', '172', '544', '315', '648', '424', '147', '285', '364', '69', '138', '545', '825', '32', '100', '679', '228', '87']
['707', '344', '536', '21', '308', '665', '198', '810', '223', '378', '816', '799', '358', '220', '455', '532', '456', '642', '42', '723', '683', '394', '268', '533', '789', '221', '54', '310', '620', '676', '73', '482', '720', '706', '566', '62', '470', '200', '336', '210', '781', '110', '729', '748', '65', '251', '48', '401', '797']
['203', '15', '549', '568', '755', '669', '637']
['495']
['484', '189']
['672']
['246']
['13']
['209']
['610']
['496']
['527']
['231']
['769']
['47']
['473']
['526']
['519']
['459']
['647']
['431']
['153']
['254']
['111']
['214']
['558']
['171']
['469']
['777']
['261']
['664']
['177']
['443']
['661']
['388']
['291']
