['287', '58', '472', '578', '382', '2', '460', '605', '455', '832', '884', '457', '297', '119', '109', '375', '6', '883', '523', '801', '152', '93', '882', '123', '194', '211', '498', '699', '534', '693', '625', '678', '731', '171', '891', '474', '165', '163', '448', '616', '136', '459', '145', '424', '729', '189', '260', '831', '687', '933', '690', '116', '252', '461', '894', '180', '430', '788', '377', '593', '39']
['942', '604', '939', '326', '390', '770', '371', '324', '328', '631', '29', '108', '664', '308', '363', '582', '24', '278', '654', '423', '544', '649', '803', '904', '571', '842', '828', '795', '762', '825', '685', '733', '755', '399', '567', '695', '249', '54', '737', '207', '147', '569', '940', '444', '672', '413', '334', '70', '889', '666', '450', '172', '320', '484', '317', '442', '106', '635', '852', '293', '439']
['434', '915', '756', '273', '539', '753', '319', '629', '428', '766', '869', '502', '369', '360', '920', '47', '114', '279', '359', '663', '560', '665', '558', '347', '829', '368', '739', '750', '458', '195', '228', '671', '816', '574', '804', '637', '37', '256', '858', '300', '90', '834', '131', '105', '742', '157', '446', '661', '219', '675', '242', '258', '700', '887', '480', '530', '253', '98', '741', '262', '421']
['222', '528', '72', '924', '623', '304', '658', '682', '386', '936', '315', '64', '232', '224', '269', '911', '65', '958', '634', '240', '638', '104', '14', '713', '235', '847', '357', '302', '815', '107', '314', '893', '777', '827', '570', '628', '121', '497', '454', '785', '805', '81', '800', '45', '703', '853', '303', '143', '786', '698', '895', '43', '385', '466', '748', '488', '477', '941', '46', '210', '873']
['179', '337', '31', '888', '501', '419', '615', '587', '876', '611', '531', '930', '4', '509', '412', '312', '110', '470', '50', '796', '183', '609', '353', '166', '301', '679', '384', '233', '732', '59', '155', '3', '512', '445', '950', '221', '12', '780', '929', '391', '285', '102', '775', '374', '782', '100', '772', '575', '370', '914', '200', '885', '508', '449', '383', '724', '697', '676', '548', '409', '267']
['33', '626', '919', '577', '813', '35', '475', '362', '358', '146', '557']
['840', '387']
['41', '537', '553', '949', '432', '167', '75', '372', '186', '159', '754']
['230', '213', '899', '612', '403', '467', '69', '91', '7', '283', '330', '810', '476', '61', '668', '478', '441', '206', '727', '798', '859', '774', '823', '597', '581', '51', '603', '632', '610', '322', '835', '11', '579', '892', '117', '648', '814', '21', '622', '175', '624', '916', '837', '25', '797', '243', '572', '822', '943', '205', '0', '483', '263', '630', '728', '673', '223', '779', '773', '522', '376']
['264']
['674', '619', '868', '174', '482', '265', '126', '546', '398', '721', '781', '160', '316', '259', '325', '462', '234', '874', '395', '662', '527', '479', '704', '481', '808', '340', '79', '714', '257', '5', '197', '198', '83', '599', '957', '641', '510', '559', '452', '514', '747', '401', '373', '906', '506', '901', '139', '202', '568', '751', '618', '288', '738', '201', '811', '867', '453', '841', '806', '162', '736']
['134', '355', '487', '113', '752', '26', '429']
['505', '341', '692', '32', '902', '216', '659', '407', '76', '688', '767', '440', '77', '92', '686', '464', '542', '541', '860', '238', '332', '408', '217', '151', '271', '517', '128', '277', '199', '925', '251', '783', '60', '298', '40', '938', '696', '144', '927', '555', '771', '946', '765', '633', '879', '543', '473', '80', '865', '411', '576', '886', '898', '99', '878', '182', '349', '717', '520', '854', '229']
['812', '289', '959', '585', '492', '154', '142', '276', '494', '857', '870', '431', '818', '954', '513', '719', '27', '709', '241', '141', '490', '255', '540', '378', '620', '294', '420', '333', '112', '554', '73', '310', '617', '545', '247', '910', '702', '935', '764', '562', '596', '53', '640', '132', '427', '52', '720', '757', '318', '745', '851', '589', '551', '951', '564', '137', '948', '908', '639', '533', '591']
['296', '947', '608', '82', '42', '115', '191', '817']
['598', '563', '723', '164', '778', '306', '266', '866', '683', '414', '716', '346', '118', '96', '749', '900', '248', '499', '706', '890', '905']
['20', '23', '525', '380', '379', '701', '150', '524', '149', '158', '8', '793', '22', '196', '489', '614', '94', '447', '643', '926', '364', '275', '1', '735', '313', '345', '849', '329', '588', '758', '526', '839', '365', '299', '239', '944', '845', '129', '592', '331', '650', '660', '743', '254', '799', '600', '417', '921', '809', '586', '438', '396', '392', '861', '161', '761', '348', '193', '418', '381', '820']
['549', '95', '907', '170', '725', '184', '710', '356', '594', '565', '101', '10', '503', '87', '507', '49', '122', '535', '875', '712', '272', '740', '343', '124', '463', '769', '681', '245', '590', '352', '826', '89', '469', '169', '415', '290', '945', '680', '532', '78', '268', '521', '613', '881', '573', '181', '416', '694', '917', '819', '486', '495', '311', '566', '34', '556', '97', '580', '960', '30', '125']
['909', '74', '601', '550', '792', '669', '138', '405', '855', '339', '451', '68', '485', '791', '218', '307', '63', '468', '863', '787', '84', '953', '394', '711', '237', '642', '284', '850', '836', '208', '606', '56', '922', '48', '584', '730', '715', '644', '433', '864', '646', '705', '321', '366', '335', '536', '918', '62', '897', '726', '802', '838', '309', '226', '491', '204', '872', '305', '281', '270', '291']
['931', '493', '538', '327', '133', '140', '261', '833', '17', '934', '877', '821', '807', '511', '227', '856', '422', '393', '824', '552', '190', '759', '220', '437', '708', '397', '168', '776', '657', '763', '192', '177', '187', '57', '691', '203', '19', '103', '667', '361', '844', '28', '518', '595', '55', '496', '354', '111', '504', '789', '830', '404', '677', '214', '342', '425', '647', '15', '707', '402', '744']
['250', '547']
['607']
['645', '36', '734', '500', '178', '13', '746', '16', '406', '932', '44', '9', '292', '156', '426', '323', '350', '602', '621', '923', '282', '212', '515', '176', '655', '86', '843', '912', '652', '896', '718', '66', '153', '651', '516']
['871']
['367']
['583']
['18']
['85']
['244', '784']
['760']
['928', '389', '336', '120', '88', '627', '435', '130', '173', '561', '71', '236', '913', '295', '529', '846', '286', '653', '937', '127', '689', '848', '246', '636', '471', '135', '338', '188', '465', '768', '148', '185', '684', '400', '351', '67', '956', '38', '519', '231', '670', '880', '274', '388', '215', '955', '456', '410', '794', '225', '952', '790', '280', '436', '656', '722', '903', '209', '344', '443', '862']
