['2', '339', '845', '520', '275', '212', '114', '188', '949', '380', '871', '908', '970', '296', '722', '757', '514', '505', '207', '737', '984', '308', '643', '892', '141', '841', '471', '902', '960', '278', '117', '614', '874', '168', '378', '320', '957', '792', '713', '742', '967', '988', '801', '426', '962', '906', '258', '706', '996', '451', '232', '550', '377', '336', '496', '409', '796', '963', '846', '731', '189', '49', '830', '632', '991', '324', '510', '877', '829', '102', '603', '649', '118', '357', '855', '249', '941', '910', '252', '103', '220', '886', '947', '437', '156', '353', '754', '7', '404', '299', '701', '927', '557', '641', '541', '485', '187', '903', '74', '626', '290', '410', '709', '746', '508', '90', '327', '808', '930', '636', '461', '433', '315', '15', '553', '668', '367', '574', '219', '717', '3', '134', '776', '479', '317', '203', '152', '148', '80', '422', '79', '880', '190', '509', '925', '266', '929', '295', '788', '358', '618', '601', '309', '27', '687', '710', '240', '107', '982', '519', '558', '890', '579', '98', '568', '661', '971', '414', '805', '50', '843', '838', '842', '92', '52', '122', '802', '545', '797', '115', '642', '879', '658', '121', '735', '14', '502', '483', '361', '705', '888', '175', '222', '452', '136', '818', '184', '61', '132', '992', '899', '36', '155', '680', '272', '704', '504', '652', '708', '236', '748', '101', '147', '615', '674', '267', '670', '42', '25', '176', '979', '125', '891', '174', '337', '518', '206', '695', '346', '186', '160', '344', '540', '165', '726', '665', '161', '990', '387', '255', '85', '131', '305', '983', '213', '6', '139', '439', '429', '624', '449', '322', '948', '493', '100', '501', '943', '800', '419', '427', '59', '434', '898', '750', '484', '837', '595', '564', '287', '224', '237', '374', '889', '415', '331', '166', '986', '551', '832', '951', '972', '566', '99', '839', '733', '667', '689', '94', '359', '870', '629', '822', '677', '537', '923', '229', '909', '511', '486', '594', '640', '718', '283', '651', '95', '356', '304', '332', '619', '521', '124', '738', '158', '216', '852', '851', '572', '128', '719', '397', '965', '183', '33', '804', '694', '375', '753', '97', '534', '630', '556', '365', '522', '227', '844', '348', '660', '692', '194', '109', '664', '570', '869', '140', '314', '770', '549', '470', '583', '44', '469', '617', '396', '623', '756', '814', '76', '26', '562', '253', '621', '743', '604', '473', '301', '35', '548', '329', '939', '823', '586', '637', '370', '311', '37', '340', '608', '736', '225', '238', '882', '260', '523', '149', '836', '45', '93', '585', '817', '820', '0', '458', '576', '282', '769', '778', '813', '532', '547', '539', '167', '866', '39', '153', '766', '460', '935', '465', '349', '185', '279', '833', '268', '230', '201', '645', '582', '269', '416', '555', '307', '10', '613', '945', '702', '477', '150', '288', '610', '790', '751', '386', '310', '191', '584', '376', '498', '747', '432', '602', '729', '71', '775', '605', '900', '628', '395', '609', '481', '210', '450', '893', '257', '578', '700', '423', '950', '446', '402', '506', '883', '953', '475', '218', '765', '67', '938', '672', '379', '89', '412', '83', '793', '164', '354', '385', '464', '744', '575', '760', '457', '764', '864', '418', '86', '834', '157', '587', '593', '489', '714', '456', '863', '281', '286', '928', '885', '195', '215', '438', '633', '466', '231', '447', '112', '468', '723', '11', '289', '144', '998', '538', '200', '581', '543', '773', '474', '913', '784', '78', '43', '739', '343', '129', '259', '807', '638', '526', '691', '922', '671', '171', '789', '173', '417', '64', '392', '56', '995', '699', '599', '363', '904', '151', '976', '133', '58', '596', '755', '398', '872', '546', '366', '600', '524', '444', '325', '480', '952', '994', '644', '798', '616', '727', '256', '303', '787', '932', '999', '772', '17', '868', '590', '284', '589', '208', '499', '408', '973', '274', '873', '921', '515', '41', '676', '919', '503', '68', '791', '569', '513', '87', '488', '741', '745', '734', '559', '675', '16', '850', '241', '88', '598', '154', '113', '993', '23', '211', '495', '819', '424', '159', '650', '228', '55', '634', '306', '246', '326', '482', '251', '987', '321', '330', '914', '647', '588', '759', '887', '276', '448', '244', '512', '831', '989', '878', '977', '826', '116', '491', '662', '342', '369', '108', '961', '205', '673', '137', '958', '865', '22', '724', '561', '955', '445', '611']
['688', '407', '202', '912', '810', '234', '860', '666', '204', '57', '974', '966', '382', '263', '721', '5', '333', '980', '659', '178', '181', '362', '143', '529', '405', '243', '126', '936', '698', '669', '565', '19', '847', '696', '352', '577', '96', '942', '119', '528', '21', '24', '785', '223', '859', '897', '858', '806', '454', '625', '199', '271', '463', '516', '441', '981', '381', '597', '91', '780', '360', '388', '364', '459', '20', '69', '656', '533', '420', '411', '884', '66', '937', '622', '180', '12', '686', '571', '749', '72', '876', '214', '30', '179', '264', '428', '786', '631', '530', '592', '781', '816', '373', '730', '142', '221', '302', '209', '298', '280', '867', '809', '853', '934', '292', '46', '323', '319', '9', '123', '127', '525', '318', '685', '334', '138', '104', '758', '678', '684', '430', '338', '84', '111', '840', '940', '639', '517', '915', '812', '681', '172', '177', '849', '779', '63', '233', '401', '712', '135', '901', '732', '436', '313', '294', '130', '28', '425', '715', '774', '192', '399', '848']
['38', '580', '725', '663', '795']
['507', '931', '492', '771', '13', '453', '254', '198', '60', '985', '350', '312', '443', '527', '956', '285', '959', '536', '762', '48', '34', '8', '920', '162', '106', '567', '560', '371', '857']
['316', '646', '105', '65', '478', '245', '435', '145', '799', '467', '917', '169', '53', '393', '964', '196', '300', '239', '894', '627', '856', '895', '77']
['250']
['277']
['31']
['926']
['32']
['911', '472', '487', '794', '391', '81', '431', '954', '328', '620', '896', '270', '265', '554', '946', '400', '635', '720', '75', '384', '648', '110', '679', '170', '657', '968', '500']
['654']
['421']
['394']
['612']
['497']
['403']
['693', '811', '653', '18', '861', '389', '1', '29', '933', '607', '248', '73', '297', '783', '716', '969', '542', '563', '490', '335', '591', '535', '70', '782', '347', '924', '907', '761']
['531']
['824']
['552']
['262']
['916']
['703']
['197']
['54']
['544']
['273']
['235']
['767']
['390']
['777']
['905']
['341']
['47']
['690']
['193', '146', '707', '261', '413', '440', '217', '918', '875', '291', '835', '655', '462', '862', '683', '442', '944', '120', '4', '163', '406', '825', '711', '372', '763', '82', '978', '573']
['293']
['682']
['355', '975', '383', '827', '803', '854', '476', '345', '182', '455', '815', '997', '828', '697', '40', '821', '494', '351', '247', '368', '242', '606', '752', '768', '728', '881', '62', '226', '51', '740']
