['565', '799', '927', '615', '517', '945', '910', '230', '167', '408', '856', '686', '738', '779', '321', '756', '610', '700', '331', '306', '911', '396']
['764', '629', '631', '879', '770', '906', '168', '481', '279', '468', '69', '914', '377', '693', '833', '717', '622', '126', '72', '53', '762', '954']
['272', '595', '552', '296', '335', '701', '638', '729', '155', '325', '404', '632', '600', '314', '734', '766', '824', '74', '817', '495', '103', '425']
['165', '958', '439', '124', '558', '322', '654', '102', '387', '379', '329', '714', '421', '343', '349', '777', '459', '826', '234', '342', '90', '994']
['491', '5', '392', '639', '338', '203', '207', '202', '71', '550', '177', '604', '176', '9', '220', '706', '308', '774', '108', '461', '360', '283']
['27', '969', '538', '460', '449', '298', '84', '23', '248', '185', '673', '139', '362', '909', '292', '419', '235', '105', '573', '570', '643', '841']
['670', '138', '307', '409', '96', '290', '284', '271', '993', '17', '640', '19', '983', '672', '487', '246', '447', '939', '951', '822', '572', '261']
['499', '356', '691', '888', '429', '980', '971', '136', '371', '716', '855', '417', '725', '599', '896', '25', '831', '869', '135', '364', '792', '776']
['984', '919', '881', '26', '128', '900', '85', '652', '466', '285', '428', '137', '506', '35', '867', '21', '295', '426', '703', '793', '581', '436']
['546', '198', '473', '391', '976', '562', '534', '920', '723', '847', '918', '350', '848', '255', '682', '818', '454', '1', '524', '865', '677', '492']
['245', '925', '974', '68', '24', '269', '170', '118', '378', '551', '908', '121', '259', '86', '11', '666', '998', '578', '649', '365', '676', '327']
['796', '800', '389', '52', '193', '618', '574', '992', '191', '6', '286', '846', '301', '665', '254', '844', '319', '898', '438', '637', '948', '963']
['588', '164', '851', '961', '547', '431', '274', '215', '912', '36', '941', '82', '858', '405', '713', '884', '65', '367', '876', '471', '486', '22']
['205', '834', '758', '384', '832', '866', '195', '120', '146', '806', '651', '150', '402', '543', '962', '621', '526', '698', '681', '745', '568', '403']
['212', '803', '56', '351', '472', '999', '201', '959', '759', '489', '737', '32', '311', '415', '444', '186', '763', '432', '624', '721', '430', '276']
['548', '825', '680', '446', '148', '383', '106', '87', '664', '181', '93', '435', '859', '835', '748', '607', '854', '300', '422', '443', '606', '381']
['587', '115', '875', '988', '144', '989', '226', '525', '14', '678', '871', '804', '972', '12', '358', '312', '127', '659', '557', '579', '89', '870']
['357', '240', '519', '612', '529', '374', '368', '960', '222', '484', '434', '107', '111', '450', '293', '482', '510', '160', '208', '341', '596', '277']
['50', '223', '926', '180', '316', '225', '345', '985', '727', '601', '940', '736', '933', '333', '370', '410', '117', '915', '500', '512', '264', '369']
['231', '437', '258', '302', '400', '31', '214', '54', '771', '563', '266', '608', '585', '930', '967', '965', '305', '480', '882', '287', '699', '970']
['221', '291', '251', '250', '567', '810', '267', '812', '843', '645', '375', '839', '289', '13', '899', '243', '667', '791', '688', '627', '808', '294']
['813', '765', '116', '711', '720', '663', '674', '386', '197', '328', '76', '174', '658', '424', '172', '252', '45', '490', '946', '498', '40', '821']
['521', '158', '199', '708', '730', '336', '317', '206', '584', '726', '964', '752', '816', '597', '153', '2', '679', '722', '77', '750', '73', '166']
['134', '147', '566', '710', '348', '938', '613', '236', '862', '741', '916', '503', '790', '522', '780', '51', '709', '79', '798', '398', '532', '554']
['931', '536', '857', '467', '537', '635', '119', '62', '418', '901', '488', '477', '210', '244', '3', '809', '253', '692', '204', '923', '753', '641']
['508', '705', '123', '373', '57', '592', '819', '769', '966', '852', '411', '690', '683', '773', '372', '895', '133', '684', '768', '288', '733', '28']
['746', '393', '475', '660', '149', '100', '516', '647', '953', '718', '190', '238', '885', '657', '786', '406', '668', '211', '330', '15', '842', '278']
['894', '462', '483', '997', '929', '590', '318', '113', '270', '209', '735', '239', '783', '788', '474', '625', '973', '509', '354', '497', '561', '784']
['860', '772', '485', '504', '441', '950', '755', '877', '297', '874', '540', '797', '97', '853', '987', '593', '145', '986', '303', '897', '715', '187']
['29', '129', '794', '982', '326', '80', '949', '268', '505', '37', '282', '154', '218', '907', '395', '582', '353', '476', '523', '687', '675', '744']
['501', '671', '233', '694', '224', '470', '299', '241', '515', '192', '39', '968', '92', '545', '836', '707', '541', '749', '332', '518', '655', '957']
['463', '560', '249', '323', '273', '662', '893', '807', '815', '696', '580', '778', '184', '872', '795', '947', '64', '200', '636', '977', '114', '61']
['42', '661', '140', '162', '653', '81', '217', '731', '416', '533', '494', '650', '464', '413', '623', '337', '644', '913', '828', '527', '390', '388']
['4', '609', '814', '178', '880', '724', '397', '575', '157', '603', '171', '905', '0', '955', '109', '539', '7', '8', '458', '743', '159', '849']
['586', '67', '928', '78', '216', '242', '44', '66', '827', '761', '689', '412', '256', '555', '46', '830', '823', '58', '104', '903', '173', '440']
['407', '469', '760', '152', '232', '513', '141', '553', '59', '559', '782', '63', '535', '904', '697', '594', '281', '626', '91', '921', '811', '956']
['465', '75', '313', '33', '837', '175', '363', '935', '902', '414', '156', '861', '801', '125', '864', '359', '38', '478', '605', '598', '182', '936']
['739', '98', '922', '544', '275', '366', '838', '990', '228', '83', '94', '619', '712', '112', '620', '451', '785', '479', '161', '385', '728', '423']
['952', '630', '310', '88', '324', '452', '781', '886', '194', '840', '767', '219', '549', '883', '376', '304', '453', '646', '131', '868', '942', '751']
['556', '530', '805', '189', '507', '591', '320', '732', '802', '704', '564', '996', '757', '979', '520', '445', '142', '614', '260', '611']
['775', '502', '344', '740', '262', '263', '380', '188', '978', '455', '70', '95']
['493', '576', '642', '747', '427', '943', '981', '878', '514', '151', '589', '433']
['457', '41', '583', '309', '399', '616', '932', '101', '49', '315', '361', '340', '742', '448']
['873', '511', '789', '829', '143', '237', '863', '60', '339', '889', '169', '633', '99', '352']
['845', '280', '110', '401', '55', '257', '695', '991', '382', '229', '30', '347']
['648', '787', '531', '924', '355', '227', '48', '892', '34', '420', '569', '16', '247', '47']
['334', '719', '975', '850', '577', '571', '132', '887', '346', '130', '995', '20', '528', '10']
['122', '685', '456', '265', '394', '917', '634', '179', '702', '602', '628', '754']
['213', '196', '656', '163', '944', '820', '617', '669', '891', '542', '890', '496']
['18', '442', '183']
['937']
['934']
['43']
