['851', '409', '951', '349', '661', '472', '562', '126', '82', '144', '675', '283', '898', '570', '50', '664', '411', '423', '609', '646', '153', '476', '449', '20', '892', '919', '155', '434', '49', '954', '973', '232', '225', '837', '500', '784', '163', '901', '86', '911', '222', '419', '157', '711', '93', '669', '154', '262', '32', '239', '447', '504', '826', '220', '303', '717', '529', '785', '989', '649', '533', '415', '714', '764', '166', '98', '397', '576', '779', '546', '456', '88', '752', '652', '642', '224', '156', '150', '474', '713', '498', '35', '830', '854', '770', '776', '725', '486', '112', '414', '978', '389', '781', '627', '377', '908', '970', '638', '657', '238', '836', '395', '22', '963', '382', '26', '340', '928', '956', '593', '823', '426', '438', '40', '96', '883', '358', '62', '620', '289', '587', '660', '997', '746', '216', '5', '906', '525', '305', '38', '387', '695', '952', '278', '643', '868', '121', '491', '204', '267', '628', '891', '195', '198', '285', '295', '516', '421', '457', '828', '191', '392', '611', '34', '881', '201', '441', '519', '429', '114', '947', '867', '859', '463', '962', '249', '103', '17', '539', '367', '484', '554', '78', '937', '931', '71', '668', '544', '662', '950', '979', '932', '508', '736', '592', '352', '930', '541', '967', '640', '253', '343', '545', '260', '311', '149', '169', '164', '759', '66', '899', '683', '91', '9', '958', '138', '685', '381', '378', '676', '572', '882', '510', '912', '273', '275', '775', '655', '672', '574', '602', '720', '315', '584', '860', '454', '14', '3', '107', '568', '709', '630', '639', '435', '72', '217', '43', '625', '37', '422', '799', '346', '380', '366', '535', '251', '135', '69', '68', '342', '174', '686', '299', '586', '215', '23', '353', '726', '681', '887', '857', '863', '227', '996', '197', '341', '965', '320', '146', '889', '910', '183', '8', '477', '734', '512', '618', '542', '805', '729', '939', '452', '916', '162', '918', '165', '754', '824', '847', '89', '862', '948', '561', '751', '354', '433', '11', '119', '379', '633', '443', '589', '132', '218', '408', '73', '917', '765', '981', '185', '872', '64', '578', '757', '234', '955', '815', '850', '871', '745', '312', '176', '207', '942', '560', '70', '181', '430', '739', '442', '727', '791']
['822', '521', '307', '941', '846', '280', '631', '53', '446', '856', '756', '614', '77', '706', '190', '619', '494', '281', '712', '10', '551', '214', '626', '659', '873', '971', '323', '968', '105', '373', '226', '505', '300', '127', '405', '205', '719', '193', '820', '301', '140', '143', '797', '721', '365', '876', '122', '274', '131', '980', '507', '376', '819', '601', '704', '276', '552', '858', '282', '402', '972', '556', '213', '926', '45', '758', '361', '801', '716', '74', '331', '288', '60', '327', '604', '65', '890', '461', '244', '644', '242', '869', '279', '230', '221', '401', '530', '853', '743', '818', '571', '511', '170', '737', '258', '590', '286', '802', '29', '648', '293', '385', '199', '903', '109', '228', '829', '811', '175', '893', '186', '969', '550', '182', '266', '6', '543', '995', '287', '41', '410', '396', '428', '159', '202', '792', '780', '123', '436', '772', '606', '938', '635', '102', '483', '152', '682', '4', '318', '654', '518', '306', '92', '922', '375', '334', '814', '953', '923', '915', '767', '677', '673', '943', '744', '187', '57', '25', '803', '161', '566', '329', '432', '698', '61', '229', '310', '567', '59', '462', '783', '671', '689', '252', '959', '173', '272', '383', '531', '325', '437', '616', '600', '362', '503', '497', '243', '345', '355', '480', '742', '83', '369', '209', '831', '264', '523', '314', '97', '843', '794', '424', '412', '458', '471', '610', '641', '787', '324', '247', '139', '420', '840', '487', '133', '501', '880', '117', '248', '730', '749', '816', '897', '168', '404', '231', '839', '622', '914', '790', '439', '796', '499', '489', '87', '393', '723', '760', '895', '118', '515', '990', '634', '129', '492', '338', '991', '56', '526', '125', '101', '208', '534', '594', '753', '473', '832', '935', '875', '569', '332', '235', '147', '95', '348', '738', '203', '514', '536', '900', '666', '308', '715', '27', '789', '347', '691', '549', '357', '934', '527', '44', '825', '290', '684', '455', '277', '370', '54', '583', '532', '977', '406', '670', '179', '650', '52', '665', '28', '656', '337', '904', '985', '800', '384', '271', '364', '885', '236', '674', '804', '502', '51', '520', '707', '12', '110', '810', '667', '795', '750', '596', '475', '451', '265', '821', '540', '517', '548', '663', '975', '309', '613']
['19', '701']
['104']
['141']
['321']
['833']
['680']
['886']
['167']
['339']
['425']
['865']
['563']
['927']
['976']
['702']
['624']
['374']
['603']
['256']
['866']
['42']
['58']
['582']
['219']
['371']
['762']
['905']
['687']
['0']
['807']
['761']
['699']
['877']
['817']
['595']
['261']
['80']
['128']
['925']
['468']
['333']
['485']
['13']
['46']
['855']
['848']
['844']
['579']
['777']
['160']
['984']
['33']
['495']
['573']
['254']
['326']
['469']
['368']
['212']
['372']
['936']
['479']
['690']
['90']
['386']
['537']
['945']
['615']
['763']
['470']
['75']
['294']
['302']
['313']
['16']
['177']
['992']
['645']
['559']
['67']
['949']
['108']
['467']
['298']
['741']
['178']
['335']
['398']
['835']
['782']
['263']
['448']
['116']
['189']
['547']
['718']
['145']
['48']
['15']
['896']
['496']
['488']
['961']
['747']
['115']
['678']
['700']
['344']
['558']
['793']
['481']
['81']
['697']
['528']
['944']
['363']
['196']
['328']
['845']
['255']
['172']
['513']
['786']
['466']
['241']
['246']
['755']
['291']
['188']
['924']
['651']
['506']
['724']
['565']
['292']
['555']
['575']
['806']
['76']
['740']
['522']
['296']
['778']
['297']
['18']
['259']
['808']
['636']
['171']
['151']
['148']
['588']
['838']
['30']
['21']
['413']
['735']
['319']
['553']
['464']
['607']
['913']
['692']
['416']
['974', '768', '861']
['809']
['440']
['465']
['240']
['605']
['733']
['623']
['788']
['63']
['407']
['359']
['933']
['99']
['694']
['946']
['827']
['399']
['270']
['360']
['356']
['884']
['879']
['557']
['988']
['94']
['909']
['2']
['36']
['834']
['223']
['350']
['444']
['351']
['632']
['24']
['316']
['849']
['400']
['599']
['597']
['878']
['250']
['728']
['142']
['842']
['394']
['688']
['427']
['798']
['693']
['158']
['986']
['237']
['813']
['581']
['304']
['612']
['111']
['317']
['490']
['647']
['7']
['920']
['732']
['47']
['431']
['180']
['987']
['888']
['982']
['894']
['245']
['960']
['322']
['841']
['493']
['608']
['459']
['137']
['120']
['55']
['874']
['703']
['705']
['598']
['580']
['388']
['124']
['200']
['679']
['478']
['864']
['192']
['79']
['100']
['130']
['617']
['771']
['966']
['84']
['524']
['210']
['994']
['653']
['993']
['330']
['983']
['766']
['812']
['964']
['577']
['769']
['418']
['940']
['509']
['957']
['85']
['403']
['106']
['773']
['870']
['658']
['585']
['336']
['621']
['194']
['921']
['722']
['184']
['482']
['391']
['113']
['453']
['269']
['1']
['460']
['450']
['136']
['708']
['629']
['696']
['710']
['211']
['31']
['134']
['206']
['774']
['538']
['233']
['591']
['902']
['445']
['731']
['637']
['268']
['852']
['390']
['907']
['257']
['417']
['284']
['929']
['39']
['748']
['564']
