['261', '896', '584', '957', '236', '838', '318', '692', '302', '58', '749', '104', '972', '910', '203', '349', '251', '406', '764', '278', '340', '452', '436', '806', '241', '306', '70', '944', '794']
['478', '906', '138', '408', '317', '391', '694', '554', '367', '601', '586', '52', '645', '572', '974', '775', '115', '943', '680', '898', '657', '428', '767', '18', '706', '183', '29', '231', '840']
['324', '543', '207', '598', '413', '471', '238', '718', '822', '651', '360', '437', '337', '968', '103', '89', '620', '619', '189', '472', '130', '754', '119', '832', '946', '578', '871', '116', '177']
['141', '575', '753', '931', '540', '793', '983', '448', '533', '209', '126', '573', '561', '111', '884', '280', '664', '585', '490', '835', '596', '803', '49', '826', '691', '113', '344', '272', '476']
['660', '332', '225', '515', '723', '40', '759', '316', '653', '378', '114', '770', '355', '648', '560', '781', '979', '932', '796', '889', '424', '637', '700', '453', '72', '881', '66', '218', '531']
['409', '283', '222', '255', '839', '33', '665', '556', '788', '400', '22', '913', '720', '109', '743', '415', '42', '941', '3', '659', '808', '523', '935', '168', '638', '600', '7', '646', '365']
['610', '897', '364', '459', '888', '81', '964', '51', '730', '731', '697', '717', '488', '45', '734', '509', '447', '756', '245', '810', '872', '434', '258', '270', '955', '342', '170', '960', '861']
['449', '669', '399', '950', '450', '281', '565', '954', '263', '866', '683', '11', '174', '867', '716', '202', '699', '386', '744', '60', '30', '581', '621', '874', '217', '173', '145', '79', '704']
['451', '430', '800', '466', '429', '435', '169', '895', '219', '38', '630', '34', '695', '102', '766', '552', '687', '613', '776', '382', '902', '290', '870', '13', '301', '602', '85', '925', '481']
['243', '479', '836', '99', '970', '454', '181', '846', '726', '790', '120', '507', '535', '426', '388', '215', '329', '439', '594', '482', '844', '92', '748', '461', '228', '497', '506', '86', '675']
['25', '741', '891', '480', '855', '801', '825', '192', '736', '489', '64', '157', '618', '296', '28', '967', '924', '69', '604', '772', '518', '455', '0', '398', '536', '873', '182', '32', '579']
['262', '194', '922', '418', '197', '550', '733', '797', '864', '689', '532', '348', '5', '371', '799', '505', '516', '199', '370', '773', '235', '670', '973', '969', '156', '688', '714', '850', '431']
['210', '777', '334', '725', '131', '353', '343', '265', '293', '513', '87', '417', '117', '580', '751', '771', '125', '21', '761', '193', '73', '407', '474', '526', '819', '176', '765', '503', '63']
['728', '525', '53', '366', '305', '676', '175', '94', '854', '200', '328', '230', '473', '591', '139', '547', '345', '358', '487', '68', '82', '90', '755', '576', '606', '956', '590', '841', '423']
['498', '248', '396', '656', '467', '153', '668', '354', '162', '338', '492', '745', '607', '599', '10', '791', '615', '221', '603', '335', '276', '738', '939', '758', '900', '273', '529', '737', '284']
['483', '760', '196', '485', '814', '496', '76', '520', '373', '707', '617', '224', '921', '709', '333', '877', '331', '805', '752', '589', '100', '300', '965', '588', '41', '696', '920', '287', '470']
['927', '149', '395', '650', '136', '112', '937', '410', '635', '862', '433', '303', '863', '661', '740', '56', '859', '422', '722', '952', '462', '291', '901', '288', '346', '266', '562', '626', '292']
['830', '171', '564', '495', '804', '569', '721', '397', '419', '868', '813', '732', '31', '155', '277', '456', '643', '390', '574', '679', '8', '708', '812', '47', '154', '729', '159', '987', '127']
['942', '319', '77', '444', '715', '549', '597', '379', '577', '782', '818', '537', '84', '244', '961', '440', '542', '514', '152', '179', '551', '865', '315', '260', '59', '858', '882', '327', '762']
['724', '151', '948', '541', '899', '164', '947', '443', '493', '374', '304', '376', '631', '381', '321', '912', '61', '593', '624', '959', '625', '389', '392', '257', '701', '894', '860', '275', '253']
['314', '750', '926', '930', '623', '647', '527', '811', '671', '242', '685', '118', '167', '628', '172', '938', '160', '879', '249', '636', '405', '735', '966', '919', '297', '984', '990', '981', '629']
['982', '208', '842', '36', '852', '323', '216', '988', '460', '634', '475', '308', '252', '246', '890', '885', '903', '271', '356', '146', '359', '121', '223', '662', '412', '893', '876', '785', '963']
['570', '534', '666', '259', '980', '486', '936', '798', '985', '128', '212', '286', '779', '837', '853', '916', '702', '833', '658', '256', '108', '789', '107', '555', '140', '322', '933', '264', '387']
['845', '746', '681', '421', '609', '26', '411', '958', '446', '206', '254', '186', '425', '166', '438', '834', '191', '464', '55', '351', '538', '320', '385', '267', '501', '375', '849', '992', '677']
['824', '91', '93', '123', '975', '148', '416', '361', '295', '463', '269', '227', '240', '945', '710', '404', '953', '747', '294', '887', '57', '823', '289', '905', '649', '394', '908', '16', '427']
['622', '35', '369', '484', '929', '869', '326', '918', '632', '336', '14', '310', '142', '807', '847', '17', '23', '339', '19', '1', '311', '188', '201', '856', '75', '809', '198', '352', '976']
['401', '508', '214', '878', '500', '50', '892', '325', '521', '923', '239', '237', '124', '857', '165', '384', '185', '886', '949', '122', '816', '914', '15', '71', '991', '713', '640', '815', '652']
['848', '350', '362', '98', '88', '757', '442', '135', '951', '557', '178', '539', '566', '48', '829', '686', '150', '568', '567', '299', '774', '78', '917', '831', '528', '279', '986', '763', '67']
['530', '682', '639', '595', '742', '247', '220', '420', '705', '608', '74', '843', '504', '37', '611', '414', '250', '690', '44', '341', '711', '204', '96', '563', '95', '545', '739', '184', '268']
['605', '778', '39', '357', '627', '499', '719', '727', '97', '820', '402', '144', '469', '134', '330', '971', '510', '494', '817', '6', '787', '512', '9']
['468', '458', '612', '234', '195', '24', '827', '524', '883', '989', '698', '614', '678', '205', '43']
['211', '46', '363', '544', '187', '307', '641', '137', '940', '571', '592', '673', '553', '548', '616', '519', '457', '110', '445', '106']
['441', '821', '795', '129']
['769', '784', '383', '909', '780', '105', '274', '522', '502', '875']
['229', '583', '298', '663', '312']
['904', '672', '54', '147', '915', '907', '582', '786', '928', '133', '393', '4', '226', '161', '517', '132', '477', '880', '712', '667', '828', '27', '285', '380', '372', '559', '491', '783', '163']
['309', '644', '655']
['851', '633', '911', '232']
['654', '977', '934', '377', '465', '403', '978', '511', '62']
['65', '347', '282', '80', '20', '546', '962', '693', '792', '180', '143', '213', '12', '674', '558', '233']
['83', '158', '768']
['802', '703', '587', '642']
['190', '368', '432', '101', '313']
['2', '684']
