['458', '1', '245', '431', '103', '519', '472', '91', '581', '307', '233', '518', '465', '305', '386', '514', '454', '265', '547', '370', '3', '281', '203', '517', '141', '139', '261', '575', '497', '116', '508', '308', '92', '43', '27', '100', '153', '495', '243', '296', '394', '432', '591', '118', '384', '266', '360', '338', '115', '325', '114', '279', '50', '196', '349', '346', '503', '468', '42', '415', '277', '492', '406', '586', '200', '530', '502', '398', '270', '9', '133', '7', '257', '405', '142', '0', '289', '152', '461', '362', '442', '481', '291', '487', '14', '46', '215', '238', '499', '249', '254', '276', '60', '583', '134', '489', '207', '490', '148', '512']
['107', '550', '109', '336', '572', '264', '84', '382', '473', '284', '559', '81', '15', '523', '350', '110', '455', '73', '23', '34', '407', '544', '86', '364', '579', '57', '329', '56', '403', '263', '389', '131', '235', '511', '546', '181', '165', '237', '447', '292', '567', '295', '288', '582', '130', '574', '294', '224', '393', '85', '64', '321', '348', '127', '172', '169', '143', '68', '436', '479', '589', '566', '556', '267', '501', '285', '485', '71', '218', '576', '102', '463', '83', '87', '460', '89', '326', '184', '562', '430', '52', '344', '332', '105', '163', '149', '219', '450', '182', '525', '568', '537', '402', '535', '328', '345', '510', '255', '53', '40']
['206', '343', '557']
['210']
['323']
['216']
['536', '33', '198', '90', '44', '592', '278', '480', '4', '438', '444', '145', '396', '11', '62', '429', '77', '445', '158', '72', '420', '155', '359', '543', '387', '250', '193', '298', '180', '36', '470', '21', '319', '213', '67', '251', '176', '580', '515', '290', '217', '440', '301', '117', '474', '413', '268', '29', '466', '161', '509', '379', '20', '529', '452', '471', '588', '551', '334', '190', '597', '221', '372', '573', '242', '80', '314', '202', '599', '374', '199']
['554']
['271']
['367', '369', '113', '395', '205', '427', '457', '28', '13', '520', '496', '147', '477', '303', '302', '552', '95', '548', '423', '25', '232', '262', '39', '287', '150', '101', '66', '549', '500', '31', '282', '390', '571', '365', '352', '598', '449', '74', '558', '486', '339', '401', '230', '195', '340', '248', '106', '48', '37', '204', '435', '478', '234', '151', '363', '306', '513', '226', '54', '192', '35', '136', '124', '129', '456']
['269']
['82']
['404']
['312']
['286']
['244', '355', '462', '138', '342', '183', '58', '126', '240', '324', '236', '443', '411', '280', '560', '593', '453', '140', '347', '135', '283', '132', '483', '391', '12', '521', '316', '555', '170', '162', '311', '313', '475', '528', '595', '104', '507', '173', '419', '214', '505', '177', '439', '371', '504', '476', '222', '96', '541', '491', '531', '159', '157', '128', '253', '532', '304', '229', '524', '167', '446', '408', '209', '30', '433', '385', '38']
['437']
['378']
['587']
['26']
['59']
['76']
['498']
['211']
['69']
['399']
['361']
['22']
['299']
['526']
['78']
['241']
['94']
['231']
['327']
['320']
['331']
['561']
['6']
['426']
['144']
['596']
['309']
['542']
['32']
['120']
['388']
['539']
['10']
['227']
['160']
['179']
['166']
['194']
['441']
['506']
['317']
['260']
['300']
['99']
['208']
['75']
['51']
['358']
['335']
['410']
['146']
['412']
['563']
['111']
['171']
['252']
['228']
['330']
['421']
['17']
['380']
['223']
['201']
['494']
['585']
['488']
['337']
['8']
['119']
['538']
['516']
['88']
['467']
['451']
['174']
['65']
['256']
['178']
['175']
['98']
['417']
['368']
['275']
['424']
['246']
['156']
['41']
['225']
['297']
['18']
['392']
['47']
['220']
['322']
['353']
['272']
['24']
['61']
['434']
['425']
['2']
['188']
['189']
['534']
['93']
['315']
['122']
['333']
['274']
['422']
['341']
['293']
['45']
['377']
['5']
['259']
['376']
['397']
['578']
['187']
['354']
['112']
['366']
['186']
['19']
['351']
['577']
['273']
['533']
['185']
['356']
['258']
['55']
['469']
['375']
['570']
['584']
['400']
['428']
['357']
['137']
['464']
['164']
['154']
['409']
['459']
['414']
['482']
['121']
['310']
['197']
['108']
['545']
['564']
['383']
['522']
['448']
['373']
['70']
['123']
['418']
['527']
['63']
['381']
['125']
['191']
['97']
['247']
['212']
['484']
['565']
['540']
['594']
['493']
['318']
['79']
['553']
['416']
['16']
['168']
['239']
['49']
['569']
['590']
