['889', '820', '654', '61', '138', '747', '221', '558', '415', '660', '190', '238', '354', '477', '865', '208', '418', '711', '215', '516']
['196', '381', '255', '725', '28', '366', '788', '72', '640', '340', '383', '341', '804', '136', '506', '965', '524', '971', '214', '487']
['641', '758', '917', '259', '545', '507', '172', '556', '460', '985', '45', '845', '972', '714', '293', '892', '386', '736', '219', '425']
['108', '225', '742', '152', '922', '967', '611', '687', '360', '46', '347', '975', '743', '773', '358', '283', '478', '514', '966', '738']
['542', '82', '560', '292', '733', '167', '596', '389', '838', '575', '840', '38', '159', '164', '977', '870', '958', '370', '128', '111']
['15', '697', '664', '504', '721', '206', '287', '155', '257', '485', '401', '12', '168', '923', '996', '565', '709', '513', '352', '674']
['570', '801', '475', '472', '616', '276', '891', '489', '810', '11', '521', '752', '765', '85', '91', '122', '247', '96', '673', '377']
['800', '440', '16', '49', '657', '70', '890', '173', '979', '533', '495', '100', '502', '540', '809', '987', '519', '815', '724', '887']
['587', '739', '839', '481', '638', '850', '744', '581', '78', '249', '554', '127', '766', '619', '217', '790', '880', '81', '591', '207']
['915', '50', '600', '717', '281', '692', '387', '432', '62', '957', '963', '978', '185', '116', '420', '834', '694', '285', '851', '517']
['646', '311', '760', '691', '376', '782', '937', '986', '320', '543', '792', '280', '359', '223', '768', '830', '5', '373', '952', '523']
['592', '841', '163', '414', '867', '989', '449', '530', '695', '877', '318', '960', '2', '177', '763', '529', '881', '617', '795', '672']
['156', '326', '955', '786', '994', '131', '394', '924', '668', '549', '191', '209', '582', '211', '380', '48', '362', '771', '855', '908']
['718', '832', '53', '663', '973', '74', '165', '852', '568', '186', '84', '242', '59', '271', '974', '405', '949', '119', '310', '296']
['442', '756', '905', '701', '158', '576', '21', '86', '436', '803', '488', '392', '927', '799', '539', '531', '372', '750', '422', '124']
['686', '365', '982', '537', '479', '106', '345', '467', '407']
['456', '655', '919', '187']
['882', '144']
['135', '338', '474', '189', '920', '251', '290', '726', '457']
['278', '379', '580', '423', '656', '612', '210']
['435', '104', '944', '384', '486', '586', '430', '902', '203', '659', '935', '160']
['775', '471', '615', '87', '622', '413', '730']
['13', '444', '426', '879', '406', '904', '546']
['983', '115', '921', '968', '552', '351']
['857', '703']
['601', '465', '180', '572', '130']
['571', '735', '299', '52', '899', '335', '651', '942', '105']
['593', '708', '873', '754']
['461', '348', '644', '629']
['614', '538', '390', '129', '783', '620']
['637', '712', '342', '304', '835', '176', '961', '666', '578']
['324', '9', '866', '205', '343']
['959', '598', '427']
['308', '286', '648', '734']
['243', '625', '346']
['492', '769', '317', '932']
['861', '464', '339', '322', '772', '171', '117', '645', '32', '450', '151']
['628', '885', '993']
['605', '329', '498', '466']
['493', '550', '863']
['906', '551', '710', '51', '297']
['658', '139', '846']
['55', '797', '751', '244', '632']
['193', '878', '662', '199', '56']
['282', '796']
['737', '532', '22', '363', '68', '501']
['633', '83', '843', '256', '749', '39', '188', '583', '928']
['90', '609', '948']
['114', '445', '246', '827']
['31', '371', '833']
['603', '0', '137', '195', '455']
['636', '260', '92', '780', '7']
['69', '561', '200', '526']
['263', '270', '888', '853', '227']
['357', '102', '410', '19', '451']
['604', '453']
['647', '29', '178', '980']
['446', '34', '67', '926', '319', '424', '245', '395', '134', '147', '438', '822', '149', '375', '262']
['731', '41', '670', '126', '439', '397', '896', '113', '344', '332']
['441', '194']
['204', '40', '146', '222', '767']
['88', '302', '403', '811']
['145', '258']
['753', '494']
['939', '63', '706', '23', '3', '220', '895']
['166']
['142', '503', '784']
['157', '776', '218', '170', '875']
['941', '829', '328', '289', '252', '484', '589', '837', '490']
['642', '197', '330', '562', '992']
['872']
['398', '421', '93', '169', '201', '264']
['175', '409', '946']
['525', '831']
['112']
['254']
['535', '509', '331', '569', '705']
['468', '355', '356', '364', '764']
['859', '94']
['8', '216', '393', '626', '57']
['110']
['44', '897', '671', '24', '727', '595', '77', '702', '349']
['411', '400', '883', '723']
['125']
['826']
['353', '950', '954', '770']
['667', '789', '630', '785', '683']
['76']
['396']
['748', '224', '312', '690', '508', '680', '232', '858', '940', '154', '153', '819', '842']
['433', '685', '536', '80']
['182', '916', '608', '66', '584']
['515', '894', '757', '231', '824']
['300', '412', '816', '997']
['903', '713', '817']
['869', '728', '183']
['868', '938', '202']
['684', '64', '807', '429', '71', '140', '597']
['621', '298', '956', '75']
['907']
['327', '559', '631', '590', '143']
['618', '722', '787']
['416', '321', '33']
['483', '313', '893', '585', '272']
['844', '518', '929', '774', '496', '864']
['447', '505', '266', '480']
['643', '962', '228', '856']
['47', '624']
['497', '650']
['268', '239', '241']
['874']
['567', '943', '732', '132', '121']
['984', '295']
['314']
['235']
['463', '192', '17', '162', '233', '97', '836']
['212', '30', '309']
['275', '900']
['910', '417']
['931', '798']
['553']
['854', '779']
['998']
['564', '454', '198', '95', '777']
['876', '336', '499', '945', '43', '226']
['886']
['408']
['623', '933', '10', '18', '677']
['161', '602', '26', '925']
['649', '179']
['120']
['148']
['741', '305', '901']
['761', '847', '261', '818', '534', '991', '473', '388']
['404']
['700']
['469', '613', '653', '522']
['693']
['969', '267']
['588', '316', '720', '109']
['547', '385', '123', '273']
['806', '563']
['434', '527']
['675']
['337', '599', '65', '746', '953', '27']
['279', '849', '368']
['462', '399']
['476', '805', '745', '89', '762']
['79']
['181', '237']
['303']
['391', '291']
['548']
['482', '898', '610', '36', '577']
['860', '808', '573']
['541', '437', '884', '6', '402']
['871']
['755']
['42']
['294', '862', '909']
['301', '118', '821', '729', '101']
['103', '911']
['566', '696']
['682', '951']
['669', '248', '715']
['315', '676', '274', '913']
['234', '133']
['689']
['594', '369']
['679', '1', '250', '491', '14']
['350', '812', '58', '627', '698', '793', '918']
['419']
['557', '288', '382', '510', '964', '607', '265']
['802', '688', '240', '930']
['35', '579', '184', '229']
['277', '936', '431', '361', '995']
['555']
['635', '141', '512']
['699', '947', '25', '814', '988', '990', '150']
['98', '269', '716', '73']
['740', '428', '639', '333', '823', '934', '914', '848']
['174', '511', '37', '825', '652']
['999']
['500']
['704', '107', '520', '828', '606', '325']
['284']
['54']
['443', '334', '528', '707']
['574']
['719', '665', '4', '213', '912', '661']
['791']
['681']
['459']
['544', '678', '634', '378', '99', '778', '781', '60']
['323']
['253', '448', '20', '458', '306']
['970']
['307', '976', '759', '813', '236', '794', '230']
['367', '981']
['452', '374', '470']
