['404', '125', '77', '353', '213', '451', '454', '224', '214', '267', '159', '318', '150', '219', '27', '108', '392', '501', '291', '115', '34', '20', '234', '192', '281', '417', '314', '506', '73', '160']
['362', '554', '96', '497', '123', '589', '507', '495', '178', '189', '348', '175', '294', '346', '51', '493', '228', '258', '220', '541', '308', '376', '154', '60', '279', '356', '17', '32', '182', '173']
['359', '446', '33', '534', '551', '371', '457', '560', '443', '100', '557', '518', '391', '558', '499', '164', '145', '40', '394', '188', '450', '407', '299', '28', '523', '75', '256', '47', '408', '155']
['529', '422', '142', '320', '315', '201', '251', '312', '212', '542', '11', '1', '486', '350', '335', '46', '171', '85', '149', '347', '538', '208', '93', '598', '276', '215', '180', '52', '412', '103']
['91', '324', '19', '464', '222', '593', '431', '448', '545', '321', '202', '478', '536', '14', '241', '532', '555', '124', '16', '165', '491', '444', '374', '205', '99', '252', '262', '54', '105', '92']
['389', '296', '254', '226', '504', '559', '242', '561', '332', '354', '275', '225', '260', '122', '475', '309', '556', '237', '599', '259', '575', '55', '269', '9', '590', '94', '76', '492', '328', '427']
['232', '216', '552', '565', '540', '172', '537', '71', '488', '163', '409', '505', '581', '440', '323', '585', '584', '306', '510', '511', '361', '65', '515', '186', '74', '243', '304', '41', '563', '339']
['496', '263', '255', '31', '403', '302', '277', '167', '64', '191', '30', '466', '459', '23', '439', '134', '342', '135', '586', '399', '572', '261', '66', '80', '513', '396', '517', '539', '564', '22']
['385', '238', '413', '211', '596', '143', '395', '0', '285', '567', '588', '330', '107', '386', '340', '519', '223', '373', '245', '265', '327', '166', '8', '502', '568', '467', '453', '326', '582', '436']
['183', '452', '344', '524', '351', '383', '378', '300', '169', '591', '553', '432', '442', '414', '177', '7', '387', '266', '379', '248', '141', '576', '455', '319', '235', '516', '90', '132', '418', '118']
['462', '473', '481', '580', '42', '372', '333', '117', '525', '375', '430', '460', '410', '229', '520', '357', '283', '288', '592', '384', '336', '331', '13', '246', '468', '535', '168', '156', '476', '185']
['343', '544', '153', '195', '56', '43', '120', '21', '282', '441', '382', '98', '358', '365', '548', '253', '144', '2', '360', '109', '305', '70', '310', '352', '130', '370', '157', '148', '530', '325']
['181', '494', '527', '61', '401', '48', '400', '26', '158', '36', '264', '87', '187', '116', '179', '303', '128', '508', '398', '424', '88', '531', '193', '249', '138', '489', '477', '433', '131', '136']
['162', '311', '184', '257', '63', '236', '405', '313', '426', '366', '469', '113', '526', '471', '363', '68', '101', '421', '200', '578', '197', '18', '355', '474', '435', '490', '428', '461', '221', '570']
['437', '44', '59', '37', '126', '307', '280', '470', '482', '170', '137', '72', '199', '210', '484', '49', '577', '547', '198', '84', '114', '69', '102', '597', '397', '420', '104', '25', '503', '549']
['512', '390', '273', '368', '250', '550', '67', '244', '147', '270', '316', '194', '297', '57', '479', '24', '119', '227', '79', '411', '58', '286', '380', '521', '39', '381', '139', '423', '274', '268']
['465', '485', '514', '50', '217', '528', '6', '349', '38', '127', '456', '292', '174', '338', '487', '566', '364', '509', '233', '106', '83', '574', '272', '594', '206', '569']
['587', '247', '203', '3', '595', '82', '498', '111', '546', '35', '367', '29', '583', '543', '239', '207', '161', '62', '425', '45', '15', '146', '402', '388', '86', '445', '230', '406', '290', '89']
['10', '240', '287', '458', '472', '284', '289', '151', '416', '483']
['81', '573']
['12', '78', '218', '463', '271', '231', '438', '112', '301', '95', '293', '447', '337']
['377', '4', '176', '562', '133']
['329', '317', '209', '345', '298']
['140', '415', '5', '334', '295', '110', '522', '579', '196', '434', '480', '419', '190', '129', '393', '341']
['500', '449', '152', '571', '533', '278', '204', '429', '53', '369', '97', '121', '322']
