['976', '418', '966', '166', '748', '926', '385', '713', '557', '342', '355', '956', '148', '400', '149', '617', '254', '826']
['823', '280', '580', '722', '692', '574', '783', '442', '90', '111', '841', '454', '2', '540', '764', '316', '172', '473']
['188', '517', '76', '459', '55', '87', '116', '120', '300', '89', '443', '666', '440', '857', '997', '420', '971', '490']
['525', '4', '724', '680', '0', '178', '441', '270', '634', '650', '887', '683', '382', '747', '828', '21', '790', '220']
['177', '631', '71', '568', '410', '711', '818', '767', '698', '953', '604', '190', '936', '648', '493', '600', '945', '392']
['66', '471', '51', '861', '699', '495', '738', '320', '160', '40', '227', '910', '69', '407', '623', '477', '398', '809']
['195', '915', '547', '667', '820', '452', '432', '760', '735', '914', '733', '394', '508', '700', '657', '364', '384', '996']
['18', '106', '512', '380', '455', '168', '548', '105', '511', '292', '154', '553', '715', '612', '465', '94', '75', '881']
['852', '30', '635', '170', '174', '346', '985', '749', '703', '109', '718', '728', '647', '750', '13', '559', '85', '151']
['274', '938', '858', '218', '602', '359', '390', '757', '240', '112', '833', '785', '295', '980', '957', '782', '697', '312']
['687', '126', '565', '258', '293', '744', '230', '335', '132', '424', '847', '140', '255', '205', '131', '371', '845', '252']
['456', '161', '876', '325', '872', '368', '327', '649', '681', '377', '99', '381', '474', '266', '627', '5', '732', '609']
['461', '630', '180', '138', '413', '317', '286', '341', '702', '485', '529', '158', '362', '695', '831', '7', '839', '551']
['593', '863', '29', '271', '520', '740', '36', '121', '414', '546', '734', '236', '684', '853', '275', '349', '922', '336']
['287', '781', '257', '981', '761', '142', '143', '682', '468', '245', '269', '913', '705', '586', '564', '353', '469', '480']
['562', '769', '411', '268', '14', '487', '156', '65', '789', '504', '886', '542', '816', '814', '869', '780', '554', '500']
['672', '888', '787', '446', '543', '712', '909', '889', '637', '373', '625', '239', '958', '70', '304', '344', '376', '49']
['8', '628', '535', '883', '674', '107', '306', '310', '337', '984', '152', '526', '56', '216', '933', '226', '284', '136']
['846', '276', '298', '896', '917', '237', '103', '640', '267', '173', '726', '403', '425', '701', '867', '263', '326', '875']
['784', '282', '231', '48', '369', '977', '444', '294', '429', '457', '871', '412', '633', '431', '800', '43', '204', '561']
['145', '171', '972', '439', '88', '209', '63', '479', '198', '350', '665', '339', '904', '238', '323', '720', '81', '97']
['47', '567', '842', '73', '670', '556', '963', '821', '585', '422', '333', '430', '808', '318', '742', '189', '645', '560']
['484', '975', '558', '20', '729', '24', '717', '134', '54', '234', '33', '690', '849', '644', '434', '299', '363', '31']
['739', '795', '243', '965', '261', '494', '462', '803', '241', '291', '756', '248', '200', '679', '527', '164', '488', '91']
['897', '622', '133', '522', '331', '340', '578', '445', '110', '709', '100', '467', '22', '514', '448', '501', '688', '864']
['961', '638', '982', '128', '908', '854', '191', '894', '817', '416', '991', '59', '208', '408', '939', '421', '596', '383']
['932', '311', '329', '486', '6', '481', '614', '42', '9', '215', '962', '246', '583', '658', '836', '409', '952', '492']
['221', '856', '577', '802', '964', '870', '575', '589', '920', '903', '677', '786', '95', '463', '899', '599', '222', '10']
['405', '253', '619', '919', '813', '506', '406', '427', '762', '358', '868', '923', '78', '598', '646', '27', '877', '581']
['921', '352', '950', '949', '673', '489', '815', '338', '361', '509', '656', '777', '719', '124', '247', '322', '791', '935']
['192', '663', '974', '751', '193', '753', '925', '228', '590', '162', '262', '994', '570', '118', '217', '235', '466', '900']
['937', '930', '636', '642', '768', '23', '302', '114', '52', '232', '201', '123', '723', '83', '968', '721', '967', '153']
['693', '19', '150', '82', '773', '918', '566', '334', '995', '587', '592', '827', '436', '244', '279', '415', '277', '332']
['475', '130', '934', '92', '206', '843', '987', '541', '157', '516', '862', '951', '835', '752', '476', '395', '691', '328']
['595', '404', '507', '928', '758', '28', '639', '754', '716', '278', '571', '989', '860', '144', '960', '855', '582', '999']
['290', '393', '806', '606', '970', '196', '569', '727', '584', '396', '139', '741', '796', '678', '850', '159', '763', '34']
['778', '832', '324', '365', '449', '417', '591', '885', '912', '941', '838', '3', '179', '943', '321', '704', '67', '185']
['755', '895', '927', '113', '615', '397', '213', '163', '146', '202', '594', '117', '122', '576', '60', '725', '437', '521']
['297', '210', '552', '314', '641', '824', '510', '544', '573', '616', '848', '86', '550', '743', '203', '969', '147', '11']
['135', '80', '797', '214', '714', '774', '538', '675', '464', '536', '892', '211', '104', '186', '669', '879', '799', '360']
['458', '58', '264', '707', '497', '524', '389', '866', '37', '285', '759', '129', '141', '1', '955', '450', '296', '223']
['303', '419', '792', '880', '819', '810', '233', '689', '549', '731', '84', '25', '366', '878', '438', '998', '182', '944']
['954', '289', '423', '608', '115', '532', '822', '219', '513', '779', '611', '345', '283', '435', '978', '372', '137', '505']
['990', '472', '17', '93', '632', '35', '496', '187', '891', '905', '545', '986', '983', '367', '503', '483', '229', '643']
['708', '348', '772', '165', '618', '907', '805', '354', '829', '98', '668', '973', '771', '901', '308', '64', '911', '41']
['528', '499', '32', '386', '812', '74', '313', '491', '804', '242', '96', '661', '281', '378', '108', '375', '929', '794']
['259', '379', '765', '53', '498', '265', '660', '102', '194', '212', '45', '453', '662', '607', '882', '62', '399', '402']
['39', '330', '207', '119', '539', '197', '825', '940', '603', '890', '555', '898', '745', '601', '579', '183', '793', '654']
['16', '788', '620', '924']
['167', '301', '837', '811', '671', '50', '844', '798', '906', '357', '572', '351', '68']
['801', '482', '534', '519', '737', '175', '26', '605', '288', '851', '305', '343', '155', '38']
['776', '250', '272', '884', '874', '515', '629', '451', '770', '260', '959', '319', '15', '181', '655', '706', '946', '44']
['807']
['563', '873', '710', '626', '659', '388']
['840', '251', '597', '315', '184', '775', '72', '685', '460', '931', '865', '834', '694', '947', '893', '992', '652', '433']
['347', '746', '610', '523']
['307', '531', '621', '125', '256']
['686', '391', '249', '916', '530']
['653', '537']
['57', '101', '696']
['502', '225', '613']
['588', '624']
['61']
['518']
['127', '428']
['651']
['12']
['273']
['736']
['46', '470']
['859']
['676']
['309']
['199']
['176']
['942']
['730']
['993']
['374']
['356']
['902']
['830']
['77']
['478']
['426']
['988']
['948']
['401']
['387']
['447']
['533']
['79']
['224']
['979']
['370']
['766']
['664']
['169']
