['737', '3', '502', '402', '486', '308', '921', '536', '177', '581', '41', '784', '958', '913', '316', '704', '559', '974', '846', '803', '423', '385', '869', '765', '392', '12', '450', '895', '413', '411', '248', '196', '296', '953', '205', '60', '508', '588', '710', '42']
['338', '176', '650', '886', '96', '740', '610', '377', '261', '207', '585', '336', '985', '739', '114', '614', '680', '665', '448', '36', '309', '354', '659', '480', '808', '810', '265', '489', '546', '563', '996', '403', '889', '600', '967', '586', '719', '31', '949', '17']
['224', '779', '241', '397', '271', '938', '517', '970', '313', '389', '904', '269', '471', '45', '999', '696', '885', '101', '358', '243', '47', '306', '322', '34', '763', '850', '300', '172', '629', '762', '735', '754', '223', '433', '507', '935', '133', '422', '19', '120']
['478', '37', '35', '436', '154', '557', '516', '315', '506', '349', '634', '206', '429', '384', '33', '251', '648', '427', '777', '77', '758', '817', '181', '407', '731', '668', '347', '328', '157', '518', '654', '749', '533', '370', '756', '789', '945', '94', '682', '962']
['767', '521', '575', '388', '118', '491', '675', '924', '431', '355', '875', '786', '191', '820', '567', '853', '111', '722', '343', '925', '707', '73', '312', '857', '811', '228', '509', '123', '339', '550', '993', '194', '149', '804', '425', '603', '933', '538', '98', '87']
['457', '78', '558', '772', '831', '414', '582', '690', '552', '54', '152', '424', '723', '225', '175', '572', '142', '809', '757', '188', '876', '137', '458', '216', '70', '931', '353', '145', '983', '594', '611', '211', '943', '361', '479', '90', '946', '950', '497', '416']
['972', '418', '505', '770', '472', '917', '995', '333', '726', '255', '24', '828', '755', '454', '523', '426', '843', '565', '10', '560', '860', '164', '430', '173', '637', '129', '359', '498', '746', '104', '647', '937', '40', '257', '282', '589', '170', '891', '321', '314']
['692', '686', '640', '441', '627', '791', '618', '27', '598', '148', '8', '50', '608', '126', '547', '606', '867', '968', '57', '724', '363', '738', '346', '103', '442', '545', '52', '13', '609', '584', '571', '89', '199', '147', '554', '307', '242', '495', '841', '959']
['214', '979', '793', '697', '372', '299', '966', '537', '742', '643', '520', '988', '504', '604', '213', '140', '365', '153', '254', '976', '564', '775', '434', '48', '327', '62', '529', '802', '656', '818', '984', '503', '455', '905', '766', '911', '345', '561', '325', '990']
['855', '580', '150', '977', '916', '219', '130', '209', '683', '822', '80', '922', '289', '390', '566', '297', '262', '898', '768', '475', '653', '144', '836', '273', '7', '576', '244', '798', '221', '693', '4', '44', '717', '556', '85', '16', '394', '597', '562', '671']
['679', '733', '1', '631', '364', '477', '488', '980', '141', '108', '444', '449', '530', '951', '713', '752', '854', '987', '319', '439', '897', '452', '11', '428', '512', '482', '171', '286', '632', '716', '914', '596', '776', '247', '684', '266', '203', '620', '236', '715']
['356', '168', '524', '231', '410', '30', '362', '68', '525', '628', '635', '890', '128', '706', '268', '105', '703', '830', '240', '253', '226', '374', '376', '39', '198', '440', '965', '893', '781', '88', '467', '256', '438', '844', '237', '698', '981', '481', '249', '303']
['639', '275', '135', '380', '673', '210', '340', '202', '156', '774', '906', '871', '350', '464', '669', '535', '351', '25', '81', '956', '806', '759', '238', '189', '83', '711', '613', '55', '263', '646', '490', '930', '274', '870', '522', '667', '200', '260', '915', '166']
['807', '432', '994', '780', '459', '183', '982', '186', '163', '900', '499', '109', '515', '15', '859', '778', '625', '929', '404', '197', '805', '685', '551', '649', '217', '61', '278', '258', '132', '699', '553', '461', '593', '22', '884', '417', '998', '574', '896', '279']
['539', '819', '555', '174', '20', '406', '989', '851', '747', '93', '124', '760', '465', '222', '636', '67', '928', '162', '400', '193', '863', '577', '239', '825', '252', '666', '75', '963', '812', '337', '375', '865', '169', '691', '744', '832', '357', '579', '326', '992']
['115', '291', '483', '195', '369', '764', '259', '621', '868', '543', '655', '334', '920', '43', '729', '787', '663', '330', '21', '519', '391', '393', '750', '446', '155', '246', '964', '638', '26', '568', '587', '612', '923', '918', '862', '180', '909', '534', '66', '899']
['592', '795', '541', '657', '702', '919', '528', '782', '955', '245', '401', '688', '605', '72', '743', '82', '910', '701', '664', '548', '500', '700', '771', '849', '616', '462', '64', '100', '435', '121', '460', '230', '56', '591', '443', '619', '880', '293', '6', '879']
['687', '837', '379', '773', '792', '583', '84', '146', '660', '658', '419', '204', '827', '794', '201', '323', '79', '727', '494', '395', '160', '233', '532', '106', '409', '800', '38', '235', '590', '476', '32', '341', '969', '58', '866', '856', '182', '324', '396', '53']
['447', '386', '277', '470', '840', '408', '122', '159', '531', '881', '952', '623', '91', '599', '826', '823', '602', '14', '302', '284', '709', '65', '288', '695', '469', '229', '496', '877', '74', '270', '883', '829', '492', '445', '848', '113', '941', '797', '218', '940']
['845', '934', '136', '344', '487', '573', '513', '405', '549', '651', '420', '501', '813', '71', '272', '332', '387', '694', '888', '872', '510', '292', '815', '708', '119', '463', '373', '971', '997', '908', '662', '601', '894', '544', '138', '69', '607', '102', '348', '630']
['761', '942', '718', '127', '734', '86', '360', '833', '134', '622', '456', '882', '670', '285', '466', '301', '318', '412', '569', '961', '167', '633', '283', '948', '689', '624', '220', '473', '250', '112', '317', '0', '652', '957', '399', '681', '705', '107', '5', '305']
['484', '736', '187', '878', '227', '382', '991', '790', '874', '514', '912', '117', '179', '824', '728', '335', '287', '474', '839', '834', '661', '110', '59', '281', '641', '453', '932', '264', '838', '378', '298', '415', '398', '847', '799', '49', '280', '674', '801', '215']
['143', '99', '907', '678', '184', '383', '615', '178', '796', '902', '151', '873', '29', '947', '578', '944', '451', '712', '748', '352', '421']
['677', '852', '329', '190', '485', '2', '540', '526', '63', '783', '861', '714', '208', '642', '887', '954', '276', '165', '493', '116', '858', '51', '973', '732', '672', '320', '23', '381', '185', '730', '769', '304', '788', '842', '936', '645', '814', '960', '232', '76']
['720', '835']
['892', '816', '131', '903']
['785', '371', '741', '294', '234', '753', '821', '331', '366', '92', '125', '926', '927', '725', '97', '617', '9', '342', '676', '864', '511', '468', '745', '975', '644', '721', '267', '368', '570', '437', '310', '978', '28', '158', '311', '212', '161', '751', '986', '290']
['295']
['595', '367', '626', '139']
['95']
['192']
['901', '939']
['542', '46']
['527']
['18']
