['226']
['603', '837', '934', '599', '217', '123', '778', '713', '426', '640', '933', '115', '726', '280', '727', '796', '274', '990', '372', '215', '941', '578', '944', '437', '839', '319', '266', '70', '209', '699', '654', '655', '956', '679', '612', '422', '9', '841', '64', '19', '806', '361', '897', '958', '216', '869', '358', '823', '104', '949', '821', '825', '622', '360', '55', '508', '193', '708', '552', '653', '298', '633', '645', '875', '787', '365', '705', '165', '737', '15', '119', '389', '565', '783', '572', '21', '781', '691', '981', '377', '567', '204', '534', '710', '240', '54', '701', '658', '997', '652', '94', '630', '738', '475', '210', '677', '431', '610', '774', '348', '723', '983', '621', '889', '744', '169', '189', '34', '559', '20', '876', '926', '516', '374', '650', '757', '373', '577', '44', '432', '602', '563', '993', '116', '175', '646', '791', '932', '46', '391', '881', '648', '740', '810', '697', '643', '285', '412', '195', '851', '696', '706', '336', '198', '398', '339', '207', '145', '548', '509', '379', '140', '350', '984', '883', '213', '466', '929', '253', '7', '245', '151', '914', '56', '460', '29', '26', '129', '465', '627', '487', '295', '334', '542', '830', '827', '829', '369', '976', '231', '220', '703', '203', '836', '892', '297', '596', '157', '258', '952', '63', '619', '45', '132', '378', '641', '194', '42', '545', '494', '318', '935', '211', '52', '170', '824', '338', '846', '273', '816', '325', '25', '230', '931', '642', '978', '872', '773', '505', '314', '752', '992', '247', '31', '838', '420', '370', '260', '607', '62', '150', '448', '435', '960', '680', '107', '818', '83', '13', '473', '784', '292', '863', '229', '37', '459', '575', '714', '724', '964', '458', '71', '467', '138', '100', '147', '618', '27', '995', '498', '485', '539', '47', '149', '609', '813', '18', '305', '331', '730', '903', '946', '849', '476', '469', '831', '302', '67', '620', '623', '659', '742', '754', '214', '248', '262', '41', '392', '520', '461', '335', '402', '310', '127', '474', '684', '795', '252', '955', '117', '598', '804', '938', '345', '972', '490', '355', '597', '870', '90', '241', '414', '105', '188', '790', '590', '991', '647', '199', '202', '405', '102', '276', '561', '137', '299', '385', '611', '362', '882', '595', '456', '634', '631', '538', '483', '973', '579', '108', '367', '871', '900', '313', '114', '395', '845', '747', '99', '864', '922', '842', '492', '14', '417', '765', '518', '296', '617', '707', '853', '547', '66', '263', '656', '415', '333', '936', '904', '427', '101', '562', '788', '868', '222', '76', '190', '636', '396', '768', '254', '692', '357', '251', '574', '571', '689', '424', '17', '10', '722', '301', '131', '939', '996', '141', '533', '731', '406', '306', '665', '481', '560', '588', '446', '35', '826', '968', '767', '442', '873', '403', '453', '576', '434', '688', '177', '809', '860', '712', '675', '242', '536', '168', '181', '803', '482', '180', '278', '854', '352', '347', '444', '366', '418', '72', '888', '762', '399', '550', '397', '238', '718', '12', '32', '48', '865', '544', '819', '573', '410', '667', '775', '566', '221', '866', '676', '660', '103', '289', '580', '16', '309', '382', '793', '264', '906', '441', '909', '886', '433', '91', '741', '496', '142', '256', '820', '43', '158', '637', '814', '632', '937', '540', '283', '110', '265', '591', '895', '874', '772', '443', '463', '315', '228', '341', '236', '223', '907', '940', '887', '517', '606', '109', '896', '388', '748', '683', '282', '182', '125', '711', '440', '423', '486', '763', '477', '1', '844', '205', '270', '950', '178', '275', '998', '239', '164', '328', '798', '225', '272', '982', '393', '421', '277', '564', '167', '777', '800', '855', '957', '928', '174', '340', '304', '408', '528', '989', '594', '98', '121', '74', '918', '166', '445', '513', '758', '455', '971', '206', '756', '828', '979', '966', '425', '75', '891', '449', '22']
['721', '294', '500', '330', '670', '77', '244', '73', '890', '988', '33', '85', '501', '792', '638', '155', '8', '39', '96', '526', '833', '288', '514', '743', '908', '60', '776', '913', '901', '953', '416', '537', '134', '401', '40', '61', '817', '551', '261', '969', '219', '649', '527', '779', '657', '880', '974', '133', '293', '384', '89', '351', '852', '160', '308', '585', '329', '557', '23', '212', '152', '143', '725', '686', '88', '530', '915', '30', '965', '148', '999', '589', '624', '82', '525', '53', '847', '961', '95', '185', '300', '495', '342', '822', '281', '685', '36', '38', '124', '81', '153', '197', '569', '49', '411', '464', '951', '930', '593', '549', '237', '805', '438', '639', '859', '799', '51', '312', '867', '144', '543', '975', '535', '112', '761', '558', '173', '332', '921', '419', '832', '807', '581', '911', '28', '959', '668', '472', '733', '488', '439', '702', '753', '307', '311', '120', '97', '227', '24', '135', '57', '86', '885', '770', '912', '759', '694', '568', '840', '690', '484', '447', '924', '84', '843', '218', '862', '592', '751', '687', '682', '159', '954', '68', '728', '489', '967', '858', '629', '789', '894', '927', '669', '303', '554', '850', '387', '58', '79', '749', '905', '662', '709', '154', '861', '916', '700', '356', '184', '452', '497', '80', '794', '760', '187', '471', '782', '290', '739', '808', '451', '734', '232', '555', '661', '745', '235', '626', '716', '404', '523', '848', '407', '246', '179', '93', '291', '570', '797', '507', '324', '604', '279', '720', '877', '583', '672', '546', '736', '584', '506', '769', '884', '359']
['651', '856', '3', '139', '948', '255', '834', '963', '493', '986', '375', '183', '515', '92', '186', '693', '811', '502', '504', '704', '371', '615', '755']
['893']
['337']
['0', '380']
['815']
['987']
['106']
['269']
['917']
['556']
['343']
['857']
['920']
['587']
['635']
['586']
['512']
['317']
['344']
['316']
['812']
['879']
['136']
['899']
['268']
['910']
['394']
['462']
['698']
['925']
['695']
['383']
['524']
['284']
['491']
['6']
['326']
['208']
['323']
['450']
['601']
['764']
['436']
['942']
['628']
['87']
['65']
['802']
['510']
['994']
['430']
['320']
['5']
['11']
['69']
['503']
['192']
['553']
['499']
['479']
['678']
['470']
['902']
['614']
['390']
['386']
['644']
['267']
['454']
['746']
['130']
['2']
['511']
['715']
['732']
['780']
['176']
['271']
['980']
['801']
['582']
['113']
['750']
['78']
['4']
['625']
['286']
['943']
['613']
['947']
['346']
['287']
['243']
['191']
['249']
['321']
['200']
['146']
['161']
['898']
['368']
['234']
['835']
['663']
['111']
['413']
['681']
['353']
['605']
['233']
['717']
['162']
['962']
['786']
['128']
['771']
['766']
['970']
['50']
['977']
['480']
['59']
['919']
['428']
['478']
['363']
['729']
['945']
['923']
['531']
['122']
['600']
['156']
['354']
['541']
['529']
['674']
['172']
['400']
['259']
['196']
['349']
['327']
['616']
['376']
['719']
['673']
['381']
['364']
['457']
['671']
['522']
['521']
['532']
['985']
['664']
['171']
['429']
['785']
['878']
['118']
['409']
['735']
['666']
['163']
['608']
['468']
['126']
['201']
['519']
['257']
['224']
['322']
['250']
