['432', '491', '485', '88', '113', '316']
['312', '255', '202', '12', '61', '392']
['31', '440', '218', '351', '92', '244']
['410', '84', '116', '56', '447', '115']
['60', '479', '468', '361', '317', '86']
['262', '1', '223', '369', '173', '242']
['277', '477', '414', '427', '66', '258']
['470', '23', '184', '282', '200', '383']
['159', '402', '409', '180', '130', '119']
['426', '325', '323', '183', '295', '139']
['132', '41', '498', '486', '307', '11']
['496', '27', '204', '171', '59', '237']
['110', '275', '311', '337', '301', '494']
['344', '476', '401', '355', '112', '320']
['62', '449', '114', '231', '354', '69']
['14', '299', '240', '469', '219', '74']
['105', '286', '266', '497', '335', '400']
['324', '314', '422', '293', '243', '403']
['120', '164', '329', '136', '70', '32']
['267', '38', '189', '499', '386', '196']
['419', '289', '464', '187', '162', '80']
['374', '158', '349', '2', '458', '174']
['446', '98', '117', '363', '57', '197']
['297', '424', '71', '492', '215', '239']
['291', '72', '406', '94', '206', '46']
['387', '104', '192', '268', '397', '155']
['138', '306', '484', '234', '211', '22']
['437', '443', '91', '79', '34', '319']
['481', '444', '73', '63', '284', '368']
['224', '375', '435', '212', '123', '167']
['482', '460', '382', '388', '276', '395']
['448', '359', '278', '121', '407', '153']
['425', '168', '281', '370', '135', '21']
['221', '143', '300', '294', '417', '271']
['193', '109', '254', '356', '353', '185']
['195', '394', '3', '339', '172', '28']
['373', '93', '341', '378', '5', '95']
['452', '366', '145', '176', '107', '111']
['6', '348', '238', '127', '19', '18']
['102', '99', '377', '100', '134', '321']
['228', '48', '495', '442', '213', '75']
['97', '40', '140', '203', '290', '89']
['431', '330', '55', '412', '160', '490']
['233', '459', '451', '310', '253', '78']
['170', '261', '474', '421', '182', '131']
['17', '434', '429', '216', '483', '214']
['264', '331', '154', '65', '147', '16']
['380', '288', '207', '128', '245', '101']
['273', '144', '257', '169', '149', '227']
['436', '108', '178', '201', '272', '77']
['381', '217', '205', '305', '209', '53']
['47', '454', '177', '118', '488', '256']
['302', '430', '384', '133', '279', '163']
['44', '194', '303', '357', '362', '411']
['326', '246', '29', '365', '241', '103']
['51', '199', '15', '157', '50', '49']
['352', '456', '33', '423', '408', '165']
['152', '36', '210', '347', '413', '270']
['441', '151', '489', '249', '7', '342']
['399', '367', '235', '166', '106', '304']
['391', '45', '156', '346', '198', '222']
['389', '52', '416', '248', '122', '428']
['328', '175', '190', '81', '232', '250']
['455', '345', '126', '129', '186', '296']
['87', '9', '385', '433', '146', '20']
['480', '179', '313', '462', '76', '333']
['191', '274', '334', '350', '332', '25']
['252', '90', '220', '315', '420', '418']
['336', '83', '379', '457', '487', '4']
['465', '390', '287', '148', '230', '376']
['260', '372', '453', '82', '181', '42']
['415', '10', '340', '142', '472', '467']
['35', '322', '438', '208', '67', '226']
['338', '37', '141', '471', '229', '298']
['478', '259', '283', '360', '318', '39']
['309', '269', '475', '265', '450', '308']
['85', '493', '161', '43', '439', '285']
['26', '280', '371', '8', '150', '263']
['461', '13', '64', '327']
['247', '405', '396']
['124']
['30', '466', '54']
['343']
['445', '364', '393']
['188']
['463']
['58', '358']
['24']
['404']
['236']
['225']
['292']
['96']
['68']
['137']
['398']
['251']
['125']
['0']
['473']
