['452', '712', '56', '519', '750', '287', '722', '62', '128', '510']
['610', '525', '694', '531', '77', '10', '295', '247', '430', '595']
['103', '642', '347', '488', '704', '1', '751', '418', '472', '78']
['409', '778', '814', '297', '672', '2', '507', '283', '843', '426']
['157', '368', '696', '90', '700', '141', '146', '119', '492', '249']
['825', '31', '217', '351', '693', '115', '756', '342', '144', '587']
['382', '315', '789', '436', '406', '191', '70', '705', '456', '614']
['40', '228', '341', '653', '624', '572', '8', '181', '356', '551']
['547', '679', '118', '613', '801', '493', '489', '450', '552', '86']
['28', '102', '423', '558', '274', '832', '375', '367', '764', '397']
['462', '781', '34', '237', '308', '36', '33', '281', '840', '32']
['687', '786', '420', '66', '506', '394', '747', '461', '517', '338']
['49', '162', '755', '665', '529', '771', '839', '126', '438', '402']
['661', '439', '227', '163', '467', '502', '194', '187', '46', '380']
['18', '164', '26', '416', '508', '637', '686', '421', '257', '79']
['515', '381', '841', '767', '524', '635', '260', '645', '586', '830']
['599', '835', '765', '782', '53', '546', '198', '415', '836', '464']
['646', '564', '161', '316', '54', '259', '231', '512', '787', '806']
['689', '460', '644', '94', '204', '95', '261', '738', '501', '215']
['639', '279', '272', '233', '218', '51', '15', '593', '398', '305']
['280', '324', '97', '560', '810', '285', '671', '357', '480', '89']
['627', '656', '503', '609', '804', '676', '458', '539', '577', '569']
['153', '483', '76', '174', '387', '752', '127', '484', '386', '408']
['785', '149', '407', '670', '184', '252', '303', '518', '701', '690']
['509', '570', '717', '197', '578', '99', '182', '255', '238', '130']
['541', '796', '838', '411', '350', '275', '775', '710', '433', '339']
['834', '829', '730', '773', '565', '758', '596', '93', '822', '96']
['179', '788', '41', '60', '716', '807', '427', '793', '437', '633']
['827', '445', '124', '35', '770', '725', '24', '168', '561', '468']
['486', '364', '403', '155', '68', '312', '253', '476', '737', '129']
['451', '608', '114', '22', '199', '117', '289', '286', '763', '579']
['212', '649', '441', '724', '284', '410', '681', '226', '695', '6']
['207', '652', '106', '223', '85', '776', '523', '799', '769', '178']
['833', '363', '25', '169', '434', '335', '150', '663', '540', '648']
['134', '683', '459', '251', '291', '709', '777', '471', '195', '309']
['314', '336', '535', '474', '795', '425', '143', '748', '313', '678']
['330', '820', '754', '571', '175', '762', '310', '111', '9', '573']
['641', '604', '443', '64', '13', '172', '657', '241', '797', '393']
['142', '57', '404', '59', '511', '148', '216', '37', '664', '234']
['265', '440', '591', '105', '674', '183', '75', '186', '109', '536']
['698', '0', '435', '713', '647', '304', '629', '352', '638', '45']
['666', '80', '498', '203', '389', '137', '235', '400', '69', '735']
['589', '757', '555', '454', '44', '802', '815', '490', '147', '210']
['473', '132', '581', '349', '658', '384', '479', '741', '334', '603']
['298', '842', '121', '817', '200', '177', '491', '779', '282', '189']
['532', '625', '61', '469', '444', '534', '345', '23', '340', '549']
['262', '669', '294', '556', '104', '721', '504', '154', '358', '396']
['616', '728', '264', '326', '107', '327', '176', '139', '723', '193']
['631', '706', '311', '813', '727', '206', '300', '360', '837', '138']
['17', '108', '828', '361', '538', '422', '196', '533', '594', '171']
['622', '242', '640', '209', '618', '708', '263', '607', '424', '268']
['429', '442', '819', '55', '718', '276', '277', '634', '271', '246']
['475', '588', '563', '481', '91', '611', '167', '668', '601', '660']
['325', '213', '244', '343', '753', '831', '497', '14', '766', '158']
['499', '318', '516', '278', '288', '379', '100', '58', '734', '667']
['478', '742', '373', '354', '844', '623', '583', '87', '113', '816']
['301', '545', '428', '125', '110', '485', '677', '122', '759', '521']
['790', '465', '136', '574', '320', '553', '225', '514', '470', '680']
['337', '88', '808', '391', '760', '417', '232', '662', '783', '703']
['369', '47', '27', '500', '254', '29', '559', '554', '173', '348']
['715', '505', '466', '159', '299', '333', '135', '526', '98', '346']
['455', '774', '152', '82', '821', '739', '733', '576', '370', '250']
['30', '329', '791', '699']
['372']
['482', '273']
['371', '74', '317', '112', '332', '544']
['457', '11']
['224', '697', '414', '824', '230', '620', '626', '240', '362', '140']
['522']
['615']
['803']
['388']
['81', '714', '685', '612', '719', '463', '65', '322', '73', '711']
['366']
['818']
['120']
['562']
['530']
['655']
['307', '192']
['145']
['542']
['575']
['592']
['537']
['243']
['353']
['550']
['621']
['166']
['745']
['726']
['185']
['412']
['21']
['527']
['16']
['236']
['602']
['494']
['580']
['566']
['248']
['293']
['266']
['453']
['449']
['772']
['632']
['188']
['684']
['290']
['826']
['768']
['201']
['3']
['744']
['582']
['651']
['448']
['590']
['720']
['688']
['557']
['331']
['319']
['20']
['823']
['43']
['729']
['221']
['528']
['682']
['63']
['378']
['359']
['267']
['365']
['220']
['38']
['67']
['731']
['548']
['702']
['123']
['5']
['116']
['52']
['133']
['630']
['211']
['239']
['229']
['585']
['151']
['761']
['419']
['392']
['156']
['395']
['160']
['399']
['83']
['784']
['7']
['258']
['746']
['306']
['619']
['794']
['584']
['543']
['269']
['477']
['780']
['805']
['355']
['390']
['12']
['302']
['513']
['749']
['495']
['205']
['401']
['568']
['605']
['190']
['131']
['691']
['383']
['71']
['405']
['101']
['214']
['344']
['92']
['732']
['328']
['385']
['597']
['323']
['219']
['447']
['208']
['202']
['600']
['617']
['636']
['743']
['84']
['377']
['809']
['165']
['170']
['48']
['811']
['72']
['222']
['42']
['520']
['792']
['431']
['812']
['673']
['321']
['654']
['659']
['4']
['496']
['567']
['487']
['446']
['675']
['270']
['413']
['19']
['798']
['692']
['598']
['432']
['606']
['707']
['50']
['736']
['39']
['374']
['740']
['800']
['292']
['245']
['376']
['296']
['628']
['256']
['180']
['650']
['643']
