['89', '302', '410', '445', '101', '358', '17', '1', '392', '292', '462', '456', '402', '256', '246', '79', '251', '422', '98', '243', '248', '487', '199', '408', '83', '147', '286', '53', '195', '374', '465', '361', '407', '326', '449', '215', '491', '231', '437', '317', '191', '253', '304', '480', '105', '148', '7', '112', '126', '115', '433', '52', '223', '51', '473', '139', '110', '178', '37', '60', '175', '56', '360', '62', '140']
['121', '81', '92', '43', '310', '221', '453', '144', '214', '393', '116', '238', '124', '394', '276', '377', '383', '277', '172', '230', '448', '163', '298', '210', '64', '119', '152', '382', '415', '173']
['388', '319', '409', '264', '128', '494', '23', '153', '250', '367', '40', '490', '161', '78', '80', '87', '90', '71', '58', '69', '341', '211', '168', '457', '26', '380', '385', '345', '336', '36', '405', '348', '474', '200', '176', '189', '307', '106', '0', '483', '495', '318', '42', '133', '369', '419', '498', '3', '269', '74', '242', '355', '35', '368', '20', '262', '24', '174', '82', '266', '477', '312', '290', '428', '271', '46', '187', '103', '340', '94', '142', '427', '499', '418', '192', '275', '118', '28', '137', '206', '324', '229', '4', '288', '185', '224', '167', '398', '49', '207', '201', '257', '233', '34', '414', '279', '29', '359', '297', '21', '452', '213', '339', '166', '268', '263', '412', '404', '181', '399', '320', '384', '420', '436', '492', '160', '15', '157', '337', '370', '447', '349', '396', '169', '117', '76', '66', '440', '401', '47', '295', '332', '280', '365', '444', '267', '70', '131', '386', '325', '274', '443', '366', '232', '391', '430', '372', '114', '293', '344', '57', '270', '5']
['27', '315', '32', '151', '352', '252', '289', '9', '13', '156', '466', '350', '300', '471', '111', '493', '93', '454', '424', '122', '321', '329', '400', '134', '425', '458', '378', '8', '439', '186', '97', '484', '146', '236']
['353', '63', '327', '421', '417', '234', '6', '132', '373', '198', '204', '164', '438', '141', '16', '107', '25', '311', '395', '208', '59', '363', '306', '135', '38', '170', '299', '177', '154', '22', '441', '197', '254', '249', '476', '461', '67', '469', '55', '482', '11', '193', '188', '376', '226', '194', '102', '475', '259', '72', '130', '65', '463', '244', '61', '14', '127', '485', '496', '375', '95', '346', '330', '467', '291', '486', '413', '416', '235', '316', '109', '333', '149', '85', '129', '356', '308', '442', '104', '455', '328', '334', '19', '354', '120', '287', '379', '54', '209', '73', '183', '162', '39', '255', '390', '464', '429', '100', '44', '468', '237', '489', '30', '323', '479', '278', '84', '75', '247', '357', '180', '145', '497', '309', '265', '91', '222', '45', '432', '313', '219', '364', '123', '296', '431', '397', '68', '113', '217', '212', '48', '88', '387', '314', '272', '351', '196', '150', '294', '216', '450', '342', '273', '138', '31', '228', '284', '381', '371', '227', '159', '205', '335', '406', '240', '472', '343', '426', '403', '218', '202', '10', '478', '303', '179', '446', '331', '190', '470', '481', '184', '411', '434', '108', '96', '241', '322', '225', '301', '33', '435', '347', '86', '285', '245', '182', '451', '488', '165', '305', '18', '282', '281', '239', '12', '99', '125', '41', '423', '389', '283', '203', '258']
['50']
['260']
['155']
['220']
['460']
['261']
['362']
['136']
['77']
['143']
['338']
['2']
['459']
['158']
['171']
