['842', '552', '313', '221', '155', '537', '450', '599', '592', '634', '57', '153', '794', '109', '659', '209', '755', '913', '291', '688', '158', '295', '667', '703', '139', '373', '867', '465', '606', '398', '96', '8', '753', '985', '293', '443']
['757', '988', '68', '319', '52', '869', '203', '591', '571', '616', '575', '576', '448', '76', '131', '21', '517', '347', '566', '870', '750', '40', '515', '963', '122', '349', '658', '321', '469', '684', '265', '957', '254', '997', '146', '234']
['364', '706', '859', '495', '372', '733', '82', '51', '66', '323', '163', '459', '624', '959', '701', '62', '124', '334', '951', '865', '726', '543', '284', '692', '728', '200', '207', '478', '16', '641', '188', '964', '930', '44', '491', '554']
['861', '751', '550', '315', '240', '263', '362', '79', '986', '989', '864', '25', '85', '980', '851', '639', '81', '194', '151', '160', '922', '343', '279', '369', '598', '251', '121', '800', '686', '724', '50', '992', '570', '511', '38', '56']
['965', '196', '487', '468', '415', '534', '940', '648', '342', '677', '49', '230', '590', '888', '381', '613', '868', '169', '860', '780', '422', '424', '195', '975', '621', '54', '98', '26', '584', '452', '520', '628', '269', '839', '446', '304']
['414', '253', '709', '804', '510', '802', '164', '237', '331', '214', '887', '919', '462', '995', '191', '485', '578', '63', '579', '669', '106', '427', '474', '619', '60', '678', '202', '166', '518', '211', '786', '351', '489', '482', '650', '115']
['961', '770', '698', '542', '774', '699', '748', '400', '391', '36', '11', '589', '798', '481', '563', '257', '239', '749', '298', '277', '928', '734', '536', '525', '249', '941', '365', '180', '55', '849', '696', '739', '216', '765', '966', '383']
['61', '116', '873', '565', '137', '912', '949', '107', '812', '275', '141', '84', '433', '934', '530', '752', '464', '690', '27', '691', '341', '932', '845', '232', '731', '547', '776', '680', '187', '654', '89', '53', '897', '272', '13', '531']
['346', '247', '87', '15', '270', '968', '899', '37', '763', '458', '39', '389', '546', '426', '551', '156', '744', '243', '210', '287', '925', '564', '915', '59', '285', '931', '120', '778', '10', '345', '916', '588', '722', '266', '67', '41']
['702', '587', '841', '819', '573', '442', '215', '204', '939', '539', '805', '549', '453', '149', '793', '715', '984', '523', '852', '797', '402', '226', '148', '969', '86', '908', '526', '843', '996', '359', '853', '310', '387', '781', '620', '493']
['352', '840', '673', '532', '420', '892', '962', '77', '185', '292', '483', '685', '423', '371', '714', '260', '186', '693', '128', '336', '876', '889', '972', '820', '815', '947', '822', '784', '355', '953', '533', '173', '911', '904', '129', '971']
['821', '23', '756', '725', '461', '976', '556', '881', '429', '335', '354', '392', '509', '4', '394', '397', '435', '300', '630', '782', '652', '286', '672', '615', '505', '159', '171', '475', '745', '457', '127', '506', '863', '810', '555', '548']
['743', '358', '31', '18', '486', '399', '445', '596', '218', '412', '610', '834', '145', '33', '490', '261', '910', '104', '991', '179', '562', '58', '730', '764', '176', '338', '512', '740', '637', '48', '990', '836', '290', '370', '906', '183']
['568', '324', '375', '524', '585', '395', '900', '454', '135', '825', '651', '170', '439', '712', '244', '111', '380', '704', '721', '271', '516', '132', '197', '893', '818', '213', '670', '297', '788', '929', '113', '476', '0', '306', '190', '178']
['117', '813', '792', '6', '428', '258', '503', '828', '330', '777', '413', '713', '943', '538', '623', '175', '329', '866', '795', '451', '181', '603', '231', '952', '9', '942', '361', '541', '783', '970', '467', '875', '574', '45', '78', '855']
['807', '982', '411', '103', '830', '569', '167', '878', '201', '368', '101', '791', '228', '177', '644', '871', '920', '657', '333', '360', '267', '64', '567', '305', '811', '519', '130', '611', '553', '597', '645', '831', '857', '742', '814', '884']
['256', '421', '192', '274', '514', '683', '431', '862', '803', '880', '417', '679', '926', '43', '259', '577', '410', '97', '174', '935', '350', '898', '676', '874', '883', '460', '14', '604', '737', '94', '222', '35', '42', '668', '847', '507']
['438', '434', '189', '647', '799', '832', '960', '480', '123', '161', '790', '90', '223', '632', '856', '273', '471', '432', '157', '987', '93', '602', '974', '760', '208', '339', '508', '289', '388', '114', '294', '768', '789', '326', '718', '19']
['605', '416', '858', '73', '773', '455', '640', '299', '775', '154', '356', '720', '119', '403', '977', '281', '225', '246', '933', '557', '522', '666', '419', '979', '308', '954', '747', '759', '727', '761', '671', '545', '948', '278', '492', '540']
['738', '88', '296', '808', '826', '833', '317', '766', '138', '902', '366', '143', '917', '663', '890', '241', '126', '466', '767', '408', '288', '441', '854', '627', '29', '118', '741', '224', '302', '337', '649', '707', '168', '28', '625', '332']
['74', '655', '848', '314', '374', '205', '501', '384', '664', '212', '472', '110', '470', '708', '479', '30', '504', '102', '754', '327', '425', '367', '236', '614', '100', '558', '105', '444', '937', '376', '894', '390', '498', '268', '837', '681']
['182', '75', '7', '301', '440', '817', '978', '404', '561', '955', '437', '779', '694', '513', '206', '595', '735', '172', '950', '838', '891', '572', '499', '719', '886', '95', '705', '449', '806', '303', '903', '924', '393', '687', '436', '353']
['12', '3', '535', '581', '608', '927', '656', '152', '217', '729', '909', '544', '895', '99', '242', '700', '280', '844', '609', '586', '689', '635', '312', '521', '994', '769', '363', '885', '816', '219', '17', '344', '496', '682', '406', '711']
['83', '732', '642']
['386']
['758']
['956', '944', '409', '829', '328', '24', '125', '981', '896', '463', '91', '633']
['643']
['401']
['134']
['112', '938']
['22']
['227']
['872']
['238']
['582', '923']
['70', '46', '165', '252', '580', '396', '235', '717', '133', '405', '322', '674', '993', '850', '250', '710', '801', '150', '593', '309', '665', '695', '882', '796', '447', '377', '823', '220', '999', '34', '325', '529', '497', '65', '675', '528']
['629', '600', '316', '199', '936', '607', '502', '382', '846', '233', '32', '494', '378', '905', '660', '282', '653', '787', '71', '638', '622', '357', '318', '946', '142', '998', '255', '262', '559', '276', '914', '594', '877', '921', '229', '958']
['385', '835', '20', '136', '430', '147', '348', '983', '527', '762', '824', '484', '193', '340', '736', '771', '907', '697', '418', '1', '47', '901', '379', '2', '618', '72', '809', '945', '661', '473', '264', '967', '245', '560', '184', '407']
['5', '92', '140', '772', '785', '108', '716', '488', '646', '879', '601', '456', '583', '198', '500', '307', '612', '80', '162', '918', '69', '144', '723', '631', '311', '283', '617', '662', '248', '636', '827', '477', '320', '973', '746', '626']
