['62', '309', '601', '38', '356', '209', '388', '181', '597', '327', '27', '442', '598', '696', '2', '304', '549', '16', '556', '571', '198', '510', '423', '533', '234', '407', '226', '306', '652', '692']
['563', '690', '106', '665', '546', '615', '552', '272', '67', '84', '504', '289', '524', '139', '570', '274', '173', '343', '515', '152', '496', '290', '495', '91', '613', '50', '530', '350', '18', '610']
['254', '406', '232', '308', '691', '169', '514', '445', '405', '216', '240', '81', '410', '42', '478', '586', '675', '144', '215', '214', '202', '105', '40', '439', '295', '262', '636', '51', '263', '579']
['621', '470', '683', '588', '93', '366', '390', '147', '249', '372', '192', '242', '373', '448', '574', '68', '491', '647', '465', '658', '409', '693', '536', '300', '381', '49', '98', '645', '630', '75']
['559', '528', '512', '115', '227', '276', '120', '349', '136', '111', '6', '267', '558', '670', '539', '275', '1', '266', '637', '646', '671', '451', '587', '365', '165', '220', '146', '212', '235', '329']
['206', '211', '92', '525', '118', '620', '46', '623', '199', '64', '662', '284', '43', '420', '312', '590', '523', '45', '545', '56', '288', '436', '379', '466', '140', '429', '149', '195', '282', '455']
['359', '458', '150', '430', '26', '177', '618', '36', '649', '477', '72', '297', '245', '421', '355', '154', '278', '444', '100', '561', '77', '333', '519', '319', '498', '338', '363', '126', '541', '394']
['13', '257', '660', '78', '375', '142', '326', '367', '135', '357', '474', '131', '344', '203', '676', '548', '456', '639', '374', '361', '41', '419', '119', '345', '386', '318', '402', '162', '404', '677']
['20', '679', '481', '101', '30', '678', '17', '672', '595', '606', '622', '330', '321', '376', '336', '659', '247', '380', '450', '654', '585', '299', '608', '63', '346', '609', '661', '109', '642', '619']
['325', '221', '555', '463', '422', '508', '437', '653', '250', '640', '265', '507', '82', '339', '505', '483', '292', '583', '521', '151', '543', '207', '313', '60', '335', '516', '96', '219', '237', '87']
['186', '228', '285', '22', '627', '387', '502', '161', '117', '34', '625', '569', '440', '90', '185', '305', '666', '251', '593', '667', '160', '360', '280', '128', '122', '5', '298', '10', '222', '320']
['4', '452', '259', '501', '694', '328', '616', '153', '8', '560', '589', '467', '603', '141', '31', '166', '544', '509', '145', '113', '233', '311', '317', '182', '565', '461', '382', '475', '476', '449']
['353', '484', '414', '175', '685', '534', '577', '125', '76', '337', '418', '596', '164', '88', '244', '255', '253', '55', '441', '283', '447', '401', '252', '648', '369', '57', '489', '638', '479', '94']
['644', '213', '97', '377', '287', '591', '291', '323', '71', '681', '159', '460', '689', '457', '416', '537', '205', '431', '33', '61', '617', '581', '59', '201', '204', '427', '123', '503', '35', '54']
['352', '604', '426', '462', '44', '19', '187', '156', '490', '391', '261', '293', '218', '294', '408', '303', '108', '554', '103', '32', '236', '47', '497', '697', '25', '540', '239', '384', '471', '246']
['480', '424', '102', '611', '494', '513', '14', '37', '158', '371', '605', '578', '174', '633', '112', '599', '178', '392', '79', '668', '12', '542', '15', '28', '397', '695', '428', '248', '241', '264']
['314', '400', '669', '370', '271', '315', '575', '172', '7', '612', '260', '650', '518', '269', '231', '243', '643', '354', '492', '584', '114', '628', '688', '572', '368', '358', '567', '190', '580', '324']
['551', '73', '686', '472', '664', '193', '526', '566', '635', '399', '124', '641', '393', '148', '573', '270', '347', '296', '499', '83', '130', '385', '687', '129', '403', '395', '184', '674', '531', '684']
['196', '488', '594', '229', '74', '520', '351', '453', '24', '167', '58', '614', '0', '486', '532', '208', '39', '65', '527', '331', '568', '435', '629', '66', '110', '176', '487', '138', '180', '592']
['223', '607', '411', '80', '459', '413', '680', '469', '230', '634', '446', '85', '277', '316', '482', '433', '197', '279', '183', '11', '281', '143', '415', '535', '301', '179', '699', '29', '48', '434']
['9', '564', '412', '600', '258', '134', '200', '562', '557', '171', '127', '655', '170', '286', '632', '307', '132', '70', '210', '657', '341', '95']
['99', '69']
['342', '500', '473', '383', '224', '468', '163', '191', '485', '104', '268', '89', '340', '602', '168', '663', '273', '631', '52']
['398', '86', '517', '511', '155', '362', '582', '550', '107', '3', '417']
['225', '189', '302', '529', '188', '396', '443', '506', '656', '116', '378', '23', '553', '334', '133', '21', '121', '425', '673', '256', '493', '322']
['624', '547', '576', '389', '438']
['217', '310', '522', '454', '626', '682', '157']
['332', '348', '538']
['53', '364', '464']
['238', '651', '698', '432', '137', '194']
